45.0 APEX_CODE,FINEST;APEX_PROFILING,INFO;CALLOUT,INFO;DB,INFO;NBA,INFO;SYSTEM,DEBUG;VALIDATION,INFO;VISUALFORCE,FINER;WAVE,INFO;WORKFLOW,INFO
06:06:05.2 (2423972)|USER_INFO|[EXTERNAL]|0050b000004RFh7|sales@alienbrainz.com.sf|(GMT-07:00) Pacific Daylight Time (America/Los_Angeles)|GMT-07:00
06:06:05.2 (2607467)|EXECUTION_STARTED
06:06:05.2 (2614329)|CODE_UNIT_STARTED|[EXTERNAL]|0660b000002BGtP|VF: /apex/PageLayouts
06:06:05.4 (4646645)|VF_APEX_CALL_START|[EXTERNAL]|/apexpage/pagemessagescomponentcontroller.apex <init>
06:06:05.4 (4685017)|SYSTEM_MODE_ENTER|true
06:06:05.5 (5313937)|VF_APEX_CALL_START|[EXTERNAL]|/apexpage/pagemessagescomponentcontroller.apex set(conEscape)
06:06:05.5 (5329281)|SYSTEM_MODE_ENTER|true
06:06:05.5 (5344924)|VF_APEX_CALL_START|[EXTERNAL]|PageMessagesComponentController set(conEscape)
06:06:05.5 (5370144)|VF_APEX_CALL_START|[EXTERNAL]|PageMessagesComponentController invoke(setconEscape)
06:06:05.5 (5414413)|HEAP_ALLOCATE|[EXTERNAL]|Bytes:8
06:06:05.5 (5437749)|VARIABLE_SCOPE_BEGIN|[88]|this|ApexPage.PageMessagesComponentController|true|false
06:06:05.5 (5675282)|VARIABLE_ASSIGNMENT|[88]|this|{}|0x42a3176b
06:06:05.5 (5683873)|VARIABLE_SCOPE_BEGIN|[88]|escape|Boolean|false|false
06:06:05.5 (5692781)|VARIABLE_ASSIGNMENT|[88]|escape|null
06:06:05.5 (5870724)|VF_APEX_CALL_START|[EXTERNAL]|/apexpage/pagemessagescomponentcontroller.apex get(severities)
06:06:05.5 (5883058)|SYSTEM_MODE_ENTER|true
06:06:05.5 (5898023)|VF_APEX_CALL_START|[EXTERNAL]|PageMessagesComponentController invoke(getseverities)
06:06:05.5 (5928670)|HEAP_ALLOCATE|[EXTERNAL]|Bytes:8
06:06:05.5 (5935254)|VARIABLE_SCOPE_BEGIN|[2]|this|ApexPage.PageMessagesComponentController|true|false
06:06:05.5 (5961006)|VARIABLE_ASSIGNMENT|[2]|this|{}|0x42a3176b
06:06:05.2 (6952898)|VF_APEX_CALL_START|[EXTERNAL]|01p0b000007wJBE|PageLayoutController <init>|PageLayoutController
06:06:05.2 (6969428)|SYSTEM_MODE_ENTER|true
06:06:05.2 (7240812)|HEAP_ALLOCATE|[EXTERNAL]|Bytes:25
06:06:05.2 (7266333)|HEAP_ALLOCATE|[EXTERNAL]|Bytes:88
06:06:05.2 (7270927)|HEAP_ALLOCATE|[EXTERNAL]|Bytes:12
06:06:05.2 (7279952)|METHOD_ENTRY|[1]|01p0b000007wJBE|PageLayoutController.PageLayoutController()
06:06:05.2 (7286531)|STATEMENT_EXECUTE|[1]
06:06:05.2 (7290895)|STATEMENT_EXECUTE|[1]
06:06:05.2 (7292542)|STATEMENT_EXECUTE|[60]
06:06:05.2 (7294142)|STATEMENT_EXECUTE|[65]
06:06:05.2 (7298625)|METHOD_EXIT|[1]|PageLayoutController
06:06:05.2 (7408630)|HEAP_ALLOCATE|[EXTERNAL]|Bytes:16
06:06:05.2 (7417013)|VARIABLE_SCOPE_BEGIN|[7]|this|PageLayoutController|true|false
06:06:05.2 (7452592)|VARIABLE_ASSIGNMENT|[7]|this|{}|0xa9ed9d
06:06:05.2 (7462084)|STATEMENT_EXECUTE|[1]
06:06:05.2 (7464109)|STATEMENT_EXECUTE|[3]
06:06:05.2 (7465972)|STATEMENT_EXECUTE|[4]
06:06:05.2 (7467372)|STATEMENT_EXECUTE|[5]
06:06:05.2 (7482117)|STATEMENT_EXECUTE|[7]
06:06:05.2 (7483796)|STATEMENT_EXECUTE|[8]
06:06:05.2 (7487390)|HEAP_ALLOCATE|[8]|Bytes:119
06:06:05.2 (7515370)|HEAP_ALLOCATE|[8]|Bytes:4
06:06:05.2 (8226757)|SOQL_EXECUTE_BEGIN|[8]|Aggregations:0|SELECT Name, Object__r.Name, Record_Type__r.Name, Profile__r.Name FROM PageLayout__c ORDER BY Object__c ASC NULLS FIRST
06:06:05.2 (25092486)|SOQL_EXECUTE_END|[8]|Rows:7
06:06:05.2 (25136538)|HEAP_ALLOCATE|[8]|Bytes:32
06:06:05.2 (25222381)|HEAP_ALLOCATE|[8]|Bytes:1859
06:06:05.2 (25276655)|HEAP_ALLOCATE|[8]|Bytes:32
06:06:05.2 (25335495)|VARIABLE_ASSIGNMENT|[8]|this.pgLst|"List of size 7 too large to display"|0xa9ed9d
06:06:05.2 (25347862)|STATEMENT_EXECUTE|[9]
06:06:05.2 (25373505)|HEAP_ALLOCATE|[9]|Bytes:4
06:06:05.2 (25443563)|VARIABLE_ASSIGNMENT|[9]|this.pgMap|{}|0xa9ed9d
06:06:05.2 (25453259)|STATEMENT_EXECUTE|[10]
06:06:05.2 (25465515)|HEAP_ALLOCATE|[10]|Bytes:4
06:06:05.2 (25587928)|VARIABLE_SCOPE_BEGIN|[10]|pgl|List<PageLayout__c>|true|false
06:06:05.2 (25610110)|HEAP_ALLOCATE|[EXTERNAL]|Bytes:4
06:06:05.2 (25623669)|VARIABLE_ASSIGNMENT|[10]|pgl|[]|0x490b298e
06:06:05.2 (25840261)|HEAP_ALLOCATE|[11]|Bytes:5
06:06:05.2 (25905633)|HEAP_ALLOCATE|[11]|Bytes:36
06:06:05.2 (25919246)|VARIABLE_SCOPE_BEGIN|[11]|pg|PageLayout__c|true|false
06:06:05.2 (25975689)|VARIABLE_ASSIGNMENT|[11]|pg|{"Name":"AccountPG1","Object__c":"a090b00000YJqLWAA1","Record_Type__c":"a0C0b00000WVTYkEAP","Profile__c":"a0B0b00000OS30xEAD","Id":"a0D0b00000ki7GKEAY","Object__r":{"Name":"Account","Id":"a090b00000YJqLWAA1"},"Record_Type__r":{"Name":"AccountRT1","Id":"a0C0b00000WVTYkEAP"},"Profile__r":{"Name":"System Administrator","Id":"a0B0b00000OS30xEAD"}}|0x3b342fb6
06:06:05.2 (25990993)|STATEMENT_EXECUTE|[11]
06:06:05.2 (26253940)|STATEMENT_EXECUTE|[15]
06:06:05.2 (26258096)|STATEMENT_EXECUTE|[16]
06:06:05.2 (26269973)|HEAP_ALLOCATE|[16]|Bytes:4
06:06:05.2 (26301562)|HEAP_ALLOCATE|[EXTERNAL]|Bytes:4
06:06:05.2 (26314807)|VARIABLE_ASSIGNMENT|[16]|pgl|[]|0xdb08876
06:06:05.2 (26324381)|STATEMENT_EXECUTE|[17]
06:06:05.2 (26358344)|HEAP_ALLOCATE|[EXTERNAL]|Bytes:4
06:06:05.2 (26371666)|STATEMENT_EXECUTE|[18]
06:06:05.2 (26420034)|HEAP_ALLOCATE|[EXTERNAL]|Bytes:-4
06:06:05.2 (26444159)|HEAP_ALLOCATE|[11]|Bytes:5
06:06:05.2 (26462787)|HEAP_ALLOCATE|[11]|Bytes:36
06:06:05.2 (26473221)|VARIABLE_SCOPE_BEGIN|[11]|pg|PageLayout__c|true|false
06:06:05.2 (26517695)|VARIABLE_ASSIGNMENT|[11]|pg|{"Name":"AccountPG2","Object__c":"a090b00000YJqLWAA1","Record_Type__c":"a0C0b00000WVTYpEAP","Profile__c":"a0B0b00000OS31lEAD","Id":"a0D0b00000ki7GUEAY","Object__r":{"Name":"Account","Id":"a090b00000YJqLWAA1"},"Record_Type__r":{"Name":"AccountRT2","Id":"a0C0b00000WVTYpEAP"},"Profile__r":{"Name":"Marketing User","Id":"a0B0b00000OS31lEAD"}}|0x4ebf6a9e
06:06:05.2 (26532537)|STATEMENT_EXECUTE|[11]
06:06:05.2 (26558139)|STATEMENT_EXECUTE|[12]
06:06:05.2 (26560923)|STATEMENT_EXECUTE|[13]
06:06:05.2 (26588044)|HEAP_ALLOCATE|[EXTERNAL]|Bytes:4
06:06:05.2 (26600232)|STATEMENT_EXECUTE|[14]
06:06:05.2 (26674040)|HEAP_ALLOCATE|[11]|Bytes:5
06:06:05.2 (26693132)|HEAP_ALLOCATE|[11]|Bytes:36
06:06:05.2 (26703752)|VARIABLE_SCOPE_BEGIN|[11]|pg|PageLayout__c|true|false
06:06:05.2 (26748620)|VARIABLE_ASSIGNMENT|[11]|pg|{"Name":"AccountPG2","Object__c":"a090b00000YJqLWAA1","Record_Type__c":"a0C0b00000WVTYpEAP","Profile__c":"a0B0b00000OS30xEAD","Id":"a0D0b00000ki7GPEAY","Object__r":{"Name":"Account","Id":"a090b00000YJqLWAA1"},"Record_Type__r":{"Name":"AccountRT2","Id":"a0C0b00000WVTYpEAP"},"Profile__r":{"Name":"System Administrator","Id":"a0B0b00000OS30xEAD"}}|0x29374e1
06:06:05.2 (26763155)|STATEMENT_EXECUTE|[11]
06:06:05.2 (26787063)|STATEMENT_EXECUTE|[12]
06:06:05.2 (26789646)|STATEMENT_EXECUTE|[13]
06:06:05.2 (26796770)|HEAP_ALLOCATE|[EXTERNAL]|Bytes:4
06:06:05.2 (26806192)|STATEMENT_EXECUTE|[14]
06:06:05.2 (26850825)|HEAP_ALLOCATE|[11]|Bytes:5
06:06:05.2 (26867447)|HEAP_ALLOCATE|[11]|Bytes:36
06:06:05.2 (26876987)|VARIABLE_SCOPE_BEGIN|[11]|pg|PageLayout__c|true|false
06:06:05.2 (26918737)|VARIABLE_ASSIGNMENT|[11]|pg|{"Name":"OpportunityPG1","Object__c":"a090b00000YJqLZAA1","Record_Type__c":"a0C0b00000WVTZ4EAP","Profile__c":"a0B0b00000OS30xEAD","Id":"a0D0b00000ki7GtEAI","Object__r":{"Name":"Opportunity","Id":"a090b00000YJqLZAA1"},"Record_Type__r":{"Name":"OpportunityRT1","Id":"a0C0b00000WVTZ4EAP"},"Profile__r":{"Name":"System Administrator","Id":"a0B0b00000OS30xEAD"}}|0x3788ffbf
06:06:05.2 (26933852)|STATEMENT_EXECUTE|[11]
06:06:05.2 (26994423)|STATEMENT_EXECUTE|[15]
06:06:05.2 (26997721)|STATEMENT_EXECUTE|[16]
06:06:05.2 (27008533)|HEAP_ALLOCATE|[16]|Bytes:4
06:06:05.2 (27030305)|HEAP_ALLOCATE|[EXTERNAL]|Bytes:4
06:06:05.2 (27041990)|VARIABLE_ASSIGNMENT|[16]|pgl|[]|0xdf25b76
06:06:05.2 (27050325)|STATEMENT_EXECUTE|[17]
06:06:05.2 (27059612)|HEAP_ALLOCATE|[EXTERNAL]|Bytes:4
06:06:05.2 (27069151)|STATEMENT_EXECUTE|[18]
06:06:05.2 (27085098)|HEAP_ALLOCATE|[EXTERNAL]|Bytes:-4
06:06:05.2 (27104588)|HEAP_ALLOCATE|[11]|Bytes:5
06:06:05.2 (27119703)|HEAP_ALLOCATE|[11]|Bytes:36
06:06:05.2 (27129434)|VARIABLE_SCOPE_BEGIN|[11]|pg|PageLayout__c|true|false
06:06:05.2 (27172267)|VARIABLE_ASSIGNMENT|[11]|pg|{"Name":"ContactPG2","Object__c":"a090b00000YJqXlAAL","Record_Type__c":"a0C0b00000WVTYzEAP","Profile__c":"a0B0b00000OS30xEAD","Id":"a0D0b00000ki7GeEAI","Object__r":{"Name":"Contact","Id":"a090b00000YJqXlAAL"},"Record_Type__r":{"Name":"ContactRT2","Id":"a0C0b00000WVTYzEAP"},"Profile__r":{"Name":"System Administrator","Id":"a0B0b00000OS30xEAD"}}|0x2ddb2f67
06:06:05.2 (27188857)|STATEMENT_EXECUTE|[11]
06:06:05.2 (27241171)|STATEMENT_EXECUTE|[15]
06:06:05.2 (27244263)|STATEMENT_EXECUTE|[16]
06:06:05.2 (27255889)|HEAP_ALLOCATE|[16]|Bytes:4
06:06:05.2 (27276568)|HEAP_ALLOCATE|[EXTERNAL]|Bytes:4
06:06:05.2 (27288566)|VARIABLE_ASSIGNMENT|[16]|pgl|[]|0x51b8fe5e
06:06:05.2 (27296654)|STATEMENT_EXECUTE|[17]
06:06:05.2 (27305121)|HEAP_ALLOCATE|[EXTERNAL]|Bytes:4
06:06:05.2 (27311347)|STATEMENT_EXECUTE|[18]
06:06:05.2 (27324045)|HEAP_ALLOCATE|[EXTERNAL]|Bytes:-4
06:06:05.2 (27338673)|HEAP_ALLOCATE|[11]|Bytes:5
06:06:05.2 (27349333)|HEAP_ALLOCATE|[11]|Bytes:36
06:06:05.2 (27355783)|VARIABLE_SCOPE_BEGIN|[11]|pg|PageLayout__c|true|false
06:06:05.2 (27390822)|VARIABLE_ASSIGNMENT|[11]|pg|{"Name":"ContactPG1","Object__c":"a090b00000YJqXlAAL","Record_Type__c":"a0C0b00000WVTYuEAP","Profile__c":"a0B0b00000OS30xEAD","Id":"a0D0b00000ki7GjEAI","Object__r":{"Name":"Contact","Id":"a090b00000YJqXlAAL"},"Record_Type__r":{"Name":"ContactRT1","Id":"a0C0b00000WVTYuEAP"},"Profile__r":{"Name":"System Administrator","Id":"a0B0b00000OS30xEAD"}}|0x18855bd8
06:06:05.2 (27405380)|STATEMENT_EXECUTE|[11]
06:06:05.2 (27426580)|STATEMENT_EXECUTE|[12]
06:06:05.2 (27429062)|STATEMENT_EXECUTE|[13]
06:06:05.2 (27436047)|HEAP_ALLOCATE|[EXTERNAL]|Bytes:4
06:06:05.2 (27444962)|STATEMENT_EXECUTE|[14]
06:06:05.2 (27489044)|HEAP_ALLOCATE|[11]|Bytes:5
06:06:05.2 (27505940)|HEAP_ALLOCATE|[11]|Bytes:36
06:06:05.2 (27515880)|VARIABLE_SCOPE_BEGIN|[11]|pg|PageLayout__c|true|false
06:06:05.2 (27558055)|VARIABLE_ASSIGNMENT|[11]|pg|{"Name":"ContactPG1","Object__c":"a090b00000YJqXlAAL","Record_Type__c":"a0C0b00000WVTYuEAP","Profile__c":"a0B0b00000OS31gEAD","Id":"a0D0b00000ki7GoEAI","Object__r":{"Name":"Contact","Id":"a090b00000YJqXlAAL"},"Record_Type__r":{"Name":"ContactRT1","Id":"a0C0b00000WVTYuEAP"},"Profile__r":{"Name":"Installer","Id":"a0B0b00000OS31gEAD"}}|0x1a80055
06:06:05.2 (27572733)|STATEMENT_EXECUTE|[11]
06:06:05.2 (27596202)|STATEMENT_EXECUTE|[12]
06:06:05.2 (27599139)|STATEMENT_EXECUTE|[13]
06:06:05.2 (27606219)|HEAP_ALLOCATE|[EXTERNAL]|Bytes:4
06:06:05.2 (27614670)|STATEMENT_EXECUTE|[14]
06:06:05.2 (27653186)|HEAP_ALLOCATE|[11]|Bytes:5
06:06:05.2 (27667066)|VARIABLE_ASSIGNMENT|[11]|pg|null|
06:06:05.2 (27673297)|STATEMENT_EXECUTE|[21]
06:06:05.2 (27694643)|METHOD_ENTRY|[21]|01p0b000007wJBE|PageLayoutController.initproRtMap()
06:06:05.2 (27725593)|VARIABLE_SCOPE_BEGIN|[24]|this|PageLayoutController|true|false
06:06:05.2 (27761232)|VARIABLE_ASSIGNMENT|[24]|this|{"pgLst":"0x792c834d","pgMap":"0x669a5ef5"}|0xa9ed9d
06:06:05.2 (27771533)|STATEMENT_EXECUTE|[24]
06:06:05.2 (27773059)|STATEMENT_EXECUTE|[25]
06:06:05.2 (27785531)|HEAP_ALLOCATE|[25]|Bytes:4
06:06:05.2 (27861434)|VARIABLE_ASSIGNMENT|[EXTERNAL]|this|{"pgLst":"0x792c834d","pgMap":"0x669a5ef5"}|0xa9ed9d
06:06:05.2 (27876878)|VARIABLE_ASSIGNMENT|[EXTERNAL]|value|{}|0x3262f0f9
06:06:05.2 (27891493)|VARIABLE_ASSIGNMENT|[5]|this.proRtMap|{}|0xa9ed9d
06:06:05.2 (27915475)|HEAP_ALLOCATE|[26]|Bytes:4
06:06:05.2 (27976439)|HEAP_ALLOCATE|[26]|Bytes:41
06:06:05.2 (27995807)|HEAP_ALLOCATE|[26]|Bytes:12
06:06:05.2 (28020995)|HEAP_ALLOCATE|[26]|Bytes:5
06:06:05.2 (28034367)|VARIABLE_SCOPE_BEGIN|[26]|objName|String|false|false
06:06:05.2 (28045693)|VARIABLE_ASSIGNMENT|[26]|objName|"Account"
06:06:05.2 (28050816)|STATEMENT_EXECUTE|[26]
06:06:05.2 (28052414)|STATEMENT_EXECUTE|[27]
06:06:05.2 (28117283)|HEAP_ALLOCATE|[27]|Bytes:112
06:06:05.2 (28125200)|HEAP_ALLOCATE|[27]|Bytes:5
06:06:05.2 (28401767)|HEAP_ALLOCATE|[27]|Bytes:12
06:06:05.2 (28420356)|CONSTRUCTOR_ENTRY|[27]|01p0b000007wJBE|<init>()|PageLayoutController.ProfRTType
06:06:05.2 (28445400)|VARIABLE_SCOPE_BEGIN|[60]|this|PageLayoutController.ProfRTType|true|false
06:06:05.2 (28472406)|VARIABLE_ASSIGNMENT|[60]|this|{}|0x1b10a5e9
06:06:05.2 (28497412)|STATEMENT_EXECUTE|[60]
06:06:05.2 (28499718)|STATEMENT_EXECUTE|[61]
06:06:05.2 (28501236)|STATEMENT_EXECUTE|[62]
06:06:05.2 (28506010)|CONSTRUCTOR_EXIT|[27]|01p0b000007wJBE|<init>()|PageLayoutController.ProfRTType
06:06:05.2 (28513977)|VARIABLE_SCOPE_BEGIN|[27]|prt|PageLayoutController.ProfRTType|true|false
06:06:05.2 (28531801)|VARIABLE_ASSIGNMENT|[27]|prt|{}|0x1b10a5e9
06:06:05.2 (28541036)|STATEMENT_EXECUTE|[28]
06:06:05.2 (28614355)|METHOD_ENTRY|[28]|01p0b000007wJBE|PageLayoutController.getprofWrapLst(List<PageLayout__c>)
06:06:05.2 (28627361)|VARIABLE_SCOPE_BEGIN|[34]|this|PageLayoutController|true|false
06:06:05.2 (28660973)|VARIABLE_ASSIGNMENT|[34]|this|{"pgLst":"0x792c834d","pgMap":"0x669a5ef5","proRtMap":"0x3262f0f9"}|0xa9ed9d
06:06:05.2 (28672120)|VARIABLE_SCOPE_BEGIN|[34]|plLst|List<PageLayout__c>|true|false
06:06:05.2 (28754297)|VARIABLE_ASSIGNMENT|[34]|plLst|[{"Name":"AccountPG1","Object__c":"a090b00000YJqLWAA1","Record_Type__c":"a0C0b00000WVTYkEAP","Profile__c":"a0B0b00000OS30xEAD","Id":"a0D0b00000ki7GKEAY","Object__r":{"Name":"Account","Id":"a090b00000YJqLWAA1"},"Record_Type__r":{"Name":"AccountRT1","Id":"a0C0b00000WVTYkEAP"},"Profile__r":{"Name":"System Administrator","Id":"a0B0b00000OS30xEAD"}},{"Name":"AccountPG2","Object__c":"a090b00000YJqLWAA1","Record_Type__c":"a0C0b00000WVTYpEAP","Profile__c":"a0B0b00000OS31lEAD","Id":"a0D0b00000ki7GUEAY","Object__r":{"Name":"Account","Id":"a090b00000YJqLWAA1"},"Record_Type__r":{"Name":"AccountRT2","Id":"a0C0b00000WVTYpEAP"},"Profile__r":{"Name":"Marketing User","Id":"a0B0b00000OS31lEAD"}},{"Name":"AccountPG2","Object__c":"a090b00000YJqLWAA1","Record_Type__c":"a0C0b00000WVTYpEAP","Profile__c":"a0B0b00000OS30xEAD","Id":"a0D0b00000ki7GPEAY","Object__r":{"Name":"Account","Id":"a090b00000YJqLWAA1"},"Record_Type__r":{"Name":"AccountRT2","Id":"a0C0b00000WVTYpEAP"},"Profile__r":{"Name":"System Administrator","Id":"a0B0b00000OS30xEAD"}}]|0xdb08876
06:06:05.2 (28783055)|STATEMENT_EXECUTE|[34]
06:06:05.2 (28785624)|STATEMENT_EXECUTE|[35]
06:06:05.2 (28797271)|HEAP_ALLOCATE|[35]|Bytes:4
06:06:05.2 (28868420)|VARIABLE_SCOPE_BEGIN|[35]|pwList|List<PageLayoutController.ProfileWrapper>|true|false
06:06:05.2 (28897010)|HEAP_ALLOCATE|[EXTERNAL]|Bytes:4
06:06:05.2 (28910430)|VARIABLE_ASSIGNMENT|[35]|pwList|[]|0x7e6533fe
06:06:05.2 (28936517)|STATEMENT_EXECUTE|[36]
06:06:05.2 (28952111)|HEAP_ALLOCATE|[36]|Bytes:4
06:06:05.2 (28978162)|VARIABLE_SCOPE_BEGIN|[36]|pfNames|List<String>|true|false
06:06:05.2 (29008533)|HEAP_ALLOCATE|[EXTERNAL]|Bytes:4
06:06:05.2 (29018434)|VARIABLE_ASSIGNMENT|[36]|pfNames|[]|0x18129e82
06:06:05.2 (29068374)|HEAP_ALLOCATE|[37]|Bytes:5
06:06:05.2 (29088833)|HEAP_ALLOCATE|[37]|Bytes:36
06:06:05.2 (29122545)|VARIABLE_SCOPE_BEGIN|[37]|pl|PageLayout__c|true|false
06:06:05.2 (29169394)|VARIABLE_ASSIGNMENT|[37]|pl|{"Name":"AccountPG1","Object__c":"a090b00000YJqLWAA1","Record_Type__c":"a0C0b00000WVTYkEAP","Profile__c":"a0B0b00000OS30xEAD","Id":"a0D0b00000ki7GKEAY","Object__r":{"Name":"Account","Id":"a090b00000YJqLWAA1"},"Record_Type__r":{"Name":"AccountRT1","Id":"a0C0b00000WVTYkEAP"},"Profile__r":{"Name":"System Administrator","Id":"a0B0b00000OS30xEAD"}}|0x3b342fb6
06:06:05.2 (29185021)|STATEMENT_EXECUTE|[37]
06:06:05.2 (29282973)|STATEMENT_EXECUTE|[38]
06:06:05.2 (29286259)|STATEMENT_EXECUTE|[39]
06:06:05.2 (29319076)|HEAP_ALLOCATE|[EXTERNAL]|Bytes:4
06:06:05.2 (29332148)|STATEMENT_EXECUTE|[40]
06:06:05.2 (29386042)|HEAP_ALLOCATE|[40]|Bytes:144
06:06:05.2 (29397527)|HEAP_ALLOCATE|[40]|Bytes:8
06:06:05.2 (29416661)|HEAP_ALLOCATE|[40]|Bytes:16
06:06:05.2 (29436315)|CONSTRUCTOR_ENTRY|[40]|01p0b000007wJBE|<init>()|PageLayoutController.ProfileWrapper
06:06:05.2 (29463063)|VARIABLE_SCOPE_BEGIN|[65]|this|PageLayoutController.ProfileWrapper|true|false
06:06:05.2 (29502865)|VARIABLE_ASSIGNMENT|[65]|this|{}|0x72487d24
06:06:05.2 (29529635)|STATEMENT_EXECUTE|[65]
06:06:05.2 (29532185)|STATEMENT_EXECUTE|[66]
06:06:05.2 (29534211)|STATEMENT_EXECUTE|[67]
06:06:05.2 (29536135)|STATEMENT_EXECUTE|[68]
06:06:05.2 (29541993)|CONSTRUCTOR_EXIT|[40]|01p0b000007wJBE|<init>()|PageLayoutController.ProfileWrapper
06:06:05.2 (29552570)|VARIABLE_SCOPE_BEGIN|[40]|pw|PageLayoutController.ProfileWrapper|true|false
06:06:05.2 (29575016)|VARIABLE_ASSIGNMENT|[40]|pw|{}|0x72487d24
06:06:05.2 (29584444)|STATEMENT_EXECUTE|[41]
06:06:05.2 (29836631)|VARIABLE_ASSIGNMENT|[EXTERNAL]|this|{}|0x72487d24
06:06:05.2 (29855715)|VARIABLE_ASSIGNMENT|[EXTERNAL]|value|"System Administrator"
06:06:05.2 (29877341)|VARIABLE_ASSIGNMENT|[66]|this.profileName|"System Administrator"|0x72487d24
06:06:05.2 (29894064)|STATEMENT_EXECUTE|[42]
06:06:05.2 (29958780)|VARIABLE_ASSIGNMENT|[EXTERNAL]|this|{"profileName":"System Administrator"}|0x72487d24
06:06:05.2 (29975798)|VARIABLE_ASSIGNMENT|[EXTERNAL]|value|"AccountPG1"
06:06:05.2 (29991133)|VARIABLE_ASSIGNMENT|[68]|this.selectedPlName|"AccountPG1"|0x72487d24
06:06:05.2 (30005924)|STATEMENT_EXECUTE|[43]
06:06:05.2 (30021747)|HEAP_ALLOCATE|[43]|Bytes:4
06:06:05.2 (30098219)|HEAP_ALLOCATE|[43]|Bytes:5
06:06:05.2 (30117954)|HEAP_ALLOCATE|[43]|Bytes:5
06:06:05.2 (30168706)|VARIABLE_ASSIGNMENT|[EXTERNAL]|this|{"profileName":"System Administrator","selectedPlName":"AccountPG1"}|0x72487d24
06:06:05.2 (30206918)|HEAP_ALLOCATE|[EXTERNAL]|Bytes:16
06:06:05.2 (30644019)|VARIABLE_ASSIGNMENT|[EXTERNAL]|value|"common.apex.runtime.impl.ScalarList@7d58725a"|0xbf404eb
06:06:05.2 (30773774)|VARIABLE_ASSIGNMENT|[67]|this.pgNames|"common.apex.runtime.impl.ScalarList@7d58725a"|0x72487d24
06:06:05.2 (30793921)|STATEMENT_EXECUTE|[44]
06:06:05.2 (30843196)|HEAP_ALLOCATE|[EXTERNAL]|Bytes:4
06:06:05.2 (30869370)|HEAP_ALLOCATE|[37]|Bytes:5
06:06:05.2 (30889710)|HEAP_ALLOCATE|[37]|Bytes:36
06:06:05.2 (30901640)|VARIABLE_SCOPE_BEGIN|[37]|pl|PageLayout__c|true|false
06:06:05.2 (30952769)|VARIABLE_ASSIGNMENT|[37]|pl|{"Name":"AccountPG2","Object__c":"a090b00000YJqLWAA1","Record_Type__c":"a0C0b00000WVTYpEAP","Profile__c":"a0B0b00000OS31lEAD","Id":"a0D0b00000ki7GUEAY","Object__r":{"Name":"Account","Id":"a090b00000YJqLWAA1"},"Record_Type__r":{"Name":"AccountRT2","Id":"a0C0b00000WVTYpEAP"},"Profile__r":{"Name":"Marketing User","Id":"a0B0b00000OS31lEAD"}}|0x4ebf6a9e
06:06:05.2 (30968301)|STATEMENT_EXECUTE|[37]
06:06:05.2 (31010107)|STATEMENT_EXECUTE|[38]
06:06:05.2 (31013773)|STATEMENT_EXECUTE|[39]
06:06:05.2 (31024529)|HEAP_ALLOCATE|[EXTERNAL]|Bytes:4
06:06:05.2 (31034564)|STATEMENT_EXECUTE|[40]
06:06:05.2 (31040636)|HEAP_ALLOCATE|[40]|Bytes:16
06:06:05.2 (31050512)|CONSTRUCTOR_ENTRY|[40]|01p0b000007wJBE|<init>()|PageLayoutController.ProfileWrapper
06:06:05.2 (31060733)|VARIABLE_SCOPE_BEGIN|[65]|this|PageLayoutController.ProfileWrapper|true|false
06:06:05.2 (31089305)|VARIABLE_ASSIGNMENT|[65]|this|{}|0xa0896c9
06:06:05.2 (31111914)|STATEMENT_EXECUTE|[65]
06:06:05.2 (31114566)|STATEMENT_EXECUTE|[66]
06:06:05.2 (31117014)|STATEMENT_EXECUTE|[67]
06:06:05.2 (31119241)|STATEMENT_EXECUTE|[68]
06:06:05.2 (31123650)|CONSTRUCTOR_EXIT|[40]|01p0b000007wJBE|<init>()|PageLayoutController.ProfileWrapper
06:06:05.2 (31131424)|VARIABLE_SCOPE_BEGIN|[40]|pw|PageLayoutController.ProfileWrapper|true|false
06:06:05.2 (31146867)|VARIABLE_ASSIGNMENT|[40]|pw|{}|0xa0896c9
06:06:05.2 (31152408)|STATEMENT_EXECUTE|[41]
06:06:05.2 (31202542)|VARIABLE_ASSIGNMENT|[EXTERNAL]|this|{}|0xa0896c9
06:06:05.2 (31213359)|VARIABLE_ASSIGNMENT|[EXTERNAL]|value|"Marketing User"
06:06:05.2 (31227900)|VARIABLE_ASSIGNMENT|[66]|this.profileName|"Marketing User"|0xa0896c9
06:06:05.2 (31243588)|STATEMENT_EXECUTE|[42]
06:06:05.2 (31275735)|VARIABLE_ASSIGNMENT|[EXTERNAL]|this|{"profileName":"Marketing User"}|0xa0896c9
06:06:05.2 (31290737)|VARIABLE_ASSIGNMENT|[EXTERNAL]|value|"AccountPG2"
06:06:05.2 (31304171)|VARIABLE_ASSIGNMENT|[68]|this.selectedPlName|"AccountPG2"|0xa0896c9
06:06:05.2 (31317236)|STATEMENT_EXECUTE|[43]
06:06:05.2 (31330419)|HEAP_ALLOCATE|[43]|Bytes:4
06:06:05.2 (31388806)|VARIABLE_ASSIGNMENT|[EXTERNAL]|this|{"profileName":"Marketing User","selectedPlName":"AccountPG2"}|0xa0896c9
06:06:05.2 (31419950)|HEAP_ALLOCATE|[EXTERNAL]|Bytes:16
06:06:05.2 (31496957)|VARIABLE_ASSIGNMENT|[EXTERNAL]|value|"common.apex.runtime.impl.ScalarList@7d58ea7a"|0x6d6c2d59
06:06:05.2 (31581371)|VARIABLE_ASSIGNMENT|[67]|this.pgNames|"common.apex.runtime.impl.ScalarList@7d58ea7a"|0xa0896c9
06:06:05.2 (31594394)|STATEMENT_EXECUTE|[44]
06:06:05.2 (31603697)|HEAP_ALLOCATE|[EXTERNAL]|Bytes:4
06:06:05.2 (31620094)|HEAP_ALLOCATE|[37]|Bytes:5
06:06:05.2 (31633597)|HEAP_ALLOCATE|[37]|Bytes:36
06:06:05.2 (31641622)|VARIABLE_SCOPE_BEGIN|[37]|pl|PageLayout__c|true|false
06:06:05.2 (31682781)|VARIABLE_ASSIGNMENT|[37]|pl|{"Name":"AccountPG2","Object__c":"a090b00000YJqLWAA1","Record_Type__c":"a0C0b00000WVTYpEAP","Profile__c":"a0B0b00000OS30xEAD","Id":"a0D0b00000ki7GPEAY","Object__r":{"Name":"Account","Id":"a090b00000YJqLWAA1"},"Record_Type__r":{"Name":"AccountRT2","Id":"a0C0b00000WVTYpEAP"},"Profile__r":{"Name":"System Administrator","Id":"a0B0b00000OS30xEAD"}}|0x29374e1
06:06:05.2 (31692808)|STATEMENT_EXECUTE|[37]
06:06:05.2 (31712642)|STATEMENT_EXECUTE|[38]
06:06:05.2 (31721813)|HEAP_ALLOCATE|[37]|Bytes:5
06:06:05.2 (31733707)|VARIABLE_ASSIGNMENT|[37]|pl|null|
06:06:05.2 (31738913)|STATEMENT_EXECUTE|[47]
06:06:05.2 (31744764)|METHOD_EXIT|[28]|01p0b000007wJBE|PageLayoutController.getprofWrapLst(List<PageLayout__c>)
06:06:05.2 (31781369)|VARIABLE_ASSIGNMENT|[EXTERNAL]|this|{}|0x1b10a5e9
06:06:05.2 (31825656)|VARIABLE_ASSIGNMENT|[EXTERNAL]|value|[{"pgNames":"0xbf404eb","profileName":"System Administrator","selectedPlName":"AccountPG1"},{"pgNames":"0x6d6c2d59","profileName":"Marketing User","selectedPlName":"AccountPG2"}]|0x7e6533fe
06:06:05.2 (31868784)|VARIABLE_ASSIGNMENT|[61]|this.profWrapLst|[{"pgNames":"0xbf404eb","profileName":"System Administrator","selectedPlName":"AccountPG1"},{"pgNames":"0x6d6c2d59","profileName":"Marketing User","selectedPlName":"AccountPG2"}]|0x1b10a5e9
06:06:05.2 (31886297)|STATEMENT_EXECUTE|[29]
06:06:05.2 (31968692)|METHOD_ENTRY|[29]|01p0b000007wJBE|PageLayoutController.getrtWrapLst(List<PageLayout__c>)
06:06:05.2 (31978946)|VARIABLE_SCOPE_BEGIN|[50]|this|PageLayoutController|true|false
06:06:05.2 (32005071)|VARIABLE_ASSIGNMENT|[50]|this|{"pgLst":"0x792c834d","pgMap":"0x669a5ef5","proRtMap":"0x3262f0f9"}|0xa9ed9d
06:06:05.2 (32013771)|VARIABLE_SCOPE_BEGIN|[50]|plLst|List<PageLayout__c>|true|false
06:06:05.2 (32119418)|VARIABLE_ASSIGNMENT|[50]|plLst|[{"Name":"AccountPG1","Object__c":"a090b00000YJqLWAA1","Record_Type__c":"a0C0b00000WVTYkEAP","Profile__c":"a0B0b00000OS30xEAD","Id":"a0D0b00000ki7GKEAY","Object__r":{"Name":"Account","Id":"a090b00000YJqLWAA1"},"Record_Type__r":{"Name":"AccountRT1","Id":"a0C0b00000WVTYkEAP"},"Profile__r":{"Name":"System Administrator","Id":"a0B0b00000OS30xEAD"}},{"Name":"AccountPG2","Object__c":"a090b00000YJqLWAA1","Record_Type__c":"a0C0b00000WVTYpEAP","Profile__c":"a0B0b00000OS31lEAD","Id":"a0D0b00000ki7GUEAY","Object__r":{"Name":"Account","Id":"a090b00000YJqLWAA1"},"Record_Type__r":{"Name":"AccountRT2","Id":"a0C0b00000WVTYpEAP"},"Profile__r":{"Name":"Marketing User","Id":"a0B0b00000OS31lEAD"}},{"Name":"AccountPG2","Object__c":"a090b00000YJqLWAA1","Record_Type__c":"a0C0b00000WVTYpEAP","Profile__c":"a0B0b00000OS30xEAD","Id":"a0D0b00000ki7GPEAY","Object__r":{"Name":"Account","Id":"a090b00000YJqLWAA1"},"Record_Type__r":{"Name":"AccountRT2","Id":"a0C0b00000WVTYpEAP"},"Profile__r":{"Name":"System Administrator","Id":"a0B0b00000OS30xEAD"}}]|0xdb08876
06:06:05.2 (32139354)|STATEMENT_EXECUTE|[50]
06:06:05.2 (32141069)|STATEMENT_EXECUTE|[51]
06:06:05.2 (32150742)|HEAP_ALLOCATE|[51]|Bytes:4
06:06:05.2 (32175115)|VARIABLE_SCOPE_BEGIN|[51]|rtTypeName|List<String>|true|false
06:06:05.2 (32204220)|HEAP_ALLOCATE|[EXTERNAL]|Bytes:4
06:06:05.2 (32214170)|VARIABLE_ASSIGNMENT|[51]|rtTypeName|[]|0x3b936c34
06:06:05.2 (32252001)|HEAP_ALLOCATE|[52]|Bytes:5
06:06:05.2 (32265358)|HEAP_ALLOCATE|[52]|Bytes:36
06:06:05.2 (32273023)|VARIABLE_SCOPE_BEGIN|[52]|pl|PageLayout__c|true|false
06:06:05.2 (32300754)|VARIABLE_ASSIGNMENT|[52]|pl|{"Name":"AccountPG1","Object__c":"a090b00000YJqLWAA1","Record_Type__c":"a0C0b00000WVTYkEAP","Profile__c":"a0B0b00000OS30xEAD","Id":"a0D0b00000ki7GKEAY","Object__r":{"Name":"Account","Id":"a090b00000YJqLWAA1"},"Record_Type__r":{"Name":"AccountRT1","Id":"a0C0b00000WVTYkEAP"},"Profile__r":{"Name":"System Administrator","Id":"a0B0b00000OS30xEAD"}}|0x3b342fb6
06:06:05.2 (32309461)|STATEMENT_EXECUTE|[52]
06:06:05.2 (32507283)|STATEMENT_EXECUTE|[53]
06:06:05.2 (32509679)|STATEMENT_EXECUTE|[54]
06:06:05.2 (32537286)|HEAP_ALLOCATE|[EXTERNAL]|Bytes:4
06:06:05.2 (32554667)|HEAP_ALLOCATE|[52]|Bytes:5
06:06:05.2 (32565945)|HEAP_ALLOCATE|[52]|Bytes:36
06:06:05.2 (32573182)|VARIABLE_SCOPE_BEGIN|[52]|pl|PageLayout__c|true|false
06:06:05.2 (32602973)|VARIABLE_ASSIGNMENT|[52]|pl|{"Name":"AccountPG2","Object__c":"a090b00000YJqLWAA1","Record_Type__c":"a0C0b00000WVTYpEAP","Profile__c":"a0B0b00000OS31lEAD","Id":"a0D0b00000ki7GUEAY","Object__r":{"Name":"Account","Id":"a090b00000YJqLWAA1"},"Record_Type__r":{"Name":"AccountRT2","Id":"a0C0b00000WVTYpEAP"},"Profile__r":{"Name":"Marketing User","Id":"a0B0b00000OS31lEAD"}}|0x4ebf6a9e
06:06:05.2 (32612229)|STATEMENT_EXECUTE|[52]
06:06:05.2 (32648047)|STATEMENT_EXECUTE|[53]
06:06:05.2 (32650274)|STATEMENT_EXECUTE|[54]
06:06:05.2 (32658991)|HEAP_ALLOCATE|[EXTERNAL]|Bytes:4
06:06:05.2 (32671655)|HEAP_ALLOCATE|[52]|Bytes:5
06:06:05.2 (32681087)|HEAP_ALLOCATE|[52]|Bytes:36
06:06:05.2 (32687259)|VARIABLE_SCOPE_BEGIN|[52]|pl|PageLayout__c|true|false
06:06:05.2 (32716442)|VARIABLE_ASSIGNMENT|[52]|pl|{"Name":"AccountPG2","Object__c":"a090b00000YJqLWAA1","Record_Type__c":"a0C0b00000WVTYpEAP","Profile__c":"a0B0b00000OS30xEAD","Id":"a0D0b00000ki7GPEAY","Object__r":{"Name":"Account","Id":"a090b00000YJqLWAA1"},"Record_Type__r":{"Name":"AccountRT2","Id":"a0C0b00000WVTYpEAP"},"Profile__r":{"Name":"System Administrator","Id":"a0B0b00000OS30xEAD"}}|0x29374e1
06:06:05.2 (32725338)|STATEMENT_EXECUTE|[52]
06:06:05.2 (32739109)|STATEMENT_EXECUTE|[53]
06:06:05.2 (32746086)|HEAP_ALLOCATE|[52]|Bytes:5
06:06:05.2 (32756289)|VARIABLE_ASSIGNMENT|[52]|pl|null|
06:06:05.2 (32761013)|STATEMENT_EXECUTE|[57]
06:06:05.2 (32765712)|METHOD_EXIT|[29]|01p0b000007wJBE|PageLayoutController.getrtWrapLst(List<PageLayout__c>)
06:06:05.2 (32801922)|VARIABLE_ASSIGNMENT|[EXTERNAL]|this|{"profWrapLst":"0x7e6533fe"}|0x1b10a5e9
06:06:05.2 (32816144)|VARIABLE_ASSIGNMENT|[EXTERNAL]|value|["AccountRT1","AccountRT2"]|0x3b936c34
06:06:05.2 (32830374)|VARIABLE_ASSIGNMENT|[62]|this.rtWrapLst|["AccountRT1","AccountRT2"]|0x1b10a5e9
06:06:05.2 (32839192)|STATEMENT_EXECUTE|[30]
06:06:05.2 (32875932)|VARIABLE_ASSIGNMENT|[EXTERNAL]|this|{"pgLst":"0x792c834d","pgMap":"0x669a5ef5","proRtMap":"0x3262f0f9"}|0xa9ed9d
06:06:05.2 (32899052)|HEAP_ALLOCATE|[EXTERNAL]|Bytes:-4
06:06:05.2 (32914893)|HEAP_ALLOCATE|[26]|Bytes:5
06:06:05.2 (32927956)|VARIABLE_SCOPE_BEGIN|[26]|objName|String|false|false
06:06:05.2 (32938731)|VARIABLE_ASSIGNMENT|[26]|objName|"Opportunity"
06:06:05.2 (32948924)|STATEMENT_EXECUTE|[26]
06:06:05.2 (32950525)|STATEMENT_EXECUTE|[27]
06:06:05.2 (32954788)|HEAP_ALLOCATE|[27]|Bytes:12
06:06:05.2 (32961297)|CONSTRUCTOR_ENTRY|[27]|01p0b000007wJBE|<init>()|PageLayoutController.ProfRTType
06:06:05.2 (32969787)|VARIABLE_SCOPE_BEGIN|[60]|this|PageLayoutController.ProfRTType|true|false
06:06:05.2 (32984255)|VARIABLE_ASSIGNMENT|[60]|this|{}|0x3508be39
06:06:05.2 (33000209)|STATEMENT_EXECUTE|[60]
06:06:05.2 (33002618)|STATEMENT_EXECUTE|[61]
06:06:05.2 (33004162)|STATEMENT_EXECUTE|[62]
06:06:05.2 (33008127)|CONSTRUCTOR_EXIT|[27]|01p0b000007wJBE|<init>()|PageLayoutController.ProfRTType
06:06:05.2 (33015833)|VARIABLE_SCOPE_BEGIN|[27]|prt|PageLayoutController.ProfRTType|true|false
06:06:05.2 (33029147)|VARIABLE_ASSIGNMENT|[27]|prt|{}|0x3508be39
06:06:05.2 (33034500)|STATEMENT_EXECUTE|[28]
06:06:05.2 (33064507)|METHOD_ENTRY|[28]|01p0b000007wJBE|PageLayoutController.getprofWrapLst(List<PageLayout__c>)
06:06:05.2 (33071277)|VARIABLE_SCOPE_BEGIN|[34]|this|PageLayoutController|true|false
06:06:05.2 (33092170)|VARIABLE_ASSIGNMENT|[34]|this|{"pgLst":"0x792c834d","pgMap":"0x669a5ef5","proRtMap":"0x3262f0f9"}|0xa9ed9d
06:06:05.2 (33098502)|VARIABLE_SCOPE_BEGIN|[34]|plLst|List<PageLayout__c>|true|false
06:06:05.2 (33126642)|VARIABLE_ASSIGNMENT|[34]|plLst|[{"Name":"OpportunityPG1","Object__c":"a090b00000YJqLZAA1","Record_Type__c":"a0C0b00000WVTZ4EAP","Profile__c":"a0B0b00000OS30xEAD","Id":"a0D0b00000ki7GtEAI","Object__r":{"Name":"Opportunity","Id":"a090b00000YJqLZAA1"},"Record_Type__r":{"Name":"OpportunityRT1","Id":"a0C0b00000WVTZ4EAP"},"Profile__r":{"Name":"System Administrator","Id":"a0B0b00000OS30xEAD"}}]|0xdf25b76
06:06:05.2 (33136925)|STATEMENT_EXECUTE|[34]
06:06:05.2 (33138513)|STATEMENT_EXECUTE|[35]
06:06:05.2 (33145893)|HEAP_ALLOCATE|[35]|Bytes:4
06:06:05.2 (33158181)|VARIABLE_SCOPE_BEGIN|[35]|pwList|List<PageLayoutController.ProfileWrapper>|true|false
06:06:05.2 (33173488)|HEAP_ALLOCATE|[EXTERNAL]|Bytes:4
06:06:05.2 (33180602)|VARIABLE_ASSIGNMENT|[35]|pwList|[]|0x182e8188
06:06:05.2 (33185628)|STATEMENT_EXECUTE|[36]
06:06:05.2 (33191106)|HEAP_ALLOCATE|[36]|Bytes:4
06:06:05.2 (33200361)|VARIABLE_SCOPE_BEGIN|[36]|pfNames|List<String>|true|false
06:06:05.2 (33216860)|HEAP_ALLOCATE|[EXTERNAL]|Bytes:4
06:06:05.2 (33222940)|VARIABLE_ASSIGNMENT|[36]|pfNames|[]|0x6a4fedff
06:06:05.2 (33241735)|HEAP_ALLOCATE|[37]|Bytes:5
06:06:05.2 (33253830)|HEAP_ALLOCATE|[37]|Bytes:36
06:06:05.2 (33260503)|VARIABLE_SCOPE_BEGIN|[37]|pl|PageLayout__c|true|false
06:06:05.2 (33288226)|VARIABLE_ASSIGNMENT|[37]|pl|{"Name":"OpportunityPG1","Object__c":"a090b00000YJqLZAA1","Record_Type__c":"a0C0b00000WVTZ4EAP","Profile__c":"a0B0b00000OS30xEAD","Id":"a0D0b00000ki7GtEAI","Object__r":{"Name":"Opportunity","Id":"a090b00000YJqLZAA1"},"Record_Type__r":{"Name":"OpportunityRT1","Id":"a0C0b00000WVTZ4EAP"},"Profile__r":{"Name":"System Administrator","Id":"a0B0b00000OS30xEAD"}}|0x3788ffbf
06:06:05.2 (33296418)|STATEMENT_EXECUTE|[37]
06:06:05.2 (33311718)|STATEMENT_EXECUTE|[38]
06:06:05.2 (33313412)|STATEMENT_EXECUTE|[39]
06:06:05.2 (33319655)|HEAP_ALLOCATE|[EXTERNAL]|Bytes:4
06:06:05.2 (33326036)|STATEMENT_EXECUTE|[40]
06:06:05.2 (33329841)|HEAP_ALLOCATE|[40]|Bytes:16
06:06:05.2 (33335841)|CONSTRUCTOR_ENTRY|[40]|01p0b000007wJBE|<init>()|PageLayoutController.ProfileWrapper
06:06:05.2 (33342696)|VARIABLE_SCOPE_BEGIN|[65]|this|PageLayoutController.ProfileWrapper|true|false
06:06:05.2 (33359024)|VARIABLE_ASSIGNMENT|[65]|this|{}|0x2bc7fb1e
06:06:05.2 (33373244)|STATEMENT_EXECUTE|[65]
06:06:05.2 (33375041)|STATEMENT_EXECUTE|[66]
06:06:05.2 (33376382)|STATEMENT_EXECUTE|[67]
06:06:05.2 (33377834)|STATEMENT_EXECUTE|[68]
06:06:05.2 (33381098)|CONSTRUCTOR_EXIT|[40]|01p0b000007wJBE|<init>()|PageLayoutController.ProfileWrapper
06:06:05.2 (33391530)|VARIABLE_SCOPE_BEGIN|[40]|pw|PageLayoutController.ProfileWrapper|true|false
06:06:05.2 (33405696)|VARIABLE_ASSIGNMENT|[40]|pw|{}|0x2bc7fb1e
06:06:05.2 (33411302)|STATEMENT_EXECUTE|[41]
06:06:05.2 (33431537)|VARIABLE_ASSIGNMENT|[EXTERNAL]|this|{}|0x2bc7fb1e
06:06:05.2 (33441680)|VARIABLE_ASSIGNMENT|[EXTERNAL]|value|"System Administrator"
06:06:05.2 (33451652)|VARIABLE_ASSIGNMENT|[66]|this.profileName|"System Administrator"|0x2bc7fb1e
06:06:05.2 (33460052)|STATEMENT_EXECUTE|[42]
06:06:05.2 (33475949)|VARIABLE_ASSIGNMENT|[EXTERNAL]|this|{"profileName":"System Administrator"}|0x2bc7fb1e
06:06:05.2 (33484968)|VARIABLE_ASSIGNMENT|[EXTERNAL]|value|"OpportunityPG1"
06:06:05.2 (33492775)|VARIABLE_ASSIGNMENT|[68]|this.selectedPlName|"OpportunityPG1"|0x2bc7fb1e
06:06:05.2 (33500438)|STATEMENT_EXECUTE|[43]
06:06:05.2 (33508749)|HEAP_ALLOCATE|[43]|Bytes:4
06:06:05.2 (33549508)|VARIABLE_ASSIGNMENT|[EXTERNAL]|this|{"profileName":"System Administrator","selectedPlName":"OpportunityPG1"}|0x2bc7fb1e
06:06:05.2 (33570457)|HEAP_ALLOCATE|[EXTERNAL]|Bytes:16
06:06:05.2 (33655302)|VARIABLE_ASSIGNMENT|[EXTERNAL]|value|"common.apex.runtime.impl.ScalarList@749d59a"|0x5b4e6129
06:06:05.2 (33719196)|VARIABLE_ASSIGNMENT|[67]|this.pgNames|"common.apex.runtime.impl.ScalarList@749d59a"|0x2bc7fb1e
06:06:05.2 (33730993)|STATEMENT_EXECUTE|[44]
06:06:05.2 (33738911)|HEAP_ALLOCATE|[EXTERNAL]|Bytes:4
06:06:05.2 (33753830)|HEAP_ALLOCATE|[37]|Bytes:5
06:06:05.2 (33765484)|VARIABLE_ASSIGNMENT|[37]|pl|null|
06:06:05.2 (33770655)|STATEMENT_EXECUTE|[47]
06:06:05.2 (33775005)|METHOD_EXIT|[28]|01p0b000007wJBE|PageLayoutController.getprofWrapLst(List<PageLayout__c>)
06:06:05.2 (33793162)|VARIABLE_ASSIGNMENT|[EXTERNAL]|this|{}|0x3508be39
06:06:05.2 (33813738)|VARIABLE_ASSIGNMENT|[EXTERNAL]|value|[{"pgNames":"0x5b4e6129","profileName":"System Administrator","selectedPlName":"OpportunityPG1"}]|0x182e8188
06:06:05.2 (33833334)|VARIABLE_ASSIGNMENT|[61]|this.profWrapLst|[{"pgNames":"0x5b4e6129","profileName":"System Administrator","selectedPlName":"OpportunityPG1"}]|0x3508be39
06:06:05.2 (33841444)|STATEMENT_EXECUTE|[29]
06:06:05.2 (33868340)|METHOD_ENTRY|[29]|01p0b000007wJBE|PageLayoutController.getrtWrapLst(List<PageLayout__c>)
06:06:05.2 (33874724)|VARIABLE_SCOPE_BEGIN|[50]|this|PageLayoutController|true|false
06:06:05.2 (33896380)|VARIABLE_ASSIGNMENT|[50]|this|{"pgLst":"0x792c834d","pgMap":"0x669a5ef5","proRtMap":"0x3262f0f9"}|0xa9ed9d
06:06:05.2 (33902636)|VARIABLE_SCOPE_BEGIN|[50]|plLst|List<PageLayout__c>|true|false
06:06:05.2 (33929705)|VARIABLE_ASSIGNMENT|[50]|plLst|[{"Name":"OpportunityPG1","Object__c":"a090b00000YJqLZAA1","Record_Type__c":"a0C0b00000WVTZ4EAP","Profile__c":"a0B0b00000OS30xEAD","Id":"a0D0b00000ki7GtEAI","Object__r":{"Name":"Opportunity","Id":"a090b00000YJqLZAA1"},"Record_Type__r":{"Name":"OpportunityRT1","Id":"a0C0b00000WVTZ4EAP"},"Profile__r":{"Name":"System Administrator","Id":"a0B0b00000OS30xEAD"}}]|0xdf25b76
06:06:05.2 (33939393)|STATEMENT_EXECUTE|[50]
06:06:05.2 (33941012)|STATEMENT_EXECUTE|[51]
06:06:05.2 (33952691)|HEAP_ALLOCATE|[51]|Bytes:4
06:06:05.2 (33965262)|VARIABLE_SCOPE_BEGIN|[51]|rtTypeName|List<String>|true|false
06:06:05.2 (33983819)|HEAP_ALLOCATE|[EXTERNAL]|Bytes:4
06:06:05.2 (33991140)|VARIABLE_ASSIGNMENT|[51]|rtTypeName|[]|0x37809909
06:06:05.2 (34010377)|HEAP_ALLOCATE|[52]|Bytes:5
06:06:05.2 (34023101)|HEAP_ALLOCATE|[52]|Bytes:36
06:06:05.2 (34029555)|VARIABLE_SCOPE_BEGIN|[52]|pl|PageLayout__c|true|false
06:06:05.2 (34055687)|VARIABLE_ASSIGNMENT|[52]|pl|{"Name":"OpportunityPG1","Object__c":"a090b00000YJqLZAA1","Record_Type__c":"a0C0b00000WVTZ4EAP","Profile__c":"a0B0b00000OS30xEAD","Id":"a0D0b00000ki7GtEAI","Object__r":{"Name":"Opportunity","Id":"a090b00000YJqLZAA1"},"Record_Type__r":{"Name":"OpportunityRT1","Id":"a0C0b00000WVTZ4EAP"},"Profile__r":{"Name":"System Administrator","Id":"a0B0b00000OS30xEAD"}}|0x3788ffbf
06:06:05.2 (34064364)|STATEMENT_EXECUTE|[52]
06:06:05.2 (34109040)|STATEMENT_EXECUTE|[53]
06:06:05.2 (34111002)|STATEMENT_EXECUTE|[54]
06:06:05.2 (34119188)|HEAP_ALLOCATE|[EXTERNAL]|Bytes:4
06:06:05.2 (34131716)|HEAP_ALLOCATE|[52]|Bytes:5
06:06:05.2 (34141863)|VARIABLE_ASSIGNMENT|[52]|pl|null|
06:06:05.2 (34146757)|STATEMENT_EXECUTE|[57]
06:06:05.2 (34151043)|METHOD_EXIT|[29]|01p0b000007wJBE|PageLayoutController.getrtWrapLst(List<PageLayout__c>)
06:06:05.2 (34172084)|VARIABLE_ASSIGNMENT|[EXTERNAL]|this|{"profWrapLst":"0x182e8188"}|0x3508be39
06:06:05.2 (34182937)|VARIABLE_ASSIGNMENT|[EXTERNAL]|value|["OpportunityRT1"]|0x37809909
06:06:05.2 (34193496)|VARIABLE_ASSIGNMENT|[62]|this.rtWrapLst|["OpportunityRT1"]|0x3508be39
06:06:05.2 (34201841)|STATEMENT_EXECUTE|[30]
06:06:05.2 (34221157)|VARIABLE_ASSIGNMENT|[EXTERNAL]|this|{"pgLst":"0x792c834d","pgMap":"0x669a5ef5","proRtMap":"0x3262f0f9"}|0xa9ed9d
06:06:05.2 (34236147)|HEAP_ALLOCATE|[EXTERNAL]|Bytes:-4
06:06:05.2 (34248014)|HEAP_ALLOCATE|[26]|Bytes:5
06:06:05.2 (34258074)|VARIABLE_SCOPE_BEGIN|[26]|objName|String|false|false
06:06:05.2 (34268475)|VARIABLE_ASSIGNMENT|[26]|objName|"Contact"
06:06:05.2 (34272986)|STATEMENT_EXECUTE|[26]
06:06:05.2 (34274469)|STATEMENT_EXECUTE|[27]
06:06:05.2 (34278309)|HEAP_ALLOCATE|[27]|Bytes:12
06:06:05.2 (34284186)|CONSTRUCTOR_ENTRY|[27]|01p0b000007wJBE|<init>()|PageLayoutController.ProfRTType
06:06:05.2 (34290671)|VARIABLE_SCOPE_BEGIN|[60]|this|PageLayoutController.ProfRTType|true|false
06:06:05.2 (34302899)|VARIABLE_ASSIGNMENT|[60]|this|{}|0x2235aa13
06:06:05.2 (34317155)|STATEMENT_EXECUTE|[60]
06:06:05.2 (34318863)|STATEMENT_EXECUTE|[61]
06:06:05.2 (34320211)|STATEMENT_EXECUTE|[62]
06:06:05.2 (34323599)|CONSTRUCTOR_EXIT|[27]|01p0b000007wJBE|<init>()|PageLayoutController.ProfRTType
06:06:05.2 (34329562)|VARIABLE_SCOPE_BEGIN|[27]|prt|PageLayoutController.ProfRTType|true|false
06:06:05.2 (34341955)|VARIABLE_ASSIGNMENT|[27]|prt|{}|0x2235aa13
06:06:05.2 (34346799)|STATEMENT_EXECUTE|[28]
06:06:05.2 (34372575)|METHOD_ENTRY|[28]|01p0b000007wJBE|PageLayoutController.getprofWrapLst(List<PageLayout__c>)
06:06:05.2 (34378641)|VARIABLE_SCOPE_BEGIN|[34]|this|PageLayoutController|true|false
06:06:05.2 (34398815)|VARIABLE_ASSIGNMENT|[34]|this|{"pgLst":"0x792c834d","pgMap":"0x669a5ef5","proRtMap":"0x3262f0f9"}|0xa9ed9d
06:06:05.2 (34405111)|VARIABLE_SCOPE_BEGIN|[34]|plLst|List<PageLayout__c>|true|false
06:06:05.2 (34466307)|VARIABLE_ASSIGNMENT|[34]|plLst|[{"Name":"ContactPG2","Object__c":"a090b00000YJqXlAAL","Record_Type__c":"a0C0b00000WVTYzEAP","Profile__c":"a0B0b00000OS30xEAD","Id":"a0D0b00000ki7GeEAI","Object__r":{"Name":"Contact","Id":"a090b00000YJqXlAAL"},"Record_Type__r":{"Name":"ContactRT2","Id":"a0C0b00000WVTYzEAP"},"Profile__r":{"Name":"System Administrator","Id":"a0B0b00000OS30xEAD"}},{"Name":"ContactPG1","Object__c":"a090b00000YJqXlAAL","Record_Type__c":"a0C0b00000WVTYuEAP","Profile__c":"a0B0b00000OS30xEAD","Id":"a0D0b00000ki7GjEAI","Object__r":{"Name":"Contact","Id":"a090b00000YJqXlAAL"},"Record_Type__r":{"Name":"ContactRT1","Id":"a0C0b00000WVTYuEAP"},"Profile__r":{"Name":"System Administrator","Id":"a0B0b00000OS30xEAD"}},{"Name":"ContactPG1","Object__c":"a090b00000YJqXlAAL","Record_Type__c":"a0C0b00000WVTYuEAP","Profile__c":"a0B0b00000OS31gEAD","Id":"a0D0b00000ki7GoEAI","Object__r":{"Name":"Contact","Id":"a090b00000YJqXlAAL"},"Record_Type__r":{"Name":"ContactRT1","Id":"a0C0b00000WVTYuEAP"},"Profile__r":{"Name":"Installer","Id":"a0B0b00000OS31gEAD"}}]|0x51b8fe5e
06:06:05.2 (34482479)|STATEMENT_EXECUTE|[34]
06:06:05.2 (34484088)|STATEMENT_EXECUTE|[35]
06:06:05.2 (34490776)|HEAP_ALLOCATE|[35]|Bytes:4
06:06:05.2 (34501445)|VARIABLE_SCOPE_BEGIN|[35]|pwList|List<PageLayoutController.ProfileWrapper>|true|false
06:06:05.2 (34515614)|HEAP_ALLOCATE|[EXTERNAL]|Bytes:4
06:06:05.2 (34522264)|VARIABLE_ASSIGNMENT|[35]|pwList|[]|0x36beaa40
06:06:05.2 (34527311)|STATEMENT_EXECUTE|[36]
06:06:05.2 (34532055)|HEAP_ALLOCATE|[36]|Bytes:4
06:06:05.2 (34541350)|VARIABLE_SCOPE_BEGIN|[36]|pfNames|List<String>|true|false
06:06:05.2 (34556408)|HEAP_ALLOCATE|[EXTERNAL]|Bytes:4
06:06:05.2 (34563119)|VARIABLE_ASSIGNMENT|[36]|pfNames|[]|0x1e51c297
06:06:05.2 (34582103)|HEAP_ALLOCATE|[37]|Bytes:5
06:06:05.2 (34593169)|HEAP_ALLOCATE|[37]|Bytes:36
06:06:05.2 (34599452)|VARIABLE_SCOPE_BEGIN|[37]|pl|PageLayout__c|true|false
06:06:05.2 (34626432)|VARIABLE_ASSIGNMENT|[37]|pl|{"Name":"ContactPG2","Object__c":"a090b00000YJqXlAAL","Record_Type__c":"a0C0b00000WVTYzEAP","Profile__c":"a0B0b00000OS30xEAD","Id":"a0D0b00000ki7GeEAI","Object__r":{"Name":"Contact","Id":"a090b00000YJqXlAAL"},"Record_Type__r":{"Name":"ContactRT2","Id":"a0C0b00000WVTYzEAP"},"Profile__r":{"Name":"System Administrator","Id":"a0B0b00000OS30xEAD"}}|0x2ddb2f67
06:06:05.2 (34634629)|STATEMENT_EXECUTE|[37]
06:06:05.2 (34649309)|STATEMENT_EXECUTE|[38]
06:06:05.2 (34650949)|STATEMENT_EXECUTE|[39]
06:06:05.2 (34657121)|HEAP_ALLOCATE|[EXTERNAL]|Bytes:4
06:06:05.2 (34663196)|STATEMENT_EXECUTE|[40]
06:06:05.2 (34666789)|HEAP_ALLOCATE|[40]|Bytes:16
06:06:05.2 (34672099)|CONSTRUCTOR_ENTRY|[40]|01p0b000007wJBE|<init>()|PageLayoutController.ProfileWrapper
06:06:05.2 (34678821)|VARIABLE_SCOPE_BEGIN|[65]|this|PageLayoutController.ProfileWrapper|true|false
06:06:05.2 (34693884)|VARIABLE_ASSIGNMENT|[65]|this|{}|0x2d2a4885
06:06:05.2 (34707981)|STATEMENT_EXECUTE|[65]
06:06:05.2 (34709517)|STATEMENT_EXECUTE|[66]
06:06:05.2 (34710867)|STATEMENT_EXECUTE|[67]
06:06:05.2 (34712217)|STATEMENT_EXECUTE|[68]
06:06:05.2 (34715523)|CONSTRUCTOR_EXIT|[40]|01p0b000007wJBE|<init>()|PageLayoutController.ProfileWrapper
06:06:05.2 (34721912)|VARIABLE_SCOPE_BEGIN|[40]|pw|PageLayoutController.ProfileWrapper|true|false
06:06:05.2 (34734642)|VARIABLE_ASSIGNMENT|[40]|pw|{}|0x2d2a4885
06:06:05.2 (34740292)|STATEMENT_EXECUTE|[41]
06:06:05.2 (34757609)|VARIABLE_ASSIGNMENT|[EXTERNAL]|this|{}|0x2d2a4885
06:06:05.2 (34767671)|VARIABLE_ASSIGNMENT|[EXTERNAL]|value|"System Administrator"
06:06:05.2 (34776944)|VARIABLE_ASSIGNMENT|[66]|this.profileName|"System Administrator"|0x2d2a4885
06:06:05.2 (34784987)|STATEMENT_EXECUTE|[42]
06:06:05.2 (34800828)|VARIABLE_ASSIGNMENT|[EXTERNAL]|this|{"profileName":"System Administrator"}|0x2d2a4885
06:06:05.2 (34809493)|VARIABLE_ASSIGNMENT|[EXTERNAL]|value|"ContactPG2"
06:06:05.2 (34817359)|VARIABLE_ASSIGNMENT|[68]|this.selectedPlName|"ContactPG2"|0x2d2a4885
06:06:05.2 (34824846)|STATEMENT_EXECUTE|[43]
06:06:05.2 (34832307)|HEAP_ALLOCATE|[43]|Bytes:4
06:06:05.2 (34870062)|VARIABLE_ASSIGNMENT|[EXTERNAL]|this|{"profileName":"System Administrator","selectedPlName":"ContactPG2"}|0x2d2a4885
06:06:05.2 (34889921)|HEAP_ALLOCATE|[EXTERNAL]|Bytes:16
06:06:05.2 (34967352)|VARIABLE_ASSIGNMENT|[EXTERNAL]|value|"common.apex.runtime.impl.ScalarList@e10da81a"|0x22400a01
06:06:05.2 (35027894)|VARIABLE_ASSIGNMENT|[67]|this.pgNames|"common.apex.runtime.impl.ScalarList@e10da81a"|0x2d2a4885
06:06:05.2 (35040034)|STATEMENT_EXECUTE|[44]
06:06:05.2 (35047569)|HEAP_ALLOCATE|[EXTERNAL]|Bytes:4
06:06:05.2 (35062017)|HEAP_ALLOCATE|[37]|Bytes:5
06:06:05.2 (35074142)|HEAP_ALLOCATE|[37]|Bytes:36
06:06:05.2 (35081048)|VARIABLE_SCOPE_BEGIN|[37]|pl|PageLayout__c|true|false
06:06:05.2 (35110150)|VARIABLE_ASSIGNMENT|[37]|pl|{"Name":"ContactPG1","Object__c":"a090b00000YJqXlAAL","Record_Type__c":"a0C0b00000WVTYuEAP","Profile__c":"a0B0b00000OS30xEAD","Id":"a0D0b00000ki7GjEAI","Object__r":{"Name":"Contact","Id":"a090b00000YJqXlAAL"},"Record_Type__r":{"Name":"ContactRT1","Id":"a0C0b00000WVTYuEAP"},"Profile__r":{"Name":"System Administrator","Id":"a0B0b00000OS30xEAD"}}|0x18855bd8
06:06:05.2 (35119047)|STATEMENT_EXECUTE|[37]
06:06:05.2 (35135563)|STATEMENT_EXECUTE|[38]
06:06:05.2 (35137214)|STATEMENT_EXECUTE|[39]
06:06:05.2 (35143005)|HEAP_ALLOCATE|[EXTERNAL]|Bytes:4
06:06:05.2 (35148909)|STATEMENT_EXECUTE|[40]
06:06:05.2 (35152481)|HEAP_ALLOCATE|[40]|Bytes:16
06:06:05.2 (35157915)|CONSTRUCTOR_ENTRY|[40]|01p0b000007wJBE|<init>()|PageLayoutController.ProfileWrapper
06:06:05.2 (35164025)|VARIABLE_SCOPE_BEGIN|[65]|this|PageLayoutController.ProfileWrapper|true|false
06:06:05.2 (35180991)|VARIABLE_ASSIGNMENT|[65]|this|{}|0x616f58a3
06:06:05.2 (35194694)|STATEMENT_EXECUTE|[65]
06:06:05.2 (35196315)|STATEMENT_EXECUTE|[66]
06:06:05.2 (35197690)|STATEMENT_EXECUTE|[67]
06:06:05.2 (35199024)|STATEMENT_EXECUTE|[68]
06:06:05.2 (35202328)|CONSTRUCTOR_EXIT|[40]|01p0b000007wJBE|<init>()|PageLayoutController.ProfileWrapper
06:06:05.2 (35208316)|VARIABLE_SCOPE_BEGIN|[40]|pw|PageLayoutController.ProfileWrapper|true|false
06:06:05.2 (35221093)|VARIABLE_ASSIGNMENT|[40]|pw|{}|0x616f58a3
06:06:05.2 (35226086)|STATEMENT_EXECUTE|[41]
06:06:05.2 (35243515)|VARIABLE_ASSIGNMENT|[EXTERNAL]|this|{}|0x616f58a3
06:06:05.2 (35253683)|VARIABLE_ASSIGNMENT|[EXTERNAL]|value|"System Administrator"
06:06:05.2 (35262829)|VARIABLE_ASSIGNMENT|[66]|this.profileName|"System Administrator"|0x616f58a3
06:06:05.2 (35270506)|STATEMENT_EXECUTE|[42]
06:06:05.2 (35285517)|VARIABLE_ASSIGNMENT|[EXTERNAL]|this|{"profileName":"System Administrator"}|0x616f58a3
06:06:05.2 (35293790)|VARIABLE_ASSIGNMENT|[EXTERNAL]|value|"ContactPG1"
06:06:05.2 (35301407)|VARIABLE_ASSIGNMENT|[68]|this.selectedPlName|"ContactPG1"|0x616f58a3
06:06:05.2 (35308122)|STATEMENT_EXECUTE|[43]
06:06:05.2 (35315836)|HEAP_ALLOCATE|[43]|Bytes:4
06:06:05.2 (35352140)|VARIABLE_ASSIGNMENT|[EXTERNAL]|this|{"profileName":"System Administrator","selectedPlName":"ContactPG1"}|0x616f58a3
06:06:05.2 (35371047)|HEAP_ALLOCATE|[EXTERNAL]|Bytes:16
06:06:05.2 (35436871)|VARIABLE_ASSIGNMENT|[EXTERNAL]|value|"common.apex.runtime.impl.ScalarList@e10d2ffa"|0x713a6b63
06:06:05.2 (35498040)|VARIABLE_ASSIGNMENT|[67]|this.pgNames|"common.apex.runtime.impl.ScalarList@e10d2ffa"|0x616f58a3
06:06:05.2 (35509049)|STATEMENT_EXECUTE|[44]
06:06:05.2 (35516322)|HEAP_ALLOCATE|[EXTERNAL]|Bytes:4
06:06:05.2 (35530123)|HEAP_ALLOCATE|[37]|Bytes:5
06:06:05.2 (35541334)|HEAP_ALLOCATE|[37]|Bytes:36
06:06:05.2 (35548101)|VARIABLE_SCOPE_BEGIN|[37]|pl|PageLayout__c|true|false
06:06:05.2 (35576730)|VARIABLE_ASSIGNMENT|[37]|pl|{"Name":"ContactPG1","Object__c":"a090b00000YJqXlAAL","Record_Type__c":"a0C0b00000WVTYuEAP","Profile__c":"a0B0b00000OS31gEAD","Id":"a0D0b00000ki7GoEAI","Object__r":{"Name":"Contact","Id":"a090b00000YJqXlAAL"},"Record_Type__r":{"Name":"ContactRT1","Id":"a0C0b00000WVTYuEAP"},"Profile__r":{"Name":"Installer","Id":"a0B0b00000OS31gEAD"}}|0x1a80055
06:06:05.2 (35585506)|STATEMENT_EXECUTE|[37]
06:06:05.2 (35601069)|STATEMENT_EXECUTE|[38]
06:06:05.2 (35608773)|HEAP_ALLOCATE|[37]|Bytes:5
06:06:05.2 (35619350)|VARIABLE_ASSIGNMENT|[37]|pl|null|
06:06:05.2 (35623853)|STATEMENT_EXECUTE|[47]
06:06:05.2 (35628392)|METHOD_EXIT|[28]|01p0b000007wJBE|PageLayoutController.getprofWrapLst(List<PageLayout__c>)
06:06:05.2 (35646622)|VARIABLE_ASSIGNMENT|[EXTERNAL]|this|{}|0x2235aa13
06:06:05.2 (35674082)|VARIABLE_ASSIGNMENT|[EXTERNAL]|value|[{"pgNames":"0x22400a01","profileName":"System Administrator","selectedPlName":"ContactPG2"},{"pgNames":"0x713a6b63","profileName":"System Administrator","selectedPlName":"ContactPG1"}]|0x36beaa40
06:06:05.2 (35725286)|VARIABLE_ASSIGNMENT|[61]|this.profWrapLst|[{"pgNames":"0x22400a01","profileName":"System Administrator","selectedPlName":"ContactPG2"},{"pgNames":"0x713a6b63","profileName":"System Administrator","selectedPlName":"ContactPG1"}]|0x2235aa13
06:06:05.2 (35742872)|STATEMENT_EXECUTE|[29]
06:06:05.2 (35780050)|METHOD_ENTRY|[29]|01p0b000007wJBE|PageLayoutController.getrtWrapLst(List<PageLayout__c>)
06:06:05.2 (35790634)|VARIABLE_SCOPE_BEGIN|[50]|this|PageLayoutController|true|false
06:06:05.2 (35823001)|VARIABLE_ASSIGNMENT|[50]|this|{"pgLst":"0x792c834d","pgMap":"0x669a5ef5","proRtMap":"0x3262f0f9"}|0xa9ed9d
06:06:05.2 (35830707)|VARIABLE_SCOPE_BEGIN|[50]|plLst|List<PageLayout__c>|true|false
06:06:05.2 (35906732)|VARIABLE_ASSIGNMENT|[50]|plLst|[{"Name":"ContactPG2","Object__c":"a090b00000YJqXlAAL","Record_Type__c":"a0C0b00000WVTYzEAP","Profile__c":"a0B0b00000OS30xEAD","Id":"a0D0b00000ki7GeEAI","Object__r":{"Name":"Contact","Id":"a090b00000YJqXlAAL"},"Record_Type__r":{"Name":"ContactRT2","Id":"a0C0b00000WVTYzEAP"},"Profile__r":{"Name":"System Administrator","Id":"a0B0b00000OS30xEAD"}},{"Name":"ContactPG1","Object__c":"a090b00000YJqXlAAL","Record_Type__c":"a0C0b00000WVTYuEAP","Profile__c":"a0B0b00000OS30xEAD","Id":"a0D0b00000ki7GjEAI","Object__r":{"Name":"Contact","Id":"a090b00000YJqXlAAL"},"Record_Type__r":{"Name":"ContactRT1","Id":"a0C0b00000WVTYuEAP"},"Profile__r":{"Name":"System Administrator","Id":"a0B0b00000OS30xEAD"}},{"Name":"ContactPG1","Object__c":"a090b00000YJqXlAAL","Record_Type__c":"a0C0b00000WVTYuEAP","Profile__c":"a0B0b00000OS31gEAD","Id":"a0D0b00000ki7GoEAI","Object__r":{"Name":"Contact","Id":"a090b00000YJqXlAAL"},"Record_Type__r":{"Name":"ContactRT1","Id":"a0C0b00000WVTYuEAP"},"Profile__r":{"Name":"Installer","Id":"a0B0b00000OS31gEAD"}}]|0x51b8fe5e
06:06:05.2 (35933586)|STATEMENT_EXECUTE|[50]
06:06:05.2 (35935970)|STATEMENT_EXECUTE|[51]
06:06:05.2 (35955504)|HEAP_ALLOCATE|[51]|Bytes:4
06:06:05.2 (35975628)|VARIABLE_SCOPE_BEGIN|[51]|rtTypeName|List<String>|true|false
06:06:05.2 (36001226)|HEAP_ALLOCATE|[EXTERNAL]|Bytes:4
06:06:05.2 (36028956)|VARIABLE_ASSIGNMENT|[51]|rtTypeName|[]|0xeab6ba1
06:06:05.2 (36069756)|HEAP_ALLOCATE|[52]|Bytes:5
06:06:05.2 (36087140)|HEAP_ALLOCATE|[52]|Bytes:36
06:06:05.2 (36096227)|VARIABLE_SCOPE_BEGIN|[52]|pl|PageLayout__c|true|false
06:06:05.2 (36134397)|VARIABLE_ASSIGNMENT|[52]|pl|{"Name":"ContactPG2","Object__c":"a090b00000YJqXlAAL","Record_Type__c":"a0C0b00000WVTYzEAP","Profile__c":"a0B0b00000OS30xEAD","Id":"a0D0b00000ki7GeEAI","Object__r":{"Name":"Contact","Id":"a090b00000YJqXlAAL"},"Record_Type__r":{"Name":"ContactRT2","Id":"a0C0b00000WVTYzEAP"},"Profile__r":{"Name":"System Administrator","Id":"a0B0b00000OS30xEAD"}}|0x2ddb2f67
06:06:05.2 (36146932)|STATEMENT_EXECUTE|[52]
06:06:05.2 (36206689)|STATEMENT_EXECUTE|[53]
06:06:05.2 (36209615)|STATEMENT_EXECUTE|[54]
06:06:05.2 (36221868)|HEAP_ALLOCATE|[EXTERNAL]|Bytes:4
06:06:05.2 (36238087)|HEAP_ALLOCATE|[52]|Bytes:5
06:06:05.2 (36248688)|HEAP_ALLOCATE|[52]|Bytes:36
06:06:05.2 (36254555)|VARIABLE_SCOPE_BEGIN|[52]|pl|PageLayout__c|true|false
06:06:05.2 (36282667)|VARIABLE_ASSIGNMENT|[52]|pl|{"Name":"ContactPG1","Object__c":"a090b00000YJqXlAAL","Record_Type__c":"a0C0b00000WVTYuEAP","Profile__c":"a0B0b00000OS30xEAD","Id":"a0D0b00000ki7GjEAI","Object__r":{"Name":"Contact","Id":"a090b00000YJqXlAAL"},"Record_Type__r":{"Name":"ContactRT1","Id":"a0C0b00000WVTYuEAP"},"Profile__r":{"Name":"System Administrator","Id":"a0B0b00000OS30xEAD"}}|0x18855bd8
06:06:05.2 (36290867)|STATEMENT_EXECUTE|[52]
06:06:05.2 (36323310)|STATEMENT_EXECUTE|[53]
06:06:05.2 (36325187)|STATEMENT_EXECUTE|[54]
06:06:05.2 (36332688)|HEAP_ALLOCATE|[EXTERNAL]|Bytes:4
06:06:05.2 (36344673)|HEAP_ALLOCATE|[52]|Bytes:5
06:06:05.2 (36353217)|HEAP_ALLOCATE|[52]|Bytes:36
06:06:05.2 (36358181)|VARIABLE_SCOPE_BEGIN|[52]|pl|PageLayout__c|true|false
06:06:05.2 (36385190)|VARIABLE_ASSIGNMENT|[52]|pl|{"Name":"ContactPG1","Object__c":"a090b00000YJqXlAAL","Record_Type__c":"a0C0b00000WVTYuEAP","Profile__c":"a0B0b00000OS31gEAD","Id":"a0D0b00000ki7GoEAI","Object__r":{"Name":"Contact","Id":"a090b00000YJqXlAAL"},"Record_Type__r":{"Name":"ContactRT1","Id":"a0C0b00000WVTYuEAP"},"Profile__r":{"Name":"Installer","Id":"a0B0b00000OS31gEAD"}}|0x1a80055
06:06:05.2 (36394011)|STATEMENT_EXECUTE|[52]
06:06:05.2 (36407637)|STATEMENT_EXECUTE|[53]
06:06:05.2 (36414464)|HEAP_ALLOCATE|[52]|Bytes:5
06:06:05.2 (36424713)|VARIABLE_ASSIGNMENT|[52]|pl|null|
06:06:05.2 (36429452)|STATEMENT_EXECUTE|[57]
06:06:05.2 (36434448)|METHOD_EXIT|[29]|01p0b000007wJBE|PageLayoutController.getrtWrapLst(List<PageLayout__c>)
06:06:05.2 (36457831)|VARIABLE_ASSIGNMENT|[EXTERNAL]|this|{"profWrapLst":"0x36beaa40"}|0x2235aa13
06:06:05.2 (36469383)|VARIABLE_ASSIGNMENT|[EXTERNAL]|value|["ContactRT2","ContactRT1"]|0xeab6ba1
06:06:05.2 (36480972)|VARIABLE_ASSIGNMENT|[62]|this.rtWrapLst|["ContactRT2","ContactRT1"]|0x2235aa13
06:06:05.2 (36489221)|STATEMENT_EXECUTE|[30]
06:06:05.2 (36510060)|VARIABLE_ASSIGNMENT|[EXTERNAL]|this|{"pgLst":"0x792c834d","pgMap":"0x669a5ef5","proRtMap":"0x3262f0f9"}|0xa9ed9d
06:06:05.2 (36526251)|HEAP_ALLOCATE|[EXTERNAL]|Bytes:-4
06:06:05.2 (36539496)|HEAP_ALLOCATE|[26]|Bytes:5
06:06:05.2 (36549716)|VARIABLE_ASSIGNMENT|[26]|objName|null
06:06:05.2 (36557639)|METHOD_EXIT|[21]|01p0b000007wJBE|PageLayoutController.initproRtMap()
06:06:05.2 (36588795)|VF_APEX_CALL_END|PageLayoutController <init>|PageLayoutController
06:06:05.2 (36662061)|VF_APEX_CALL_START|[EXTERNAL]|01p0b000007wJBE|PageLayoutController get(proRtMap)|PageLayoutController
06:06:05.2 (36676701)|SYSTEM_MODE_ENTER|true
06:06:05.2 (36691962)|VF_APEX_CALL_START|[EXTERNAL]|01p0b000007wJBE|proRtMap|PageLayoutController
06:06:05.2 (36706464)|VF_APEX_CALL_END|proRtMap|PageLayoutController
06:06:05.2 (36721556)|VF_APEX_CALL_END|PageLayoutController get(proRtMap)|PageLayoutController
06:06:05.2 (37442911)|VF_EVALUATE_FORMULA_BEGIN|0660b000002BGtP|#{proRtMap[objName].profWrapLst}
06:06:05.2 (37507152)|VF_APEX_CALL_START|[EXTERNAL]|01p0b000007wJBE|profWrapLst|PageLayoutController.ProfRTType
06:06:05.2 (37524648)|VF_APEX_CALL_END|profWrapLst|PageLayoutController.ProfRTType
06:06:05.2 (37551604)|VF_EVALUATE_FORMULA_END
06:06:05.2 (37576891)|VF_EVALUATE_FORMULA_BEGIN|0660b000002BGtP|#{proRtMap[objName].profWrapLst}
06:06:05.2 (37605149)|VF_EVALUATE_FORMULA_END
06:06:05.2 (37611310)|VF_EVALUATE_FORMULA_BEGIN|0660b000002BGtP|#{proRtMap[objName].profWrapLst}
06:06:05.2 (37631256)|VF_EVALUATE_FORMULA_END
06:06:05.2 (37649425)|VF_EVALUATE_FORMULA_BEGIN|0660b000002BGtP|#{proRtMap[objName].rtWrapLst}
06:06:05.2 (37681500)|VF_APEX_CALL_START|[EXTERNAL]|01p0b000007wJBE|rtWrapLst|PageLayoutController.ProfRTType
06:06:05.2 (37695385)|VF_APEX_CALL_END|rtWrapLst|PageLayoutController.ProfRTType
06:06:05.2 (37715620)|VF_EVALUATE_FORMULA_END
06:06:05.2 (37726161)|VF_EVALUATE_FORMULA_BEGIN|0660b000002BGtP|#{proRtMap[objName].rtWrapLst}
06:06:05.2 (37757163)|VF_EVALUATE_FORMULA_END
06:06:05.2 (37845842)|VF_EVALUATE_FORMULA_BEGIN|0660b000002BGtP|#{proRtMap[objName].rtWrapLst}
06:06:05.2 (37887642)|VF_EVALUATE_FORMULA_END
06:06:05.2 (37894299)|VF_EVALUATE_FORMULA_BEGIN|0660b000002BGtP|#{proRtMap[objName].rtWrapLst}
06:06:05.2 (37915463)|VF_EVALUATE_FORMULA_END
06:06:05.2 (37978689)|VF_EVALUATE_FORMULA_BEGIN|0660b000002BGtP|#{proRtMap[objName].profWrapLst}
06:06:05.2 (38004992)|VF_EVALUATE_FORMULA_END
06:06:05.2 (38011292)|VF_EVALUATE_FORMULA_BEGIN|0660b000002BGtP|#{proRtMap[objName].profWrapLst}
06:06:05.2 (38030750)|VF_EVALUATE_FORMULA_END
06:06:05.2 (38047508)|VF_EVALUATE_FORMULA_BEGIN|0660b000002BGtP|#{proRtMap[objName].rtWrapLst}
06:06:05.2 (38069663)|VF_EVALUATE_FORMULA_END
06:06:05.2 (38074802)|VF_EVALUATE_FORMULA_BEGIN|0660b000002BGtP|#{proRtMap[objName].rtWrapLst}
06:06:05.2 (38093887)|VF_EVALUATE_FORMULA_END
06:06:05.2 (38144045)|VF_EVALUATE_FORMULA_BEGIN|0660b000002BGtP|#{proRtMap[objName].rtWrapLst}
06:06:05.2 (38168450)|VF_EVALUATE_FORMULA_END
06:06:05.2 (38173543)|VF_EVALUATE_FORMULA_BEGIN|0660b000002BGtP|#{proRtMap[objName].rtWrapLst}
06:06:05.2 (38193012)|VF_EVALUATE_FORMULA_END
06:06:05.2 (38255117)|VF_EVALUATE_FORMULA_BEGIN|0660b000002BGtP|#{proRtMap[objName].rtWrapLst}
06:06:05.2 (38280178)|VF_EVALUATE_FORMULA_END
06:06:05.2 (38298663)|VF_EVALUATE_FORMULA_BEGIN|0660b000002BGtP|#{proRtMap[objName].rtWrapLst}
06:06:05.2 (38321480)|VF_EVALUATE_FORMULA_END
06:06:05.2 (38326555)|VF_EVALUATE_FORMULA_BEGIN|0660b000002BGtP|#{proRtMap[objName].rtWrapLst}
06:06:05.2 (38345903)|VF_EVALUATE_FORMULA_END
06:06:05.2 (38445810)|VF_EVALUATE_FORMULA_BEGIN|0660b000002BGtP|#{proRtMap[objName].rtWrapLst}
06:06:05.2 (38470609)|VF_EVALUATE_FORMULA_END
06:06:05.2 (38475884)|VF_EVALUATE_FORMULA_BEGIN|0660b000002BGtP|#{proRtMap[objName].rtWrapLst}
06:06:05.2 (38495303)|VF_EVALUATE_FORMULA_END
06:06:05.2 (38544585)|VF_EVALUATE_FORMULA_BEGIN|0660b000002BGtP|#{proRtMap[objName].rtWrapLst}
06:06:05.2 (38568000)|VF_EVALUATE_FORMULA_END
06:06:05.2 (38573120)|VF_EVALUATE_FORMULA_BEGIN|0660b000002BGtP|#{proRtMap[objName].rtWrapLst}
06:06:05.2 (38592036)|VF_EVALUATE_FORMULA_END
06:06:05.2 (38641137)|VF_EVALUATE_FORMULA_BEGIN|0660b000002BGtP|#{proRtMap[objName].rtWrapLst}
06:06:05.2 (38665418)|VF_EVALUATE_FORMULA_END
06:06:05.2 (38682742)|VF_EVALUATE_FORMULA_BEGIN|0660b000002BGtP|#{proRtMap[objName].rtWrapLst}
06:06:05.2 (38705254)|VF_EVALUATE_FORMULA_END
06:06:05.2 (38710356)|VF_EVALUATE_FORMULA_BEGIN|0660b000002BGtP|#{proRtMap[objName].rtWrapLst}
06:06:05.2 (38729473)|VF_EVALUATE_FORMULA_END
06:06:05.2 (38794747)|VF_EVALUATE_FORMULA_BEGIN|0660b000002BGtP|#{proRtMap[objName].rtWrapLst}
06:06:05.2 (38823267)|VF_EVALUATE_FORMULA_END
06:06:05.2 (38828733)|VF_EVALUATE_FORMULA_BEGIN|0660b000002BGtP|#{proRtMap[objName].rtWrapLst}
06:06:05.2 (38847812)|VF_EVALUATE_FORMULA_END
06:06:05.2 (38915244)|VF_EVALUATE_FORMULA_BEGIN|0660b000002BGtP|#{proRtMap[objName].rtWrapLst}
06:06:05.2 (38941029)|VF_EVALUATE_FORMULA_END
06:06:05.2 (38951065)|VF_EVALUATE_FORMULA_BEGIN|0660b000002BGtP|#{proRtMap[objName].rtWrapLst}
06:06:05.2 (38971732)|VF_EVALUATE_FORMULA_END
06:06:05.2 (39035058)|VF_EVALUATE_FORMULA_BEGIN|0660b000002BGtP|#{proRtMap[objName].profWrapLst}
06:06:05.2 (39072527)|VF_APEX_CALL_START|[EXTERNAL]|01p0b000007wJBE|profWrapLst|PageLayoutController.ProfRTType
06:06:05.2 (39091449)|VF_APEX_CALL_END|profWrapLst|PageLayoutController.ProfRTType
06:06:05.2 (39114000)|VF_EVALUATE_FORMULA_END
06:06:05.2 (39130459)|VF_EVALUATE_FORMULA_BEGIN|0660b000002BGtP|#{proRtMap[objName].profWrapLst}
06:06:05.2 (39153881)|VF_EVALUATE_FORMULA_END
06:06:05.2 (39159072)|VF_EVALUATE_FORMULA_BEGIN|0660b000002BGtP|#{proRtMap[objName].profWrapLst}
06:06:05.2 (39177773)|VF_EVALUATE_FORMULA_END
06:06:05.2 (39188726)|VF_EVALUATE_FORMULA_BEGIN|0660b000002BGtP|#{proRtMap[objName].rtWrapLst}
06:06:05.2 (39219281)|VF_APEX_CALL_START|[EXTERNAL]|01p0b000007wJBE|rtWrapLst|PageLayoutController.ProfRTType
06:06:05.2 (39232238)|VF_APEX_CALL_END|rtWrapLst|PageLayoutController.ProfRTType
06:06:05.2 (39249732)|VF_EVALUATE_FORMULA_END
06:06:05.2 (39255674)|VF_EVALUATE_FORMULA_BEGIN|0660b000002BGtP|#{proRtMap[objName].rtWrapLst}
06:06:05.2 (39277529)|VF_EVALUATE_FORMULA_END
06:06:05.2 (39328624)|VF_EVALUATE_FORMULA_BEGIN|0660b000002BGtP|#{proRtMap[objName].rtWrapLst}
06:06:05.2 (39352532)|VF_EVALUATE_FORMULA_END
06:06:05.2 (39357701)|VF_EVALUATE_FORMULA_BEGIN|0660b000002BGtP|#{proRtMap[objName].rtWrapLst}
06:06:05.2 (39377280)|VF_EVALUATE_FORMULA_END
06:06:05.2 (39422445)|VF_EVALUATE_FORMULA_BEGIN|0660b000002BGtP|#{proRtMap[objName].profWrapLst}
06:06:05.2 (39446650)|VF_EVALUATE_FORMULA_END
06:06:05.2 (39452098)|VF_EVALUATE_FORMULA_BEGIN|0660b000002BGtP|#{proRtMap[objName].profWrapLst}
06:06:05.2 (39471533)|VF_EVALUATE_FORMULA_END
06:06:05.2 (39485123)|VF_EVALUATE_FORMULA_BEGIN|0660b000002BGtP|#{proRtMap[objName].rtWrapLst}
06:06:05.2 (39506254)|VF_EVALUATE_FORMULA_END
06:06:05.2 (39511114)|VF_EVALUATE_FORMULA_BEGIN|0660b000002BGtP|#{proRtMap[objName].rtWrapLst}
06:06:05.2 (39529606)|VF_EVALUATE_FORMULA_END
06:06:05.2 (39574983)|VF_EVALUATE_FORMULA_BEGIN|0660b000002BGtP|#{proRtMap[objName].rtWrapLst}
06:06:05.2 (39599015)|VF_EVALUATE_FORMULA_END
06:06:05.2 (39604040)|VF_EVALUATE_FORMULA_BEGIN|0660b000002BGtP|#{proRtMap[objName].rtWrapLst}
06:06:05.2 (39623200)|VF_EVALUATE_FORMULA_END
06:06:05.2 (39672760)|VF_EVALUATE_FORMULA_BEGIN|0660b000002BGtP|#{proRtMap[objName].rtWrapLst}
06:06:05.2 (39697200)|VF_EVALUATE_FORMULA_END
06:06:05.2 (39714998)|VF_EVALUATE_FORMULA_BEGIN|0660b000002BGtP|#{proRtMap[objName].rtWrapLst}
06:06:05.2 (39749064)|VF_EVALUATE_FORMULA_END
06:06:05.2 (39756192)|VF_EVALUATE_FORMULA_BEGIN|0660b000002BGtP|#{proRtMap[objName].rtWrapLst}
06:06:05.2 (39775918)|VF_EVALUATE_FORMULA_END
06:06:05.2 (39848200)|VF_EVALUATE_FORMULA_BEGIN|0660b000002BGtP|#{proRtMap[objName].rtWrapLst}
06:06:05.2 (39872323)|VF_EVALUATE_FORMULA_END
06:06:05.2 (39877578)|VF_EVALUATE_FORMULA_BEGIN|0660b000002BGtP|#{proRtMap[objName].rtWrapLst}
06:06:05.2 (39897154)|VF_EVALUATE_FORMULA_END
06:06:05.2 (39948652)|VF_EVALUATE_FORMULA_BEGIN|0660b000002BGtP|#{proRtMap[objName].rtWrapLst}
06:06:05.2 (39972781)|VF_EVALUATE_FORMULA_END
06:06:05.2 (39978027)|VF_EVALUATE_FORMULA_BEGIN|0660b000002BGtP|#{proRtMap[objName].rtWrapLst}
06:06:05.2 (39997076)|VF_EVALUATE_FORMULA_END
06:06:05.2 (40046410)|VF_EVALUATE_FORMULA_BEGIN|0660b000002BGtP|#{proRtMap[objName].rtWrapLst}
06:06:05.2 (40070975)|VF_EVALUATE_FORMULA_END
06:06:05.2 (40088833)|VF_EVALUATE_FORMULA_BEGIN|0660b000002BGtP|#{proRtMap[objName].rtWrapLst}
06:06:05.2 (40111685)|VF_EVALUATE_FORMULA_END
06:06:05.2 (40116761)|VF_EVALUATE_FORMULA_BEGIN|0660b000002BGtP|#{proRtMap[objName].rtWrapLst}
06:06:05.2 (40135345)|VF_EVALUATE_FORMULA_END
06:06:05.2 (40200403)|VF_EVALUATE_FORMULA_BEGIN|0660b000002BGtP|#{proRtMap[objName].rtWrapLst}
06:06:05.2 (40225015)|VF_EVALUATE_FORMULA_END
06:06:05.2 (40230154)|VF_EVALUATE_FORMULA_BEGIN|0660b000002BGtP|#{proRtMap[objName].rtWrapLst}
06:06:05.2 (40249255)|VF_EVALUATE_FORMULA_END
06:06:05.2 (40296849)|VF_EVALUATE_FORMULA_BEGIN|0660b000002BGtP|#{proRtMap[objName].rtWrapLst}
06:06:05.2 (40320307)|VF_EVALUATE_FORMULA_END
06:06:05.2 (40325519)|VF_EVALUATE_FORMULA_BEGIN|0660b000002BGtP|#{proRtMap[objName].rtWrapLst}
06:06:05.2 (40344571)|VF_EVALUATE_FORMULA_END
06:06:05.2 (40404021)|VF_EVALUATE_FORMULA_BEGIN|0660b000002BGtP|#{proRtMap[objName].profWrapLst}
06:06:05.2 (40445914)|VF_APEX_CALL_START|[EXTERNAL]|01p0b000007wJBE|profWrapLst|PageLayoutController.ProfRTType
06:06:05.2 (40469872)|VF_APEX_CALL_END|profWrapLst|PageLayoutController.ProfRTType
06:06:05.2 (40494222)|VF_EVALUATE_FORMULA_END
06:06:05.2 (40511364)|VF_EVALUATE_FORMULA_BEGIN|0660b000002BGtP|#{proRtMap[objName].profWrapLst}
06:06:05.2 (40543194)|VF_EVALUATE_FORMULA_END
06:06:05.2 (40552288)|VF_EVALUATE_FORMULA_BEGIN|0660b000002BGtP|#{proRtMap[objName].profWrapLst}
06:06:05.2 (40576870)|VF_EVALUATE_FORMULA_END
06:06:05.2 (40589224)|VF_EVALUATE_FORMULA_BEGIN|0660b000002BGtP|#{proRtMap[objName].rtWrapLst}
06:06:05.2 (40616443)|VF_APEX_CALL_START|[EXTERNAL]|01p0b000007wJBE|rtWrapLst|PageLayoutController.ProfRTType
06:06:05.2 (40629360)|VF_APEX_CALL_END|rtWrapLst|PageLayoutController.ProfRTType
06:06:05.2 (40647737)|VF_EVALUATE_FORMULA_END
06:06:05.2 (40653939)|VF_EVALUATE_FORMULA_BEGIN|0660b000002BGtP|#{proRtMap[objName].rtWrapLst}
06:06:05.2 (40676377)|VF_EVALUATE_FORMULA_END
06:06:05.2 (40723863)|VF_EVALUATE_FORMULA_BEGIN|0660b000002BGtP|#{proRtMap[objName].rtWrapLst}
06:06:05.2 (40762094)|VF_EVALUATE_FORMULA_END
06:06:05.2 (40771614)|VF_EVALUATE_FORMULA_BEGIN|0660b000002BGtP|#{proRtMap[objName].rtWrapLst}
06:06:05.2 (40806103)|VF_EVALUATE_FORMULA_END
06:06:05.2 (40858876)|VF_EVALUATE_FORMULA_BEGIN|0660b000002BGtP|#{proRtMap[objName].profWrapLst}
06:06:05.2 (40883584)|VF_EVALUATE_FORMULA_END
06:06:05.2 (40889142)|VF_EVALUATE_FORMULA_BEGIN|0660b000002BGtP|#{proRtMap[objName].profWrapLst}
06:06:05.2 (40908702)|VF_EVALUATE_FORMULA_END
06:06:05.2 (40923568)|VF_EVALUATE_FORMULA_BEGIN|0660b000002BGtP|#{proRtMap[objName].rtWrapLst}
06:06:05.2 (40951094)|VF_EVALUATE_FORMULA_END
06:06:05.2 (40956529)|VF_EVALUATE_FORMULA_BEGIN|0660b000002BGtP|#{proRtMap[objName].rtWrapLst}
06:06:05.2 (40976241)|VF_EVALUATE_FORMULA_END
06:06:05.2 (41012849)|VF_EVALUATE_FORMULA_BEGIN|0660b000002BGtP|#{proRtMap[objName].rtWrapLst}
06:06:05.2 (41037740)|VF_EVALUATE_FORMULA_END
06:06:05.2 (41042951)|VF_EVALUATE_FORMULA_BEGIN|0660b000002BGtP|#{proRtMap[objName].rtWrapLst}
06:06:05.2 (41062854)|VF_EVALUATE_FORMULA_END
06:06:05.2 (41105265)|VF_EVALUATE_FORMULA_BEGIN|0660b000002BGtP|#{proRtMap[objName].rtWrapLst}
06:06:05.2 (41129819)|VF_EVALUATE_FORMULA_END
06:06:05.2 (41148154)|VF_EVALUATE_FORMULA_BEGIN|0660b000002BGtP|#{proRtMap[objName].rtWrapLst}
06:06:05.2 (41171427)|VF_EVALUATE_FORMULA_END
06:06:05.2 (41176369)|VF_EVALUATE_FORMULA_BEGIN|0660b000002BGtP|#{proRtMap[objName].rtWrapLst}
06:06:05.2 (41195181)|VF_EVALUATE_FORMULA_END
06:06:05.2 (41245115)|VF_EVALUATE_FORMULA_BEGIN|0660b000002BGtP|#{proRtMap[objName].rtWrapLst}
06:06:05.2 (41275574)|VF_EVALUATE_FORMULA_END
06:06:05.2 (41281114)|VF_EVALUATE_FORMULA_BEGIN|0660b000002BGtP|#{proRtMap[objName].rtWrapLst}
06:06:05.2 (41300404)|VF_EVALUATE_FORMULA_END
06:06:05.2 (41358592)|VF_EVALUATE_FORMULA_BEGIN|0660b000002BGtP|#{proRtMap[objName].rtWrapLst}
06:06:05.2 (41384358)|VF_EVALUATE_FORMULA_END
06:06:05.2 (41389509)|VF_EVALUATE_FORMULA_BEGIN|0660b000002BGtP|#{proRtMap[objName].rtWrapLst}
06:06:05.2 (41408949)|VF_EVALUATE_FORMULA_END
06:06:05.138 (138576014)|VF_APEX_CALL_START|[EXTERNAL]|/apexpage/pagemessagescomponentcontroller.apex set(conEscape)
06:06:05.138 (138607165)|SYSTEM_MODE_ENTER|true
06:06:05.138 (138625343)|VF_APEX_CALL_START|[EXTERNAL]|PageMessagesComponentController set(conEscape)
06:06:05.138 (138664323)|VF_APEX_CALL_START|[EXTERNAL]|PageMessagesComponentController invoke(setconEscape)
06:06:05.138 (138719565)|HEAP_ALLOCATE|[EXTERNAL]|Bytes:8
06:06:05.138 (138734231)|VARIABLE_SCOPE_BEGIN|[88]|this|ApexPage.PageMessagesComponentController|true|false
06:06:05.138 (138776169)|VARIABLE_ASSIGNMENT|[88]|this|{}|0x42a3176b
06:06:05.138 (138783584)|VARIABLE_SCOPE_BEGIN|[88]|escape|Boolean|false|false
06:06:05.138 (138792254)|VARIABLE_ASSIGNMENT|[88]|escape|null
06:06:05.138 (138964648)|VF_APEX_CALL_START|[EXTERNAL]|/apexpage/pagemessagescomponentcontroller.apex get(severities)
06:06:05.138 (138980384)|SYSTEM_MODE_ENTER|true
06:06:05.138 (138995697)|VF_APEX_CALL_START|[EXTERNAL]|PageMessagesComponentController invoke(getseverities)
06:06:05.138 (139026320)|HEAP_ALLOCATE|[EXTERNAL]|Bytes:8
06:06:05.138 (139034748)|VARIABLE_SCOPE_BEGIN|[2]|this|ApexPage.PageMessagesComponentController|true|false
06:06:05.138 (139055459)|VARIABLE_ASSIGNMENT|[2]|this|{}|0x42a3176b
06:06:05.2 (139671805)|VF_EVALUATE_FORMULA_BEGIN|0660b000002BGtP|#{$ObjectType[objName].Label}
06:06:05.2 (139992370)|VF_EVALUATE_FORMULA_END
06:06:05.2 (140227545)|VF_EVALUATE_FORMULA_BEGIN|0660b000002BGtP|#{proRtMap[objName].profWrapLst}
06:06:05.2 (140276326)|VF_EVALUATE_FORMULA_END
06:06:05.2 (140284337)|VF_EVALUATE_FORMULA_BEGIN|0660b000002BGtP|#{proRtMap[objName].profWrapLst}
06:06:05.2 (140307948)|VF_EVALUATE_FORMULA_END
06:06:05.2 (140327546)|VF_EVALUATE_FORMULA_BEGIN|0660b000002BGtP|#{proRtMap[objName].rtWrapLst}
06:06:05.2 (140353698)|VF_EVALUATE_FORMULA_END
06:06:05.2 (140359071)|VF_EVALUATE_FORMULA_BEGIN|0660b000002BGtP|#{proRtMap[objName].rtWrapLst}
06:06:05.2 (140380269)|VF_EVALUATE_FORMULA_END
06:06:05.2 (140474965)|VF_EVALUATE_FORMULA_BEGIN|0660b000002BGtP|#{proRtMap[objName].rtWrapLst}
06:06:05.2 (140515055)|VF_EVALUATE_FORMULA_END
06:06:05.2 (140524997)|VF_EVALUATE_FORMULA_BEGIN|0660b000002BGtP|#{proRtMap[objName].rtWrapLst}
06:06:05.2 (140565370)|VF_EVALUATE_FORMULA_END
06:06:05.2 (140669597)|VF_EVALUATE_FORMULA_BEGIN|0660b000002BGtP|#{proRtMap[objName].rtWrapLst}
06:06:05.2 (140713485)|VF_EVALUATE_FORMULA_END
06:06:05.2 (140719692)|VF_EVALUATE_FORMULA_BEGIN|0660b000002BGtP|#{proRtMap[objName].rtWrapLst}
06:06:05.2 (140741109)|VF_EVALUATE_FORMULA_END
06:06:05.2 (140801840)|VF_EVALUATE_FORMULA_BEGIN|0660b000002BGtP|#{proRtMap[objName].rtWrapLst}
06:06:05.2 (140842447)|VF_EVALUATE_FORMULA_END
06:06:05.2 (140852982)|VF_EVALUATE_FORMULA_BEGIN|0660b000002BGtP|#{proRtMap[objName].rtWrapLst}
06:06:05.2 (140894110)|VF_EVALUATE_FORMULA_END
06:06:05.2 (140944103)|VF_EVALUATE_FORMULA_BEGIN|0660b000002BGtP|#{proRtMap[objName].rtWrapLst}
06:06:05.2 (140970023)|VF_EVALUATE_FORMULA_END
06:06:05.2 (140975233)|VF_EVALUATE_FORMULA_BEGIN|0660b000002BGtP|#{proRtMap[objName].rtWrapLst}
06:06:05.2 (140995694)|VF_EVALUATE_FORMULA_END
06:06:05.2 (141073015)|VF_EVALUATE_FORMULA_BEGIN|0660b000002BGtP|#{proRtMap[objName].rtWrapLst}
06:06:05.2 (141100992)|VF_EVALUATE_FORMULA_END
06:06:05.2 (141106626)|VF_EVALUATE_FORMULA_BEGIN|0660b000002BGtP|#{proRtMap[objName].rtWrapLst}
06:06:05.2 (141127384)|VF_EVALUATE_FORMULA_END
06:06:05.2 (141221051)|VF_EVALUATE_FORMULA_BEGIN|0660b000002BGtP|#{proRtMap[objName].rtWrapLst}
06:06:05.2 (141247390)|VF_EVALUATE_FORMULA_END
06:06:05.2 (141252983)|VF_EVALUATE_FORMULA_BEGIN|0660b000002BGtP|#{proRtMap[objName].rtWrapLst}
06:06:05.2 (141275728)|VF_EVALUATE_FORMULA_END
06:06:05.2 (141336844)|VF_EVALUATE_FORMULA_BEGIN|0660b000002BGtP|#{proRtMap[objName].rtWrapLst}
06:06:05.2 (141367971)|VF_EVALUATE_FORMULA_END
06:06:05.2 (141373706)|VF_EVALUATE_FORMULA_BEGIN|0660b000002BGtP|#{proRtMap[objName].rtWrapLst}
06:06:05.2 (141393752)|VF_EVALUATE_FORMULA_END
06:06:05.2 (141443614)|VF_EVALUATE_FORMULA_BEGIN|0660b000002BGtP|#{proRtMap[objName].rtWrapLst}
06:06:05.2 (141482553)|VF_EVALUATE_FORMULA_END
06:06:05.2 (141489733)|VF_EVALUATE_FORMULA_BEGIN|0660b000002BGtP|#{proRtMap[objName].rtWrapLst}
06:06:05.2 (141511425)|VF_EVALUATE_FORMULA_END
06:06:05.2 (141565498)|VF_EVALUATE_FORMULA_BEGIN|0660b000002BGtP|#{proRtMap[objName].rtWrapLst}
06:06:05.2 (141590445)|VF_EVALUATE_FORMULA_END
06:06:05.2 (141595844)|VF_EVALUATE_FORMULA_BEGIN|0660b000002BGtP|#{proRtMap[objName].rtWrapLst}
06:06:05.2 (141615449)|VF_EVALUATE_FORMULA_END
06:06:05.2 (141685807)|VF_EVALUATE_FORMULA_BEGIN|0660b000002BGtP|#{proRtMap[objName].rtWrapLst}
06:06:05.2 (141712603)|VF_EVALUATE_FORMULA_END
06:06:05.2 (141718093)|VF_EVALUATE_FORMULA_BEGIN|0660b000002BGtP|#{proRtMap[objName].rtWrapLst}
06:06:05.2 (141737868)|VF_EVALUATE_FORMULA_END
06:06:05.2 (141786379)|VF_EVALUATE_FORMULA_BEGIN|0660b000002BGtP|#{proRtMap[objName].rtWrapLst}
06:06:05.2 (141811638)|VF_EVALUATE_FORMULA_END
06:06:05.2 (141816826)|VF_EVALUATE_FORMULA_BEGIN|0660b000002BGtP|#{proRtMap[objName].rtWrapLst}
06:06:05.2 (141865299)|VF_EVALUATE_FORMULA_END
06:06:05.2 (142026985)|VF_APEX_CALL_START|[EXTERNAL]|01p0b000007wJBE|profileName|PageLayoutController.ProfileWrapper
06:06:05.2 (142051757)|VF_APEX_CALL_END|profileName|PageLayoutController.ProfileWrapper
06:06:05.2 (142087801)|VF_EVALUATE_FORMULA_BEGIN|0660b000002BGtP|#{proRtMap[objName].rtWrapLst}
06:06:05.2 (142115406)|VF_EVALUATE_FORMULA_END
06:06:05.2 (142121174)|VF_EVALUATE_FORMULA_BEGIN|0660b000002BGtP|#{proRtMap[objName].rtWrapLst}
06:06:05.2 (142141728)|VF_EVALUATE_FORMULA_END
06:06:05.2 (142253660)|VF_APEX_CALL_START|[EXTERNAL]|01p0b000007wJBE|pgNames|PageLayoutController.ProfileWrapper
06:06:05.2 (142276895)|VF_APEX_CALL_END|pgNames|PageLayoutController.ProfileWrapper
06:06:05.2 (142444037)|VF_APEX_CALL_START|[EXTERNAL]|01p0b000007wJBE|selectedPlName|PageLayoutController.ProfileWrapper
06:06:05.2 (142461284)|VF_APEX_CALL_END|selectedPlName|PageLayoutController.ProfileWrapper
06:06:05.2 (142664108)|VF_EVALUATE_FORMULA_BEGIN|0660b000002BGtP|#{proRtMap[objName].rtWrapLst}
06:06:05.2 (142699111)|VF_EVALUATE_FORMULA_END
06:06:05.2 (142705898)|VF_EVALUATE_FORMULA_BEGIN|0660b000002BGtP|#{proRtMap[objName].rtWrapLst}
06:06:05.2 (142728322)|VF_EVALUATE_FORMULA_END
06:06:05.2 (142779955)|VF_EVALUATE_FORMULA_BEGIN|0660b000002BGtP|#{proRtMap[objName].rtWrapLst}
06:06:05.2 (142805243)|VF_EVALUATE_FORMULA_END
06:06:05.2 (142810460)|VF_EVALUATE_FORMULA_BEGIN|0660b000002BGtP|#{proRtMap[objName].rtWrapLst}
06:06:05.2 (142830554)|VF_EVALUATE_FORMULA_END
06:06:05.2 (142942869)|VF_APEX_CALL_START|[EXTERNAL]|01p0b000007wJBE|profileName|PageLayoutController.ProfileWrapper
06:06:05.2 (142960976)|VF_APEX_CALL_END|profileName|PageLayoutController.ProfileWrapper
06:06:05.2 (142991131)|VF_EVALUATE_FORMULA_BEGIN|0660b000002BGtP|#{proRtMap[objName].rtWrapLst}
06:06:05.2 (143018618)|VF_EVALUATE_FORMULA_END
06:06:05.2 (143025252)|VF_EVALUATE_FORMULA_BEGIN|0660b000002BGtP|#{proRtMap[objName].rtWrapLst}
06:06:05.2 (143045967)|VF_EVALUATE_FORMULA_END
06:06:05.2 (143110466)|VF_APEX_CALL_START|[EXTERNAL]|01p0b000007wJBE|pgNames|PageLayoutController.ProfileWrapper
06:06:05.2 (143126570)|VF_APEX_CALL_END|pgNames|PageLayoutController.ProfileWrapper
06:06:05.2 (143208579)|VF_APEX_CALL_START|[EXTERNAL]|01p0b000007wJBE|selectedPlName|PageLayoutController.ProfileWrapper
06:06:05.2 (143223212)|VF_APEX_CALL_END|selectedPlName|PageLayoutController.ProfileWrapper
06:06:05.2 (143404984)|VF_EVALUATE_FORMULA_BEGIN|0660b000002BGtP|#{proRtMap[objName].rtWrapLst}
06:06:05.2 (143443958)|VF_EVALUATE_FORMULA_END
06:06:05.2 (143453787)|VF_EVALUATE_FORMULA_BEGIN|0660b000002BGtP|#{proRtMap[objName].rtWrapLst}
06:06:05.2 (143487340)|VF_EVALUATE_FORMULA_END
06:06:05.2 (143541404)|VF_EVALUATE_FORMULA_BEGIN|0660b000002BGtP|#{proRtMap[objName].rtWrapLst}
06:06:05.2 (143566728)|VF_EVALUATE_FORMULA_END
06:06:05.2 (143572136)|VF_EVALUATE_FORMULA_BEGIN|0660b000002BGtP|#{proRtMap[objName].rtWrapLst}
06:06:05.2 (143591520)|VF_EVALUATE_FORMULA_END
06:06:05.2 (143759279)|VF_EVALUATE_FORMULA_BEGIN|0660b000002BGtP|#{$ObjectType[objName].Label}
06:06:05.2 (143986076)|VF_EVALUATE_FORMULA_END
06:06:05.2 (144175703)|VF_EVALUATE_FORMULA_BEGIN|0660b000002BGtP|#{proRtMap[objName].profWrapLst}
06:06:05.2 (144217331)|VF_EVALUATE_FORMULA_END
06:06:05.2 (144224851)|VF_EVALUATE_FORMULA_BEGIN|0660b000002BGtP|#{proRtMap[objName].profWrapLst}
06:06:05.2 (144247530)|VF_EVALUATE_FORMULA_END
06:06:05.2 (144261552)|VF_EVALUATE_FORMULA_BEGIN|0660b000002BGtP|#{proRtMap[objName].rtWrapLst}
06:06:05.2 (144287967)|VF_EVALUATE_FORMULA_END
06:06:05.2 (144293517)|VF_EVALUATE_FORMULA_BEGIN|0660b000002BGtP|#{proRtMap[objName].rtWrapLst}
06:06:05.2 (144313513)|VF_EVALUATE_FORMULA_END
06:06:05.2 (144398105)|VF_EVALUATE_FORMULA_BEGIN|0660b000002BGtP|#{proRtMap[objName].rtWrapLst}
06:06:05.2 (144429739)|VF_EVALUATE_FORMULA_END
06:06:05.2 (144435446)|VF_EVALUATE_FORMULA_BEGIN|0660b000002BGtP|#{proRtMap[objName].rtWrapLst}
06:06:05.2 (144455219)|VF_EVALUATE_FORMULA_END
06:06:05.2 (144508278)|VF_EVALUATE_FORMULA_BEGIN|0660b000002BGtP|#{proRtMap[objName].rtWrapLst}
06:06:05.2 (144533094)|VF_EVALUATE_FORMULA_END
06:06:05.2 (144538428)|VF_EVALUATE_FORMULA_BEGIN|0660b000002BGtP|#{proRtMap[objName].rtWrapLst}
06:06:05.2 (144557612)|VF_EVALUATE_FORMULA_END
06:06:05.2 (144606733)|VF_EVALUATE_FORMULA_BEGIN|0660b000002BGtP|#{proRtMap[objName].rtWrapLst}
06:06:05.2 (144632175)|VF_EVALUATE_FORMULA_END
06:06:05.2 (144637627)|VF_EVALUATE_FORMULA_BEGIN|0660b000002BGtP|#{proRtMap[objName].rtWrapLst}
06:06:05.2 (144657276)|VF_EVALUATE_FORMULA_END
06:06:05.2 (144700464)|VF_EVALUATE_FORMULA_BEGIN|0660b000002BGtP|#{proRtMap[objName].rtWrapLst}
06:06:05.2 (144725075)|VF_EVALUATE_FORMULA_END
06:06:05.2 (144730415)|VF_EVALUATE_FORMULA_BEGIN|0660b000002BGtP|#{proRtMap[objName].rtWrapLst}
06:06:05.2 (144749749)|VF_EVALUATE_FORMULA_END
06:06:05.2 (144803658)|VF_EVALUATE_FORMULA_BEGIN|0660b000002BGtP|#{proRtMap[objName].rtWrapLst}
06:06:05.2 (144830596)|VF_EVALUATE_FORMULA_END
06:06:05.2 (144836092)|VF_EVALUATE_FORMULA_BEGIN|0660b000002BGtP|#{proRtMap[objName].rtWrapLst}
06:06:05.2 (144861531)|VF_EVALUATE_FORMULA_END
06:06:05.2 (144951636)|VF_EVALUATE_FORMULA_BEGIN|0660b000002BGtP|#{proRtMap[objName].rtWrapLst}
06:06:05.2 (144976892)|VF_EVALUATE_FORMULA_END
06:06:05.2 (144982290)|VF_EVALUATE_FORMULA_BEGIN|0660b000002BGtP|#{proRtMap[objName].rtWrapLst}
06:06:05.2 (145001210)|VF_EVALUATE_FORMULA_END
06:06:05.2 (145043682)|VF_EVALUATE_FORMULA_BEGIN|0660b000002BGtP|#{proRtMap[objName].rtWrapLst}
06:06:05.2 (145067835)|VF_EVALUATE_FORMULA_END
06:06:05.2 (145073104)|VF_EVALUATE_FORMULA_BEGIN|0660b000002BGtP|#{proRtMap[objName].rtWrapLst}
06:06:05.2 (145092780)|VF_EVALUATE_FORMULA_END
06:06:05.2 (145135606)|VF_EVALUATE_FORMULA_BEGIN|0660b000002BGtP|#{proRtMap[objName].rtWrapLst}
06:06:05.2 (145159757)|VF_EVALUATE_FORMULA_END
06:06:05.2 (145165061)|VF_EVALUATE_FORMULA_BEGIN|0660b000002BGtP|#{proRtMap[objName].rtWrapLst}
06:06:05.2 (145185007)|VF_EVALUATE_FORMULA_END
06:06:05.2 (145230841)|VF_EVALUATE_FORMULA_BEGIN|0660b000002BGtP|#{proRtMap[objName].rtWrapLst}
06:06:05.2 (145254632)|VF_EVALUATE_FORMULA_END
06:06:05.2 (145259831)|VF_EVALUATE_FORMULA_BEGIN|0660b000002BGtP|#{proRtMap[objName].rtWrapLst}
06:06:05.2 (145279316)|VF_EVALUATE_FORMULA_END
06:06:05.2 (145347292)|VF_EVALUATE_FORMULA_BEGIN|0660b000002BGtP|#{proRtMap[objName].rtWrapLst}
06:06:05.2 (145373504)|VF_EVALUATE_FORMULA_END
06:06:05.2 (145379054)|VF_EVALUATE_FORMULA_BEGIN|0660b000002BGtP|#{proRtMap[objName].rtWrapLst}
06:06:05.2 (145398914)|VF_EVALUATE_FORMULA_END
06:06:05.2 (145445344)|VF_EVALUATE_FORMULA_BEGIN|0660b000002BGtP|#{proRtMap[objName].rtWrapLst}
06:06:05.2 (145480425)|VF_EVALUATE_FORMULA_END
06:06:05.2 (145487130)|VF_EVALUATE_FORMULA_BEGIN|0660b000002BGtP|#{proRtMap[objName].rtWrapLst}
06:06:05.2 (145508942)|VF_EVALUATE_FORMULA_END
06:06:05.2 (145623056)|VF_APEX_CALL_START|[EXTERNAL]|01p0b000007wJBE|profileName|PageLayoutController.ProfileWrapper
06:06:05.2 (145647343)|VF_APEX_CALL_END|profileName|PageLayoutController.ProfileWrapper
06:06:05.2 (145681904)|VF_EVALUATE_FORMULA_BEGIN|0660b000002BGtP|#{proRtMap[objName].rtWrapLst}
06:06:05.2 (145723200)|VF_EVALUATE_FORMULA_END
06:06:05.2 (145729895)|VF_EVALUATE_FORMULA_BEGIN|0660b000002BGtP|#{proRtMap[objName].rtWrapLst}
06:06:05.2 (145751750)|VF_EVALUATE_FORMULA_END
06:06:05.2 (145817119)|VF_APEX_CALL_START|[EXTERNAL]|01p0b000007wJBE|pgNames|PageLayoutController.ProfileWrapper
06:06:05.2 (145833807)|VF_APEX_CALL_END|pgNames|PageLayoutController.ProfileWrapper
06:06:05.2 (145935184)|VF_APEX_CALL_START|[EXTERNAL]|01p0b000007wJBE|selectedPlName|PageLayoutController.ProfileWrapper
06:06:05.2 (145950084)|VF_APEX_CALL_END|selectedPlName|PageLayoutController.ProfileWrapper
06:06:05.2 (146212286)|VF_EVALUATE_FORMULA_BEGIN|0660b000002BGtP|#{proRtMap[objName].rtWrapLst}
06:06:05.2 (146249305)|VF_EVALUATE_FORMULA_END
06:06:05.2 (146255677)|VF_EVALUATE_FORMULA_BEGIN|0660b000002BGtP|#{proRtMap[objName].rtWrapLst}
06:06:05.2 (146277512)|VF_EVALUATE_FORMULA_END
06:06:05.2 (146329100)|VF_EVALUATE_FORMULA_BEGIN|0660b000002BGtP|#{proRtMap[objName].rtWrapLst}
06:06:05.2 (146355041)|VF_EVALUATE_FORMULA_END
06:06:05.2 (146360333)|VF_EVALUATE_FORMULA_BEGIN|0660b000002BGtP|#{proRtMap[objName].rtWrapLst}
06:06:05.2 (146380023)|VF_EVALUATE_FORMULA_END
06:06:05.2 (146472707)|VF_APEX_CALL_START|[EXTERNAL]|01p0b000007wJBE|profileName|PageLayoutController.ProfileWrapper
06:06:05.2 (146491408)|VF_APEX_CALL_END|profileName|PageLayoutController.ProfileWrapper
06:06:05.2 (146538574)|VF_EVALUATE_FORMULA_BEGIN|0660b000002BGtP|#{proRtMap[objName].rtWrapLst}
06:06:05.2 (146605540)|VF_EVALUATE_FORMULA_END
06:06:05.2 (146616688)|VF_EVALUATE_FORMULA_BEGIN|0660b000002BGtP|#{proRtMap[objName].rtWrapLst}
06:06:05.2 (146656157)|VF_EVALUATE_FORMULA_END
06:06:05.2 (146749888)|VF_APEX_CALL_START|[EXTERNAL]|01p0b000007wJBE|pgNames|PageLayoutController.ProfileWrapper
06:06:05.2 (146778886)|VF_APEX_CALL_END|pgNames|PageLayoutController.ProfileWrapper
06:06:05.2 (146892419)|VF_APEX_CALL_START|[EXTERNAL]|01p0b000007wJBE|selectedPlName|PageLayoutController.ProfileWrapper
06:06:05.2 (146908411)|VF_APEX_CALL_END|selectedPlName|PageLayoutController.ProfileWrapper
06:06:05.2 (147135778)|VF_EVALUATE_FORMULA_BEGIN|0660b000002BGtP|#{proRtMap[objName].rtWrapLst}
06:06:05.2 (147193201)|VF_EVALUATE_FORMULA_END
06:06:05.2 (147204193)|VF_EVALUATE_FORMULA_BEGIN|0660b000002BGtP|#{proRtMap[objName].rtWrapLst}
06:06:05.2 (147234869)|VF_EVALUATE_FORMULA_END
06:06:05.2 (147295321)|VF_EVALUATE_FORMULA_BEGIN|0660b000002BGtP|#{proRtMap[objName].rtWrapLst}
06:06:05.2 (147339549)|VF_EVALUATE_FORMULA_END
06:06:05.2 (147351228)|VF_EVALUATE_FORMULA_BEGIN|0660b000002BGtP|#{proRtMap[objName].rtWrapLst}
06:06:05.2 (147409030)|VF_EVALUATE_FORMULA_END
06:06:05.2 (147646289)|VF_EVALUATE_FORMULA_BEGIN|0660b000002BGtP|#{$ObjectType[objName].Label}
06:06:05.2 (147926298)|VF_EVALUATE_FORMULA_END
06:06:05.2 (148105723)|VF_EVALUATE_FORMULA_BEGIN|0660b000002BGtP|#{proRtMap[objName].profWrapLst}
06:06:05.2 (148150053)|VF_EVALUATE_FORMULA_END
06:06:05.2 (148157606)|VF_EVALUATE_FORMULA_BEGIN|0660b000002BGtP|#{proRtMap[objName].profWrapLst}
06:06:05.2 (148180783)|VF_EVALUATE_FORMULA_END
06:06:05.2 (148194601)|VF_EVALUATE_FORMULA_BEGIN|0660b000002BGtP|#{proRtMap[objName].rtWrapLst}
06:06:05.2 (148218809)|VF_EVALUATE_FORMULA_END
06:06:05.2 (148223997)|VF_EVALUATE_FORMULA_BEGIN|0660b000002BGtP|#{proRtMap[objName].rtWrapLst}
06:06:05.2 (148244809)|VF_EVALUATE_FORMULA_END
06:06:05.2 (148306032)|VF_EVALUATE_FORMULA_BEGIN|0660b000002BGtP|#{proRtMap[objName].rtWrapLst}
06:06:05.2 (148334276)|VF_EVALUATE_FORMULA_END
06:06:05.2 (148360049)|VF_EVALUATE_FORMULA_BEGIN|0660b000002BGtP|#{proRtMap[objName].rtWrapLst}
06:06:05.2 (148386971)|VF_EVALUATE_FORMULA_END
06:06:05.2 (148457828)|VF_EVALUATE_FORMULA_BEGIN|0660b000002BGtP|#{proRtMap[objName].rtWrapLst}
06:06:05.2 (148486648)|VF_EVALUATE_FORMULA_END
06:06:05.2 (148492363)|VF_EVALUATE_FORMULA_BEGIN|0660b000002BGtP|#{proRtMap[objName].rtWrapLst}
06:06:05.2 (148512229)|VF_EVALUATE_FORMULA_END
06:06:05.2 (148556934)|VF_EVALUATE_FORMULA_BEGIN|0660b000002BGtP|#{proRtMap[objName].rtWrapLst}
06:06:05.2 (148583078)|VF_EVALUATE_FORMULA_END
06:06:05.2 (148588312)|VF_EVALUATE_FORMULA_BEGIN|0660b000002BGtP|#{proRtMap[objName].rtWrapLst}
06:06:05.2 (148608094)|VF_EVALUATE_FORMULA_END
06:06:05.2 (148642177)|VF_EVALUATE_FORMULA_BEGIN|0660b000002BGtP|#{proRtMap[objName].rtWrapLst}
06:06:05.2 (148666048)|VF_EVALUATE_FORMULA_END
06:06:05.2 (148671756)|VF_EVALUATE_FORMULA_BEGIN|0660b000002BGtP|#{proRtMap[objName].rtWrapLst}
06:06:05.2 (148691351)|VF_EVALUATE_FORMULA_END
06:06:05.2 (148746672)|VF_EVALUATE_FORMULA_BEGIN|0660b000002BGtP|#{proRtMap[objName].rtWrapLst}
06:06:05.2 (148774239)|VF_EVALUATE_FORMULA_END
06:06:05.2 (148779793)|VF_EVALUATE_FORMULA_BEGIN|0660b000002BGtP|#{proRtMap[objName].rtWrapLst}
06:06:05.2 (148799403)|VF_EVALUATE_FORMULA_END
06:06:05.2 (148864203)|VF_EVALUATE_FORMULA_BEGIN|0660b000002BGtP|#{proRtMap[objName].rtWrapLst}
06:06:05.2 (148890780)|VF_EVALUATE_FORMULA_END
06:06:05.2 (148896196)|VF_EVALUATE_FORMULA_BEGIN|0660b000002BGtP|#{proRtMap[objName].rtWrapLst}
06:06:05.2 (148918268)|VF_EVALUATE_FORMULA_END
06:06:05.2 (148968435)|VF_EVALUATE_FORMULA_BEGIN|0660b000002BGtP|#{proRtMap[objName].rtWrapLst}
06:06:05.2 (148995704)|VF_EVALUATE_FORMULA_END
06:06:05.2 (149001665)|VF_EVALUATE_FORMULA_BEGIN|0660b000002BGtP|#{proRtMap[objName].rtWrapLst}
06:06:05.2 (149036691)|VF_EVALUATE_FORMULA_END
06:06:05.2 (149072798)|VF_EVALUATE_FORMULA_BEGIN|0660b000002BGtP|#{proRtMap[objName].rtWrapLst}
06:06:05.2 (149102906)|VF_EVALUATE_FORMULA_END
06:06:05.2 (149108570)|VF_EVALUATE_FORMULA_BEGIN|0660b000002BGtP|#{proRtMap[objName].rtWrapLst}
06:06:05.2 (149128749)|VF_EVALUATE_FORMULA_END
06:06:05.2 (149164593)|VF_EVALUATE_FORMULA_BEGIN|0660b000002BGtP|#{proRtMap[objName].rtWrapLst}
06:06:05.2 (149199830)|VF_EVALUATE_FORMULA_END
06:06:05.2 (149209307)|VF_EVALUATE_FORMULA_BEGIN|0660b000002BGtP|#{proRtMap[objName].rtWrapLst}
06:06:05.2 (149235628)|VF_EVALUATE_FORMULA_END
06:06:05.2 (149291512)|VF_EVALUATE_FORMULA_BEGIN|0660b000002BGtP|#{proRtMap[objName].rtWrapLst}
06:06:05.2 (149318132)|VF_EVALUATE_FORMULA_END
06:06:05.2 (149323628)|VF_EVALUATE_FORMULA_BEGIN|0660b000002BGtP|#{proRtMap[objName].rtWrapLst}
06:06:05.2 (149344265)|VF_EVALUATE_FORMULA_END
06:06:05.2 (149381522)|VF_EVALUATE_FORMULA_BEGIN|0660b000002BGtP|#{proRtMap[objName].rtWrapLst}
06:06:05.2 (149405775)|VF_EVALUATE_FORMULA_END
06:06:05.2 (149411396)|VF_EVALUATE_FORMULA_BEGIN|0660b000002BGtP|#{proRtMap[objName].rtWrapLst}
06:06:05.2 (149445076)|VF_EVALUATE_FORMULA_END
06:06:05.2 (149545973)|VF_APEX_CALL_START|[EXTERNAL]|01p0b000007wJBE|profileName|PageLayoutController.ProfileWrapper
06:06:05.2 (149567338)|VF_APEX_CALL_END|profileName|PageLayoutController.ProfileWrapper
06:06:05.2 (149601287)|VF_EVALUATE_FORMULA_BEGIN|0660b000002BGtP|#{proRtMap[objName].rtWrapLst}
06:06:05.2 (149627533)|VF_EVALUATE_FORMULA_END
06:06:05.2 (149633164)|VF_EVALUATE_FORMULA_BEGIN|0660b000002BGtP|#{proRtMap[objName].rtWrapLst}
06:06:05.2 (149654047)|VF_EVALUATE_FORMULA_END
06:06:05.2 (149731729)|VF_APEX_CALL_START|[EXTERNAL]|01p0b000007wJBE|pgNames|PageLayoutController.ProfileWrapper
06:06:05.2 (149755420)|VF_APEX_CALL_END|pgNames|PageLayoutController.ProfileWrapper
06:06:05.2 (149902704)|VF_APEX_CALL_START|[EXTERNAL]|01p0b000007wJBE|selectedPlName|PageLayoutController.ProfileWrapper
06:06:05.2 (149921270)|VF_APEX_CALL_END|selectedPlName|PageLayoutController.ProfileWrapper
06:06:05.2 (150058325)|VF_EVALUATE_FORMULA_BEGIN|0660b000002BGtP|#{proRtMap[objName].rtWrapLst}
06:06:05.2 (150112709)|VF_EVALUATE_FORMULA_END
06:06:05.2 (150123983)|VF_EVALUATE_FORMULA_BEGIN|0660b000002BGtP|#{proRtMap[objName].rtWrapLst}
06:06:05.2 (150151245)|VF_EVALUATE_FORMULA_END
06:06:05.2 (150198083)|VF_EVALUATE_FORMULA_BEGIN|0660b000002BGtP|#{proRtMap[objName].rtWrapLst}
06:06:05.2 (150224297)|VF_EVALUATE_FORMULA_END
06:06:05.2 (150229970)|VF_EVALUATE_FORMULA_BEGIN|0660b000002BGtP|#{proRtMap[objName].rtWrapLst}
06:06:05.2 (150250583)|VF_EVALUATE_FORMULA_END
06:06:05.2 (152458106)|VF_SERIALIZE_VIEWSTATE_BEGIN|0660b000002BGtP
06:06:05.2 (186414416)|VF_SERIALIZE_VIEWSTATE_END
06:06:05.2 (273866513)|CODE_UNIT_STARTED|[EXTERNAL]|Generate Metadata
06:06:05.2 (476314524)|CODE_UNIT_FINISHED|Generate Metadata
06:06:05.2 (479669161)|VF_EVALUATE_FORMULA_BEGIN|0660b000002BGtP|#{proRtMap[objName].rtWrapLst}
06:06:05.2 (479736185)|VF_EVALUATE_FORMULA_END
06:06:05.2 (479748584)|VF_EVALUATE_FORMULA_BEGIN|0660b000002BGtP|#{proRtMap[objName].rtWrapLst}
06:06:05.2 (479786381)|VF_EVALUATE_FORMULA_END
06:06:05.2 (479862198)|VF_EVALUATE_FORMULA_BEGIN|0660b000002BGtP|#{proRtMap[objName].rtWrapLst}
06:06:05.2 (479903559)|VF_EVALUATE_FORMULA_END
06:06:05.2 (479917557)|VF_EVALUATE_FORMULA_BEGIN|0660b000002BGtP|#{proRtMap[objName].rtWrapLst}
06:06:05.2 (479958081)|VF_EVALUATE_FORMULA_END
06:06:05.2 (480051000)|VF_EVALUATE_FORMULA_BEGIN|0660b000002BGtP|#{proRtMap[objName].profWrapLst}
06:06:05.2 (480085847)|VF_EVALUATE_FORMULA_END
06:06:05.2 (480093728)|VF_EVALUATE_FORMULA_BEGIN|0660b000002BGtP|#{proRtMap[objName].profWrapLst}
06:06:05.2 (480117392)|VF_EVALUATE_FORMULA_END
06:06:05.2 (480134064)|VF_EVALUATE_FORMULA_BEGIN|0660b000002BGtP|#{proRtMap[objName].rtWrapLst}
06:06:05.2 (480159322)|VF_EVALUATE_FORMULA_END
06:06:05.2 (480164575)|VF_EVALUATE_FORMULA_BEGIN|0660b000002BGtP|#{proRtMap[objName].rtWrapLst}
06:06:05.2 (480189270)|VF_EVALUATE_FORMULA_END
06:06:05.2 (480267979)|VF_EVALUATE_FORMULA_BEGIN|0660b000002BGtP|#{proRtMap[objName].rtWrapLst}
06:06:05.2 (480308492)|VF_EVALUATE_FORMULA_END
06:06:05.2 (480314962)|VF_EVALUATE_FORMULA_BEGIN|0660b000002BGtP|#{proRtMap[objName].rtWrapLst}
06:06:05.2 (480338236)|VF_EVALUATE_FORMULA_END
06:06:05.2 (480399026)|VF_EVALUATE_FORMULA_BEGIN|0660b000002BGtP|#{proRtMap[objName].rtWrapLst}
06:06:05.2 (480446227)|VF_EVALUATE_FORMULA_END
06:06:05.2 (480458474)|VF_EVALUATE_FORMULA_BEGIN|0660b000002BGtP|#{proRtMap[objName].rtWrapLst}
06:06:05.2 (480494284)|VF_EVALUATE_FORMULA_END
06:06:05.2 (480543538)|VF_EVALUATE_FORMULA_BEGIN|0660b000002BGtP|#{proRtMap[objName].rtWrapLst}
06:06:05.2 (480592192)|VF_EVALUATE_FORMULA_END
06:06:05.2 (480601295)|VF_EVALUATE_FORMULA_BEGIN|0660b000002BGtP|#{proRtMap[objName].rtWrapLst}
06:06:05.2 (480645675)|VF_EVALUATE_FORMULA_END
06:06:05.2 (480737507)|VF_EVALUATE_FORMULA_BEGIN|0660b000002BGtP|#{proRtMap[objName].rtWrapLst}
06:06:05.2 (480786692)|VF_EVALUATE_FORMULA_END
06:06:05.2 (480797325)|VF_EVALUATE_FORMULA_BEGIN|0660b000002BGtP|#{proRtMap[objName].rtWrapLst}
06:06:05.2 (480844957)|VF_EVALUATE_FORMULA_END
06:06:05.2 (480955075)|VF_EVALUATE_FORMULA_BEGIN|0660b000002BGtP|#{proRtMap[objName].rtWrapLst}
06:06:05.2 (481006326)|VF_EVALUATE_FORMULA_END
06:06:05.2 (481017834)|VF_EVALUATE_FORMULA_BEGIN|0660b000002BGtP|#{proRtMap[objName].rtWrapLst}
06:06:05.2 (481059547)|VF_EVALUATE_FORMULA_END
06:06:05.2 (481112349)|VF_EVALUATE_FORMULA_BEGIN|0660b000002BGtP|#{proRtMap[objName].rtWrapLst}
06:06:05.2 (481178191)|VF_EVALUATE_FORMULA_END
06:06:05.2 (481189258)|VF_EVALUATE_FORMULA_BEGIN|0660b000002BGtP|#{proRtMap[objName].rtWrapLst}
06:06:05.2 (481235202)|VF_EVALUATE_FORMULA_END
06:06:05.2 (481318095)|VF_EVALUATE_FORMULA_BEGIN|0660b000002BGtP|#{proRtMap[objName].rtWrapLst}
06:06:05.2 (481370803)|VF_EVALUATE_FORMULA_END
06:06:05.2 (481380977)|VF_EVALUATE_FORMULA_BEGIN|0660b000002BGtP|#{proRtMap[objName].rtWrapLst}
06:06:05.2 (481420671)|VF_EVALUATE_FORMULA_END
06:06:05.2 (481540032)|VF_EVALUATE_FORMULA_BEGIN|0660b000002BGtP|#{proRtMap[objName].profWrapLst}
06:06:05.2 (481593719)|VF_EVALUATE_FORMULA_END
06:06:05.2 (481604953)|VF_EVALUATE_FORMULA_BEGIN|0660b000002BGtP|#{proRtMap[objName].profWrapLst}
06:06:05.2 (481646409)|VF_EVALUATE_FORMULA_END
06:06:05.2 (481665369)|VF_EVALUATE_FORMULA_BEGIN|0660b000002BGtP|#{proRtMap[objName].rtWrapLst}
06:06:05.2 (481708009)|VF_EVALUATE_FORMULA_END
06:06:05.2 (481717720)|VF_EVALUATE_FORMULA_BEGIN|0660b000002BGtP|#{proRtMap[objName].rtWrapLst}
06:06:05.2 (481756280)|VF_EVALUATE_FORMULA_END
06:06:05.2 (481861770)|VF_EVALUATE_FORMULA_BEGIN|0660b000002BGtP|#{proRtMap[objName].rtWrapLst}
06:06:05.2 (481912328)|VF_EVALUATE_FORMULA_END
06:06:05.2 (481923233)|VF_EVALUATE_FORMULA_BEGIN|0660b000002BGtP|#{proRtMap[objName].rtWrapLst}
06:06:05.2 (481962788)|VF_EVALUATE_FORMULA_END
06:06:05.2 (482045180)|VF_EVALUATE_FORMULA_BEGIN|0660b000002BGtP|#{proRtMap[objName].profWrapLst}
06:06:05.2 (482103302)|VF_EVALUATE_FORMULA_END
06:06:05.2 (482131671)|VF_EVALUATE_FORMULA_BEGIN|0660b000002BGtP|#{proRtMap[objName].profWrapLst}
06:06:05.2 (482167845)|VF_EVALUATE_FORMULA_END
06:06:05.2 (482192315)|VF_EVALUATE_FORMULA_BEGIN|0660b000002BGtP|#{proRtMap[objName].rtWrapLst}
06:06:05.2 (482232834)|VF_EVALUATE_FORMULA_END
06:06:05.2 (482242484)|VF_EVALUATE_FORMULA_BEGIN|0660b000002BGtP|#{proRtMap[objName].rtWrapLst}
06:06:05.2 (482278788)|VF_EVALUATE_FORMULA_END
06:06:05.2 (482368599)|VF_EVALUATE_FORMULA_BEGIN|0660b000002BGtP|#{proRtMap[objName].rtWrapLst}
06:06:05.2 (482413011)|VF_EVALUATE_FORMULA_END
06:06:05.2 (482422176)|VF_EVALUATE_FORMULA_BEGIN|0660b000002BGtP|#{proRtMap[objName].rtWrapLst}
06:06:05.2 (482459487)|VF_EVALUATE_FORMULA_END
06:06:05.2 (482779792)|VF_EVALUATE_FORMULA_BEGIN|0660b000002BGtP|#{proRtMap[objName].rtWrapLst}
06:06:05.2 (482830441)|VF_EVALUATE_FORMULA_END
06:06:05.2 (482848488)|VF_EVALUATE_FORMULA_BEGIN|0660b000002BGtP|#{proRtMap[objName].rtWrapLst}
06:06:05.2 (482884662)|VF_EVALUATE_FORMULA_END
06:06:05.2 (482971991)|VF_EVALUATE_FORMULA_BEGIN|0660b000002BGtP|#{proRtMap[objName].rtWrapLst}
06:06:05.2 (483013997)|VF_EVALUATE_FORMULA_END
06:06:05.2 (483024620)|VF_EVALUATE_FORMULA_BEGIN|0660b000002BGtP|#{proRtMap[objName].rtWrapLst}
06:06:05.2 (483060254)|VF_EVALUATE_FORMULA_END
06:06:05.2 (483135349)|VF_EVALUATE_FORMULA_BEGIN|0660b000002BGtP|#{proRtMap[objName].rtWrapLst}
06:06:05.2 (483179116)|VF_EVALUATE_FORMULA_END
06:06:05.2 (483188045)|VF_EVALUATE_FORMULA_BEGIN|0660b000002BGtP|#{proRtMap[objName].rtWrapLst}
06:06:05.2 (483220168)|VF_EVALUATE_FORMULA_END
06:06:05.2 (483303286)|VF_EVALUATE_FORMULA_BEGIN|0660b000002BGtP|#{proRtMap[objName].rtWrapLst}
06:06:05.2 (483344534)|VF_EVALUATE_FORMULA_END
06:06:05.2 (483353804)|VF_EVALUATE_FORMULA_BEGIN|0660b000002BGtP|#{proRtMap[objName].rtWrapLst}
06:06:05.2 (483388871)|VF_EVALUATE_FORMULA_END
06:06:05.2 (483441587)|VF_EVALUATE_FORMULA_BEGIN|0660b000002BGtP|#{proRtMap[objName].rtWrapLst}
06:06:05.2 (483479134)|VF_EVALUATE_FORMULA_END
06:06:05.2 (483487436)|VF_EVALUATE_FORMULA_BEGIN|0660b000002BGtP|#{proRtMap[objName].rtWrapLst}
06:06:05.2 (483520705)|VF_EVALUATE_FORMULA_END
06:06:05.2 (483600838)|VF_EVALUATE_FORMULA_BEGIN|0660b000002BGtP|#{proRtMap[objName].rtWrapLst}
06:06:05.2 (483638288)|VF_EVALUATE_FORMULA_END
06:06:05.2 (483646967)|VF_EVALUATE_FORMULA_BEGIN|0660b000002BGtP|#{proRtMap[objName].rtWrapLst}
06:06:05.2 (483682006)|VF_EVALUATE_FORMULA_END
06:06:05.2 (483786772)|VF_EVALUATE_FORMULA_BEGIN|0660b000002BGtP|#{proRtMap[objName].profWrapLst}
06:06:05.2 (483820516)|VF_EVALUATE_FORMULA_END
06:06:05.2 (483829859)|VF_EVALUATE_FORMULA_BEGIN|0660b000002BGtP|#{proRtMap[objName].profWrapLst}
06:06:05.2 (483871384)|VF_EVALUATE_FORMULA_END
06:06:05.2 (483888144)|VF_EVALUATE_FORMULA_BEGIN|0660b000002BGtP|#{proRtMap[objName].rtWrapLst}
06:06:05.2 (483922892)|VF_EVALUATE_FORMULA_END
06:06:05.2 (483931882)|VF_EVALUATE_FORMULA_BEGIN|0660b000002BGtP|#{proRtMap[objName].rtWrapLst}
06:06:05.2 (483966046)|VF_EVALUATE_FORMULA_END
06:06:05.2 (484029080)|VF_EVALUATE_FORMULA_BEGIN|0660b000002BGtP|#{proRtMap[objName].rtWrapLst}
06:06:05.2 (484072053)|VF_EVALUATE_FORMULA_END
06:06:05.2 (484081992)|VF_EVALUATE_FORMULA_BEGIN|0660b000002BGtP|#{proRtMap[objName].rtWrapLst}
06:06:05.2 (484128319)|VF_EVALUATE_FORMULA_END
06:06:05.2 (484176413)|VF_EVALUATE_FORMULA_BEGIN|0660b000002BGtP|#{proRtMap[objName].profWrapLst}
06:06:05.2 (484215514)|VF_EVALUATE_FORMULA_END
06:06:05.2 (484224897)|VF_EVALUATE_FORMULA_BEGIN|0660b000002BGtP|#{proRtMap[objName].profWrapLst}
06:06:05.2 (484250310)|VF_EVALUATE_FORMULA_END
06:06:05.2 (484266242)|VF_EVALUATE_FORMULA_BEGIN|0660b000002BGtP|#{proRtMap[objName].rtWrapLst}
06:06:05.2 (484289788)|VF_EVALUATE_FORMULA_END
06:06:05.2 (484295313)|VF_EVALUATE_FORMULA_BEGIN|0660b000002BGtP|#{proRtMap[objName].rtWrapLst}
06:06:05.2 (484314566)|VF_EVALUATE_FORMULA_END
06:06:05.2 (484372991)|VF_EVALUATE_FORMULA_BEGIN|0660b000002BGtP|#{proRtMap[objName].rtWrapLst}
06:06:05.2 (484412963)|VF_EVALUATE_FORMULA_END
06:06:05.2 (484422046)|VF_EVALUATE_FORMULA_BEGIN|0660b000002BGtP|#{proRtMap[objName].rtWrapLst}
06:06:05.2 (484458207)|VF_EVALUATE_FORMULA_END
06:06:05.2 (484527864)|VF_EVALUATE_FORMULA_BEGIN|0660b000002BGtP|#{proRtMap[objName].rtWrapLst}
06:06:05.2 (484566860)|VF_EVALUATE_FORMULA_END
06:06:05.2 (484574835)|VF_EVALUATE_FORMULA_BEGIN|0660b000002BGtP|#{proRtMap[objName].rtWrapLst}
06:06:05.2 (484606285)|VF_EVALUATE_FORMULA_END
06:06:05.2 (484644636)|VF_EVALUATE_FORMULA_BEGIN|0660b000002BGtP|#{proRtMap[objName].rtWrapLst}
06:06:05.2 (484684094)|VF_EVALUATE_FORMULA_END
06:06:05.2 (484693580)|VF_EVALUATE_FORMULA_BEGIN|0660b000002BGtP|#{proRtMap[objName].rtWrapLst}
06:06:05.2 (484765077)|VF_EVALUATE_FORMULA_END
06:06:05.2 (484829116)|VF_EVALUATE_FORMULA_BEGIN|0660b000002BGtP|#{proRtMap[objName].rtWrapLst}
06:06:05.2 (484873424)|VF_EVALUATE_FORMULA_END
06:06:05.2 (484881736)|VF_EVALUATE_FORMULA_BEGIN|0660b000002BGtP|#{proRtMap[objName].rtWrapLst}
06:06:05.2 (484912560)|VF_EVALUATE_FORMULA_END
06:06:05.486 (486879972)|CUMULATIVE_LIMIT_USAGE
06:06:05.486 (486879972)|LIMIT_USAGE_FOR_NS|(default)|
  Number of SOQL queries: 1 out of 100
  Number of query rows: 7 out of 50000
  Number of SOSL queries: 0 out of 20
  Number of DML statements: 0 out of 150
  Number of DML rows: 0 out of 10000
  Maximum CPU time: 0 out of 10000
  Maximum heap size: 0 out of 6000000
  Number of callouts: 0 out of 100
  Number of Email Invocations: 0 out of 10
  Number of future calls: 0 out of 50
  Number of queueable jobs added to the queue: 0 out of 50
  Number of Mobile Apex push calls: 0 out of 10

06:06:05.486 (486879972)|CUMULATIVE_LIMIT_USAGE_END

06:06:05.2 (487900204)|CODE_UNIT_FINISHED|VF: /apex/PageLayouts
06:06:05.2 (489120472)|EXECUTION_FINISHED
