45.0 APEX_CODE,FINEST;APEX_PROFILING,INFO;CALLOUT,INFO;DB,INFO;NBA,INFO;SYSTEM,DEBUG;VALIDATION,INFO;VISUALFORCE,FINER;WAVE,INFO;WORKFLOW,INFO
03:19:03.0 (391659)|USER_INFO|[EXTERNAL]|0050b000004RFh7|sales@alienbrainz.com.sf|(GMT-07:00) Pacific Daylight Time (America/Los_Angeles)|GMT-07:00
03:19:03.0 (462709)|EXECUTION_STARTED
03:19:03.0 (471052)|CODE_UNIT_STARTED|[EXTERNAL]|0660b000002BHj6|VF: /apex/ProfilePermissionPage
03:19:03.4 (4971426)|VF_APEX_CALL_START|[EXTERNAL]|/apexpage/pagemessagescomponentcontroller.apex <init>
03:19:03.4 (5023909)|SYSTEM_MODE_ENTER|true
03:19:03.5 (5646604)|VF_APEX_CALL_START|[EXTERNAL]|/apexpage/pagemessagescomponentcontroller.apex set(conEscape)
03:19:03.5 (5665265)|SYSTEM_MODE_ENTER|true
03:19:03.5 (5698847)|VF_APEX_CALL_START|[EXTERNAL]|PageMessagesComponentController set(conEscape)
03:19:03.5 (5739619)|VF_APEX_CALL_START|[EXTERNAL]|PageMessagesComponentController invoke(setconEscape)
03:19:03.5 (5792522)|HEAP_ALLOCATE|[EXTERNAL]|Bytes:8
03:19:03.5 (5803119)|VARIABLE_SCOPE_BEGIN|[88]|this|ApexPage.PageMessagesComponentController|true|false
03:19:03.5 (5881623)|VARIABLE_ASSIGNMENT|[88]|this|{}|0xbc384f9
03:19:03.5 (5891034)|VARIABLE_SCOPE_BEGIN|[88]|escape|Boolean|false|false
03:19:03.5 (5900087)|VARIABLE_ASSIGNMENT|[88]|escape|null
03:19:03.6 (6084219)|VF_APEX_CALL_START|[EXTERNAL]|/apexpage/pagemessagescomponentcontroller.apex get(severities)
03:19:03.6 (6097669)|SYSTEM_MODE_ENTER|true
03:19:03.6 (6113692)|VF_APEX_CALL_START|[EXTERNAL]|PageMessagesComponentController invoke(getseverities)
03:19:03.6 (6147063)|HEAP_ALLOCATE|[EXTERNAL]|Bytes:8
03:19:03.6 (6155143)|VARIABLE_SCOPE_BEGIN|[2]|this|ApexPage.PageMessagesComponentController|true|false
03:19:03.6 (6181286)|VARIABLE_ASSIGNMENT|[2]|this|{}|0xbc384f9
03:19:03.0 (116881105)|VF_APEX_CALL_START|[EXTERNAL]|01p0b000007wOE9|ProfilePermissionPageController <init>|ProfilePermissionPageController
03:19:03.0 (116909870)|SYSTEM_MODE_ENTER|true
03:19:03.0 (117145883)|HEAP_ALLOCATE|[EXTERNAL]|Bytes:61
03:19:03.0 (117159188)|HEAP_ALLOCATE|[EXTERNAL]|Bytes:88
03:19:03.0 (117163143)|HEAP_ALLOCATE|[EXTERNAL]|Bytes:21
03:19:03.0 (117167252)|HEAP_ALLOCATE|[EXTERNAL]|Bytes:2
03:19:03.0 (117185803)|METHOD_ENTRY|[1]|01p0b000007wOE9|ProfilePermissionPageController.ProfilePermissionPageController()
03:19:03.0 (117193227)|STATEMENT_EXECUTE|[1]
03:19:03.0 (117198279)|STATEMENT_EXECUTE|[1]
03:19:03.0 (117199852)|STATEMENT_EXECUTE|[122]
03:19:03.0 (117201497)|STATEMENT_EXECUTE|[127]
03:19:03.0 (117202962)|STATEMENT_EXECUTE|[132]
03:19:03.0 (117204440)|STATEMENT_EXECUTE|[136]
03:19:03.0 (117212440)|METHOD_EXIT|[1]|ProfilePermissionPageController
03:19:03.0 (117321897)|HEAP_ALLOCATE|[EXTERNAL]|Bytes:16
03:19:03.0 (117335025)|VARIABLE_SCOPE_BEGIN|[7]|this|ProfilePermissionPageController|true|false
03:19:03.0 (117399580)|VARIABLE_ASSIGNMENT|[7]|this|{}|0x396bc3f9
03:19:03.0 (117410235)|STATEMENT_EXECUTE|[1]
03:19:03.0 (117412152)|STATEMENT_EXECUTE|[3]
03:19:03.0 (117414651)|STATEMENT_EXECUTE|[4]
03:19:03.0 (117416095)|STATEMENT_EXECUTE|[5]
03:19:03.0 (117440273)|STATEMENT_EXECUTE|[7]
03:19:03.0 (117442075)|STATEMENT_EXECUTE|[8]
03:19:03.0 (117445649)|HEAP_ALLOCATE|[8]|Bytes:115
03:19:03.0 (117461864)|HEAP_ALLOCATE|[8]|Bytes:4
03:19:03.0 (118086742)|SOQL_EXECUTE_BEGIN|[8]|Aggregations:0|SELECT Name, Object__r.Name, Profile__r.Name, isPermitted__c FROM Record_Type__c ORDER BY Object__c ASC NULLS FIRST
03:19:03.0 (129694726)|SOQL_EXECUTE_END|[8]|Rows:5
03:19:03.0 (129729541)|HEAP_ALLOCATE|[8]|Bytes:24
03:19:03.0 (129772352)|HEAP_ALLOCATE|[8]|Bytes:1078
03:19:03.0 (129803796)|HEAP_ALLOCATE|[8]|Bytes:24
03:19:03.0 (129914107)|VARIABLE_ASSIGNMENT|[8]|this.pgLst|[{"Name":"AccountRT2","Object__c":"a090b00000YJqLWAA1","Profile__c":"a0B0b00000OS3vIEAT","isPermitted__c":true,"Id":"a0C0b00000WVTYpEAP","Object__r":{"Name":"Account","Id":"a090b00000YJqLWAA1"},"Profile__r":{"Name":"installer","Id":"a0B0b00000OS3vIEAT"}},{"Name":"AccountRT1","Object__c":"a090b00000YJqLWAA1","Profile__c":"a0B0b00000OS3ufEAD","isPermitted__c":true,"Id":"a0C0b00000WVTYkEAP","Object__r":{"Name":"Account","Id":"a090b00000YJqLWAA1"},"Profile__r":{"Name":"System Administrator","Id":"a0B0b00000OS3ufEAD"}},{"Name":"ContactRT2","Object__c":"a090b00000YJqXlAAL","Profile__c":"a0B0b00000OS3vEEAT","isPermitted__c":true,"Id":"a0C0b00000WVTYzEAP","Object__r":{"Name":"Contact","Id":"a090b00000YJqXlAAL"},"Profile__r":{"Name":"Standard User","Id":"a0B0b00000OS3vEEAT"}},{"Name":"OpportunityRT1","Object__c":"a090b00000YJqXlAAL","Profile__c":"a0B0b00000OS3ufEAD","isPermitted__c":false,"Id":"a0C0b00000WVTZ4EAP","Object__r":{"Name":"Contact","Id":"a090b00000YJqXlAAL"},"Profile__r":{"Name":"System Administrator","Id":"a0B0b00000OS3ufEAD"}},{"Name":"ContactRT1","Object__c":"a090b00000YJtIlAAL","Profile__c":"a0B0b00000OS3ufEAD","isPermitted__c":false,"Id":"a0C0b00000WVTYuEAP","Object__r":{"Name":"Contact","Id":"a090b00000YJtIlAAL"},"Profile__r":{"Name":"System Administrator","Id":"a0B0b00000OS3ufEAD"}}]|0x396bc3f9
03:19:03.0 (129937317)|STATEMENT_EXECUTE|[9]
03:19:03.0 (129953902)|HEAP_ALLOCATE|[9]|Bytes:4
03:19:03.0 (129990274)|VARIABLE_ASSIGNMENT|[9]|this.pgMap|{}|0x396bc3f9
03:19:03.0 (129996286)|STATEMENT_EXECUTE|[10]
03:19:03.0 (130004730)|HEAP_ALLOCATE|[10]|Bytes:4
03:19:03.0 (130061397)|VARIABLE_SCOPE_BEGIN|[10]|pgl|List<Record_Type__c>|true|false
03:19:03.0 (130074554)|HEAP_ALLOCATE|[EXTERNAL]|Bytes:4
03:19:03.0 (130084142)|VARIABLE_ASSIGNMENT|[10]|pgl|[]|0x27dc6e8e
03:19:03.0 (130202831)|HEAP_ALLOCATE|[11]|Bytes:5
03:19:03.0 (130223535)|HEAP_ALLOCATE|[11]|Bytes:32
03:19:03.0 (130231615)|VARIABLE_SCOPE_BEGIN|[11]|pg|Record_Type__c|true|false
03:19:03.0 (130258166)|VARIABLE_ASSIGNMENT|[11]|pg|{"Name":"AccountRT2","Object__c":"a090b00000YJqLWAA1","Profile__c":"a0B0b00000OS3vIEAT","isPermitted__c":true,"Id":"a0C0b00000WVTYpEAP","Object__r":{"Name":"Account","Id":"a090b00000YJqLWAA1"},"Profile__r":{"Name":"installer","Id":"a0B0b00000OS3vIEAT"}}|0x4b210966
03:19:03.0 (130266499)|STATEMENT_EXECUTE|[11]
03:19:03.0 (130455782)|STATEMENT_EXECUTE|[15]
03:19:03.0 (130458703)|STATEMENT_EXECUTE|[16]
03:19:03.0 (130469541)|HEAP_ALLOCATE|[16]|Bytes:4
03:19:03.0 (130491350)|HEAP_ALLOCATE|[EXTERNAL]|Bytes:4
03:19:03.0 (130500836)|VARIABLE_ASSIGNMENT|[16]|pgl|[]|0x2a2c84c4
03:19:03.0 (130506469)|STATEMENT_EXECUTE|[17]
03:19:03.0 (130530144)|HEAP_ALLOCATE|[EXTERNAL]|Bytes:4
03:19:03.0 (130537220)|STATEMENT_EXECUTE|[18]
03:19:03.0 (130571934)|HEAP_ALLOCATE|[EXTERNAL]|Bytes:-4
03:19:03.0 (130589065)|HEAP_ALLOCATE|[11]|Bytes:5
03:19:03.0 (130600357)|HEAP_ALLOCATE|[11]|Bytes:32
03:19:03.0 (130607261)|VARIABLE_SCOPE_BEGIN|[11]|pg|Record_Type__c|true|false
03:19:03.0 (130634070)|VARIABLE_ASSIGNMENT|[11]|pg|{"Name":"AccountRT1","Object__c":"a090b00000YJqLWAA1","Profile__c":"a0B0b00000OS3ufEAD","isPermitted__c":true,"Id":"a0C0b00000WVTYkEAP","Object__r":{"Name":"Account","Id":"a090b00000YJqLWAA1"},"Profile__r":{"Name":"System Administrator","Id":"a0B0b00000OS3ufEAD"}}|0x5a4906f3
03:19:03.0 (130641989)|STATEMENT_EXECUTE|[11]
03:19:03.0 (130658574)|STATEMENT_EXECUTE|[12]
03:19:03.0 (130660797)|STATEMENT_EXECUTE|[13]
03:19:03.0 (130678089)|HEAP_ALLOCATE|[EXTERNAL]|Bytes:4
03:19:03.0 (130684481)|STATEMENT_EXECUTE|[14]
03:19:03.0 (130729083)|HEAP_ALLOCATE|[11]|Bytes:5
03:19:03.0 (130740061)|HEAP_ALLOCATE|[11]|Bytes:32
03:19:03.0 (130745666)|VARIABLE_SCOPE_BEGIN|[11]|pg|Record_Type__c|true|false
03:19:03.0 (130769202)|VARIABLE_ASSIGNMENT|[11]|pg|{"Name":"ContactRT2","Object__c":"a090b00000YJqXlAAL","Profile__c":"a0B0b00000OS3vEEAT","isPermitted__c":true,"Id":"a0C0b00000WVTYzEAP","Object__r":{"Name":"Contact","Id":"a090b00000YJqXlAAL"},"Profile__r":{"Name":"Standard User","Id":"a0B0b00000OS3vEEAT"}}|0x94703ff
03:19:03.0 (130776815)|STATEMENT_EXECUTE|[11]
03:19:03.0 (130813951)|STATEMENT_EXECUTE|[15]
03:19:03.0 (130816062)|STATEMENT_EXECUTE|[16]
03:19:03.0 (130824331)|HEAP_ALLOCATE|[16]|Bytes:4
03:19:03.0 (130837465)|HEAP_ALLOCATE|[EXTERNAL]|Bytes:4
03:19:03.0 (130845497)|VARIABLE_ASSIGNMENT|[16]|pgl|[]|0x24774220
03:19:03.0 (130850331)|STATEMENT_EXECUTE|[17]
03:19:03.0 (130856192)|HEAP_ALLOCATE|[EXTERNAL]|Bytes:4
03:19:03.0 (130861404)|STATEMENT_EXECUTE|[18]
03:19:03.0 (130871343)|HEAP_ALLOCATE|[EXTERNAL]|Bytes:-4
03:19:03.0 (130883301)|HEAP_ALLOCATE|[11]|Bytes:5
03:19:03.0 (130892827)|HEAP_ALLOCATE|[11]|Bytes:32
03:19:03.0 (130898676)|VARIABLE_SCOPE_BEGIN|[11]|pg|Record_Type__c|true|false
03:19:03.0 (130922621)|VARIABLE_ASSIGNMENT|[11]|pg|{"Name":"OpportunityRT1","Object__c":"a090b00000YJqXlAAL","Profile__c":"a0B0b00000OS3ufEAD","isPermitted__c":false,"Id":"a0C0b00000WVTZ4EAP","Object__r":{"Name":"Contact","Id":"a090b00000YJqXlAAL"},"Profile__r":{"Name":"System Administrator","Id":"a0B0b00000OS3ufEAD"}}|0x877d86c
03:19:03.0 (130930304)|STATEMENT_EXECUTE|[11]
03:19:03.0 (130960160)|STATEMENT_EXECUTE|[12]
03:19:03.0 (130962991)|STATEMENT_EXECUTE|[13]
03:19:03.0 (130969109)|HEAP_ALLOCATE|[EXTERNAL]|Bytes:4
03:19:03.0 (130976235)|STATEMENT_EXECUTE|[14]
03:19:03.0 (131009441)|HEAP_ALLOCATE|[11]|Bytes:5
03:19:03.0 (131021268)|HEAP_ALLOCATE|[11]|Bytes:32
03:19:03.0 (131027239)|VARIABLE_SCOPE_BEGIN|[11]|pg|Record_Type__c|true|false
03:19:03.0 (131052264)|VARIABLE_ASSIGNMENT|[11]|pg|{"Name":"ContactRT1","Object__c":"a090b00000YJtIlAAL","Profile__c":"a0B0b00000OS3ufEAD","isPermitted__c":false,"Id":"a0C0b00000WVTYuEAP","Object__r":{"Name":"Contact","Id":"a090b00000YJtIlAAL"},"Profile__r":{"Name":"System Administrator","Id":"a0B0b00000OS3ufEAD"}}|0x4bde9a3d
03:19:03.0 (131059673)|STATEMENT_EXECUTE|[11]
03:19:03.0 (131095480)|STATEMENT_EXECUTE|[12]
03:19:03.0 (131097465)|STATEMENT_EXECUTE|[13]
03:19:03.0 (131102731)|HEAP_ALLOCATE|[EXTERNAL]|Bytes:4
03:19:03.0 (131108673)|STATEMENT_EXECUTE|[14]
03:19:03.0 (131136077)|HEAP_ALLOCATE|[11]|Bytes:5
03:19:03.0 (131147915)|VARIABLE_ASSIGNMENT|[11]|pg|null|
03:19:03.0 (131153111)|STATEMENT_EXECUTE|[21]
03:19:03.0 (131172034)|METHOD_ENTRY|[21]|01p0b000007wOE9|ProfilePermissionPageController.initproRtMap()
03:19:03.0 (131201235)|VARIABLE_SCOPE_BEGIN|[24]|this|ProfilePermissionPageController|true|false
03:19:03.0 (131251400)|VARIABLE_ASSIGNMENT|[24]|this|{"pgLst":"0x5cd83566","pgMap":"0x121c809d"}|0x396bc3f9
03:19:03.0 (131260423)|STATEMENT_EXECUTE|[24]
03:19:03.0 (131262459)|STATEMENT_EXECUTE|[25]
03:19:03.0 (131274211)|HEAP_ALLOCATE|[25]|Bytes:4
03:19:03.0 (131346087)|VARIABLE_ASSIGNMENT|[EXTERNAL]|this|{"pgLst":"0x5cd83566","pgMap":"0x121c809d"}|0x396bc3f9
03:19:03.0 (131360486)|VARIABLE_ASSIGNMENT|[EXTERNAL]|value|{}|0x6504de04
03:19:03.0 (131372892)|VARIABLE_ASSIGNMENT|[5]|this.proRtMap|{}|0x396bc3f9
03:19:03.0 (131393698)|HEAP_ALLOCATE|[26]|Bytes:4
03:19:03.0 (131447249)|HEAP_ALLOCATE|[26]|Bytes:26
03:19:03.0 (131469733)|HEAP_ALLOCATE|[26]|Bytes:8
03:19:03.0 (131493720)|HEAP_ALLOCATE|[26]|Bytes:5
03:19:03.0 (131507942)|VARIABLE_SCOPE_BEGIN|[26]|objName|String|false|false
03:19:03.0 (131518892)|VARIABLE_ASSIGNMENT|[26]|objName|"Account"
03:19:03.0 (131523270)|STATEMENT_EXECUTE|[26]
03:19:03.0 (131525291)|STATEMENT_EXECUTE|[27]
03:19:03.0 (131585973)|HEAP_ALLOCATE|[27]|Bytes:116
03:19:03.0 (131593363)|HEAP_ALLOCATE|[27]|Bytes:7
03:19:03.0 (131903518)|HEAP_ALLOCATE|[27]|Bytes:12
03:19:03.0 (131949855)|CONSTRUCTOR_ENTRY|[27]|01p0b000007wOE9|<init>()|ProfilePermissionPageController.ProfRTType
03:19:03.0 (131973598)|VARIABLE_SCOPE_BEGIN|[122]|this|ProfilePermissionPageController.ProfRTType|true|false
03:19:03.0 (132006365)|VARIABLE_ASSIGNMENT|[122]|this|{}|0xe84db3f
03:19:03.0 (132030464)|STATEMENT_EXECUTE|[122]
03:19:03.0 (132032657)|STATEMENT_EXECUTE|[123]
03:19:03.0 (132034307)|STATEMENT_EXECUTE|[124]
03:19:03.0 (132047928)|CONSTRUCTOR_EXIT|[27]|01p0b000007wOE9|<init>()|ProfilePermissionPageController.ProfRTType
03:19:03.0 (132056118)|VARIABLE_SCOPE_BEGIN|[27]|prt|ProfilePermissionPageController.ProfRTType|true|false
03:19:03.0 (132072933)|VARIABLE_ASSIGNMENT|[27]|prt|{}|0xe84db3f
03:19:03.0 (132078620)|STATEMENT_EXECUTE|[28]
03:19:03.0 (132088764)|HEAP_ALLOCATE|[28]|Bytes:4
03:19:03.0 (132108085)|VARIABLE_SCOPE_BEGIN|[28]|allRtNames|List<String>|true|false
03:19:03.0 (132130974)|HEAP_ALLOCATE|[EXTERNAL]|Bytes:4
03:19:03.0 (132139551)|VARIABLE_ASSIGNMENT|[28]|allRtNames|[]|0x27fc5d15
03:19:03.0 (132145934)|STATEMENT_EXECUTE|[29]
03:19:03.0 (132203218)|METHOD_ENTRY|[29]|01p0b000007wOE9|ProfilePermissionPageController.getrtWrapLst(List<Record_Type__c>, List<String>)
03:19:03.0 (132211287)|VARIABLE_SCOPE_BEGIN|[82]|this|ProfilePermissionPageController|true|false
03:19:03.0 (132241788)|VARIABLE_ASSIGNMENT|[82]|this|{"pgLst":"0x5cd83566","pgMap":"0x121c809d","proRtMap":"0x6504de04"}|0x396bc3f9
03:19:03.0 (132249141)|VARIABLE_SCOPE_BEGIN|[82]|plLst|List<Record_Type__c>|true|false
03:19:03.0 (132284816)|VARIABLE_ASSIGNMENT|[82]|plLst|[{"Name":"AccountRT2","Object__c":"a090b00000YJqLWAA1","Profile__c":"a0B0b00000OS3vIEAT","isPermitted__c":true,"Id":"a0C0b00000WVTYpEAP","Object__r":{"Name":"Account","Id":"a090b00000YJqLWAA1"},"Profile__r":{"Name":"installer","Id":"a0B0b00000OS3vIEAT"}},{"Name":"AccountRT1","Object__c":"a090b00000YJqLWAA1","Profile__c":"a0B0b00000OS3ufEAD","isPermitted__c":true,"Id":"a0C0b00000WVTYkEAP","Object__r":{"Name":"Account","Id":"a090b00000YJqLWAA1"},"Profile__r":{"Name":"System Administrator","Id":"a0B0b00000OS3ufEAD"}}]|0x2a2c84c4
03:19:03.0 (132295555)|VARIABLE_SCOPE_BEGIN|[82]|allRtNames|List<String>|true|false
03:19:03.0 (132303230)|VARIABLE_ASSIGNMENT|[82]|allRtNames|[]|0x27fc5d15
03:19:03.0 (132310430)|STATEMENT_EXECUTE|[82]
03:19:03.0 (132312128)|STATEMENT_EXECUTE|[83]
03:19:03.0 (132321040)|HEAP_ALLOCATE|[83]|Bytes:4
03:19:03.0 (132362111)|VARIABLE_SCOPE_BEGIN|[83]|rtTypeWrapLst|List<ProfilePermissionPageController.RecordTypeWrapper>|true|false
03:19:03.0 (132379519)|HEAP_ALLOCATE|[EXTERNAL]|Bytes:4
03:19:03.0 (132386089)|VARIABLE_ASSIGNMENT|[83]|rtTypeWrapLst|[]|0x492a8fc2
03:19:03.0 (132391137)|STATEMENT_EXECUTE|[84]
03:19:03.0 (132397572)|HEAP_ALLOCATE|[84]|Bytes:4
03:19:03.0 (132411192)|VARIABLE_SCOPE_BEGIN|[84]|rtTypeName|List<String>|true|false
03:19:03.0 (132427704)|HEAP_ALLOCATE|[EXTERNAL]|Bytes:4
03:19:03.0 (132433985)|VARIABLE_ASSIGNMENT|[84]|rtTypeName|[]|0x61dff8fb
03:19:03.0 (132465976)|HEAP_ALLOCATE|[85]|Bytes:5
03:19:03.0 (132479056)|HEAP_ALLOCATE|[85]|Bytes:32
03:19:03.0 (132486170)|VARIABLE_SCOPE_BEGIN|[85]|pl|Record_Type__c|true|false
03:19:03.0 (132509983)|VARIABLE_ASSIGNMENT|[85]|pl|{"Name":"AccountRT2","Object__c":"a090b00000YJqLWAA1","Profile__c":"a0B0b00000OS3vIEAT","isPermitted__c":true,"Id":"a0C0b00000WVTYpEAP","Object__r":{"Name":"Account","Id":"a090b00000YJqLWAA1"},"Profile__r":{"Name":"installer","Id":"a0B0b00000OS3vIEAT"}}|0x4b210966
03:19:03.0 (132518075)|STATEMENT_EXECUTE|[85]
03:19:03.0 (132596952)|STATEMENT_EXECUTE|[86]
03:19:03.0 (132599178)|STATEMENT_EXECUTE|[87]
03:19:03.0 (132618763)|HEAP_ALLOCATE|[EXTERNAL]|Bytes:4
03:19:03.0 (132627327)|STATEMENT_EXECUTE|[88]
03:19:03.0 (132640905)|HEAP_ALLOCATE|[EXTERNAL]|Bytes:4
03:19:03.0 (132647088)|STATEMENT_EXECUTE|[89]
03:19:03.0 (132687970)|HEAP_ALLOCATE|[89]|Bytes:96
03:19:03.0 (132695190)|HEAP_ALLOCATE|[89]|Bytes:3
03:19:03.0 (132706383)|HEAP_ALLOCATE|[89]|Bytes:8
03:19:03.0 (132723367)|CONSTRUCTOR_ENTRY|[89]|01p0b000007wOE9|<init>()|ProfilePermissionPageController.RecordTypeWrapper
03:19:03.0 (132761111)|VARIABLE_SCOPE_BEGIN|[132]|this|ProfilePermissionPageController.RecordTypeWrapper|true|false
03:19:03.0 (132789213)|VARIABLE_ASSIGNMENT|[132]|this|{}|0x1ae30162
03:19:03.0 (132807786)|STATEMENT_EXECUTE|[132]
03:19:03.0 (132809870)|STATEMENT_EXECUTE|[133]
03:19:03.0 (132815473)|CONSTRUCTOR_EXIT|[89]|01p0b000007wOE9|<init>()|ProfilePermissionPageController.RecordTypeWrapper
03:19:03.0 (132822520)|VARIABLE_SCOPE_BEGIN|[89]|rtWrap|ProfilePermissionPageController.RecordTypeWrapper|true|false
03:19:03.0 (132837499)|VARIABLE_ASSIGNMENT|[89]|rtWrap|{}|0x1ae30162
03:19:03.0 (132842657)|STATEMENT_EXECUTE|[90]
03:19:03.0 (132888557)|VARIABLE_ASSIGNMENT|[EXTERNAL]|this|{}|0x1ae30162
03:19:03.0 (132900509)|VARIABLE_ASSIGNMENT|[EXTERNAL]|value|"AccountRT2"
03:19:03.0 (132912134)|VARIABLE_ASSIGNMENT|[133]|this.recordTypeName|"AccountRT2"|0x1ae30162
03:19:03.0 (132921707)|STATEMENT_EXECUTE|[91]
03:19:03.0 (132946017)|HEAP_ALLOCATE|[EXTERNAL]|Bytes:4
03:19:03.0 (132963321)|HEAP_ALLOCATE|[85]|Bytes:5
03:19:03.0 (132975584)|HEAP_ALLOCATE|[85]|Bytes:32
03:19:03.0 (132982792)|VARIABLE_SCOPE_BEGIN|[85]|pl|Record_Type__c|true|false
03:19:03.0 (133007834)|VARIABLE_ASSIGNMENT|[85]|pl|{"Name":"AccountRT1","Object__c":"a090b00000YJqLWAA1","Profile__c":"a0B0b00000OS3ufEAD","isPermitted__c":true,"Id":"a0C0b00000WVTYkEAP","Object__r":{"Name":"Account","Id":"a090b00000YJqLWAA1"},"Profile__r":{"Name":"System Administrator","Id":"a0B0b00000OS3ufEAD"}}|0x5a4906f3
03:19:03.0 (133016417)|STATEMENT_EXECUTE|[85]
03:19:03.0 (133031895)|STATEMENT_EXECUTE|[86]
03:19:03.0 (133033559)|STATEMENT_EXECUTE|[87]
03:19:03.0 (133039643)|HEAP_ALLOCATE|[EXTERNAL]|Bytes:4
03:19:03.0 (133044918)|STATEMENT_EXECUTE|[88]
03:19:03.0 (133050290)|HEAP_ALLOCATE|[EXTERNAL]|Bytes:4
03:19:03.0 (133055115)|STATEMENT_EXECUTE|[89]
03:19:03.0 (133059098)|HEAP_ALLOCATE|[89]|Bytes:8
03:19:03.0 (133066856)|CONSTRUCTOR_ENTRY|[89]|01p0b000007wOE9|<init>()|ProfilePermissionPageController.RecordTypeWrapper
03:19:03.0 (133073430)|VARIABLE_SCOPE_BEGIN|[132]|this|ProfilePermissionPageController.RecordTypeWrapper|true|false
03:19:03.0 (133089570)|VARIABLE_ASSIGNMENT|[132]|this|{}|0x4f352095
03:19:03.0 (133103286)|STATEMENT_EXECUTE|[132]
03:19:03.0 (133104915)|STATEMENT_EXECUTE|[133]
03:19:03.0 (133108858)|CONSTRUCTOR_EXIT|[89]|01p0b000007wOE9|<init>()|ProfilePermissionPageController.RecordTypeWrapper
03:19:03.0 (133115535)|VARIABLE_SCOPE_BEGIN|[89]|rtWrap|ProfilePermissionPageController.RecordTypeWrapper|true|false
03:19:03.0 (133128983)|VARIABLE_ASSIGNMENT|[89]|rtWrap|{}|0x4f352095
03:19:03.0 (133133902)|STATEMENT_EXECUTE|[90]
03:19:03.0 (133148509)|VARIABLE_ASSIGNMENT|[EXTERNAL]|this|{}|0x4f352095
03:19:03.0 (133157662)|VARIABLE_ASSIGNMENT|[EXTERNAL]|value|"AccountRT1"
03:19:03.0 (133167152)|VARIABLE_ASSIGNMENT|[133]|this.recordTypeName|"AccountRT1"|0x4f352095
03:19:03.0 (133175069)|STATEMENT_EXECUTE|[91]
03:19:03.0 (133181128)|HEAP_ALLOCATE|[EXTERNAL]|Bytes:4
03:19:03.0 (133193983)|HEAP_ALLOCATE|[85]|Bytes:5
03:19:03.0 (133205320)|VARIABLE_ASSIGNMENT|[85]|pl|null|
03:19:03.0 (133210529)|STATEMENT_EXECUTE|[94]
03:19:03.0 (133215925)|METHOD_EXIT|[29]|01p0b000007wOE9|ProfilePermissionPageController.getrtWrapLst(List<Record_Type__c>, List<String>)
03:19:03.0 (133244868)|VARIABLE_ASSIGNMENT|[EXTERNAL]|this|{}|0xe84db3f
03:19:03.0 (133266553)|VARIABLE_ASSIGNMENT|[EXTERNAL]|value|[{"recordTypeName":"AccountRT2"},{"recordTypeName":"AccountRT1"}]|0x492a8fc2
03:19:03.0 (133285891)|VARIABLE_ASSIGNMENT|[124]|this.rtWrapLst|[{"recordTypeName":"AccountRT2"},{"recordTypeName":"AccountRT1"}]|0xe84db3f
03:19:03.0 (133294616)|STATEMENT_EXECUTE|[30]
03:19:03.0 (133345932)|METHOD_ENTRY|[30]|01p0b000007wOE9|ProfilePermissionPageController.getPageLayoutNamesForObject(String)
03:19:03.0 (133354593)|VARIABLE_SCOPE_BEGIN|[35]|this|ProfilePermissionPageController|true|false
03:19:03.0 (133381488)|VARIABLE_ASSIGNMENT|[35]|this|{"pgLst":"0x5cd83566","pgMap":"0x121c809d","proRtMap":"0x6504de04"}|0x396bc3f9
03:19:03.0 (133389332)|VARIABLE_SCOPE_BEGIN|[35]|objectName|String|false|false
03:19:03.0 (133397785)|VARIABLE_ASSIGNMENT|[35]|objectName|"Account"
03:19:03.0 (133403511)|STATEMENT_EXECUTE|[35]
03:19:03.0 (133405113)|STATEMENT_EXECUTE|[36]
03:19:03.0 (133419183)|HEAP_ALLOCATE|[36]|Bytes:4
03:19:03.0 (133447833)|HEAP_ALLOCATE|[36]|Bytes:2
03:19:03.0 (133480282)|HEAP_ALLOCATE|[36]|Bytes:3
03:19:03.0 (133496152)|HEAP_ALLOCATE|[36]|Bytes:10
03:19:03.0 (133500947)|HEAP_ALLOCATE|[36]|Bytes:10
03:19:03.0 (133515358)|HEAP_ALLOCATE|[36]|Bytes:3
03:19:03.0 (133520650)|HEAP_ALLOCATE|[36]|Bytes:10
03:19:03.0 (133525250)|HEAP_ALLOCATE|[36]|Bytes:10
03:19:03.0 (133536209)|METHOD_EXIT|[30]|01p0b000007wOE9|ProfilePermissionPageController.getPageLayoutNamesForObject(String)
03:19:03.0 (133557157)|METHOD_ENTRY|[30]|01p0b000007wOE9|ProfilePermissionPageController.getprofWrapLst(List<Record_Type__c>, List<String>, List<System.SelectOption>)
03:19:03.0 (133564573)|VARIABLE_SCOPE_BEGIN|[39]|this|ProfilePermissionPageController|true|false
03:19:03.0 (133591330)|VARIABLE_ASSIGNMENT|[39]|this|{"pgLst":"0x5cd83566","pgMap":"0x121c809d","proRtMap":"0x6504de04"}|0x396bc3f9
03:19:03.0 (133598489)|VARIABLE_SCOPE_BEGIN|[39]|plLst|List<Record_Type__c>|true|false
03:19:03.0 (133635094)|VARIABLE_ASSIGNMENT|[39]|plLst|[{"Name":"AccountRT2","Object__c":"a090b00000YJqLWAA1","Profile__c":"a0B0b00000OS3vIEAT","isPermitted__c":true,"Id":"a0C0b00000WVTYpEAP","Object__r":{"Name":"Account","Id":"a090b00000YJqLWAA1"},"Profile__r":{"Name":"installer","Id":"a0B0b00000OS3vIEAT"}},{"Name":"AccountRT1","Object__c":"a090b00000YJqLWAA1","Profile__c":"a0B0b00000OS3ufEAD","isPermitted__c":true,"Id":"a0C0b00000WVTYkEAP","Object__r":{"Name":"Account","Id":"a090b00000YJqLWAA1"},"Profile__r":{"Name":"System Administrator","Id":"a0B0b00000OS3ufEAD"}}]|0x2a2c84c4
03:19:03.0 (133645886)|VARIABLE_SCOPE_BEGIN|[39]|allRtNames|List<String>|true|false
03:19:03.0 (133655559)|VARIABLE_ASSIGNMENT|[39]|allRtNames|["AccountRT2","AccountRT1"]|0x27fc5d15
03:19:03.0 (133661452)|VARIABLE_SCOPE_BEGIN|[39]|pgNameLst|List<System.SelectOption>|true|false
03:19:03.0 (133686942)|HEAP_ALLOCATE|[EXTERNAL]|Bytes:16
03:19:03.0 (134010320)|VARIABLE_ASSIGNMENT|[39]|pgNameLst|"common.apex.runtime.impl.ScalarList@c54fb31a"|0x43fc1ee4
03:19:03.0 (134022196)|STATEMENT_EXECUTE|[39]
03:19:03.0 (134024433)|STATEMENT_EXECUTE|[40]
03:19:03.0 (134035650)|HEAP_ALLOCATE|[40]|Bytes:4
03:19:03.0 (134081130)|VARIABLE_SCOPE_BEGIN|[40]|pwList|List<ProfilePermissionPageController.ProfileWrapper>|true|false
03:19:03.0 (134099549)|HEAP_ALLOCATE|[EXTERNAL]|Bytes:4
03:19:03.0 (134107942)|VARIABLE_ASSIGNMENT|[40]|pwList|[]|0x5570f334
03:19:03.0 (134113591)|STATEMENT_EXECUTE|[41]
03:19:03.0 (134121931)|HEAP_ALLOCATE|[41]|Bytes:4
03:19:03.0 (134136664)|VARIABLE_SCOPE_BEGIN|[41]|pfNames|List<String>|true|false
03:19:03.0 (134155219)|HEAP_ALLOCATE|[EXTERNAL]|Bytes:4
03:19:03.0 (134161758)|VARIABLE_ASSIGNMENT|[41]|pfNames|[]|0x1fbebe65
03:19:03.0 (134197476)|HEAP_ALLOCATE|[42]|Bytes:5
03:19:03.0 (134211284)|HEAP_ALLOCATE|[42]|Bytes:32
03:19:03.0 (134218501)|VARIABLE_SCOPE_BEGIN|[42]|pl|Record_Type__c|true|false
03:19:03.0 (134244965)|VARIABLE_ASSIGNMENT|[42]|pl|{"Name":"AccountRT2","Object__c":"a090b00000YJqLWAA1","Profile__c":"a0B0b00000OS3vIEAT","isPermitted__c":true,"Id":"a0C0b00000WVTYpEAP","Object__r":{"Name":"Account","Id":"a090b00000YJqLWAA1"},"Profile__r":{"Name":"installer","Id":"a0B0b00000OS3vIEAT"}}|0x4b210966
03:19:03.0 (134253737)|STATEMENT_EXECUTE|[42]
03:19:03.0 (134420415)|STATEMENT_EXECUTE|[43]
03:19:03.0 (134422972)|STATEMENT_EXECUTE|[44]
03:19:03.0 (134446681)|HEAP_ALLOCATE|[EXTERNAL]|Bytes:4
03:19:03.0 (134454906)|STATEMENT_EXECUTE|[45]
03:19:03.0 (134495438)|HEAP_ALLOCATE|[45]|Bytes:120
03:19:03.0 (134503096)|HEAP_ALLOCATE|[45]|Bytes:7
03:19:03.0 (134690940)|HEAP_ALLOCATE|[45]|Bytes:12
03:19:03.0 (134720856)|CONSTRUCTOR_ENTRY|[45]|01p0b000007wOE9|<init>()|ProfilePermissionPageController.ProfileWrapper
03:19:03.0 (134744170)|VARIABLE_SCOPE_BEGIN|[127]|this|ProfilePermissionPageController.ProfileWrapper|true|false
03:19:03.0 (134778225)|VARIABLE_ASSIGNMENT|[127]|this|{}|0x8a9e35a
03:19:03.0 (134798524)|STATEMENT_EXECUTE|[127]
03:19:03.0 (134800614)|STATEMENT_EXECUTE|[128]
03:19:03.0 (134802274)|STATEMENT_EXECUTE|[129]
03:19:03.0 (134807237)|CONSTRUCTOR_EXIT|[45]|01p0b000007wOE9|<init>()|ProfilePermissionPageController.ProfileWrapper
03:19:03.0 (134814642)|VARIABLE_SCOPE_BEGIN|[45]|pw|ProfilePermissionPageController.ProfileWrapper|true|false
03:19:03.0 (134832185)|VARIABLE_ASSIGNMENT|[45]|pw|{}|0x8a9e35a
03:19:03.0 (134837953)|STATEMENT_EXECUTE|[46]
03:19:03.0 (134841956)|HEAP_ALLOCATE|[46]|Bytes:12
03:19:03.0 (134860407)|HEAP_ALLOCATE|[46]|Bytes:21
03:19:03.0 (134896808)|USER_DEBUG|[46]|DEBUG|=====>>>>>> installer
03:19:03.0 (134906434)|STATEMENT_EXECUTE|[47]
03:19:03.0 (134951520)|VARIABLE_ASSIGNMENT|[EXTERNAL]|this|{}|0x8a9e35a
03:19:03.0 (134964468)|VARIABLE_ASSIGNMENT|[EXTERNAL]|value|"installer"
03:19:03.0 (134975716)|VARIABLE_ASSIGNMENT|[128]|this.profileName|"installer"|0x8a9e35a
03:19:03.0 (134985143)|STATEMENT_EXECUTE|[48]
03:19:03.0 (135011262)|VARIABLE_ASSIGNMENT|[EXTERNAL]|this|{"profileName":"installer"}|0x8a9e35a
03:19:03.0 (135033310)|METHOD_ENTRY|[48]|01p0b000007wOE9|ProfilePermissionPageController.getprtLayout(List<Record_Type__c>, String)
03:19:03.0 (135039581)|VARIABLE_SCOPE_BEGIN|[55]|this|ProfilePermissionPageController|true|false
03:19:03.0 (135065021)|VARIABLE_ASSIGNMENT|[55]|this|{"pgLst":"0x5cd83566","pgMap":"0x121c809d","proRtMap":"0x6504de04"}|0x396bc3f9
03:19:03.0 (135071902)|VARIABLE_SCOPE_BEGIN|[55]|plLst|List<Record_Type__c>|true|false
03:19:03.0 (135109193)|VARIABLE_ASSIGNMENT|[55]|plLst|[{"Name":"AccountRT2","Object__c":"a090b00000YJqLWAA1","Profile__c":"a0B0b00000OS3vIEAT","isPermitted__c":true,"Id":"a0C0b00000WVTYpEAP","Object__r":{"Name":"Account","Id":"a090b00000YJqLWAA1"},"Profile__r":{"Name":"installer","Id":"a0B0b00000OS3vIEAT"}},{"Name":"AccountRT1","Object__c":"a090b00000YJqLWAA1","Profile__c":"a0B0b00000OS3ufEAD","isPermitted__c":true,"Id":"a0C0b00000WVTYkEAP","Object__r":{"Name":"Account","Id":"a090b00000YJqLWAA1"},"Profile__r":{"Name":"System Administrator","Id":"a0B0b00000OS3ufEAD"}}]|0x2a2c84c4
03:19:03.0 (135120436)|VARIABLE_SCOPE_BEGIN|[55]|profileName|String|false|false
03:19:03.0 (135128072)|VARIABLE_ASSIGNMENT|[55]|profileName|"installer"
03:19:03.0 (135133933)|STATEMENT_EXECUTE|[55]
03:19:03.0 (135135581)|STATEMENT_EXECUTE|[56]
03:19:03.0 (135147481)|HEAP_ALLOCATE|[56]|Bytes:4
03:19:03.0 (135172758)|VARIABLE_SCOPE_BEGIN|[56]|prtLayoutMap|Map<String,ProfilePermissionPageController.pageLayoutWrapper>|true|false
03:19:03.0 (135186479)|VARIABLE_ASSIGNMENT|[56]|prtLayoutMap|{}|0x68c221e
03:19:03.0 (135222059)|HEAP_ALLOCATE|[57]|Bytes:5
03:19:03.0 (135234721)|HEAP_ALLOCATE|[57]|Bytes:32
03:19:03.0 (135241996)|VARIABLE_SCOPE_BEGIN|[57]|pl|Record_Type__c|true|false
03:19:03.0 (135265316)|VARIABLE_ASSIGNMENT|[57]|pl|{"Name":"AccountRT2","Object__c":"a090b00000YJqLWAA1","Profile__c":"a0B0b00000OS3vIEAT","isPermitted__c":true,"Id":"a0C0b00000WVTYpEAP","Object__r":{"Name":"Account","Id":"a090b00000YJqLWAA1"},"Profile__r":{"Name":"installer","Id":"a0B0b00000OS3vIEAT"}}|0x4b210966
03:19:03.0 (135273100)|STATEMENT_EXECUTE|[57]
03:19:03.0 (135298310)|STATEMENT_EXECUTE|[58]
03:19:03.0 (135300170)|STATEMENT_EXECUTE|[59]
03:19:03.0 (135339577)|HEAP_ALLOCATE|[59]|Bytes:92
03:19:03.0 (135346085)|HEAP_ALLOCATE|[59]|Bytes:3
03:19:03.0 (135357473)|HEAP_ALLOCATE|[59]|Bytes:12
03:19:03.0 (135373704)|CONSTRUCTOR_ENTRY|[59]|01p0b000007wOE9|<init>()|ProfilePermissionPageController.pageLayoutWrapper
03:19:03.0 (135391364)|VARIABLE_SCOPE_BEGIN|[136]|this|ProfilePermissionPageController.pageLayoutWrapper|true|false
03:19:03.0 (135419869)|VARIABLE_ASSIGNMENT|[136]|this|{}|0x650d8e6a
03:19:03.0 (135437536)|STATEMENT_EXECUTE|[136]
03:19:03.0 (135439458)|STATEMENT_EXECUTE|[137]
03:19:03.0 (135440954)|STATEMENT_EXECUTE|[138]
03:19:03.0 (135445675)|CONSTRUCTOR_EXIT|[59]|01p0b000007wOE9|<init>()|ProfilePermissionPageController.pageLayoutWrapper
03:19:03.0 (135452826)|VARIABLE_SCOPE_BEGIN|[59]|plWrap|ProfilePermissionPageController.pageLayoutWrapper|true|false
03:19:03.0 (135468965)|VARIABLE_ASSIGNMENT|[59]|plWrap|{}|0x650d8e6a
03:19:03.0 (135474474)|STATEMENT_EXECUTE|[60]
03:19:03.0 (135596943)|VARIABLE_ASSIGNMENT|[EXTERNAL]|this|{}|0x650d8e6a
03:19:03.0 (135619713)|VARIABLE_ASSIGNMENT|[EXTERNAL]|value|true
03:19:03.0 (135634234)|VARIABLE_ASSIGNMENT|[138]|this.isPermitted|true|0x650d8e6a
03:19:03.0 (135647306)|STATEMENT_EXECUTE|[62]
03:19:03.0 (135681422)|VARIABLE_ASSIGNMENT|[62]|this.sobj|{"Name":"AccountRT2","Object__c":"a090b00000YJqLWAA1","Profile__c":"a0B0b00000OS3vIEAT","isPermitted__c":true,"Id":"a0C0b00000WVTYpEAP","Object__r":{"Name":"Account","Id":"a090b00000YJqLWAA1"},"Profile__r":{"Name":"installer","Id":"a0B0b00000OS3vIEAT"}}|0x650d8e6a
03:19:03.0 (135689725)|STATEMENT_EXECUTE|[63]
03:19:03.0 (135737784)|HEAP_ALLOCATE|[EXTERNAL]|Bytes:-4
03:19:03.0 (135759920)|HEAP_ALLOCATE|[57]|Bytes:5
03:19:03.0 (135774224)|HEAP_ALLOCATE|[57]|Bytes:32
03:19:03.0 (135781986)|VARIABLE_SCOPE_BEGIN|[57]|pl|Record_Type__c|true|false
03:19:03.0 (135808519)|VARIABLE_ASSIGNMENT|[57]|pl|{"Name":"AccountRT1","Object__c":"a090b00000YJqLWAA1","Profile__c":"a0B0b00000OS3ufEAD","isPermitted__c":true,"Id":"a0C0b00000WVTYkEAP","Object__r":{"Name":"Account","Id":"a090b00000YJqLWAA1"},"Profile__r":{"Name":"System Administrator","Id":"a0B0b00000OS3ufEAD"}}|0x5a4906f3
03:19:03.0 (135816091)|STATEMENT_EXECUTE|[57]
03:19:03.0 (135860943)|STATEMENT_EXECUTE|[58]
03:19:03.0 (135872495)|HEAP_ALLOCATE|[57]|Bytes:5
03:19:03.0 (135885228)|VARIABLE_ASSIGNMENT|[57]|pl|null|
03:19:03.0 (135890176)|STATEMENT_EXECUTE|[79]
03:19:03.0 (135895557)|METHOD_EXIT|[48]|01p0b000007wOE9|ProfilePermissionPageController.getprtLayout(List<Record_Type__c>, String)
03:19:03.0 (135935749)|VARIABLE_ASSIGNMENT|[EXTERNAL]|this|{"profileName":"installer"}|0x8a9e35a
03:19:03.0 (135972224)|VARIABLE_ASSIGNMENT|[EXTERNAL]|value|{"AccountRT2":{"isPermitted":true,"sobj":{"Name":"AccountRT2","Object__c":"a090b00000YJqLWAA1","Profile__c":"a0B0b00000OS3vIEAT","isPermitted__c":true,"Id":"a0C0b00000WVTYpEAP","Object__r":{"Name":"Account","Id":"a090b00000YJqLWAA1"},"Profile__r":{"Name":"installer","Id":"a0B0b00000OS3vIEAT"}}}}|0x68c221e
03:19:03.0 (136008185)|VARIABLE_ASSIGNMENT|[129]|this.prtLayout|{"AccountRT2":{"isPermitted":true,"sobj":{"Name":"AccountRT2","Object__c":"a090b00000YJqLWAA1","Profile__c":"a0B0b00000OS3vIEAT","isPermitted__c":true,"Id":"a0C0b00000WVTYpEAP","Object__r":{"Name":"Account","Id":"a090b00000YJqLWAA1"},"Profile__r":{"Name":"installer","Id":"a0B0b00000OS3vIEAT"}}}}|0x8a9e35a
03:19:03.0 (136021055)|STATEMENT_EXECUTE|[49]
03:19:03.0 (136050425)|HEAP_ALLOCATE|[EXTERNAL]|Bytes:4
03:19:03.0 (136085378)|HEAP_ALLOCATE|[42]|Bytes:5
03:19:03.0 (136102254)|HEAP_ALLOCATE|[42]|Bytes:32
03:19:03.0 (136111733)|VARIABLE_SCOPE_BEGIN|[42]|pl|Record_Type__c|true|false
03:19:03.0 (136146276)|VARIABLE_ASSIGNMENT|[42]|pl|{"Name":"AccountRT1","Object__c":"a090b00000YJqLWAA1","Profile__c":"a0B0b00000OS3ufEAD","isPermitted__c":true,"Id":"a0C0b00000WVTYkEAP","Object__r":{"Name":"Account","Id":"a090b00000YJqLWAA1"},"Profile__r":{"Name":"System Administrator","Id":"a0B0b00000OS3ufEAD"}}|0x5a4906f3
03:19:03.0 (136159084)|STATEMENT_EXECUTE|[42]
03:19:03.0 (136187699)|STATEMENT_EXECUTE|[43]
03:19:03.0 (136190409)|STATEMENT_EXECUTE|[44]
03:19:03.0 (136204067)|HEAP_ALLOCATE|[EXTERNAL]|Bytes:4
03:19:03.0 (136214477)|STATEMENT_EXECUTE|[45]
03:19:03.0 (136220910)|HEAP_ALLOCATE|[45]|Bytes:12
03:19:03.0 (136235114)|CONSTRUCTOR_ENTRY|[45]|01p0b000007wOE9|<init>()|ProfilePermissionPageController.ProfileWrapper
03:19:03.0 (136245434)|VARIABLE_SCOPE_BEGIN|[127]|this|ProfilePermissionPageController.ProfileWrapper|true|false
03:19:03.0 (136273745)|VARIABLE_ASSIGNMENT|[127]|this|{}|0x257ab14b
03:19:03.0 (136296241)|STATEMENT_EXECUTE|[127]
03:19:03.0 (136298674)|STATEMENT_EXECUTE|[128]
03:19:03.0 (136300887)|STATEMENT_EXECUTE|[129]
03:19:03.0 (136307205)|CONSTRUCTOR_EXIT|[45]|01p0b000007wOE9|<init>()|ProfilePermissionPageController.ProfileWrapper
03:19:03.0 (136316856)|VARIABLE_SCOPE_BEGIN|[45]|pw|ProfilePermissionPageController.ProfileWrapper|true|false
03:19:03.0 (136339395)|VARIABLE_ASSIGNMENT|[45]|pw|{}|0x257ab14b
03:19:03.0 (136347910)|STATEMENT_EXECUTE|[46]
03:19:03.0 (136365588)|HEAP_ALLOCATE|[46]|Bytes:32
03:19:03.0 (136383210)|USER_DEBUG|[46]|DEBUG|=====>>>>>> System Administrator
03:19:03.0 (136394529)|STATEMENT_EXECUTE|[47]
03:19:03.0 (136426133)|VARIABLE_ASSIGNMENT|[EXTERNAL]|this|{}|0x257ab14b
03:19:03.0 (136441629)|VARIABLE_ASSIGNMENT|[EXTERNAL]|value|"System Administrator"
03:19:03.0 (136456177)|VARIABLE_ASSIGNMENT|[128]|this.profileName|"System Administrator"|0x257ab14b
03:19:03.0 (136468508)|STATEMENT_EXECUTE|[48]
03:19:03.0 (136491103)|VARIABLE_ASSIGNMENT|[EXTERNAL]|this|{"profileName":"System Administrator"}|0x257ab14b
03:19:03.0 (136507442)|METHOD_ENTRY|[48]|01p0b000007wOE9|ProfilePermissionPageController.getprtLayout(List<Record_Type__c>, String)
03:19:03.0 (136515613)|VARIABLE_SCOPE_BEGIN|[55]|this|ProfilePermissionPageController|true|false
03:19:03.0 (136551284)|VARIABLE_ASSIGNMENT|[55]|this|{"pgLst":"0x5cd83566","pgMap":"0x121c809d","proRtMap":"0x6504de04"}|0x396bc3f9
03:19:03.0 (136562009)|VARIABLE_SCOPE_BEGIN|[55]|plLst|List<Record_Type__c>|true|false
03:19:03.0 (136622210)|VARIABLE_ASSIGNMENT|[55]|plLst|[{"Name":"AccountRT2","Object__c":"a090b00000YJqLWAA1","Profile__c":"a0B0b00000OS3vIEAT","isPermitted__c":true,"Id":"a0C0b00000WVTYpEAP","Object__r":{"Name":"Account","Id":"a090b00000YJqLWAA1"},"Profile__r":{"Name":"installer","Id":"a0B0b00000OS3vIEAT"}},{"Name":"AccountRT1","Object__c":"a090b00000YJqLWAA1","Profile__c":"a0B0b00000OS3ufEAD","isPermitted__c":true,"Id":"a0C0b00000WVTYkEAP","Object__r":{"Name":"Account","Id":"a090b00000YJqLWAA1"},"Profile__r":{"Name":"System Administrator","Id":"a0B0b00000OS3ufEAD"}}]|0x2a2c84c4
03:19:03.0 (136638586)|VARIABLE_SCOPE_BEGIN|[55]|profileName|String|false|false
03:19:03.0 (136651301)|VARIABLE_ASSIGNMENT|[55]|profileName|"System Administrator"
03:19:03.0 (136659950)|STATEMENT_EXECUTE|[55]
03:19:03.0 (136662373)|STATEMENT_EXECUTE|[56]
03:19:03.0 (136679031)|HEAP_ALLOCATE|[56]|Bytes:4
03:19:03.0 (136690200)|VARIABLE_SCOPE_BEGIN|[56]|prtLayoutMap|Map<String,ProfilePermissionPageController.pageLayoutWrapper>|true|false
03:19:03.0 (136707852)|VARIABLE_ASSIGNMENT|[56]|prtLayoutMap|{}|0x417f89d4
03:19:03.0 (136740538)|HEAP_ALLOCATE|[57]|Bytes:5
03:19:03.0 (136756821)|HEAP_ALLOCATE|[57]|Bytes:32
03:19:03.0 (136766359)|VARIABLE_SCOPE_BEGIN|[57]|pl|Record_Type__c|true|false
03:19:03.0 (136799767)|VARIABLE_ASSIGNMENT|[57]|pl|{"Name":"AccountRT2","Object__c":"a090b00000YJqLWAA1","Profile__c":"a0B0b00000OS3vIEAT","isPermitted__c":true,"Id":"a0C0b00000WVTYpEAP","Object__r":{"Name":"Account","Id":"a090b00000YJqLWAA1"},"Profile__r":{"Name":"installer","Id":"a0B0b00000OS3vIEAT"}}|0x4b210966
03:19:03.0 (136811699)|STATEMENT_EXECUTE|[57]
03:19:03.0 (136832191)|STATEMENT_EXECUTE|[58]
03:19:03.0 (136845054)|HEAP_ALLOCATE|[57]|Bytes:5
03:19:03.0 (136859885)|HEAP_ALLOCATE|[57]|Bytes:32
03:19:03.0 (136868586)|VARIABLE_SCOPE_BEGIN|[57]|pl|Record_Type__c|true|false
03:19:03.0 (136901283)|VARIABLE_ASSIGNMENT|[57]|pl|{"Name":"AccountRT1","Object__c":"a090b00000YJqLWAA1","Profile__c":"a0B0b00000OS3ufEAD","isPermitted__c":true,"Id":"a0C0b00000WVTYkEAP","Object__r":{"Name":"Account","Id":"a090b00000YJqLWAA1"},"Profile__r":{"Name":"System Administrator","Id":"a0B0b00000OS3ufEAD"}}|0x5a4906f3
03:19:03.0 (136914859)|STATEMENT_EXECUTE|[57]
03:19:03.0 (136938525)|STATEMENT_EXECUTE|[58]
03:19:03.0 (136941130)|STATEMENT_EXECUTE|[59]
03:19:03.0 (136947119)|HEAP_ALLOCATE|[59]|Bytes:12
03:19:03.0 (136961465)|CONSTRUCTOR_ENTRY|[59]|01p0b000007wOE9|<init>()|ProfilePermissionPageController.pageLayoutWrapper
03:19:03.0 (136973206)|VARIABLE_SCOPE_BEGIN|[136]|this|ProfilePermissionPageController.pageLayoutWrapper|true|false
03:19:03.0 (137005869)|VARIABLE_ASSIGNMENT|[136]|this|{}|0x112d940c
03:19:03.0 (137030702)|STATEMENT_EXECUTE|[136]
03:19:03.0 (137033581)|STATEMENT_EXECUTE|[137]
03:19:03.0 (137035845)|STATEMENT_EXECUTE|[138]
03:19:03.0 (137042672)|CONSTRUCTOR_EXIT|[59]|01p0b000007wOE9|<init>()|ProfilePermissionPageController.pageLayoutWrapper
03:19:03.0 (137053773)|VARIABLE_SCOPE_BEGIN|[59]|plWrap|ProfilePermissionPageController.pageLayoutWrapper|true|false
03:19:03.0 (137079444)|VARIABLE_ASSIGNMENT|[59]|plWrap|{}|0x112d940c
03:19:03.0 (137088679)|STATEMENT_EXECUTE|[60]
03:19:03.0 (137120439)|VARIABLE_ASSIGNMENT|[EXTERNAL]|this|{}|0x112d940c
03:19:03.0 (137134782)|VARIABLE_ASSIGNMENT|[EXTERNAL]|value|true
03:19:03.0 (137148483)|VARIABLE_ASSIGNMENT|[138]|this.isPermitted|true|0x112d940c
03:19:03.0 (137161802)|STATEMENT_EXECUTE|[62]
03:19:03.0 (137196170)|VARIABLE_ASSIGNMENT|[62]|this.sobj|{"Name":"AccountRT1","Object__c":"a090b00000YJqLWAA1","Profile__c":"a0B0b00000OS3ufEAD","isPermitted__c":true,"Id":"a0C0b00000WVTYkEAP","Object__r":{"Name":"Account","Id":"a090b00000YJqLWAA1"},"Profile__r":{"Name":"System Administrator","Id":"a0B0b00000OS3ufEAD"}}|0x112d940c
03:19:03.0 (137208018)|STATEMENT_EXECUTE|[63]
03:19:03.0 (137226244)|HEAP_ALLOCATE|[EXTERNAL]|Bytes:-4
03:19:03.0 (137246686)|HEAP_ALLOCATE|[57]|Bytes:5
03:19:03.0 (137263061)|VARIABLE_ASSIGNMENT|[57]|pl|null|
03:19:03.0 (137269846)|STATEMENT_EXECUTE|[79]
03:19:03.0 (137276593)|METHOD_EXIT|[48]|01p0b000007wOE9|ProfilePermissionPageController.getprtLayout(List<Record_Type__c>, String)
03:19:03.0 (137309236)|VARIABLE_ASSIGNMENT|[EXTERNAL]|this|{"profileName":"System Administrator"}|0x257ab14b
03:19:03.0 (137358742)|VARIABLE_ASSIGNMENT|[EXTERNAL]|value|{"AccountRT1":{"isPermitted":true,"sobj":{"Name":"AccountRT1","Object__c":"a090b00000YJqLWAA1","Profile__c":"a0B0b00000OS3ufEAD","isPermitted__c":true,"Id":"a0C0b00000WVTYkEAP","Object__r":{"Name":"Account","Id":"a090b00000YJqLWAA1"},"Profile__r":{"Name":"System Administrator","Id":"a0B0b00000OS3ufEAD"}}}}|0x417f89d4
03:19:03.0 (137414983)|VARIABLE_ASSIGNMENT|[129]|this.prtLayout|{"AccountRT1":{"isPermitted":true,"sobj":{"Name":"AccountRT1","Object__c":"a090b00000YJqLWAA1","Profile__c":"a0B0b00000OS3ufEAD","isPermitted__c":true,"Id":"a0C0b00000WVTYkEAP","Object__r":{"Name":"Account","Id":"a090b00000YJqLWAA1"},"Profile__r":{"Name":"System Administrator","Id":"a0B0b00000OS3ufEAD"}}}}|0x257ab14b
03:19:03.0 (137434429)|STATEMENT_EXECUTE|[49]
03:19:03.0 (137446442)|HEAP_ALLOCATE|[EXTERNAL]|Bytes:4
03:19:03.0 (137467405)|HEAP_ALLOCATE|[42]|Bytes:5
03:19:03.0 (137484713)|VARIABLE_ASSIGNMENT|[42]|pl|null|
03:19:03.0 (137492470)|STATEMENT_EXECUTE|[52]
03:19:03.0 (137501108)|METHOD_EXIT|[30]|01p0b000007wOE9|ProfilePermissionPageController.getprofWrapLst(List<Record_Type__c>, List<String>, List<System.SelectOption>)
03:19:03.0 (137547590)|VARIABLE_ASSIGNMENT|[EXTERNAL]|this|{"rtWrapLst":"0x492a8fc2"}|0xe84db3f
03:19:03.0 (137599489)|VARIABLE_ASSIGNMENT|[EXTERNAL]|value|[{"profileName":"installer","prtLayout":"0x68c221e"},{"profileName":"System Administrator","prtLayout":"0x417f89d4"}]|0x5570f334
03:19:03.0 (137643058)|VARIABLE_ASSIGNMENT|[123]|this.profWrapLst|[{"profileName":"installer","prtLayout":"0x68c221e"},{"profileName":"System Administrator","prtLayout":"0x417f89d4"}]|0xe84db3f
03:19:03.0 (137657822)|STATEMENT_EXECUTE|[31]
03:19:03.0 (137714361)|VARIABLE_ASSIGNMENT|[EXTERNAL]|this|{"pgLst":"0x5cd83566","pgMap":"0x121c809d","proRtMap":"0x6504de04"}|0x396bc3f9
03:19:03.0 (137745009)|HEAP_ALLOCATE|[EXTERNAL]|Bytes:-4
03:19:03.0 (137766395)|HEAP_ALLOCATE|[26]|Bytes:5
03:19:03.0 (137785577)|VARIABLE_SCOPE_BEGIN|[26]|objName|String|false|false
03:19:03.0 (137802388)|VARIABLE_ASSIGNMENT|[26]|objName|"Contact"
03:19:03.0 (137809573)|STATEMENT_EXECUTE|[26]
03:19:03.0 (137811915)|STATEMENT_EXECUTE|[27]
03:19:03.0 (137818002)|HEAP_ALLOCATE|[27]|Bytes:12
03:19:03.0 (137830581)|CONSTRUCTOR_ENTRY|[27]|01p0b000007wOE9|<init>()|ProfilePermissionPageController.ProfRTType
03:19:03.0 (137842859)|VARIABLE_SCOPE_BEGIN|[122]|this|ProfilePermissionPageController.ProfRTType|true|false
03:19:03.0 (137871668)|VARIABLE_ASSIGNMENT|[122]|this|{}|0x70d1ddd7
03:19:03.0 (137890063)|STATEMENT_EXECUTE|[122]
03:19:03.0 (137892041)|STATEMENT_EXECUTE|[123]
03:19:03.0 (137893589)|STATEMENT_EXECUTE|[124]
03:19:03.0 (137898259)|CONSTRUCTOR_EXIT|[27]|01p0b000007wOE9|<init>()|ProfilePermissionPageController.ProfRTType
03:19:03.0 (137905912)|VARIABLE_SCOPE_BEGIN|[27]|prt|ProfilePermissionPageController.ProfRTType|true|false
03:19:03.0 (137920566)|VARIABLE_ASSIGNMENT|[27]|prt|{}|0x70d1ddd7
03:19:03.0 (137926208)|STATEMENT_EXECUTE|[28]
03:19:03.0 (137936606)|HEAP_ALLOCATE|[28]|Bytes:4
03:19:03.0 (137948495)|VARIABLE_SCOPE_BEGIN|[28]|allRtNames|List<String>|true|false
03:19:03.0 (137972271)|HEAP_ALLOCATE|[EXTERNAL]|Bytes:4
03:19:03.0 (137979828)|VARIABLE_ASSIGNMENT|[28]|allRtNames|[]|0x5d873203
03:19:03.0 (137985242)|STATEMENT_EXECUTE|[29]
03:19:03.0 (138016736)|METHOD_ENTRY|[29]|01p0b000007wOE9|ProfilePermissionPageController.getrtWrapLst(List<Record_Type__c>, List<String>)
03:19:03.0 (138023804)|VARIABLE_SCOPE_BEGIN|[82]|this|ProfilePermissionPageController|true|false
03:19:03.0 (138049111)|VARIABLE_ASSIGNMENT|[82]|this|{"pgLst":"0x5cd83566","pgMap":"0x121c809d","proRtMap":"0x6504de04"}|0x396bc3f9
03:19:03.0 (138055745)|VARIABLE_SCOPE_BEGIN|[82]|plLst|List<Record_Type__c>|true|false
03:19:03.0 (138104900)|VARIABLE_ASSIGNMENT|[82]|plLst|[{"Name":"ContactRT2","Object__c":"a090b00000YJqXlAAL","Profile__c":"a0B0b00000OS3vEEAT","isPermitted__c":true,"Id":"a0C0b00000WVTYzEAP","Object__r":{"Name":"Contact","Id":"a090b00000YJqXlAAL"},"Profile__r":{"Name":"Standard User","Id":"a0B0b00000OS3vEEAT"}},{"Name":"OpportunityRT1","Object__c":"a090b00000YJqXlAAL","Profile__c":"a0B0b00000OS3ufEAD","isPermitted__c":false,"Id":"a0C0b00000WVTZ4EAP","Object__r":{"Name":"Contact","Id":"a090b00000YJqXlAAL"},"Profile__r":{"Name":"System Administrator","Id":"a0B0b00000OS3ufEAD"}},{"Name":"ContactRT1","Object__c":"a090b00000YJtIlAAL","Profile__c":"a0B0b00000OS3ufEAD","isPermitted__c":false,"Id":"a0C0b00000WVTYuEAP","Object__r":{"Name":"Contact","Id":"a090b00000YJtIlAAL"},"Profile__r":{"Name":"System Administrator","Id":"a0B0b00000OS3ufEAD"}}]|0x24774220
03:19:03.0 (138117916)|VARIABLE_SCOPE_BEGIN|[82]|allRtNames|List<String>|true|false
03:19:03.0 (138125203)|VARIABLE_ASSIGNMENT|[82]|allRtNames|[]|0x5d873203
03:19:03.0 (138131504)|STATEMENT_EXECUTE|[82]
03:19:03.0 (138133104)|STATEMENT_EXECUTE|[83]
03:19:03.0 (138141583)|HEAP_ALLOCATE|[83]|Bytes:4
03:19:03.0 (138152531)|VARIABLE_SCOPE_BEGIN|[83]|rtTypeWrapLst|List<ProfilePermissionPageController.RecordTypeWrapper>|true|false
03:19:03.0 (138167408)|HEAP_ALLOCATE|[EXTERNAL]|Bytes:4
03:19:03.0 (138173588)|VARIABLE_ASSIGNMENT|[83]|rtTypeWrapLst|[]|0x2cfce3
03:19:03.0 (138178907)|STATEMENT_EXECUTE|[84]
03:19:03.0 (138184472)|HEAP_ALLOCATE|[84]|Bytes:4
03:19:03.0 (138193997)|VARIABLE_SCOPE_BEGIN|[84]|rtTypeName|List<String>|true|false
03:19:03.0 (138208095)|HEAP_ALLOCATE|[EXTERNAL]|Bytes:4
03:19:03.0 (138214285)|VARIABLE_ASSIGNMENT|[84]|rtTypeName|[]|0x211c90
03:19:03.0 (138235309)|HEAP_ALLOCATE|[85]|Bytes:5
03:19:03.0 (138247049)|HEAP_ALLOCATE|[85]|Bytes:32
03:19:03.0 (138253578)|VARIABLE_SCOPE_BEGIN|[85]|pl|Record_Type__c|true|false
03:19:03.0 (138296376)|VARIABLE_ASSIGNMENT|[85]|pl|{"Name":"ContactRT2","Object__c":"a090b00000YJqXlAAL","Profile__c":"a0B0b00000OS3vEEAT","isPermitted__c":true,"Id":"a0C0b00000WVTYzEAP","Object__r":{"Name":"Contact","Id":"a090b00000YJqXlAAL"},"Profile__r":{"Name":"Standard User","Id":"a0B0b00000OS3vEEAT"}}|0x94703ff
03:19:03.0 (138308772)|STATEMENT_EXECUTE|[85]
03:19:03.0 (138331732)|STATEMENT_EXECUTE|[86]
03:19:03.0 (138334483)|STATEMENT_EXECUTE|[87]
03:19:03.0 (138345394)|HEAP_ALLOCATE|[EXTERNAL]|Bytes:4
03:19:03.0 (138354847)|STATEMENT_EXECUTE|[88]
03:19:03.0 (138364338)|HEAP_ALLOCATE|[EXTERNAL]|Bytes:4
03:19:03.0 (138375219)|STATEMENT_EXECUTE|[89]
03:19:03.0 (138381242)|HEAP_ALLOCATE|[89]|Bytes:8
03:19:03.0 (138393494)|CONSTRUCTOR_ENTRY|[89]|01p0b000007wOE9|<init>()|ProfilePermissionPageController.RecordTypeWrapper
03:19:03.0 (138404419)|VARIABLE_SCOPE_BEGIN|[132]|this|ProfilePermissionPageController.RecordTypeWrapper|true|false
03:19:03.0 (138431474)|VARIABLE_ASSIGNMENT|[132]|this|{}|0x7ee05626
03:19:03.0 (138448400)|STATEMENT_EXECUTE|[132]
03:19:03.0 (138450360)|STATEMENT_EXECUTE|[133]
03:19:03.0 (138455184)|CONSTRUCTOR_EXIT|[89]|01p0b000007wOE9|<init>()|ProfilePermissionPageController.RecordTypeWrapper
03:19:03.0 (138462187)|VARIABLE_SCOPE_BEGIN|[89]|rtWrap|ProfilePermissionPageController.RecordTypeWrapper|true|false
03:19:03.0 (138476620)|VARIABLE_ASSIGNMENT|[89]|rtWrap|{}|0x7ee05626
03:19:03.0 (138491846)|STATEMENT_EXECUTE|[90]
03:19:03.0 (138518566)|VARIABLE_ASSIGNMENT|[EXTERNAL]|this|{}|0x7ee05626
03:19:03.0 (138533398)|VARIABLE_ASSIGNMENT|[EXTERNAL]|value|"ContactRT2"
03:19:03.0 (138549042)|VARIABLE_ASSIGNMENT|[133]|this.recordTypeName|"ContactRT2"|0x7ee05626
03:19:03.0 (138561223)|STATEMENT_EXECUTE|[91]
03:19:03.0 (138569047)|HEAP_ALLOCATE|[EXTERNAL]|Bytes:4
03:19:03.0 (138588600)|HEAP_ALLOCATE|[85]|Bytes:5
03:19:03.0 (138601183)|HEAP_ALLOCATE|[85]|Bytes:32
03:19:03.0 (138608481)|VARIABLE_SCOPE_BEGIN|[85]|pl|Record_Type__c|true|false
03:19:03.0 (138633511)|VARIABLE_ASSIGNMENT|[85]|pl|{"Name":"OpportunityRT1","Object__c":"a090b00000YJqXlAAL","Profile__c":"a0B0b00000OS3ufEAD","isPermitted__c":false,"Id":"a0C0b00000WVTZ4EAP","Object__r":{"Name":"Contact","Id":"a090b00000YJqXlAAL"},"Profile__r":{"Name":"System Administrator","Id":"a0B0b00000OS3ufEAD"}}|0x877d86c
03:19:03.0 (138641645)|STATEMENT_EXECUTE|[85]
03:19:03.0 (138658077)|STATEMENT_EXECUTE|[86]
03:19:03.0 (138659816)|STATEMENT_EXECUTE|[87]
03:19:03.0 (138665537)|HEAP_ALLOCATE|[EXTERNAL]|Bytes:4
03:19:03.0 (138671092)|STATEMENT_EXECUTE|[88]
03:19:03.0 (138675842)|HEAP_ALLOCATE|[EXTERNAL]|Bytes:4
03:19:03.0 (138680663)|STATEMENT_EXECUTE|[89]
03:19:03.0 (138684799)|HEAP_ALLOCATE|[89]|Bytes:8
03:19:03.0 (138692596)|CONSTRUCTOR_ENTRY|[89]|01p0b000007wOE9|<init>()|ProfilePermissionPageController.RecordTypeWrapper
03:19:03.0 (138699706)|VARIABLE_SCOPE_BEGIN|[132]|this|ProfilePermissionPageController.RecordTypeWrapper|true|false
03:19:03.0 (138715705)|VARIABLE_ASSIGNMENT|[132]|this|{}|0x1a1364d3
03:19:03.0 (138730596)|STATEMENT_EXECUTE|[132]
03:19:03.0 (138732616)|STATEMENT_EXECUTE|[133]
03:19:03.0 (138737071)|CONSTRUCTOR_EXIT|[89]|01p0b000007wOE9|<init>()|ProfilePermissionPageController.RecordTypeWrapper
03:19:03.0 (138744448)|VARIABLE_SCOPE_BEGIN|[89]|rtWrap|ProfilePermissionPageController.RecordTypeWrapper|true|false
03:19:03.0 (138757976)|VARIABLE_ASSIGNMENT|[89]|rtWrap|{}|0x1a1364d3
03:19:03.0 (138762956)|STATEMENT_EXECUTE|[90]
03:19:03.0 (138777386)|VARIABLE_ASSIGNMENT|[EXTERNAL]|this|{}|0x1a1364d3
03:19:03.0 (138786596)|VARIABLE_ASSIGNMENT|[EXTERNAL]|value|"OpportunityRT1"
03:19:03.0 (138795903)|VARIABLE_ASSIGNMENT|[133]|this.recordTypeName|"OpportunityRT1"|0x1a1364d3
03:19:03.0 (138804008)|STATEMENT_EXECUTE|[91]
03:19:03.0 (138809985)|HEAP_ALLOCATE|[EXTERNAL]|Bytes:4
03:19:03.0 (138822227)|HEAP_ALLOCATE|[85]|Bytes:5
03:19:03.0 (138831851)|HEAP_ALLOCATE|[85]|Bytes:32
03:19:03.0 (138837507)|VARIABLE_SCOPE_BEGIN|[85]|pl|Record_Type__c|true|false
03:19:03.0 (138860098)|VARIABLE_ASSIGNMENT|[85]|pl|{"Name":"ContactRT1","Object__c":"a090b00000YJtIlAAL","Profile__c":"a0B0b00000OS3ufEAD","isPermitted__c":false,"Id":"a0C0b00000WVTYuEAP","Object__r":{"Name":"Contact","Id":"a090b00000YJtIlAAL"},"Profile__r":{"Name":"System Administrator","Id":"a0B0b00000OS3ufEAD"}}|0x4bde9a3d
03:19:03.0 (138868048)|STATEMENT_EXECUTE|[85]
03:19:03.0 (138879636)|STATEMENT_EXECUTE|[86]
03:19:03.0 (138881372)|STATEMENT_EXECUTE|[87]
03:19:03.0 (138886582)|HEAP_ALLOCATE|[EXTERNAL]|Bytes:4
03:19:03.0 (138891938)|STATEMENT_EXECUTE|[88]
03:19:03.0 (138896866)|HEAP_ALLOCATE|[EXTERNAL]|Bytes:4
03:19:03.0 (138901558)|STATEMENT_EXECUTE|[89]
03:19:03.0 (138904830)|HEAP_ALLOCATE|[89]|Bytes:8
03:19:03.0 (138910915)|CONSTRUCTOR_ENTRY|[89]|01p0b000007wOE9|<init>()|ProfilePermissionPageController.RecordTypeWrapper
03:19:03.0 (138916862)|VARIABLE_SCOPE_BEGIN|[132]|this|ProfilePermissionPageController.RecordTypeWrapper|true|false
03:19:03.0 (138930987)|VARIABLE_ASSIGNMENT|[132]|this|{}|0x7d3f5896
03:19:03.0 (138943519)|STATEMENT_EXECUTE|[132]
03:19:03.0 (138945327)|STATEMENT_EXECUTE|[133]
03:19:03.0 (138948979)|CONSTRUCTOR_EXIT|[89]|01p0b000007wOE9|<init>()|ProfilePermissionPageController.RecordTypeWrapper
03:19:03.0 (138955727)|VARIABLE_SCOPE_BEGIN|[89]|rtWrap|ProfilePermissionPageController.RecordTypeWrapper|true|false
03:19:03.0 (138967961)|VARIABLE_ASSIGNMENT|[89]|rtWrap|{}|0x7d3f5896
03:19:03.0 (138973024)|STATEMENT_EXECUTE|[90]
03:19:03.0 (138987176)|VARIABLE_ASSIGNMENT|[EXTERNAL]|this|{}|0x7d3f5896
03:19:03.0 (138995873)|VARIABLE_ASSIGNMENT|[EXTERNAL]|value|"ContactRT1"
03:19:03.0 (139004563)|VARIABLE_ASSIGNMENT|[133]|this.recordTypeName|"ContactRT1"|0x7d3f5896
03:19:03.0 (139013580)|STATEMENT_EXECUTE|[91]
03:19:03.0 (139019277)|HEAP_ALLOCATE|[EXTERNAL]|Bytes:4
03:19:03.0 (139030791)|HEAP_ALLOCATE|[85]|Bytes:5
03:19:03.0 (139040673)|VARIABLE_ASSIGNMENT|[85]|pl|null|
03:19:03.0 (139045237)|STATEMENT_EXECUTE|[94]
03:19:03.0 (139049854)|METHOD_EXIT|[29]|01p0b000007wOE9|ProfilePermissionPageController.getrtWrapLst(List<Record_Type__c>, List<String>)
03:19:03.0 (139067832)|VARIABLE_ASSIGNMENT|[EXTERNAL]|this|{}|0x70d1ddd7
03:19:03.0 (139090869)|VARIABLE_ASSIGNMENT|[EXTERNAL]|value|[{"recordTypeName":"ContactRT2"},{"recordTypeName":"OpportunityRT1"},{"recordTypeName":"ContactRT1"}]|0x2cfce3
03:19:03.0 (139112411)|VARIABLE_ASSIGNMENT|[124]|this.rtWrapLst|[{"recordTypeName":"ContactRT2"},{"recordTypeName":"OpportunityRT1"},{"recordTypeName":"ContactRT1"}]|0x70d1ddd7
03:19:03.0 (139120842)|STATEMENT_EXECUTE|[30]
03:19:03.0 (139150958)|METHOD_ENTRY|[30]|01p0b000007wOE9|ProfilePermissionPageController.getPageLayoutNamesForObject(String)
03:19:03.0 (139157781)|VARIABLE_SCOPE_BEGIN|[35]|this|ProfilePermissionPageController|true|false
03:19:03.0 (139183479)|VARIABLE_ASSIGNMENT|[35]|this|{"pgLst":"0x5cd83566","pgMap":"0x121c809d","proRtMap":"0x6504de04"}|0x396bc3f9
03:19:03.0 (139189105)|VARIABLE_SCOPE_BEGIN|[35]|objectName|String|false|false
03:19:03.0 (139197536)|VARIABLE_ASSIGNMENT|[35]|objectName|"Contact"
03:19:03.0 (139202699)|STATEMENT_EXECUTE|[35]
03:19:03.0 (139204225)|STATEMENT_EXECUTE|[36]
03:19:03.0 (139213970)|HEAP_ALLOCATE|[36]|Bytes:4
03:19:03.0 (139240986)|HEAP_ALLOCATE|[36]|Bytes:10
03:19:03.0 (139246403)|HEAP_ALLOCATE|[36]|Bytes:10
03:19:03.0 (139253524)|HEAP_ALLOCATE|[36]|Bytes:10
03:19:03.0 (139258183)|HEAP_ALLOCATE|[36]|Bytes:10
03:19:03.0 (139264986)|METHOD_EXIT|[30]|01p0b000007wOE9|ProfilePermissionPageController.getPageLayoutNamesForObject(String)
03:19:03.0 (139273144)|METHOD_ENTRY|[30]|01p0b000007wOE9|ProfilePermissionPageController.getprofWrapLst(List<Record_Type__c>, List<String>, List<System.SelectOption>)
03:19:03.0 (139278103)|VARIABLE_SCOPE_BEGIN|[39]|this|ProfilePermissionPageController|true|false
03:19:03.0 (139300549)|VARIABLE_ASSIGNMENT|[39]|this|{"pgLst":"0x5cd83566","pgMap":"0x121c809d","proRtMap":"0x6504de04"}|0x396bc3f9
03:19:03.0 (139306737)|VARIABLE_SCOPE_BEGIN|[39]|plLst|List<Record_Type__c>|true|false
03:19:03.0 (139352076)|VARIABLE_ASSIGNMENT|[39]|plLst|[{"Name":"ContactRT2","Object__c":"a090b00000YJqXlAAL","Profile__c":"a0B0b00000OS3vEEAT","isPermitted__c":true,"Id":"a0C0b00000WVTYzEAP","Object__r":{"Name":"Contact","Id":"a090b00000YJqXlAAL"},"Profile__r":{"Name":"Standard User","Id":"a0B0b00000OS3vEEAT"}},{"Name":"OpportunityRT1","Object__c":"a090b00000YJqXlAAL","Profile__c":"a0B0b00000OS3ufEAD","isPermitted__c":false,"Id":"a0C0b00000WVTZ4EAP","Object__r":{"Name":"Contact","Id":"a090b00000YJqXlAAL"},"Profile__r":{"Name":"System Administrator","Id":"a0B0b00000OS3ufEAD"}},{"Name":"ContactRT1","Object__c":"a090b00000YJtIlAAL","Profile__c":"a0B0b00000OS3ufEAD","isPermitted__c":false,"Id":"a0C0b00000WVTYuEAP","Object__r":{"Name":"Contact","Id":"a090b00000YJtIlAAL"},"Profile__r":{"Name":"System Administrator","Id":"a0B0b00000OS3ufEAD"}}]|0x24774220
03:19:03.0 (139364123)|VARIABLE_SCOPE_BEGIN|[39]|allRtNames|List<String>|true|false
03:19:03.0 (139373906)|VARIABLE_ASSIGNMENT|[39]|allRtNames|["ContactRT2","OpportunityRT1","ContactRT1"]|0x5d873203
03:19:03.0 (139379032)|VARIABLE_SCOPE_BEGIN|[39]|pgNameLst|List<System.SelectOption>|true|false
03:19:03.0 (139403408)|HEAP_ALLOCATE|[EXTERNAL]|Bytes:16
03:19:03.0 (139546852)|VARIABLE_ASSIGNMENT|[39]|pgNameLst|"common.apex.runtime.impl.ScalarList@a644671a"|0x75720e3d
03:19:03.0 (139556084)|STATEMENT_EXECUTE|[39]
03:19:03.0 (139557866)|STATEMENT_EXECUTE|[40]
03:19:03.0 (139567072)|HEAP_ALLOCATE|[40]|Bytes:4
03:19:03.0 (139584740)|VARIABLE_SCOPE_BEGIN|[40]|pwList|List<ProfilePermissionPageController.ProfileWrapper>|true|false
03:19:03.0 (139600316)|HEAP_ALLOCATE|[EXTERNAL]|Bytes:4
03:19:03.0 (139606988)|VARIABLE_ASSIGNMENT|[40]|pwList|[]|0x95f27d3
03:19:03.0 (139611962)|STATEMENT_EXECUTE|[41]
03:19:03.0 (139618035)|HEAP_ALLOCATE|[41]|Bytes:4
03:19:03.0 (139627367)|VARIABLE_SCOPE_BEGIN|[41]|pfNames|List<String>|true|false
03:19:03.0 (139643397)|HEAP_ALLOCATE|[EXTERNAL]|Bytes:4
03:19:03.0 (139649730)|VARIABLE_ASSIGNMENT|[41]|pfNames|[]|0x86bffd7
03:19:03.0 (139672995)|HEAP_ALLOCATE|[42]|Bytes:5
03:19:03.0 (139684235)|HEAP_ALLOCATE|[42]|Bytes:32
03:19:03.0 (139691187)|VARIABLE_SCOPE_BEGIN|[42]|pl|Record_Type__c|true|false
03:19:03.0 (139715110)|VARIABLE_ASSIGNMENT|[42]|pl|{"Name":"ContactRT2","Object__c":"a090b00000YJqXlAAL","Profile__c":"a0B0b00000OS3vEEAT","isPermitted__c":true,"Id":"a0C0b00000WVTYzEAP","Object__r":{"Name":"Contact","Id":"a090b00000YJqXlAAL"},"Profile__r":{"Name":"Standard User","Id":"a0B0b00000OS3vEEAT"}}|0x94703ff
03:19:03.0 (139723108)|STATEMENT_EXECUTE|[42]
03:19:03.0 (139770864)|STATEMENT_EXECUTE|[43]
03:19:03.0 (139773170)|STATEMENT_EXECUTE|[44]
03:19:03.0 (139781730)|HEAP_ALLOCATE|[EXTERNAL]|Bytes:4
03:19:03.0 (139787889)|STATEMENT_EXECUTE|[45]
03:19:03.0 (139792114)|HEAP_ALLOCATE|[45]|Bytes:12
03:19:03.0 (139800883)|CONSTRUCTOR_ENTRY|[45]|01p0b000007wOE9|<init>()|ProfilePermissionPageController.ProfileWrapper
03:19:03.0 (139807815)|VARIABLE_SCOPE_BEGIN|[127]|this|ProfilePermissionPageController.ProfileWrapper|true|false
03:19:03.0 (139829759)|VARIABLE_ASSIGNMENT|[127]|this|{}|0xf17fda4
03:19:03.0 (139845435)|STATEMENT_EXECUTE|[127]
03:19:03.0 (139847403)|STATEMENT_EXECUTE|[128]
03:19:03.0 (139848901)|STATEMENT_EXECUTE|[129]
03:19:03.0 (139853294)|CONSTRUCTOR_EXIT|[45]|01p0b000007wOE9|<init>()|ProfilePermissionPageController.ProfileWrapper
03:19:03.0 (139860348)|VARIABLE_SCOPE_BEGIN|[45]|pw|ProfilePermissionPageController.ProfileWrapper|true|false
03:19:03.0 (139874729)|VARIABLE_ASSIGNMENT|[45]|pw|{}|0xf17fda4
03:19:03.0 (139879883)|STATEMENT_EXECUTE|[46]
03:19:03.0 (139890586)|HEAP_ALLOCATE|[46]|Bytes:25
03:19:03.0 (139902277)|USER_DEBUG|[46]|DEBUG|=====>>>>>> Standard User
03:19:03.0 (139909937)|STATEMENT_EXECUTE|[47]
03:19:03.0 (139927755)|VARIABLE_ASSIGNMENT|[EXTERNAL]|this|{}|0xf17fda4
03:19:03.0 (139937424)|VARIABLE_ASSIGNMENT|[EXTERNAL]|value|"Standard User"
03:19:03.0 (139946534)|VARIABLE_ASSIGNMENT|[128]|this.profileName|"Standard User"|0xf17fda4
03:19:03.0 (139954701)|STATEMENT_EXECUTE|[48]
03:19:03.0 (139969886)|VARIABLE_ASSIGNMENT|[EXTERNAL]|this|{"profileName":"Standard User"}|0xf17fda4
03:19:03.0 (139981201)|METHOD_ENTRY|[48]|01p0b000007wOE9|ProfilePermissionPageController.getprtLayout(List<Record_Type__c>, String)
03:19:03.0 (139986025)|VARIABLE_SCOPE_BEGIN|[55]|this|ProfilePermissionPageController|true|false
03:19:03.0 (140008194)|VARIABLE_ASSIGNMENT|[55]|this|{"pgLst":"0x5cd83566","pgMap":"0x121c809d","proRtMap":"0x6504de04"}|0x396bc3f9
03:19:03.0 (140014878)|VARIABLE_SCOPE_BEGIN|[55]|plLst|List<Record_Type__c>|true|false
03:19:03.0 (140059173)|VARIABLE_ASSIGNMENT|[55]|plLst|[{"Name":"ContactRT2","Object__c":"a090b00000YJqXlAAL","Profile__c":"a0B0b00000OS3vEEAT","isPermitted__c":true,"Id":"a0C0b00000WVTYzEAP","Object__r":{"Name":"Contact","Id":"a090b00000YJqXlAAL"},"Profile__r":{"Name":"Standard User","Id":"a0B0b00000OS3vEEAT"}},{"Name":"OpportunityRT1","Object__c":"a090b00000YJqXlAAL","Profile__c":"a0B0b00000OS3ufEAD","isPermitted__c":false,"Id":"a0C0b00000WVTZ4EAP","Object__r":{"Name":"Contact","Id":"a090b00000YJqXlAAL"},"Profile__r":{"Name":"System Administrator","Id":"a0B0b00000OS3ufEAD"}},{"Name":"ContactRT1","Object__c":"a090b00000YJtIlAAL","Profile__c":"a0B0b00000OS3ufEAD","isPermitted__c":false,"Id":"a0C0b00000WVTYuEAP","Object__r":{"Name":"Contact","Id":"a090b00000YJtIlAAL"},"Profile__r":{"Name":"System Administrator","Id":"a0B0b00000OS3ufEAD"}}]|0x24774220
03:19:03.0 (140071712)|VARIABLE_SCOPE_BEGIN|[55]|profileName|String|false|false
03:19:03.0 (140079120)|VARIABLE_ASSIGNMENT|[55]|profileName|"Standard User"
03:19:03.0 (140084421)|STATEMENT_EXECUTE|[55]
03:19:03.0 (140085936)|STATEMENT_EXECUTE|[56]
03:19:03.0 (140096648)|HEAP_ALLOCATE|[56]|Bytes:4
03:19:03.0 (140104317)|VARIABLE_SCOPE_BEGIN|[56]|prtLayoutMap|Map<String,ProfilePermissionPageController.pageLayoutWrapper>|true|false
03:19:03.0 (140116763)|VARIABLE_ASSIGNMENT|[56]|prtLayoutMap|{}|0x6a71199d
03:19:03.0 (140136800)|HEAP_ALLOCATE|[57]|Bytes:5
03:19:03.0 (140146911)|HEAP_ALLOCATE|[57]|Bytes:32
03:19:03.0 (140153236)|VARIABLE_SCOPE_BEGIN|[57]|pl|Record_Type__c|true|false
03:19:03.0 (140174958)|VARIABLE_ASSIGNMENT|[57]|pl|{"Name":"ContactRT2","Object__c":"a090b00000YJqXlAAL","Profile__c":"a0B0b00000OS3vEEAT","isPermitted__c":true,"Id":"a0C0b00000WVTYzEAP","Object__r":{"Name":"Contact","Id":"a090b00000YJqXlAAL"},"Profile__r":{"Name":"Standard User","Id":"a0B0b00000OS3vEEAT"}}|0x94703ff
03:19:03.0 (140182429)|STATEMENT_EXECUTE|[57]
03:19:03.0 (140198708)|STATEMENT_EXECUTE|[58]
03:19:03.0 (140200410)|STATEMENT_EXECUTE|[59]
03:19:03.0 (140205158)|HEAP_ALLOCATE|[59]|Bytes:12
03:19:03.0 (140212690)|CONSTRUCTOR_ENTRY|[59]|01p0b000007wOE9|<init>()|ProfilePermissionPageController.pageLayoutWrapper
03:19:03.0 (140219792)|VARIABLE_SCOPE_BEGIN|[136]|this|ProfilePermissionPageController.pageLayoutWrapper|true|false
03:19:03.0 (140237446)|VARIABLE_ASSIGNMENT|[136]|this|{}|0x1a60cabf
03:19:03.0 (140251113)|STATEMENT_EXECUTE|[136]
03:19:03.0 (140253076)|STATEMENT_EXECUTE|[137]
03:19:03.0 (140254606)|STATEMENT_EXECUTE|[138]
03:19:03.0 (140272587)|CONSTRUCTOR_EXIT|[59]|01p0b000007wOE9|<init>()|ProfilePermissionPageController.pageLayoutWrapper
03:19:03.0 (140280235)|VARIABLE_SCOPE_BEGIN|[59]|plWrap|ProfilePermissionPageController.pageLayoutWrapper|true|false
03:19:03.0 (140296208)|VARIABLE_ASSIGNMENT|[59]|plWrap|{}|0x1a60cabf
03:19:03.0 (140301443)|STATEMENT_EXECUTE|[60]
03:19:03.0 (140320281)|VARIABLE_ASSIGNMENT|[EXTERNAL]|this|{}|0x1a60cabf
03:19:03.0 (140328394)|VARIABLE_ASSIGNMENT|[EXTERNAL]|value|true
03:19:03.0 (140337401)|VARIABLE_ASSIGNMENT|[138]|this.isPermitted|true|0x1a60cabf
03:19:03.0 (140345192)|STATEMENT_EXECUTE|[62]
03:19:03.0 (140365849)|VARIABLE_ASSIGNMENT|[62]|this.sobj|{"Name":"ContactRT2","Object__c":"a090b00000YJqXlAAL","Profile__c":"a0B0b00000OS3vEEAT","isPermitted__c":true,"Id":"a0C0b00000WVTYzEAP","Object__r":{"Name":"Contact","Id":"a090b00000YJqXlAAL"},"Profile__r":{"Name":"Standard User","Id":"a0B0b00000OS3vEEAT"}}|0x1a60cabf
03:19:03.0 (140373342)|STATEMENT_EXECUTE|[63]
03:19:03.0 (140384462)|HEAP_ALLOCATE|[EXTERNAL]|Bytes:-4
03:19:03.0 (140398218)|HEAP_ALLOCATE|[57]|Bytes:5
03:19:03.0 (140407935)|HEAP_ALLOCATE|[57]|Bytes:32
03:19:03.0 (140413474)|VARIABLE_SCOPE_BEGIN|[57]|pl|Record_Type__c|true|false
03:19:03.0 (140435746)|VARIABLE_ASSIGNMENT|[57]|pl|{"Name":"OpportunityRT1","Object__c":"a090b00000YJqXlAAL","Profile__c":"a0B0b00000OS3ufEAD","isPermitted__c":false,"Id":"a0C0b00000WVTZ4EAP","Object__r":{"Name":"Contact","Id":"a090b00000YJqXlAAL"},"Profile__r":{"Name":"System Administrator","Id":"a0B0b00000OS3ufEAD"}}|0x877d86c
03:19:03.0 (140443027)|STATEMENT_EXECUTE|[57]
03:19:03.0 (140455210)|STATEMENT_EXECUTE|[58]
03:19:03.0 (140462392)|HEAP_ALLOCATE|[57]|Bytes:5
03:19:03.0 (140470942)|HEAP_ALLOCATE|[57]|Bytes:32
03:19:03.0 (140475515)|VARIABLE_SCOPE_BEGIN|[57]|pl|Record_Type__c|true|false
03:19:03.0 (140496615)|VARIABLE_ASSIGNMENT|[57]|pl|{"Name":"ContactRT1","Object__c":"a090b00000YJtIlAAL","Profile__c":"a0B0b00000OS3ufEAD","isPermitted__c":false,"Id":"a0C0b00000WVTYuEAP","Object__r":{"Name":"Contact","Id":"a090b00000YJtIlAAL"},"Profile__r":{"Name":"System Administrator","Id":"a0B0b00000OS3ufEAD"}}|0x4bde9a3d
03:19:03.0 (140503899)|STATEMENT_EXECUTE|[57]
03:19:03.0 (140513609)|STATEMENT_EXECUTE|[58]
03:19:03.0 (140520158)|HEAP_ALLOCATE|[57]|Bytes:5
03:19:03.0 (140532479)|VARIABLE_ASSIGNMENT|[57]|pl|null|
03:19:03.0 (140536998)|STATEMENT_EXECUTE|[79]
03:19:03.0 (140541489)|METHOD_EXIT|[48]|01p0b000007wOE9|ProfilePermissionPageController.getprtLayout(List<Record_Type__c>, String)
03:19:03.0 (140563587)|VARIABLE_ASSIGNMENT|[EXTERNAL]|this|{"profileName":"Standard User"}|0xf17fda4
03:19:03.0 (140599934)|VARIABLE_ASSIGNMENT|[EXTERNAL]|value|{"ContactRT2":{"isPermitted":true,"sobj":{"Name":"ContactRT2","Object__c":"a090b00000YJqXlAAL","Profile__c":"a0B0b00000OS3vEEAT","isPermitted__c":true,"Id":"a0C0b00000WVTYzEAP","Object__r":{"Name":"Contact","Id":"a090b00000YJqXlAAL"},"Profile__r":{"Name":"Standard User","Id":"a0B0b00000OS3vEEAT"}}}}|0x6a71199d
03:19:03.0 (140633665)|VARIABLE_ASSIGNMENT|[129]|this.prtLayout|{"ContactRT2":{"isPermitted":true,"sobj":{"Name":"ContactRT2","Object__c":"a090b00000YJqXlAAL","Profile__c":"a0B0b00000OS3vEEAT","isPermitted__c":true,"Id":"a0C0b00000WVTYzEAP","Object__r":{"Name":"Contact","Id":"a090b00000YJqXlAAL"},"Profile__r":{"Name":"Standard User","Id":"a0B0b00000OS3vEEAT"}}}}|0xf17fda4
03:19:03.0 (140644323)|STATEMENT_EXECUTE|[49]
03:19:03.0 (140653013)|HEAP_ALLOCATE|[EXTERNAL]|Bytes:4
03:19:03.0 (140665992)|HEAP_ALLOCATE|[42]|Bytes:5
03:19:03.0 (140674930)|HEAP_ALLOCATE|[42]|Bytes:32
03:19:03.0 (140680987)|VARIABLE_SCOPE_BEGIN|[42]|pl|Record_Type__c|true|false
03:19:03.0 (140703834)|VARIABLE_ASSIGNMENT|[42]|pl|{"Name":"OpportunityRT1","Object__c":"a090b00000YJqXlAAL","Profile__c":"a0B0b00000OS3ufEAD","isPermitted__c":false,"Id":"a0C0b00000WVTZ4EAP","Object__r":{"Name":"Contact","Id":"a090b00000YJqXlAAL"},"Profile__r":{"Name":"System Administrator","Id":"a0B0b00000OS3ufEAD"}}|0x877d86c
03:19:03.0 (140711240)|STATEMENT_EXECUTE|[42]
03:19:03.0 (140726522)|STATEMENT_EXECUTE|[43]
03:19:03.0 (140728234)|STATEMENT_EXECUTE|[44]
03:19:03.0 (140735016)|HEAP_ALLOCATE|[EXTERNAL]|Bytes:4
03:19:03.0 (140740566)|STATEMENT_EXECUTE|[45]
03:19:03.0 (140744717)|HEAP_ALLOCATE|[45]|Bytes:12
03:19:03.0 (140751833)|CONSTRUCTOR_ENTRY|[45]|01p0b000007wOE9|<init>()|ProfilePermissionPageController.ProfileWrapper
03:19:03.0 (140758178)|VARIABLE_SCOPE_BEGIN|[127]|this|ProfilePermissionPageController.ProfileWrapper|true|false
03:19:03.0 (140773913)|VARIABLE_ASSIGNMENT|[127]|this|{}|0x4d221b63
03:19:03.0 (140787498)|STATEMENT_EXECUTE|[127]
03:19:03.0 (140789191)|STATEMENT_EXECUTE|[128]
03:19:03.0 (140790710)|STATEMENT_EXECUTE|[129]
03:19:03.0 (140794678)|CONSTRUCTOR_EXIT|[45]|01p0b000007wOE9|<init>()|ProfilePermissionPageController.ProfileWrapper
03:19:03.0 (140803147)|VARIABLE_SCOPE_BEGIN|[45]|pw|ProfilePermissionPageController.ProfileWrapper|true|false
03:19:03.0 (140841798)|VARIABLE_ASSIGNMENT|[45]|pw|{}|0x4d221b63
03:19:03.0 (140848093)|STATEMENT_EXECUTE|[46]
03:19:03.0 (140859421)|HEAP_ALLOCATE|[46]|Bytes:32
03:19:03.0 (140870109)|USER_DEBUG|[46]|DEBUG|=====>>>>>> System Administrator
03:19:03.0 (140877351)|STATEMENT_EXECUTE|[47]
03:19:03.0 (140906507)|VARIABLE_ASSIGNMENT|[EXTERNAL]|this|{}|0x4d221b63
03:19:03.0 (140920640)|VARIABLE_ASSIGNMENT|[EXTERNAL]|value|"System Administrator"
03:19:03.0 (140930594)|VARIABLE_ASSIGNMENT|[128]|this.profileName|"System Administrator"|0x4d221b63
03:19:03.0 (140938828)|STATEMENT_EXECUTE|[48]
03:19:03.0 (140954569)|VARIABLE_ASSIGNMENT|[EXTERNAL]|this|{"profileName":"System Administrator"}|0x4d221b63
03:19:03.0 (140966564)|METHOD_ENTRY|[48]|01p0b000007wOE9|ProfilePermissionPageController.getprtLayout(List<Record_Type__c>, String)
03:19:03.0 (140971509)|VARIABLE_SCOPE_BEGIN|[55]|this|ProfilePermissionPageController|true|false
03:19:03.0 (140993156)|VARIABLE_ASSIGNMENT|[55]|this|{"pgLst":"0x5cd83566","pgMap":"0x121c809d","proRtMap":"0x6504de04"}|0x396bc3f9
03:19:03.0 (140999308)|VARIABLE_SCOPE_BEGIN|[55]|plLst|List<Record_Type__c>|true|false
03:19:03.0 (141055248)|VARIABLE_ASSIGNMENT|[55]|plLst|[{"Name":"ContactRT2","Object__c":"a090b00000YJqXlAAL","Profile__c":"a0B0b00000OS3vEEAT","isPermitted__c":true,"Id":"a0C0b00000WVTYzEAP","Object__r":{"Name":"Contact","Id":"a090b00000YJqXlAAL"},"Profile__r":{"Name":"Standard User","Id":"a0B0b00000OS3vEEAT"}},{"Name":"OpportunityRT1","Object__c":"a090b00000YJqXlAAL","Profile__c":"a0B0b00000OS3ufEAD","isPermitted__c":false,"Id":"a0C0b00000WVTZ4EAP","Object__r":{"Name":"Contact","Id":"a090b00000YJqXlAAL"},"Profile__r":{"Name":"System Administrator","Id":"a0B0b00000OS3ufEAD"}},{"Name":"ContactRT1","Object__c":"a090b00000YJtIlAAL","Profile__c":"a0B0b00000OS3ufEAD","isPermitted__c":false,"Id":"a0C0b00000WVTYuEAP","Object__r":{"Name":"Contact","Id":"a090b00000YJtIlAAL"},"Profile__r":{"Name":"System Administrator","Id":"a0B0b00000OS3ufEAD"}}]|0x24774220
03:19:03.0 (141069133)|VARIABLE_SCOPE_BEGIN|[55]|profileName|String|false|false
03:19:03.0 (141077660)|VARIABLE_ASSIGNMENT|[55]|profileName|"System Administrator"
03:19:03.0 (141082799)|STATEMENT_EXECUTE|[55]
03:19:03.0 (141084373)|STATEMENT_EXECUTE|[56]
03:19:03.0 (141095028)|HEAP_ALLOCATE|[56]|Bytes:4
03:19:03.0 (141102502)|VARIABLE_SCOPE_BEGIN|[56]|prtLayoutMap|Map<String,ProfilePermissionPageController.pageLayoutWrapper>|true|false
03:19:03.0 (141117335)|VARIABLE_ASSIGNMENT|[56]|prtLayoutMap|{}|0x7d6825be
03:19:03.0 (141137104)|HEAP_ALLOCATE|[57]|Bytes:5
03:19:03.0 (141147351)|HEAP_ALLOCATE|[57]|Bytes:32
03:19:03.0 (141153456)|VARIABLE_SCOPE_BEGIN|[57]|pl|Record_Type__c|true|false
03:19:03.0 (141175386)|VARIABLE_ASSIGNMENT|[57]|pl|{"Name":"ContactRT2","Object__c":"a090b00000YJqXlAAL","Profile__c":"a0B0b00000OS3vEEAT","isPermitted__c":true,"Id":"a0C0b00000WVTYzEAP","Object__r":{"Name":"Contact","Id":"a090b00000YJqXlAAL"},"Profile__r":{"Name":"Standard User","Id":"a0B0b00000OS3vEEAT"}}|0x94703ff
03:19:03.0 (141182926)|STATEMENT_EXECUTE|[57]
03:19:03.0 (141196703)|STATEMENT_EXECUTE|[58]
03:19:03.0 (141204521)|HEAP_ALLOCATE|[57]|Bytes:5
03:19:03.0 (141212722)|HEAP_ALLOCATE|[57]|Bytes:32
03:19:03.0 (141217532)|VARIABLE_SCOPE_BEGIN|[57]|pl|Record_Type__c|true|false
03:19:03.0 (141238131)|VARIABLE_ASSIGNMENT|[57]|pl|{"Name":"OpportunityRT1","Object__c":"a090b00000YJqXlAAL","Profile__c":"a0B0b00000OS3ufEAD","isPermitted__c":false,"Id":"a0C0b00000WVTZ4EAP","Object__r":{"Name":"Contact","Id":"a090b00000YJqXlAAL"},"Profile__r":{"Name":"System Administrator","Id":"a0B0b00000OS3ufEAD"}}|0x877d86c
03:19:03.0 (141245112)|STATEMENT_EXECUTE|[57]
03:19:03.0 (141257959)|STATEMENT_EXECUTE|[58]
03:19:03.0 (141259510)|STATEMENT_EXECUTE|[59]
03:19:03.0 (141263909)|HEAP_ALLOCATE|[59]|Bytes:12
03:19:03.0 (141271867)|CONSTRUCTOR_ENTRY|[59]|01p0b000007wOE9|<init>()|ProfilePermissionPageController.pageLayoutWrapper
03:19:03.0 (141278339)|VARIABLE_SCOPE_BEGIN|[136]|this|ProfilePermissionPageController.pageLayoutWrapper|true|false
03:19:03.0 (141296317)|VARIABLE_ASSIGNMENT|[136]|this|{}|0x1f37667f
03:19:03.0 (141310183)|STATEMENT_EXECUTE|[136]
03:19:03.0 (141311868)|STATEMENT_EXECUTE|[137]
03:19:03.0 (141313401)|STATEMENT_EXECUTE|[138]
03:19:03.0 (141317479)|CONSTRUCTOR_EXIT|[59]|01p0b000007wOE9|<init>()|ProfilePermissionPageController.pageLayoutWrapper
03:19:03.0 (141324193)|VARIABLE_SCOPE_BEGIN|[59]|plWrap|ProfilePermissionPageController.pageLayoutWrapper|true|false
03:19:03.0 (141339276)|VARIABLE_ASSIGNMENT|[59]|plWrap|{}|0x1f37667f
03:19:03.0 (141344280)|STATEMENT_EXECUTE|[60]
03:19:03.0 (141360770)|VARIABLE_ASSIGNMENT|[EXTERNAL]|this|{}|0x1f37667f
03:19:03.0 (141368930)|VARIABLE_ASSIGNMENT|[EXTERNAL]|value|false
03:19:03.0 (141377972)|VARIABLE_ASSIGNMENT|[138]|this.isPermitted|false|0x1f37667f
03:19:03.0 (141385642)|STATEMENT_EXECUTE|[62]
03:19:03.0 (141406380)|VARIABLE_ASSIGNMENT|[62]|this.sobj|{"Name":"OpportunityRT1","Object__c":"a090b00000YJqXlAAL","Profile__c":"a0B0b00000OS3ufEAD","isPermitted__c":false,"Id":"a0C0b00000WVTZ4EAP","Object__r":{"Name":"Contact","Id":"a090b00000YJqXlAAL"},"Profile__r":{"Name":"System Administrator","Id":"a0B0b00000OS3ufEAD"}}|0x1f37667f
03:19:03.0 (141413718)|STATEMENT_EXECUTE|[63]
03:19:03.0 (141424012)|HEAP_ALLOCATE|[EXTERNAL]|Bytes:-4
03:19:03.0 (141436317)|HEAP_ALLOCATE|[57]|Bytes:5
03:19:03.0 (141445556)|HEAP_ALLOCATE|[57]|Bytes:32
03:19:03.0 (141451029)|VARIABLE_SCOPE_BEGIN|[57]|pl|Record_Type__c|true|false
03:19:03.0 (141472116)|VARIABLE_ASSIGNMENT|[57]|pl|{"Name":"ContactRT1","Object__c":"a090b00000YJtIlAAL","Profile__c":"a0B0b00000OS3ufEAD","isPermitted__c":false,"Id":"a0C0b00000WVTYuEAP","Object__r":{"Name":"Contact","Id":"a090b00000YJtIlAAL"},"Profile__r":{"Name":"System Administrator","Id":"a0B0b00000OS3ufEAD"}}|0x4bde9a3d
03:19:03.0 (141479711)|STATEMENT_EXECUTE|[57]
03:19:03.0 (141493765)|STATEMENT_EXECUTE|[58]
03:19:03.0 (141495405)|STATEMENT_EXECUTE|[59]
03:19:03.0 (141499295)|HEAP_ALLOCATE|[59]|Bytes:12
03:19:03.0 (141506005)|CONSTRUCTOR_ENTRY|[59]|01p0b000007wOE9|<init>()|ProfilePermissionPageController.pageLayoutWrapper
03:19:03.0 (141512176)|VARIABLE_SCOPE_BEGIN|[136]|this|ProfilePermissionPageController.pageLayoutWrapper|true|false
03:19:03.0 (141528591)|VARIABLE_ASSIGNMENT|[136]|this|{}|0x31e7214
03:19:03.0 (141541347)|STATEMENT_EXECUTE|[136]
03:19:03.0 (141543055)|STATEMENT_EXECUTE|[137]
03:19:03.0 (141544542)|STATEMENT_EXECUTE|[138]
03:19:03.0 (141548140)|CONSTRUCTOR_EXIT|[59]|01p0b000007wOE9|<init>()|ProfilePermissionPageController.pageLayoutWrapper
03:19:03.0 (141555277)|VARIABLE_SCOPE_BEGIN|[59]|plWrap|ProfilePermissionPageController.pageLayoutWrapper|true|false
03:19:03.0 (141569559)|VARIABLE_ASSIGNMENT|[59]|plWrap|{}|0x31e7214
03:19:03.0 (141579001)|STATEMENT_EXECUTE|[60]
03:19:03.0 (141595562)|VARIABLE_ASSIGNMENT|[EXTERNAL]|this|{}|0x31e7214
03:19:03.0 (141604136)|VARIABLE_ASSIGNMENT|[EXTERNAL]|value|false
03:19:03.0 (141611827)|VARIABLE_ASSIGNMENT|[138]|this.isPermitted|false|0x31e7214
03:19:03.0 (141620170)|STATEMENT_EXECUTE|[62]
03:19:03.0 (141639238)|VARIABLE_ASSIGNMENT|[62]|this.sobj|{"Name":"ContactRT1","Object__c":"a090b00000YJtIlAAL","Profile__c":"a0B0b00000OS3ufEAD","isPermitted__c":false,"Id":"a0C0b00000WVTYuEAP","Object__r":{"Name":"Contact","Id":"a090b00000YJtIlAAL"},"Profile__r":{"Name":"System Administrator","Id":"a0B0b00000OS3ufEAD"}}|0x31e7214
03:19:03.0 (141646869)|STATEMENT_EXECUTE|[63]
03:19:03.0 (141657646)|HEAP_ALLOCATE|[EXTERNAL]|Bytes:-4
03:19:03.0 (141669370)|HEAP_ALLOCATE|[57]|Bytes:5
03:19:03.0 (141679414)|VARIABLE_ASSIGNMENT|[57]|pl|null|
03:19:03.0 (141684012)|STATEMENT_EXECUTE|[79]
03:19:03.0 (141688107)|METHOD_EXIT|[48]|01p0b000007wOE9|ProfilePermissionPageController.getprtLayout(List<Record_Type__c>, String)
03:19:03.0 (141708887)|VARIABLE_ASSIGNMENT|[EXTERNAL]|this|{"profileName":"System Administrator"}|0x4d221b63
03:19:03.0 (141759345)|VARIABLE_ASSIGNMENT|[EXTERNAL]|value|{"OpportunityRT1":{"isPermitted":false,"sobj":{"Name":"OpportunityRT1","Object__c":"a090b00000YJqXlAAL","Profile__c":"a0B0b00000OS3ufEAD","isPermitted__c":false,"Id":"a0C0b00000WVTZ4EAP","Object__r":{"Name":"Contact","Id":"a090b00000YJqXlAAL"},"Profile__r":{"Name":"System Administrator","Id":"a0B0b00000OS3ufEAD"}}},"ContactRT1":{"isPermitted":false,"sobj":{"Name":"ContactRT1","Object__c":"a090b00000YJtIlAAL","Profile__c":"a0B0b00000OS3ufEAD","isPermitted__c":false,"Id":"a0C0b00000WVTYuEAP","Object__r":{"Name":"Contact","Id":"a090b00000YJtIlAAL"},"Profile__r":{"Name":"System Administrator","Id":"a0B0b00000OS3ufEAD"}}}}|0x7d6825be
03:19:03.0 (141811416)|VARIABLE_ASSIGNMENT|[129]|this.prtLayout|{"OpportunityRT1":{"isPermitted":false,"sobj":{"Name":"OpportunityRT1","Object__c":"a090b00000YJqXlAAL","Profile__c":"a0B0b00000OS3ufEAD","isPermitted__c":false,"Id":"a0C0b00000WVTZ4EAP","Object__r":{"Name":"Contact","Id":"a090b00000YJqXlAAL"},"Profile__r":{"Name":"System Administrator","Id":"a0B0b00000OS3ufEAD"}}},"ContactRT1":{"isPermitted":false,"sobj":{"Name":"ContactRT1","Object__c":"a090b00000YJtIlAAL","Profile__c":"a0B0b00000OS3ufEAD","isPermitted__c":false,"Id":"a0C0b00000WVTYuEAP","Object__r":{"Name":"Contact","Id":"a090b00000YJtIlAAL"},"Profile__r":{"Name":"System Administrator","Id":"a0B0b00000OS3ufEAD"}}}}|0x4d221b63
03:19:03.0 (141825152)|STATEMENT_EXECUTE|[49]
03:19:03.0 (141832024)|HEAP_ALLOCATE|[EXTERNAL]|Bytes:4
03:19:03.0 (141843661)|HEAP_ALLOCATE|[42]|Bytes:5
03:19:03.0 (141852762)|HEAP_ALLOCATE|[42]|Bytes:32
03:19:03.0 (141858666)|VARIABLE_SCOPE_BEGIN|[42]|pl|Record_Type__c|true|false
03:19:03.0 (141881038)|VARIABLE_ASSIGNMENT|[42]|pl|{"Name":"ContactRT1","Object__c":"a090b00000YJtIlAAL","Profile__c":"a0B0b00000OS3ufEAD","isPermitted__c":false,"Id":"a0C0b00000WVTYuEAP","Object__r":{"Name":"Contact","Id":"a090b00000YJtIlAAL"},"Profile__r":{"Name":"System Administrator","Id":"a0B0b00000OS3ufEAD"}}|0x4bde9a3d
03:19:03.0 (141887992)|STATEMENT_EXECUTE|[42]
03:19:03.0 (141903122)|STATEMENT_EXECUTE|[43]
03:19:03.0 (141909796)|HEAP_ALLOCATE|[42]|Bytes:5
03:19:03.0 (141931139)|VARIABLE_ASSIGNMENT|[42]|pl|null|
03:19:03.0 (141936866)|STATEMENT_EXECUTE|[52]
03:19:03.0 (141941861)|METHOD_EXIT|[30]|01p0b000007wOE9|ProfilePermissionPageController.getprofWrapLst(List<Record_Type__c>, List<String>, List<System.SelectOption>)
03:19:03.0 (141965472)|VARIABLE_ASSIGNMENT|[EXTERNAL]|this|{"rtWrapLst":"0x2cfce3"}|0x70d1ddd7
03:19:03.0 (141992815)|VARIABLE_ASSIGNMENT|[EXTERNAL]|value|[{"profileName":"Standard User","prtLayout":"0x6a71199d"},{"profileName":"System Administrator","prtLayout":"0x7d6825be"}]|0x95f27d3
03:19:03.0 (142017353)|VARIABLE_ASSIGNMENT|[123]|this.profWrapLst|[{"profileName":"Standard User","prtLayout":"0x6a71199d"},{"profileName":"System Administrator","prtLayout":"0x7d6825be"}]|0x70d1ddd7
03:19:03.0 (142027107)|STATEMENT_EXECUTE|[31]
03:19:03.0 (142047167)|VARIABLE_ASSIGNMENT|[EXTERNAL]|this|{"pgLst":"0x5cd83566","pgMap":"0x121c809d","proRtMap":"0x6504de04"}|0x396bc3f9
03:19:03.0 (142061379)|HEAP_ALLOCATE|[EXTERNAL]|Bytes:-4
03:19:03.0 (142073485)|HEAP_ALLOCATE|[26]|Bytes:5
03:19:03.0 (142083655)|VARIABLE_ASSIGNMENT|[26]|objName|null
03:19:03.0 (142090329)|METHOD_EXIT|[21]|01p0b000007wOE9|ProfilePermissionPageController.initproRtMap()
03:19:03.0 (142121976)|VF_APEX_CALL_END|ProfilePermissionPageController <init>|ProfilePermissionPageController
03:19:03.0 (142192938)|VF_APEX_CALL_START|[EXTERNAL]|01p0b000007wOE9|ProfilePermissionPageController get(proRtMap)|ProfilePermissionPageController
03:19:03.0 (142209420)|SYSTEM_MODE_ENTER|true
03:19:03.0 (142225461)|VF_APEX_CALL_START|[EXTERNAL]|01p0b000007wOE9|proRtMap|ProfilePermissionPageController
03:19:03.0 (142239981)|VF_APEX_CALL_END|proRtMap|ProfilePermissionPageController
03:19:03.0 (142256027)|VF_APEX_CALL_END|ProfilePermissionPageController get(proRtMap)|ProfilePermissionPageController
03:19:03.0 (143129866)|VF_EVALUATE_FORMULA_BEGIN|0660b000002BHj6|#{proRtMap[objName].profWrapLst}
03:19:03.0 (143218692)|VF_APEX_CALL_START|[EXTERNAL]|01p0b000007wOE9|profWrapLst|ProfilePermissionPageController.ProfRTType
03:19:03.0 (143239917)|VF_APEX_CALL_END|profWrapLst|ProfilePermissionPageController.ProfRTType
03:19:03.0 (143348125)|VF_EVALUATE_FORMULA_END
03:19:03.0 (143458320)|VF_EVALUATE_FORMULA_BEGIN|0660b000002BHj6|#{proRtMap[objName].profWrapLst}
03:19:03.0 (143499319)|VF_EVALUATE_FORMULA_END
03:19:03.0 (143523607)|VF_EVALUATE_FORMULA_BEGIN|0660b000002BHj6|#{proRtMap[objName].profWrapLst}
03:19:03.0 (143557105)|VF_EVALUATE_FORMULA_END
03:19:03.0 (143580639)|VF_EVALUATE_FORMULA_BEGIN|0660b000002BHj6|#{proRtMap[objName].rtWrapLst}
03:19:03.0 (143621970)|VF_APEX_CALL_START|[EXTERNAL]|01p0b000007wOE9|rtWrapLst|ProfilePermissionPageController.ProfRTType
03:19:03.0 (143639857)|VF_APEX_CALL_END|rtWrapLst|ProfilePermissionPageController.ProfRTType
03:19:03.0 (143663525)|VF_EVALUATE_FORMULA_END
03:19:03.0 (143674732)|VF_EVALUATE_FORMULA_BEGIN|0660b000002BHj6|#{proRtMap[objName].rtWrapLst}
03:19:03.0 (143700587)|VF_EVALUATE_FORMULA_END
03:19:03.0 (143779085)|VF_EVALUATE_FORMULA_BEGIN|0660b000002BHj6|#{proRtMap[objName].rtWrapLst}
03:19:03.0 (143808004)|VF_EVALUATE_FORMULA_END
03:19:03.0 (143816346)|VF_EVALUATE_FORMULA_BEGIN|0660b000002BHj6|#{proRtMap[objName].rtWrapLst}
03:19:03.0 (143837300)|VF_EVALUATE_FORMULA_END
03:19:03.0 (143888267)|VF_EVALUATE_FORMULA_BEGIN|0660b000002BHj6|#{proRtMap[objName].profWrapLst}
03:19:03.0 (143913406)|VF_EVALUATE_FORMULA_END
03:19:03.0 (143921357)|VF_EVALUATE_FORMULA_BEGIN|0660b000002BHj6|#{proRtMap[objName].profWrapLst}
03:19:03.0 (143941684)|VF_EVALUATE_FORMULA_END
03:19:03.0 (143962774)|VF_EVALUATE_FORMULA_BEGIN|0660b000002BHj6|#{proRtMap[objName].rtWrapLst}
03:19:03.0 (143984948)|VF_EVALUATE_FORMULA_END
03:19:03.0 (143992782)|VF_EVALUATE_FORMULA_BEGIN|0660b000002BHj6|#{proRtMap[objName].rtWrapLst}
03:19:03.0 (144013023)|VF_EVALUATE_FORMULA_END
03:19:03.0 (144064855)|VF_EVALUATE_FORMULA_BEGIN|0660b000002BHj6|#{proRtMap[objName].rtWrapLst}
03:19:03.0 (144090087)|VF_EVALUATE_FORMULA_END
03:19:03.0 (144097952)|VF_EVALUATE_FORMULA_BEGIN|0660b000002BHj6|#{proRtMap[objName].rtWrapLst}
03:19:03.0 (144117643)|VF_EVALUATE_FORMULA_END
03:19:03.0 (144185855)|VF_EVALUATE_FORMULA_BEGIN|0660b000002BHj6|#{proRtMap[objName].rtWrapLst}
03:19:03.0 (144211232)|VF_EVALUATE_FORMULA_END
03:19:03.0 (144232468)|VF_EVALUATE_FORMULA_BEGIN|0660b000002BHj6|#{proRtMap[objName].rtWrapLst}
03:19:03.0 (144255287)|VF_EVALUATE_FORMULA_END
03:19:03.0 (144262682)|VF_EVALUATE_FORMULA_BEGIN|0660b000002BHj6|#{proRtMap[objName].rtWrapLst}
03:19:03.0 (144281847)|VF_EVALUATE_FORMULA_END
03:19:03.0 (144362466)|VF_APEX_CALL_START|[EXTERNAL]|01p0b000007wOE9|prtLayout|ProfilePermissionPageController.ProfileWrapper
03:19:03.0 (144381835)|VF_APEX_CALL_END|prtLayout|ProfilePermissionPageController.ProfileWrapper
03:19:03.0 (144423401)|VF_APEX_CALL_START|[EXTERNAL]|01p0b000007wOE9|recordTypeName|ProfilePermissionPageController.RecordTypeWrapper
03:19:03.0 (144438823)|VF_APEX_CALL_END|recordTypeName|ProfilePermissionPageController.RecordTypeWrapper
03:19:03.0 (144520868)|VF_APEX_CALL_START|[EXTERNAL]|01p0b000007wOE9|recordTypeName|ProfilePermissionPageController.RecordTypeWrapper
03:19:03.0 (144535325)|VF_APEX_CALL_END|recordTypeName|ProfilePermissionPageController.RecordTypeWrapper
03:19:03.0 (145208430)|VF_EVALUATE_FORMULA_BEGIN|0660b000002BHj6|#{proRtMap[objName].rtWrapLst}
03:19:03.0 (145255154)|VF_EVALUATE_FORMULA_END
03:19:03.0 (145267172)|VF_EVALUATE_FORMULA_BEGIN|0660b000002BHj6|#{proRtMap[objName].rtWrapLst}
03:19:03.0 (145292356)|VF_EVALUATE_FORMULA_END
03:19:03.0 (145371733)|VF_EVALUATE_FORMULA_BEGIN|0660b000002BHj6|#{proRtMap[objName].rtWrapLst}
03:19:03.0 (145401818)|VF_EVALUATE_FORMULA_END
03:19:03.0 (145410551)|VF_EVALUATE_FORMULA_BEGIN|0660b000002BHj6|#{proRtMap[objName].rtWrapLst}
03:19:03.0 (145430721)|VF_EVALUATE_FORMULA_END
03:19:03.233 (233874586)|CUMULATIVE_LIMIT_USAGE
03:19:03.233 (233874586)|LIMIT_USAGE_FOR_NS|(default)|
  Number of SOQL queries: 1 out of 100
  Number of query rows: 5 out of 50000
  Number of SOSL queries: 0 out of 20
  Number of DML statements: 0 out of 150
  Number of DML rows: 0 out of 10000
  Maximum CPU time: 0 out of 10000
  Maximum heap size: 0 out of 6000000
  Number of callouts: 0 out of 100
  Number of Email Invocations: 0 out of 10
  Number of future calls: 0 out of 50
  Number of queueable jobs added to the queue: 0 out of 50
  Number of Mobile Apex push calls: 0 out of 10

03:19:03.233 (233874586)|CUMULATIVE_LIMIT_USAGE_END

03:19:03.0 (233961097)|CODE_UNIT_FINISHED|VF: /apex/ProfilePermissionPage
03:19:03.0 (235106456)|EXECUTION_FINISHED
