45.0 APEX_CODE,FINEST;APEX_PROFILING,INFO;CALLOUT,INFO;DB,INFO;NBA,INFO;SYSTEM,DEBUG;VALIDATION,INFO;VISUALFORCE,FINER;WAVE,INFO;WORKFLOW,INFO
03:44:06.1 (1908862)|USER_INFO|[EXTERNAL]|0050b000004RFh7|sales@alienbrainz.com.sf|(GMT-07:00) Pacific Daylight Time (America/Los_Angeles)|GMT-07:00
03:44:06.1 (1982174)|EXECUTION_STARTED
03:44:06.1 (1991125)|CODE_UNIT_STARTED|[EXTERNAL]|0660b000002BHj6|VF: /apex/ProfilePermissionPage
03:44:06.4 (4557652)|VF_APEX_CALL_START|[EXTERNAL]|/apexpage/pagemessagescomponentcontroller.apex <init>
03:44:06.4 (4603284)|SYSTEM_MODE_ENTER|true
03:44:06.5 (5307690)|VF_APEX_CALL_START|[EXTERNAL]|/apexpage/pagemessagescomponentcontroller.apex set(conEscape)
03:44:06.5 (5322088)|SYSTEM_MODE_ENTER|true
03:44:06.5 (5339959)|VF_APEX_CALL_START|[EXTERNAL]|PageMessagesComponentController set(conEscape)
03:44:06.5 (5364649)|VF_APEX_CALL_START|[EXTERNAL]|PageMessagesComponentController invoke(setconEscape)
03:44:06.5 (5411994)|HEAP_ALLOCATE|[EXTERNAL]|Bytes:8
03:44:06.5 (5436944)|VARIABLE_SCOPE_BEGIN|[88]|this|ApexPage.PageMessagesComponentController|true|false
03:44:06.5 (5602660)|VARIABLE_ASSIGNMENT|[88]|this|{}|0x7662f23e
03:44:06.5 (5611167)|VARIABLE_SCOPE_BEGIN|[88]|escape|Boolean|false|false
03:44:06.5 (5620911)|VARIABLE_ASSIGNMENT|[88]|escape|null
03:44:06.5 (5817258)|VF_APEX_CALL_START|[EXTERNAL]|/apexpage/pagemessagescomponentcontroller.apex get(severities)
03:44:06.5 (5829866)|SYSTEM_MODE_ENTER|true
03:44:06.5 (5844708)|VF_APEX_CALL_START|[EXTERNAL]|PageMessagesComponentController invoke(getseverities)
03:44:06.5 (5879971)|HEAP_ALLOCATE|[EXTERNAL]|Bytes:8
03:44:06.5 (5890186)|VARIABLE_SCOPE_BEGIN|[2]|this|ApexPage.PageMessagesComponentController|true|false
03:44:06.5 (5913963)|VARIABLE_ASSIGNMENT|[2]|this|{}|0x7662f23e
03:44:06.1 (6950301)|VF_APEX_CALL_START|[EXTERNAL]|01p0b000007wOE9|ProfilePermissionPageController <init>|ProfilePermissionPageController
03:44:06.1 (6967316)|SYSTEM_MODE_ENTER|true
03:44:06.1 (7229631)|HEAP_ALLOCATE|[EXTERNAL]|Bytes:61
03:44:06.1 (7260971)|HEAP_ALLOCATE|[EXTERNAL]|Bytes:88
03:44:06.1 (7267030)|HEAP_ALLOCATE|[EXTERNAL]|Bytes:21
03:44:06.1 (7271011)|HEAP_ALLOCATE|[EXTERNAL]|Bytes:2
03:44:06.1 (7286183)|METHOD_ENTRY|[1]|01p0b000007wOE9|ProfilePermissionPageController.ProfilePermissionPageController()
03:44:06.1 (7292959)|STATEMENT_EXECUTE|[1]
03:44:06.1 (7298023)|STATEMENT_EXECUTE|[1]
03:44:06.1 (7299671)|STATEMENT_EXECUTE|[122]
03:44:06.1 (7301506)|STATEMENT_EXECUTE|[127]
03:44:06.1 (7303072)|STATEMENT_EXECUTE|[132]
03:44:06.1 (7304761)|STATEMENT_EXECUTE|[136]
03:44:06.1 (7310414)|METHOD_EXIT|[1]|ProfilePermissionPageController
03:44:06.1 (7417561)|HEAP_ALLOCATE|[EXTERNAL]|Bytes:16
03:44:06.1 (7427327)|VARIABLE_SCOPE_BEGIN|[7]|this|ProfilePermissionPageController|true|false
03:44:06.1 (7465527)|VARIABLE_ASSIGNMENT|[7]|this|{}|0x3936d76b
03:44:06.1 (7475621)|STATEMENT_EXECUTE|[1]
03:44:06.1 (7477580)|STATEMENT_EXECUTE|[3]
03:44:06.1 (7479751)|STATEMENT_EXECUTE|[4]
03:44:06.1 (7481221)|STATEMENT_EXECUTE|[5]
03:44:06.1 (7497262)|STATEMENT_EXECUTE|[7]
03:44:06.1 (7498992)|STATEMENT_EXECUTE|[8]
03:44:06.1 (7502745)|HEAP_ALLOCATE|[8]|Bytes:123
03:44:06.1 (7531380)|HEAP_ALLOCATE|[8]|Bytes:4
03:44:06.1 (8153490)|SOQL_EXECUTE_BEGIN|[8]|Aggregations:0|SELECT Name, Object__r.Name, Profile__r.Name, isPermitted__c FROM Record_Type__c ORDER BY Object__c ASC NULLS FIRST LIMIT 2
03:44:06.1 (18317019)|SOQL_EXECUTE_END|[8]|Rows:2
03:44:06.1 (18359131)|HEAP_ALLOCATE|[8]|Bytes:12
03:44:06.1 (18389692)|HEAP_ALLOCATE|[8]|Bytes:462
03:44:06.1 (18429141)|HEAP_ALLOCATE|[8]|Bytes:12
03:44:06.1 (18517310)|VARIABLE_ASSIGNMENT|[8]|this.pgLst|[{"Name":"AccountRT2","Object__c":"a090b00000YJqLWAA1","Profile__c":"a0B0b00000OS3vIEAT","isPermitted__c":true,"Id":"a0C0b00000WVTYpEAP","Object__r":{"Name":"Account","Id":"a090b00000YJqLWAA1"},"Profile__r":{"Name":"installer","Id":"a0B0b00000OS3vIEAT"}},{"Name":"AccountRT1","Object__c":"a090b00000YJqLWAA1","Profile__c":"a0B0b00000OS3ufEAD","isPermitted__c":true,"Id":"a0C0b00000WVTYkEAP","Object__r":{"Name":"Account","Id":"a090b00000YJqLWAA1"},"Profile__r":{"Name":"System Administrator","Id":"a0B0b00000OS3ufEAD"}}]|0x3936d76b
03:44:06.1 (18535411)|STATEMENT_EXECUTE|[9]
03:44:06.1 (18558463)|HEAP_ALLOCATE|[9]|Bytes:4
03:44:06.1 (18600676)|VARIABLE_ASSIGNMENT|[9]|this.pgMap|{}|0x3936d76b
03:44:06.1 (18607983)|STATEMENT_EXECUTE|[10]
03:44:06.1 (18616151)|HEAP_ALLOCATE|[10]|Bytes:4
03:44:06.1 (18686804)|VARIABLE_SCOPE_BEGIN|[10]|pgl|List<Record_Type__c>|true|false
03:44:06.1 (18701211)|HEAP_ALLOCATE|[EXTERNAL]|Bytes:4
03:44:06.1 (18712788)|VARIABLE_ASSIGNMENT|[10]|pgl|[]|0x66c4dfed
03:44:06.1 (18880693)|HEAP_ALLOCATE|[11]|Bytes:5
03:44:06.1 (18935980)|HEAP_ALLOCATE|[11]|Bytes:32
03:44:06.1 (18946355)|VARIABLE_SCOPE_BEGIN|[11]|pg|Record_Type__c|true|false
03:44:06.1 (18990869)|VARIABLE_ASSIGNMENT|[11]|pg|{"Name":"AccountRT2","Object__c":"a090b00000YJqLWAA1","Profile__c":"a0B0b00000OS3vIEAT","isPermitted__c":true,"Id":"a0C0b00000WVTYpEAP","Object__r":{"Name":"Account","Id":"a090b00000YJqLWAA1"},"Profile__r":{"Name":"installer","Id":"a0B0b00000OS3vIEAT"}}|0x65c0763b
03:44:06.1 (19001404)|STATEMENT_EXECUTE|[11]
03:44:06.1 (19177138)|STATEMENT_EXECUTE|[15]
03:44:06.1 (19179938)|STATEMENT_EXECUTE|[16]
03:44:06.1 (19189977)|HEAP_ALLOCATE|[16]|Bytes:4
03:44:06.1 (19211869)|HEAP_ALLOCATE|[EXTERNAL]|Bytes:4
03:44:06.1 (19222205)|VARIABLE_ASSIGNMENT|[16]|pgl|[]|0x3728f744
03:44:06.1 (19228889)|STATEMENT_EXECUTE|[17]
03:44:06.1 (19250601)|HEAP_ALLOCATE|[EXTERNAL]|Bytes:4
03:44:06.1 (19257868)|STATEMENT_EXECUTE|[18]
03:44:06.1 (19286962)|HEAP_ALLOCATE|[EXTERNAL]|Bytes:-4
03:44:06.1 (19304254)|HEAP_ALLOCATE|[11]|Bytes:5
03:44:06.1 (19319900)|HEAP_ALLOCATE|[11]|Bytes:32
03:44:06.1 (19327487)|VARIABLE_SCOPE_BEGIN|[11]|pg|Record_Type__c|true|false
03:44:06.1 (19355594)|VARIABLE_ASSIGNMENT|[11]|pg|{"Name":"AccountRT1","Object__c":"a090b00000YJqLWAA1","Profile__c":"a0B0b00000OS3ufEAD","isPermitted__c":true,"Id":"a0C0b00000WVTYkEAP","Object__r":{"Name":"Account","Id":"a090b00000YJqLWAA1"},"Profile__r":{"Name":"System Administrator","Id":"a0B0b00000OS3ufEAD"}}|0x64f9a05f
03:44:06.1 (19364455)|STATEMENT_EXECUTE|[11]
03:44:06.1 (19380752)|STATEMENT_EXECUTE|[12]
03:44:06.1 (19382457)|STATEMENT_EXECUTE|[13]
03:44:06.1 (19400217)|HEAP_ALLOCATE|[EXTERNAL]|Bytes:4
03:44:06.1 (19407020)|STATEMENT_EXECUTE|[14]
03:44:06.1 (19452368)|HEAP_ALLOCATE|[11]|Bytes:5
03:44:06.1 (19466086)|VARIABLE_ASSIGNMENT|[11]|pg|null|
03:44:06.1 (19472256)|STATEMENT_EXECUTE|[21]
03:44:06.1 (19494864)|METHOD_ENTRY|[21]|01p0b000007wOE9|ProfilePermissionPageController.initproRtMap()
03:44:06.1 (19519154)|VARIABLE_SCOPE_BEGIN|[24]|this|ProfilePermissionPageController|true|false
03:44:06.1 (19558987)|VARIABLE_ASSIGNMENT|[24]|this|{"pgLst":"0x6c31b525","pgMap":"0xa10102"}|0x3936d76b
03:44:06.1 (19568982)|STATEMENT_EXECUTE|[24]
03:44:06.1 (19570697)|STATEMENT_EXECUTE|[25]
03:44:06.1 (19583163)|HEAP_ALLOCATE|[25]|Bytes:4
03:44:06.1 (19670892)|VARIABLE_ASSIGNMENT|[EXTERNAL]|this|{"pgLst":"0x6c31b525","pgMap":"0xa10102"}|0x3936d76b
03:44:06.1 (19685756)|VARIABLE_ASSIGNMENT|[EXTERNAL]|value|{}|0x7c0e8f0b
03:44:06.1 (19698734)|VARIABLE_ASSIGNMENT|[5]|this.proRtMap|{}|0x3936d76b
03:44:06.1 (19728105)|HEAP_ALLOCATE|[26]|Bytes:4
03:44:06.1 (19769629)|HEAP_ALLOCATE|[26]|Bytes:15
03:44:06.1 (19786233)|HEAP_ALLOCATE|[26]|Bytes:4
03:44:06.1 (19811958)|HEAP_ALLOCATE|[26]|Bytes:5
03:44:06.1 (19825039)|VARIABLE_SCOPE_BEGIN|[26]|objName|String|false|false
03:44:06.1 (19837199)|VARIABLE_ASSIGNMENT|[26]|objName|"Account"
03:44:06.1 (19842845)|STATEMENT_EXECUTE|[26]
03:44:06.1 (19844542)|STATEMENT_EXECUTE|[27]
03:44:06.1 (19927444)|HEAP_ALLOCATE|[27]|Bytes:116
03:44:06.1 (19936309)|HEAP_ALLOCATE|[27]|Bytes:7
03:44:06.1 (20343040)|HEAP_ALLOCATE|[27]|Bytes:12
03:44:06.1 (20363201)|CONSTRUCTOR_ENTRY|[27]|01p0b000007wOE9|<init>()|ProfilePermissionPageController.ProfRTType
03:44:06.1 (20386591)|VARIABLE_SCOPE_BEGIN|[122]|this|ProfilePermissionPageController.ProfRTType|true|false
03:44:06.1 (20415090)|VARIABLE_ASSIGNMENT|[122]|this|{}|0x15d62e8f
03:44:06.1 (20437482)|STATEMENT_EXECUTE|[122]
03:44:06.1 (20439810)|STATEMENT_EXECUTE|[123]
03:44:06.1 (20441607)|STATEMENT_EXECUTE|[124]
03:44:06.1 (20445792)|CONSTRUCTOR_EXIT|[27]|01p0b000007wOE9|<init>()|ProfilePermissionPageController.ProfRTType
03:44:06.1 (20453796)|VARIABLE_SCOPE_BEGIN|[27]|prt|ProfilePermissionPageController.ProfRTType|true|false
03:44:06.1 (20469388)|VARIABLE_ASSIGNMENT|[27]|prt|{}|0x15d62e8f
03:44:06.1 (20476080)|STATEMENT_EXECUTE|[28]
03:44:06.1 (20485571)|HEAP_ALLOCATE|[28]|Bytes:4
03:44:06.1 (20504635)|VARIABLE_SCOPE_BEGIN|[28]|allRtNames|List<String>|true|false
03:44:06.1 (20528327)|HEAP_ALLOCATE|[EXTERNAL]|Bytes:4
03:44:06.1 (20539513)|VARIABLE_ASSIGNMENT|[28]|allRtNames|[]|0x7fdb37dc
03:44:06.1 (20548824)|STATEMENT_EXECUTE|[29]
03:44:06.1 (20616751)|METHOD_ENTRY|[29]|01p0b000007wOE9|ProfilePermissionPageController.getrtWrapLst(List<Record_Type__c>, List<String>)
03:44:06.1 (20625518)|VARIABLE_SCOPE_BEGIN|[82]|this|ProfilePermissionPageController|true|false
03:44:06.1 (20678004)|VARIABLE_ASSIGNMENT|[82]|this|{"pgLst":"0x6c31b525","pgMap":"0xa10102","proRtMap":"0x7c0e8f0b"}|0x3936d76b
03:44:06.1 (20686484)|VARIABLE_SCOPE_BEGIN|[82]|plLst|List<Record_Type__c>|true|false
03:44:06.1 (20730546)|VARIABLE_ASSIGNMENT|[82]|plLst|[{"Name":"AccountRT2","Object__c":"a090b00000YJqLWAA1","Profile__c":"a0B0b00000OS3vIEAT","isPermitted__c":true,"Id":"a0C0b00000WVTYpEAP","Object__r":{"Name":"Account","Id":"a090b00000YJqLWAA1"},"Profile__r":{"Name":"installer","Id":"a0B0b00000OS3vIEAT"}},{"Name":"AccountRT1","Object__c":"a090b00000YJqLWAA1","Profile__c":"a0B0b00000OS3ufEAD","isPermitted__c":true,"Id":"a0C0b00000WVTYkEAP","Object__r":{"Name":"Account","Id":"a090b00000YJqLWAA1"},"Profile__r":{"Name":"System Administrator","Id":"a0B0b00000OS3ufEAD"}}]|0x3728f744
03:44:06.1 (20742572)|VARIABLE_SCOPE_BEGIN|[82]|allRtNames|List<String>|true|false
03:44:06.1 (20751593)|VARIABLE_ASSIGNMENT|[82]|allRtNames|[]|0x7fdb37dc
03:44:06.1 (20759326)|STATEMENT_EXECUTE|[82]
03:44:06.1 (20761180)|STATEMENT_EXECUTE|[83]
03:44:06.1 (21075223)|HEAP_ALLOCATE|[83]|Bytes:4
03:44:06.1 (21121628)|VARIABLE_SCOPE_BEGIN|[83]|rtTypeWrapLst|List<ProfilePermissionPageController.RecordTypeWrapper>|true|false
03:44:06.1 (21139417)|HEAP_ALLOCATE|[EXTERNAL]|Bytes:4
03:44:06.1 (21148947)|VARIABLE_ASSIGNMENT|[83]|rtTypeWrapLst|[]|0x56dadc28
03:44:06.1 (21154956)|STATEMENT_EXECUTE|[84]
03:44:06.1 (21162311)|HEAP_ALLOCATE|[84]|Bytes:4
03:44:06.1 (21177106)|VARIABLE_SCOPE_BEGIN|[84]|rtTypeName|List<String>|true|false
03:44:06.1 (21195018)|HEAP_ALLOCATE|[EXTERNAL]|Bytes:4
03:44:06.1 (21202030)|VARIABLE_ASSIGNMENT|[84]|rtTypeName|[]|0x725c322a
03:44:06.1 (21235908)|HEAP_ALLOCATE|[85]|Bytes:5
03:44:06.1 (21250508)|HEAP_ALLOCATE|[85]|Bytes:32
03:44:06.1 (21257665)|VARIABLE_SCOPE_BEGIN|[85]|pl|Record_Type__c|true|false
03:44:06.1 (21283655)|VARIABLE_ASSIGNMENT|[85]|pl|{"Name":"AccountRT2","Object__c":"a090b00000YJqLWAA1","Profile__c":"a0B0b00000OS3vIEAT","isPermitted__c":true,"Id":"a0C0b00000WVTYpEAP","Object__r":{"Name":"Account","Id":"a090b00000YJqLWAA1"},"Profile__r":{"Name":"installer","Id":"a0B0b00000OS3vIEAT"}}|0x65c0763b
03:44:06.1 (21293013)|STATEMENT_EXECUTE|[85]
03:44:06.1 (21374361)|STATEMENT_EXECUTE|[86]
03:44:06.1 (21376957)|STATEMENT_EXECUTE|[87]
03:44:06.1 (21401188)|HEAP_ALLOCATE|[EXTERNAL]|Bytes:4
03:44:06.1 (21410115)|STATEMENT_EXECUTE|[88]
03:44:06.1 (21424114)|HEAP_ALLOCATE|[EXTERNAL]|Bytes:4
03:44:06.1 (21430471)|STATEMENT_EXECUTE|[89]
03:44:06.1 (21468274)|HEAP_ALLOCATE|[89]|Bytes:96
03:44:06.1 (21475608)|HEAP_ALLOCATE|[89]|Bytes:3
03:44:06.1 (21487090)|HEAP_ALLOCATE|[89]|Bytes:8
03:44:06.1 (21500835)|CONSTRUCTOR_ENTRY|[89]|01p0b000007wOE9|<init>()|ProfilePermissionPageController.RecordTypeWrapper
03:44:06.1 (21520361)|VARIABLE_SCOPE_BEGIN|[132]|this|ProfilePermissionPageController.RecordTypeWrapper|true|false
03:44:06.1 (21544579)|VARIABLE_ASSIGNMENT|[132]|this|{}|0xf2e3f43
03:44:06.1 (21567486)|STATEMENT_EXECUTE|[132]
03:44:06.1 (21570272)|STATEMENT_EXECUTE|[133]
03:44:06.1 (21574826)|CONSTRUCTOR_EXIT|[89]|01p0b000007wOE9|<init>()|ProfilePermissionPageController.RecordTypeWrapper
03:44:06.1 (21586140)|VARIABLE_SCOPE_BEGIN|[89]|rtWrap|ProfilePermissionPageController.RecordTypeWrapper|true|false
03:44:06.1 (21606089)|VARIABLE_ASSIGNMENT|[89]|rtWrap|{}|0xf2e3f43
03:44:06.1 (21613723)|STATEMENT_EXECUTE|[90]
03:44:06.1 (21659249)|VARIABLE_ASSIGNMENT|[EXTERNAL]|this|{}|0xf2e3f43
03:44:06.1 (21672018)|VARIABLE_ASSIGNMENT|[EXTERNAL]|value|"AccountRT2"
03:44:06.1 (21683490)|VARIABLE_ASSIGNMENT|[133]|this.recordTypeName|"AccountRT2"|0xf2e3f43
03:44:06.1 (21695273)|STATEMENT_EXECUTE|[91]
03:44:06.1 (21715620)|HEAP_ALLOCATE|[EXTERNAL]|Bytes:4
03:44:06.1 (21738443)|HEAP_ALLOCATE|[85]|Bytes:5
03:44:06.1 (21752051)|HEAP_ALLOCATE|[85]|Bytes:32
03:44:06.1 (21759062)|VARIABLE_SCOPE_BEGIN|[85]|pl|Record_Type__c|true|false
03:44:06.1 (21787400)|VARIABLE_ASSIGNMENT|[85]|pl|{"Name":"AccountRT1","Object__c":"a090b00000YJqLWAA1","Profile__c":"a0B0b00000OS3ufEAD","isPermitted__c":true,"Id":"a0C0b00000WVTYkEAP","Object__r":{"Name":"Account","Id":"a090b00000YJqLWAA1"},"Profile__r":{"Name":"System Administrator","Id":"a0B0b00000OS3ufEAD"}}|0x64f9a05f
03:44:06.1 (21796292)|STATEMENT_EXECUTE|[85]
03:44:06.1 (21815311)|STATEMENT_EXECUTE|[86]
03:44:06.1 (21817153)|STATEMENT_EXECUTE|[87]
03:44:06.1 (21823277)|HEAP_ALLOCATE|[EXTERNAL]|Bytes:4
03:44:06.1 (21829664)|STATEMENT_EXECUTE|[88]
03:44:06.1 (21834705)|HEAP_ALLOCATE|[EXTERNAL]|Bytes:4
03:44:06.1 (21839749)|STATEMENT_EXECUTE|[89]
03:44:06.1 (21843632)|HEAP_ALLOCATE|[89]|Bytes:8
03:44:06.1 (21849465)|CONSTRUCTOR_ENTRY|[89]|01p0b000007wOE9|<init>()|ProfilePermissionPageController.RecordTypeWrapper
03:44:06.1 (21856621)|VARIABLE_SCOPE_BEGIN|[132]|this|ProfilePermissionPageController.RecordTypeWrapper|true|false
03:44:06.1 (21871872)|VARIABLE_ASSIGNMENT|[132]|this|{}|0x4aa5e360
03:44:06.1 (21887458)|STATEMENT_EXECUTE|[132]
03:44:06.1 (21889279)|STATEMENT_EXECUTE|[133]
03:44:06.1 (21892166)|CONSTRUCTOR_EXIT|[89]|01p0b000007wOE9|<init>()|ProfilePermissionPageController.RecordTypeWrapper
03:44:06.1 (21898523)|VARIABLE_SCOPE_BEGIN|[89]|rtWrap|ProfilePermissionPageController.RecordTypeWrapper|true|false
03:44:06.1 (21911438)|VARIABLE_ASSIGNMENT|[89]|rtWrap|{}|0x4aa5e360
03:44:06.1 (21916991)|STATEMENT_EXECUTE|[90]
03:44:06.1 (21929945)|VARIABLE_ASSIGNMENT|[EXTERNAL]|this|{}|0x4aa5e360
03:44:06.1 (21939117)|VARIABLE_ASSIGNMENT|[EXTERNAL]|value|"AccountRT1"
03:44:06.1 (21948377)|VARIABLE_ASSIGNMENT|[133]|this.recordTypeName|"AccountRT1"|0x4aa5e360
03:44:06.1 (21957636)|STATEMENT_EXECUTE|[91]
03:44:06.1 (21963677)|HEAP_ALLOCATE|[EXTERNAL]|Bytes:4
03:44:06.1 (21975896)|HEAP_ALLOCATE|[85]|Bytes:5
03:44:06.1 (21987074)|VARIABLE_ASSIGNMENT|[85]|pl|null|
03:44:06.1 (21992377)|STATEMENT_EXECUTE|[94]
03:44:06.1 (21997621)|METHOD_EXIT|[29]|01p0b000007wOE9|ProfilePermissionPageController.getrtWrapLst(List<Record_Type__c>, List<String>)
03:44:06.1 (22023662)|VARIABLE_ASSIGNMENT|[EXTERNAL]|this|{}|0x15d62e8f
03:44:06.1 (22045383)|VARIABLE_ASSIGNMENT|[EXTERNAL]|value|[{"recordTypeName":"AccountRT2"},{"recordTypeName":"AccountRT1"}]|0x56dadc28
03:44:06.1 (22064762)|VARIABLE_ASSIGNMENT|[124]|this.rtWrapLst|[{"recordTypeName":"AccountRT2"},{"recordTypeName":"AccountRT1"}]|0x15d62e8f
03:44:06.1 (22074166)|STATEMENT_EXECUTE|[30]
03:44:06.1 (22124679)|METHOD_ENTRY|[30]|01p0b000007wOE9|ProfilePermissionPageController.getPageLayoutNamesForObject(String)
03:44:06.1 (22132711)|VARIABLE_SCOPE_BEGIN|[35]|this|ProfilePermissionPageController|true|false
03:44:06.1 (22156846)|VARIABLE_ASSIGNMENT|[35]|this|{"pgLst":"0x6c31b525","pgMap":"0xa10102","proRtMap":"0x7c0e8f0b"}|0x3936d76b
03:44:06.1 (22164078)|VARIABLE_SCOPE_BEGIN|[35]|objectName|String|false|false
03:44:06.1 (22173119)|VARIABLE_ASSIGNMENT|[35]|objectName|"Account"
03:44:06.1 (22179246)|STATEMENT_EXECUTE|[35]
03:44:06.1 (22180914)|STATEMENT_EXECUTE|[36]
03:44:06.1 (22193257)|HEAP_ALLOCATE|[36]|Bytes:4
03:44:06.1 (22224590)|HEAP_ALLOCATE|[36]|Bytes:2
03:44:06.1 (22262596)|HEAP_ALLOCATE|[36]|Bytes:3
03:44:06.1 (22277636)|HEAP_ALLOCATE|[36]|Bytes:10
03:44:06.1 (22283472)|HEAP_ALLOCATE|[36]|Bytes:10
03:44:06.1 (22295355)|HEAP_ALLOCATE|[36]|Bytes:3
03:44:06.1 (22300431)|HEAP_ALLOCATE|[36]|Bytes:10
03:44:06.1 (22305164)|HEAP_ALLOCATE|[36]|Bytes:10
03:44:06.1 (22316679)|METHOD_EXIT|[30]|01p0b000007wOE9|ProfilePermissionPageController.getPageLayoutNamesForObject(String)
03:44:06.1 (22331859)|METHOD_ENTRY|[30]|01p0b000007wOE9|ProfilePermissionPageController.getprofWrapLst(List<Record_Type__c>, List<String>, List<System.SelectOption>)
03:44:06.1 (22338764)|VARIABLE_SCOPE_BEGIN|[39]|this|ProfilePermissionPageController|true|false
03:44:06.1 (22363644)|VARIABLE_ASSIGNMENT|[39]|this|{"pgLst":"0x6c31b525","pgMap":"0xa10102","proRtMap":"0x7c0e8f0b"}|0x3936d76b
03:44:06.1 (22370527)|VARIABLE_SCOPE_BEGIN|[39]|plLst|List<Record_Type__c>|true|false
03:44:06.1 (22408245)|VARIABLE_ASSIGNMENT|[39]|plLst|[{"Name":"AccountRT2","Object__c":"a090b00000YJqLWAA1","Profile__c":"a0B0b00000OS3vIEAT","isPermitted__c":true,"Id":"a0C0b00000WVTYpEAP","Object__r":{"Name":"Account","Id":"a090b00000YJqLWAA1"},"Profile__r":{"Name":"installer","Id":"a0B0b00000OS3vIEAT"}},{"Name":"AccountRT1","Object__c":"a090b00000YJqLWAA1","Profile__c":"a0B0b00000OS3ufEAD","isPermitted__c":true,"Id":"a0C0b00000WVTYkEAP","Object__r":{"Name":"Account","Id":"a090b00000YJqLWAA1"},"Profile__r":{"Name":"System Administrator","Id":"a0B0b00000OS3ufEAD"}}]|0x3728f744
03:44:06.1 (22420060)|VARIABLE_SCOPE_BEGIN|[39]|allRtNames|List<String>|true|false
03:44:06.1 (22429702)|VARIABLE_ASSIGNMENT|[39]|allRtNames|["AccountRT2","AccountRT1"]|0x7fdb37dc
03:44:06.1 (22436027)|VARIABLE_SCOPE_BEGIN|[39]|pgNameLst|List<System.SelectOption>|true|false
03:44:06.1 (22461003)|HEAP_ALLOCATE|[EXTERNAL]|Bytes:16
03:44:06.1 (22756778)|VARIABLE_ASSIGNMENT|[39]|pgNameLst|"common.apex.runtime.impl.ScalarList@c54fb31a"|0x35de0f2c
03:44:06.1 (22768176)|STATEMENT_EXECUTE|[39]
03:44:06.1 (22770094)|STATEMENT_EXECUTE|[40]
03:44:06.1 (22781670)|HEAP_ALLOCATE|[40]|Bytes:4
03:44:06.1 (22829440)|VARIABLE_SCOPE_BEGIN|[40]|pwList|List<ProfilePermissionPageController.ProfileWrapper>|true|false
03:44:06.1 (22857286)|HEAP_ALLOCATE|[EXTERNAL]|Bytes:4
03:44:06.1 (22874078)|VARIABLE_ASSIGNMENT|[40]|pwList|[]|0x5ccd99b6
03:44:06.1 (22880360)|STATEMENT_EXECUTE|[41]
03:44:06.1 (22888394)|HEAP_ALLOCATE|[41]|Bytes:4
03:44:06.1 (22905855)|VARIABLE_SCOPE_BEGIN|[41]|pfNames|List<String>|true|false
03:44:06.1 (22944776)|HEAP_ALLOCATE|[EXTERNAL]|Bytes:4
03:44:06.1 (22957295)|VARIABLE_ASSIGNMENT|[41]|pfNames|[]|0x4558c488
03:44:06.1 (22997460)|HEAP_ALLOCATE|[42]|Bytes:5
03:44:06.1 (23011857)|HEAP_ALLOCATE|[42]|Bytes:32
03:44:06.1 (23021103)|VARIABLE_SCOPE_BEGIN|[42]|pl|Record_Type__c|true|false
03:44:06.1 (23049501)|VARIABLE_ASSIGNMENT|[42]|pl|{"Name":"AccountRT2","Object__c":"a090b00000YJqLWAA1","Profile__c":"a0B0b00000OS3vIEAT","isPermitted__c":true,"Id":"a0C0b00000WVTYpEAP","Object__r":{"Name":"Account","Id":"a090b00000YJqLWAA1"},"Profile__r":{"Name":"installer","Id":"a0B0b00000OS3vIEAT"}}|0x65c0763b
03:44:06.1 (23058944)|STATEMENT_EXECUTE|[42]
03:44:06.1 (23222565)|STATEMENT_EXECUTE|[43]
03:44:06.1 (23225106)|STATEMENT_EXECUTE|[44]
03:44:06.1 (23248444)|HEAP_ALLOCATE|[EXTERNAL]|Bytes:4
03:44:06.1 (23257323)|STATEMENT_EXECUTE|[45]
03:44:06.1 (23299664)|HEAP_ALLOCATE|[45]|Bytes:120
03:44:06.1 (23307189)|HEAP_ALLOCATE|[45]|Bytes:7
03:44:06.1 (23472357)|HEAP_ALLOCATE|[45]|Bytes:12
03:44:06.1 (23496048)|CONSTRUCTOR_ENTRY|[45]|01p0b000007wOE9|<init>()|ProfilePermissionPageController.ProfileWrapper
03:44:06.1 (23528293)|VARIABLE_SCOPE_BEGIN|[127]|this|ProfilePermissionPageController.ProfileWrapper|true|false
03:44:06.1 (23557771)|VARIABLE_ASSIGNMENT|[127]|this|{}|0x2647d872
03:44:06.1 (23596258)|STATEMENT_EXECUTE|[127]
03:44:06.1 (23599699)|STATEMENT_EXECUTE|[128]
03:44:06.1 (23601960)|STATEMENT_EXECUTE|[129]
03:44:06.1 (23607151)|CONSTRUCTOR_EXIT|[45]|01p0b000007wOE9|<init>()|ProfilePermissionPageController.ProfileWrapper
03:44:06.1 (23616484)|VARIABLE_SCOPE_BEGIN|[45]|pw|ProfilePermissionPageController.ProfileWrapper|true|false
03:44:06.1 (23634779)|VARIABLE_ASSIGNMENT|[45]|pw|{}|0x2647d872
03:44:06.1 (23641425)|STATEMENT_EXECUTE|[46]
03:44:06.1 (23645588)|HEAP_ALLOCATE|[46]|Bytes:12
03:44:06.1 (23662323)|HEAP_ALLOCATE|[46]|Bytes:21
03:44:06.1 (23701713)|USER_DEBUG|[46]|DEBUG|=====>>>>>> installer
03:44:06.1 (23711538)|STATEMENT_EXECUTE|[47]
03:44:06.1 (23760664)|VARIABLE_ASSIGNMENT|[EXTERNAL]|this|{}|0x2647d872
03:44:06.1 (23773684)|VARIABLE_ASSIGNMENT|[EXTERNAL]|value|"installer"
03:44:06.1 (23785233)|VARIABLE_ASSIGNMENT|[128]|this.profileName|"installer"|0x2647d872
03:44:06.1 (23795670)|STATEMENT_EXECUTE|[48]
03:44:06.1 (23819449)|VARIABLE_ASSIGNMENT|[EXTERNAL]|this|{"profileName":"installer"}|0x2647d872
03:44:06.1 (23838806)|METHOD_ENTRY|[48]|01p0b000007wOE9|ProfilePermissionPageController.getprtLayout(List<Record_Type__c>, String)
03:44:06.1 (23846134)|VARIABLE_SCOPE_BEGIN|[55]|this|ProfilePermissionPageController|true|false
03:44:06.1 (23869295)|VARIABLE_ASSIGNMENT|[55]|this|{"pgLst":"0x6c31b525","pgMap":"0xa10102","proRtMap":"0x7c0e8f0b"}|0x3936d76b
03:44:06.1 (23876671)|VARIABLE_SCOPE_BEGIN|[55]|plLst|List<Record_Type__c>|true|false
03:44:06.1 (23914184)|VARIABLE_ASSIGNMENT|[55]|plLst|[{"Name":"AccountRT2","Object__c":"a090b00000YJqLWAA1","Profile__c":"a0B0b00000OS3vIEAT","isPermitted__c":true,"Id":"a0C0b00000WVTYpEAP","Object__r":{"Name":"Account","Id":"a090b00000YJqLWAA1"},"Profile__r":{"Name":"installer","Id":"a0B0b00000OS3vIEAT"}},{"Name":"AccountRT1","Object__c":"a090b00000YJqLWAA1","Profile__c":"a0B0b00000OS3ufEAD","isPermitted__c":true,"Id":"a0C0b00000WVTYkEAP","Object__r":{"Name":"Account","Id":"a090b00000YJqLWAA1"},"Profile__r":{"Name":"System Administrator","Id":"a0B0b00000OS3ufEAD"}}]|0x3728f744
03:44:06.1 (23925815)|VARIABLE_SCOPE_BEGIN|[55]|profileName|String|false|false
03:44:06.1 (23934281)|VARIABLE_ASSIGNMENT|[55]|profileName|"installer"
03:44:06.1 (23940397)|STATEMENT_EXECUTE|[55]
03:44:06.1 (23942460)|STATEMENT_EXECUTE|[56]
03:44:06.1 (23959078)|HEAP_ALLOCATE|[56]|Bytes:4
03:44:06.1 (23986981)|VARIABLE_SCOPE_BEGIN|[56]|prtLayoutMap|Map<String,ProfilePermissionPageController.pageLayoutWrapper>|true|false
03:44:06.1 (24003075)|VARIABLE_ASSIGNMENT|[56]|prtLayoutMap|{}|0x6fefa2e6
03:44:06.1 (24054882)|HEAP_ALLOCATE|[57]|Bytes:5
03:44:06.1 (24068561)|HEAP_ALLOCATE|[57]|Bytes:32
03:44:06.1 (24075677)|VARIABLE_SCOPE_BEGIN|[57]|pl|Record_Type__c|true|false
03:44:06.1 (24101504)|VARIABLE_ASSIGNMENT|[57]|pl|{"Name":"AccountRT2","Object__c":"a090b00000YJqLWAA1","Profile__c":"a0B0b00000OS3vIEAT","isPermitted__c":true,"Id":"a0C0b00000WVTYpEAP","Object__r":{"Name":"Account","Id":"a090b00000YJqLWAA1"},"Profile__r":{"Name":"installer","Id":"a0B0b00000OS3vIEAT"}}|0x65c0763b
03:44:06.1 (24110702)|STATEMENT_EXECUTE|[57]
03:44:06.1 (24133038)|STATEMENT_EXECUTE|[58]
03:44:06.1 (24134784)|STATEMENT_EXECUTE|[59]
03:44:06.1 (24188737)|HEAP_ALLOCATE|[59]|Bytes:92
03:44:06.1 (24195868)|HEAP_ALLOCATE|[59]|Bytes:3
03:44:06.1 (24221815)|HEAP_ALLOCATE|[59]|Bytes:12
03:44:06.1 (24236650)|CONSTRUCTOR_ENTRY|[59]|01p0b000007wOE9|<init>()|ProfilePermissionPageController.pageLayoutWrapper
03:44:06.1 (24255475)|VARIABLE_SCOPE_BEGIN|[136]|this|ProfilePermissionPageController.pageLayoutWrapper|true|false
03:44:06.1 (24279860)|VARIABLE_ASSIGNMENT|[136]|this|{}|0x4341cbe3
03:44:06.1 (24297148)|STATEMENT_EXECUTE|[136]
03:44:06.1 (24299188)|STATEMENT_EXECUTE|[137]
03:44:06.1 (24300871)|STATEMENT_EXECUTE|[138]
03:44:06.1 (24304177)|CONSTRUCTOR_EXIT|[59]|01p0b000007wOE9|<init>()|ProfilePermissionPageController.pageLayoutWrapper
03:44:06.1 (24311309)|VARIABLE_SCOPE_BEGIN|[59]|plWrap|ProfilePermissionPageController.pageLayoutWrapper|true|false
03:44:06.1 (24326137)|VARIABLE_ASSIGNMENT|[59]|plWrap|{}|0x4341cbe3
03:44:06.1 (24332247)|STATEMENT_EXECUTE|[60]
03:44:06.1 (24405038)|VARIABLE_ASSIGNMENT|[EXTERNAL]|this|{}|0x4341cbe3
03:44:06.1 (24416058)|VARIABLE_ASSIGNMENT|[EXTERNAL]|value|true
03:44:06.1 (24426350)|VARIABLE_ASSIGNMENT|[138]|this.isPermitted|true|0x4341cbe3
03:44:06.1 (24437180)|STATEMENT_EXECUTE|[62]
03:44:06.1 (24464236)|VARIABLE_ASSIGNMENT|[62]|this.sobj|{"Name":"AccountRT2","Object__c":"a090b00000YJqLWAA1","Profile__c":"a0B0b00000OS3vIEAT","isPermitted__c":true,"Id":"a0C0b00000WVTYpEAP","Object__r":{"Name":"Account","Id":"a090b00000YJqLWAA1"},"Profile__r":{"Name":"installer","Id":"a0B0b00000OS3vIEAT"}}|0x4341cbe3
03:44:06.1 (24473532)|STATEMENT_EXECUTE|[63]
03:44:06.1 (24505421)|HEAP_ALLOCATE|[EXTERNAL]|Bytes:-4
03:44:06.1 (24522706)|HEAP_ALLOCATE|[57]|Bytes:5
03:44:06.1 (24535294)|HEAP_ALLOCATE|[57]|Bytes:32
03:44:06.1 (24542415)|VARIABLE_SCOPE_BEGIN|[57]|pl|Record_Type__c|true|false
03:44:06.1 (24568660)|VARIABLE_ASSIGNMENT|[57]|pl|{"Name":"AccountRT1","Object__c":"a090b00000YJqLWAA1","Profile__c":"a0B0b00000OS3ufEAD","isPermitted__c":true,"Id":"a0C0b00000WVTYkEAP","Object__r":{"Name":"Account","Id":"a090b00000YJqLWAA1"},"Profile__r":{"Name":"System Administrator","Id":"a0B0b00000OS3ufEAD"}}|0x64f9a05f
03:44:06.1 (24577845)|STATEMENT_EXECUTE|[57]
03:44:06.1 (24615697)|STATEMENT_EXECUTE|[58]
03:44:06.1 (24625784)|HEAP_ALLOCATE|[57]|Bytes:5
03:44:06.1 (24638540)|VARIABLE_ASSIGNMENT|[57]|pl|null|
03:44:06.1 (24643907)|STATEMENT_EXECUTE|[79]
03:44:06.1 (24649134)|METHOD_EXIT|[48]|01p0b000007wOE9|ProfilePermissionPageController.getprtLayout(List<Record_Type__c>, String)
03:44:06.1 (24677259)|VARIABLE_ASSIGNMENT|[EXTERNAL]|this|{"profileName":"installer"}|0x2647d872
03:44:06.1 (24712981)|VARIABLE_ASSIGNMENT|[EXTERNAL]|value|{"AccountRT2":{"isPermitted":true,"sobj":{"Name":"AccountRT2","Object__c":"a090b00000YJqLWAA1","Profile__c":"a0B0b00000OS3vIEAT","isPermitted__c":true,"Id":"a0C0b00000WVTYpEAP","Object__r":{"Name":"Account","Id":"a090b00000YJqLWAA1"},"Profile__r":{"Name":"installer","Id":"a0B0b00000OS3vIEAT"}}}}|0x6fefa2e6
03:44:06.1 (24752920)|VARIABLE_ASSIGNMENT|[129]|this.prtLayout|{"AccountRT2":{"isPermitted":true,"sobj":{"Name":"AccountRT2","Object__c":"a090b00000YJqLWAA1","Profile__c":"a0B0b00000OS3vIEAT","isPermitted__c":true,"Id":"a0C0b00000WVTYpEAP","Object__r":{"Name":"Account","Id":"a090b00000YJqLWAA1"},"Profile__r":{"Name":"installer","Id":"a0B0b00000OS3vIEAT"}}}}|0x2647d872
03:44:06.1 (24765344)|STATEMENT_EXECUTE|[49]
03:44:06.1 (24790637)|HEAP_ALLOCATE|[EXTERNAL]|Bytes:4
03:44:06.1 (24806680)|HEAP_ALLOCATE|[42]|Bytes:5
03:44:06.1 (24817866)|HEAP_ALLOCATE|[42]|Bytes:32
03:44:06.1 (24824412)|VARIABLE_SCOPE_BEGIN|[42]|pl|Record_Type__c|true|false
03:44:06.1 (24850532)|VARIABLE_ASSIGNMENT|[42]|pl|{"Name":"AccountRT1","Object__c":"a090b00000YJqLWAA1","Profile__c":"a0B0b00000OS3ufEAD","isPermitted__c":true,"Id":"a0C0b00000WVTYkEAP","Object__r":{"Name":"Account","Id":"a090b00000YJqLWAA1"},"Profile__r":{"Name":"System Administrator","Id":"a0B0b00000OS3ufEAD"}}|0x64f9a05f
03:44:06.1 (24859525)|STATEMENT_EXECUTE|[42]
03:44:06.1 (24880565)|STATEMENT_EXECUTE|[43]
03:44:06.1 (24882475)|STATEMENT_EXECUTE|[44]
03:44:06.1 (24890300)|HEAP_ALLOCATE|[EXTERNAL]|Bytes:4
03:44:06.1 (24896499)|STATEMENT_EXECUTE|[45]
03:44:06.1 (24900701)|HEAP_ALLOCATE|[45]|Bytes:12
03:44:06.1 (24906681)|CONSTRUCTOR_ENTRY|[45]|01p0b000007wOE9|<init>()|ProfilePermissionPageController.ProfileWrapper
03:44:06.1 (24914129)|VARIABLE_SCOPE_BEGIN|[127]|this|ProfilePermissionPageController.ProfileWrapper|true|false
03:44:06.1 (24930092)|VARIABLE_ASSIGNMENT|[127]|this|{}|0xb7742eb
03:44:06.1 (24945240)|STATEMENT_EXECUTE|[127]
03:44:06.1 (24947087)|STATEMENT_EXECUTE|[128]
03:44:06.1 (24948577)|STATEMENT_EXECUTE|[129]
03:44:06.1 (24951559)|CONSTRUCTOR_EXIT|[45]|01p0b000007wOE9|<init>()|ProfilePermissionPageController.ProfileWrapper
03:44:06.1 (24958405)|VARIABLE_SCOPE_BEGIN|[45]|pw|ProfilePermissionPageController.ProfileWrapper|true|false
03:44:06.1 (24972307)|VARIABLE_ASSIGNMENT|[45]|pw|{}|0xb7742eb
03:44:06.1 (24978983)|STATEMENT_EXECUTE|[46]
03:44:06.1 (24989361)|HEAP_ALLOCATE|[46]|Bytes:32
03:44:06.1 (24999727)|USER_DEBUG|[46]|DEBUG|=====>>>>>> System Administrator
03:44:06.1 (25007691)|STATEMENT_EXECUTE|[47]
03:44:06.1 (25024399)|VARIABLE_ASSIGNMENT|[EXTERNAL]|this|{}|0xb7742eb
03:44:06.1 (25036587)|VARIABLE_ASSIGNMENT|[EXTERNAL]|value|"System Administrator"
03:44:06.1 (25046442)|VARIABLE_ASSIGNMENT|[128]|this.profileName|"System Administrator"|0xb7742eb
03:44:06.1 (25056332)|STATEMENT_EXECUTE|[48]
03:44:06.1 (25070452)|VARIABLE_ASSIGNMENT|[EXTERNAL]|this|{"profileName":"System Administrator"}|0xb7742eb
03:44:06.1 (25083606)|METHOD_ENTRY|[48]|01p0b000007wOE9|ProfilePermissionPageController.getprtLayout(List<Record_Type__c>, String)
03:44:06.1 (25092296)|VARIABLE_SCOPE_BEGIN|[55]|this|ProfilePermissionPageController|true|false
03:44:06.1 (25118804)|VARIABLE_ASSIGNMENT|[55]|this|{"pgLst":"0x6c31b525","pgMap":"0xa10102","proRtMap":"0x7c0e8f0b"}|0x3936d76b
03:44:06.1 (25125300)|VARIABLE_SCOPE_BEGIN|[55]|plLst|List<Record_Type__c>|true|false
03:44:06.1 (25163537)|VARIABLE_ASSIGNMENT|[55]|plLst|[{"Name":"AccountRT2","Object__c":"a090b00000YJqLWAA1","Profile__c":"a0B0b00000OS3vIEAT","isPermitted__c":true,"Id":"a0C0b00000WVTYpEAP","Object__r":{"Name":"Account","Id":"a090b00000YJqLWAA1"},"Profile__r":{"Name":"installer","Id":"a0B0b00000OS3vIEAT"}},{"Name":"AccountRT1","Object__c":"a090b00000YJqLWAA1","Profile__c":"a0B0b00000OS3ufEAD","isPermitted__c":true,"Id":"a0C0b00000WVTYkEAP","Object__r":{"Name":"Account","Id":"a090b00000YJqLWAA1"},"Profile__r":{"Name":"System Administrator","Id":"a0B0b00000OS3ufEAD"}}]|0x3728f744
03:44:06.1 (25173672)|VARIABLE_SCOPE_BEGIN|[55]|profileName|String|false|false
03:44:06.1 (25182546)|VARIABLE_ASSIGNMENT|[55]|profileName|"System Administrator"
03:44:06.1 (25189323)|STATEMENT_EXECUTE|[55]
03:44:06.1 (25191137)|STATEMENT_EXECUTE|[56]
03:44:06.1 (25202356)|HEAP_ALLOCATE|[56]|Bytes:4
03:44:06.1 (25210048)|VARIABLE_SCOPE_BEGIN|[56]|prtLayoutMap|Map<String,ProfilePermissionPageController.pageLayoutWrapper>|true|false
03:44:06.1 (25224308)|VARIABLE_ASSIGNMENT|[56]|prtLayoutMap|{}|0x4d6b217f
03:44:06.1 (25245510)|HEAP_ALLOCATE|[57]|Bytes:5
03:44:06.1 (25257022)|HEAP_ALLOCATE|[57]|Bytes:32
03:44:06.1 (25263842)|VARIABLE_SCOPE_BEGIN|[57]|pl|Record_Type__c|true|false
03:44:06.1 (25288149)|VARIABLE_ASSIGNMENT|[57]|pl|{"Name":"AccountRT2","Object__c":"a090b00000YJqLWAA1","Profile__c":"a0B0b00000OS3vIEAT","isPermitted__c":true,"Id":"a0C0b00000WVTYpEAP","Object__r":{"Name":"Account","Id":"a090b00000YJqLWAA1"},"Profile__r":{"Name":"installer","Id":"a0B0b00000OS3vIEAT"}}|0x65c0763b
03:44:06.1 (25296317)|STATEMENT_EXECUTE|[57]
03:44:06.1 (25309989)|STATEMENT_EXECUTE|[58]
03:44:06.1 (25318146)|HEAP_ALLOCATE|[57]|Bytes:5
03:44:06.1 (25326391)|HEAP_ALLOCATE|[57]|Bytes:32
03:44:06.1 (25331496)|VARIABLE_SCOPE_BEGIN|[57]|pl|Record_Type__c|true|false
03:44:06.1 (25355380)|VARIABLE_ASSIGNMENT|[57]|pl|{"Name":"AccountRT1","Object__c":"a090b00000YJqLWAA1","Profile__c":"a0B0b00000OS3ufEAD","isPermitted__c":true,"Id":"a0C0b00000WVTYkEAP","Object__r":{"Name":"Account","Id":"a090b00000YJqLWAA1"},"Profile__r":{"Name":"System Administrator","Id":"a0B0b00000OS3ufEAD"}}|0x64f9a05f
03:44:06.1 (25364401)|STATEMENT_EXECUTE|[57]
03:44:06.1 (25377102)|STATEMENT_EXECUTE|[58]
03:44:06.1 (25378645)|STATEMENT_EXECUTE|[59]
03:44:06.1 (25382645)|HEAP_ALLOCATE|[59]|Bytes:12
03:44:06.1 (25388650)|CONSTRUCTOR_ENTRY|[59]|01p0b000007wOE9|<init>()|ProfilePermissionPageController.pageLayoutWrapper
03:44:06.1 (25395832)|VARIABLE_SCOPE_BEGIN|[136]|this|ProfilePermissionPageController.pageLayoutWrapper|true|false
03:44:06.1 (25411051)|VARIABLE_ASSIGNMENT|[136]|this|{}|0x5899b2ae
03:44:06.1 (25429377)|STATEMENT_EXECUTE|[136]
03:44:06.1 (25431284)|STATEMENT_EXECUTE|[137]
03:44:06.1 (25432821)|STATEMENT_EXECUTE|[138]
03:44:06.1 (25436057)|CONSTRUCTOR_EXIT|[59]|01p0b000007wOE9|<init>()|ProfilePermissionPageController.pageLayoutWrapper
03:44:06.1 (25442272)|VARIABLE_SCOPE_BEGIN|[59]|plWrap|ProfilePermissionPageController.pageLayoutWrapper|true|false
03:44:06.1 (25456169)|VARIABLE_ASSIGNMENT|[59]|plWrap|{}|0x5899b2ae
03:44:06.1 (25462310)|STATEMENT_EXECUTE|[60]
03:44:06.1 (25477296)|VARIABLE_ASSIGNMENT|[EXTERNAL]|this|{}|0x5899b2ae
03:44:06.1 (25486426)|VARIABLE_ASSIGNMENT|[EXTERNAL]|value|true
03:44:06.1 (25511492)|VARIABLE_ASSIGNMENT|[138]|this.isPermitted|true|0x5899b2ae
03:44:06.1 (25521126)|STATEMENT_EXECUTE|[62]
03:44:06.1 (25543978)|VARIABLE_ASSIGNMENT|[62]|this.sobj|{"Name":"AccountRT1","Object__c":"a090b00000YJqLWAA1","Profile__c":"a0B0b00000OS3ufEAD","isPermitted__c":true,"Id":"a0C0b00000WVTYkEAP","Object__r":{"Name":"Account","Id":"a090b00000YJqLWAA1"},"Profile__r":{"Name":"System Administrator","Id":"a0B0b00000OS3ufEAD"}}|0x5899b2ae
03:44:06.1 (25551942)|STATEMENT_EXECUTE|[63]
03:44:06.1 (25562340)|HEAP_ALLOCATE|[EXTERNAL]|Bytes:-4
03:44:06.1 (25575281)|HEAP_ALLOCATE|[57]|Bytes:5
03:44:06.1 (25585867)|VARIABLE_ASSIGNMENT|[57]|pl|null|
03:44:06.1 (25590954)|STATEMENT_EXECUTE|[79]
03:44:06.1 (25595591)|METHOD_EXIT|[48]|01p0b000007wOE9|ProfilePermissionPageController.getprtLayout(List<Record_Type__c>, String)
03:44:06.1 (25615623)|VARIABLE_ASSIGNMENT|[EXTERNAL]|this|{"profileName":"System Administrator"}|0xb7742eb
03:44:06.1 (25647857)|VARIABLE_ASSIGNMENT|[EXTERNAL]|value|{"AccountRT1":{"isPermitted":true,"sobj":{"Name":"AccountRT1","Object__c":"a090b00000YJqLWAA1","Profile__c":"a0B0b00000OS3ufEAD","isPermitted__c":true,"Id":"a0C0b00000WVTYkEAP","Object__r":{"Name":"Account","Id":"a090b00000YJqLWAA1"},"Profile__r":{"Name":"System Administrator","Id":"a0B0b00000OS3ufEAD"}}}}|0x4d6b217f
03:44:06.1 (25679591)|VARIABLE_ASSIGNMENT|[129]|this.prtLayout|{"AccountRT1":{"isPermitted":true,"sobj":{"Name":"AccountRT1","Object__c":"a090b00000YJqLWAA1","Profile__c":"a0B0b00000OS3ufEAD","isPermitted__c":true,"Id":"a0C0b00000WVTYkEAP","Object__r":{"Name":"Account","Id":"a090b00000YJqLWAA1"},"Profile__r":{"Name":"System Administrator","Id":"a0B0b00000OS3ufEAD"}}}}|0xb7742eb
03:44:06.1 (25691017)|STATEMENT_EXECUTE|[49]
03:44:06.1 (25697690)|HEAP_ALLOCATE|[EXTERNAL]|Bytes:4
03:44:06.1 (25709360)|HEAP_ALLOCATE|[42]|Bytes:5
03:44:06.1 (25719824)|VARIABLE_ASSIGNMENT|[42]|pl|null|
03:44:06.1 (25730610)|STATEMENT_EXECUTE|[52]
03:44:06.1 (25735904)|METHOD_EXIT|[30]|01p0b000007wOE9|ProfilePermissionPageController.getprofWrapLst(List<Record_Type__c>, List<String>, List<System.SelectOption>)
03:44:06.1 (25765923)|VARIABLE_ASSIGNMENT|[EXTERNAL]|this|{"rtWrapLst":"0x56dadc28"}|0x15d62e8f
03:44:06.1 (25791960)|VARIABLE_ASSIGNMENT|[EXTERNAL]|value|[{"profileName":"installer","prtLayout":"0x6fefa2e6"},{"profileName":"System Administrator","prtLayout":"0x4d6b217f"}]|0x5ccd99b6
03:44:06.1 (25816062)|VARIABLE_ASSIGNMENT|[123]|this.profWrapLst|[{"profileName":"installer","prtLayout":"0x6fefa2e6"},{"profileName":"System Administrator","prtLayout":"0x4d6b217f"}]|0x15d62e8f
03:44:06.1 (25825128)|STATEMENT_EXECUTE|[31]
03:44:06.1 (25859392)|VARIABLE_ASSIGNMENT|[EXTERNAL]|this|{"pgLst":"0x6c31b525","pgMap":"0xa10102","proRtMap":"0x7c0e8f0b"}|0x3936d76b
03:44:06.1 (25883520)|HEAP_ALLOCATE|[EXTERNAL]|Bytes:-4
03:44:06.1 (25902214)|HEAP_ALLOCATE|[26]|Bytes:5
03:44:06.1 (25917184)|VARIABLE_ASSIGNMENT|[26]|objName|null
03:44:06.1 (25925363)|METHOD_EXIT|[21]|01p0b000007wOE9|ProfilePermissionPageController.initproRtMap()
03:44:06.1 (25960533)|VF_APEX_CALL_END|ProfilePermissionPageController <init>|ProfilePermissionPageController
03:44:06.1 (26032675)|VF_APEX_CALL_START|[EXTERNAL]|01p0b000007wOE9|ProfilePermissionPageController get(proRtMap)|ProfilePermissionPageController
03:44:06.1 (26054496)|SYSTEM_MODE_ENTER|true
03:44:06.1 (26079852)|VF_APEX_CALL_START|[EXTERNAL]|01p0b000007wOE9|proRtMap|ProfilePermissionPageController
03:44:06.1 (26096263)|VF_APEX_CALL_END|proRtMap|ProfilePermissionPageController
03:44:06.1 (26111952)|VF_APEX_CALL_END|ProfilePermissionPageController get(proRtMap)|ProfilePermissionPageController
03:44:06.1 (26846540)|VF_EVALUATE_FORMULA_BEGIN|0660b000002BHj6|#{proRtMap[objName].profWrapLst}
03:44:06.1 (26916756)|VF_APEX_CALL_START|[EXTERNAL]|01p0b000007wOE9|profWrapLst|ProfilePermissionPageController.ProfRTType
03:44:06.1 (26935404)|VF_APEX_CALL_END|profWrapLst|ProfilePermissionPageController.ProfRTType
03:44:06.1 (26961996)|VF_EVALUATE_FORMULA_END
03:44:06.1 (26985178)|VF_EVALUATE_FORMULA_BEGIN|0660b000002BHj6|#{proRtMap[objName].profWrapLst}
03:44:06.1 (27010691)|VF_EVALUATE_FORMULA_END
03:44:06.1 (27017233)|VF_EVALUATE_FORMULA_BEGIN|0660b000002BHj6|#{proRtMap[objName].profWrapLst}
03:44:06.1 (27035776)|VF_EVALUATE_FORMULA_END
03:44:06.1 (27052082)|VF_EVALUATE_FORMULA_BEGIN|0660b000002BHj6|#{proRtMap[objName].rtWrapLst}
03:44:06.1 (27085217)|VF_APEX_CALL_START|[EXTERNAL]|01p0b000007wOE9|rtWrapLst|ProfilePermissionPageController.ProfRTType
03:44:06.1 (27100154)|VF_APEX_CALL_END|rtWrapLst|ProfilePermissionPageController.ProfRTType
03:44:06.1 (27117644)|VF_EVALUATE_FORMULA_END
03:44:06.1 (27123796)|VF_EVALUATE_FORMULA_BEGIN|0660b000002BHj6|#{proRtMap[objName].rtWrapLst}
03:44:06.1 (27144397)|VF_EVALUATE_FORMULA_END
03:44:06.1 (27208359)|VF_EVALUATE_FORMULA_BEGIN|0660b000002BHj6|#{proRtMap[objName].rtWrapLst}
03:44:06.1 (27233964)|VF_EVALUATE_FORMULA_END
03:44:06.1 (27238781)|VF_EVALUATE_FORMULA_BEGIN|0660b000002BHj6|#{proRtMap[objName].rtWrapLst}
03:44:06.1 (27256405)|VF_EVALUATE_FORMULA_END
03:44:06.1 (27303796)|VF_EVALUATE_FORMULA_BEGIN|0660b000002BHj6|#{proRtMap[objName].profWrapLst}
03:44:06.1 (27327644)|VF_EVALUATE_FORMULA_END
03:44:06.1 (27332901)|VF_EVALUATE_FORMULA_BEGIN|0660b000002BHj6|#{proRtMap[objName].profWrapLst}
03:44:06.1 (27351759)|VF_EVALUATE_FORMULA_END
03:44:06.1 (27365939)|VF_EVALUATE_FORMULA_BEGIN|0660b000002BHj6|#{proRtMap[objName].rtWrapLst}
03:44:06.1 (27386540)|VF_EVALUATE_FORMULA_END
03:44:06.1 (27391569)|VF_EVALUATE_FORMULA_BEGIN|0660b000002BHj6|#{proRtMap[objName].rtWrapLst}
03:44:06.1 (27409783)|VF_EVALUATE_FORMULA_END
03:44:06.1 (27454580)|VF_EVALUATE_FORMULA_BEGIN|0660b000002BHj6|#{proRtMap[objName].rtWrapLst}
03:44:06.1 (27497121)|VF_EVALUATE_FORMULA_END
03:44:06.1 (27507663)|VF_EVALUATE_FORMULA_BEGIN|0660b000002BHj6|#{proRtMap[objName].rtWrapLst}
03:44:06.1 (27534279)|VF_EVALUATE_FORMULA_END
03:44:06.1 (27621317)|VF_EVALUATE_FORMULA_BEGIN|0660b000002BHj6|#{proRtMap[objName].rtWrapLst}
03:44:06.1 (27647545)|VF_EVALUATE_FORMULA_END
03:44:06.1 (27665853)|VF_EVALUATE_FORMULA_BEGIN|0660b000002BHj6|#{proRtMap[objName].rtWrapLst}
03:44:06.1 (27687711)|VF_EVALUATE_FORMULA_END
03:44:06.1 (27692361)|VF_EVALUATE_FORMULA_BEGIN|0660b000002BHj6|#{proRtMap[objName].rtWrapLst}
03:44:06.1 (27709253)|VF_EVALUATE_FORMULA_END
03:44:06.1 (27793304)|VF_APEX_CALL_START|[EXTERNAL]|01p0b000007wOE9|prtLayout|ProfilePermissionPageController.ProfileWrapper
03:44:06.1 (27812267)|VF_APEX_CALL_END|prtLayout|ProfilePermissionPageController.ProfileWrapper
03:44:06.1 (27852429)|VF_APEX_CALL_START|[EXTERNAL]|01p0b000007wOE9|recordTypeName|ProfilePermissionPageController.RecordTypeWrapper
03:44:06.1 (27866277)|VF_APEX_CALL_END|recordTypeName|ProfilePermissionPageController.RecordTypeWrapper
03:44:06.1 (27944303)|VF_APEX_CALL_START|[EXTERNAL]|01p0b000007wOE9|recordTypeName|ProfilePermissionPageController.RecordTypeWrapper
03:44:06.1 (27958637)|VF_APEX_CALL_END|recordTypeName|ProfilePermissionPageController.RecordTypeWrapper
03:44:06.1 (28685503)|VF_EVALUATE_FORMULA_BEGIN|0660b000002BHj6|#{proRtMap[objName].rtWrapLst}
03:44:06.1 (28730499)|VF_EVALUATE_FORMULA_END
03:44:06.1 (28737611)|VF_EVALUATE_FORMULA_BEGIN|0660b000002BHj6|#{proRtMap[objName].rtWrapLst}
03:44:06.1 (28758096)|VF_EVALUATE_FORMULA_END
03:44:06.1 (28814640)|VF_EVALUATE_FORMULA_BEGIN|0660b000002BHj6|#{proRtMap[objName].rtWrapLst}
03:44:06.1 (28838387)|VF_EVALUATE_FORMULA_END
03:44:06.1 (28843284)|VF_EVALUATE_FORMULA_BEGIN|0660b000002BHj6|#{proRtMap[objName].rtWrapLst}
03:44:06.1 (28862012)|VF_EVALUATE_FORMULA_END
03:44:06.177 (177936906)|CUMULATIVE_LIMIT_USAGE
03:44:06.177 (177936906)|LIMIT_USAGE_FOR_NS|(default)|
  Number of SOQL queries: 1 out of 100
  Number of query rows: 2 out of 50000
  Number of SOSL queries: 0 out of 20
  Number of DML statements: 0 out of 150
  Number of DML rows: 0 out of 10000
  Maximum CPU time: 0 out of 10000
  Maximum heap size: 0 out of 6000000
  Number of callouts: 0 out of 100
  Number of Email Invocations: 0 out of 10
  Number of future calls: 0 out of 50
  Number of queueable jobs added to the queue: 0 out of 50
  Number of Mobile Apex push calls: 0 out of 10

03:44:06.177 (177936906)|CUMULATIVE_LIMIT_USAGE_END

03:44:06.1 (178019327)|CODE_UNIT_FINISHED|VF: /apex/ProfilePermissionPage
03:44:06.1 (179155876)|EXECUTION_FINISHED
