45.0 APEX_CODE,FINEST;APEX_PROFILING,INFO;CALLOUT,INFO;DB,INFO;NBA,INFO;SYSTEM,DEBUG;VALIDATION,INFO;VISUALFORCE,FINER;WAVE,INFO;WORKFLOW,INFO
03:09:13.0 (337331)|USER_INFO|[EXTERNAL]|0050b000004RFh7|sales@alienbrainz.com.sf|(GMT-07:00) Pacific Daylight Time (America/Los_Angeles)|GMT-07:00
03:09:13.0 (370411)|EXECUTION_STARTED
03:09:13.0 (374580)|CODE_UNIT_STARTED|[EXTERNAL]|0660b000002BGLV|VF: /apex/HeaderPage
03:09:13.0 (12512087)|VF_APEX_CALL_START|[EXTERNAL]|01p0b000007wGHj|HeaderPageController <init>|HeaderPageController
03:09:13.0 (12555889)|SYSTEM_MODE_ENTER|true
03:09:13.0 (13041673)|VARIABLE_SCOPE_BEGIN|[3]|HeaderPageController.namespacePrefix|String|false|true
03:09:13.0 (13185377)|HEAP_ALLOCATE|[72]|Bytes:3
03:09:13.0 (13239722)|HEAP_ALLOCATE|[77]|Bytes:152
03:09:13.0 (13252692)|HEAP_ALLOCATE|[342]|Bytes:408
03:09:13.0 (13264537)|HEAP_ALLOCATE|[355]|Bytes:408
03:09:13.0 (13275708)|HEAP_ALLOCATE|[467]|Bytes:48
03:09:13.0 (13299962)|HEAP_ALLOCATE|[139]|Bytes:6
03:09:13.0 (13316027)|HEAP_ALLOCATE|[EXTERNAL]|Bytes:6
03:09:13.0 (13337823)|HEAP_ALLOCATE|[EXTERNAL]|Bytes:424
03:09:13.0 (13342909)|HEAP_ALLOCATE|[EXTERNAL]|Bytes:111
03:09:13.0 (13347453)|HEAP_ALLOCATE|[EXTERNAL]|Bytes:3
03:09:13.0 (13370086)|METHOD_ENTRY|[1]|01p0b000007wGHj|HeaderPageController.HeaderPageController()
03:09:13.0 (13377228)|STATEMENT_EXECUTE|[1]
03:09:13.0 (13381869)|STATEMENT_EXECUTE|[1]
03:09:13.0 (13383431)|STATEMENT_EXECUTE|[150]
03:09:13.0 (13394968)|METHOD_EXIT|[1]|HeaderPageController
03:09:13.0 (15237904)|HEAP_ALLOCATE|[EXTERNAL]|Bytes:96
03:09:13.0 (15252418)|VARIABLE_SCOPE_BEGIN|[62]|this|HeaderPageController|true|false
03:09:13.0 (15353438)|VARIABLE_ASSIGNMENT|[62]|this|{}|0x71f5b165
03:09:13.0 (15366245)|STATEMENT_EXECUTE|[1]
03:09:13.0 (15368266)|STATEMENT_EXECUTE|[4]
03:09:13.0 (15370270)|STATEMENT_EXECUTE|[5]
03:09:13.0 (15371705)|STATEMENT_EXECUTE|[6]
03:09:13.0 (15373156)|STATEMENT_EXECUTE|[7]
03:09:13.0 (15374552)|STATEMENT_EXECUTE|[8]
03:09:13.0 (15375898)|STATEMENT_EXECUTE|[9]
03:09:13.0 (15377447)|STATEMENT_EXECUTE|[10]
03:09:13.0 (15378946)|STATEMENT_EXECUTE|[11]
03:09:13.0 (15380355)|STATEMENT_EXECUTE|[12]
03:09:13.0 (15381721)|STATEMENT_EXECUTE|[13]
03:09:13.0 (15383171)|STATEMENT_EXECUTE|[14]
03:09:13.0 (15384531)|STATEMENT_EXECUTE|[15]
03:09:13.0 (15386292)|STATEMENT_EXECUTE|[16]
03:09:13.0 (15387674)|STATEMENT_EXECUTE|[17]
03:09:13.0 (15389069)|STATEMENT_EXECUTE|[18]
03:09:13.0 (15390428)|STATEMENT_EXECUTE|[19]
03:09:13.0 (15391828)|STATEMENT_EXECUTE|[20]
03:09:13.0 (15393278)|STATEMENT_EXECUTE|[21]
03:09:13.0 (15394757)|STATEMENT_EXECUTE|[25]
03:09:13.0 (15405255)|HEAP_ALLOCATE|[25]|Bytes:4
03:09:13.0 (15544487)|HEAP_ALLOCATE|[25]|Bytes:7
03:09:13.0 (15561881)|HEAP_ALLOCATE|[25]|Bytes:11
03:09:13.0 (15566825)|HEAP_ALLOCATE|[25]|Bytes:7
03:09:13.0 (15571252)|HEAP_ALLOCATE|[25]|Bytes:4
03:09:13.0 (15576189)|HEAP_ALLOCATE|[25]|Bytes:15
03:09:13.0 (15580218)|HEAP_ALLOCATE|[25]|Bytes:7
03:09:13.0 (15583809)|HEAP_ALLOCATE|[25]|Bytes:8
03:09:13.0 (15621659)|HEAP_ALLOCATE|[EXTERNAL]|Bytes:36
03:09:13.0 (15640041)|VARIABLE_ASSIGNMENT|[25]|this.objApiName|"List of size 8 too large to display"|0x71f5b165
03:09:13.0 (15647020)|STATEMENT_EXECUTE|[26]
03:09:13.0 (15654784)|HEAP_ALLOCATE|[26]|Bytes:4
03:09:13.0 (15674237)|HEAP_ALLOCATE|[26]|Bytes:10
03:09:13.0 (15680576)|HEAP_ALLOCATE|[26]|Bytes:14
03:09:13.0 (15685070)|HEAP_ALLOCATE|[26]|Bytes:10
03:09:13.0 (15689309)|HEAP_ALLOCATE|[26]|Bytes:15
03:09:13.0 (15692937)|HEAP_ALLOCATE|[26]|Bytes:7
03:09:13.0 (15696492)|HEAP_ALLOCATE|[26]|Bytes:14
03:09:13.0 (15700547)|HEAP_ALLOCATE|[26]|Bytes:7
03:09:13.0 (15705904)|HEAP_ALLOCATE|[26]|Bytes:8
03:09:13.0 (15721794)|HEAP_ALLOCATE|[EXTERNAL]|Bytes:36
03:09:13.0 (15731204)|VARIABLE_ASSIGNMENT|[26]|this.fieldSetName|"List of size 8 too large to display"|0x71f5b165
03:09:13.0 (15737694)|STATEMENT_EXECUTE|[38]
03:09:13.0 (15739396)|STATEMENT_EXECUTE|[130]
03:09:13.0 (15740978)|STATEMENT_EXECUTE|[158]
03:09:13.0 (15748784)|HEAP_ALLOCATE|[26]|Bytes:6
03:09:13.0 (15799802)|STATEMENT_EXECUTE|[62]
03:09:13.0 (15801896)|STATEMENT_EXECUTE|[64]
03:09:13.0 (15812564)|HEAP_ALLOCATE|[50]|Bytes:5
03:09:13.0 (15827609)|HEAP_ALLOCATE|[56]|Bytes:5
03:09:13.0 (15835752)|HEAP_ALLOCATE|[64]|Bytes:7
03:09:13.0 (15939568)|VARIABLE_ASSIGNMENT|[EXTERNAL]|this|{"fieldSetName":"0x6f6976bb","objApiName":"0x447a9256"}|0x71f5b165
03:09:13.0 (15959513)|VARIABLE_ASSIGNMENT|[EXTERNAL]|value|false
03:09:13.0 (15967973)|HEAP_ALLOCATE|[17]|Bytes:5
03:09:13.0 (15976228)|VARIABLE_ASSIGNMENT|[17]|this.isChatter|false|0x71f5b165
03:09:13.0 (16008245)|STATEMENT_EXECUTE|[65]
03:09:13.0 (16012336)|HEAP_ALLOCATE|[65]|Bytes:4
03:09:13.0 (16073943)|VARIABLE_ASSIGNMENT|[EXTERNAL]|this|{"fieldSetName":"0x6f6976bb","isChatter":false,"objApiName":"0x447a9256"}|0x71f5b165
03:09:13.0 (16085065)|VARIABLE_ASSIGNMENT|[EXTERNAL]|value|"Home"
03:09:13.0 (16095379)|VARIABLE_ASSIGNMENT|[5]|this.activeTab|"Home"|0x71f5b165
03:09:13.0 (16104818)|STATEMENT_EXECUTE|[67]
03:09:13.0 (16166341)|HEAP_ALLOCATE|[67]|Bytes:41
03:09:13.0 (16213939)|HEAP_ALLOCATE|[67]|Bytes:21
03:09:13.0 (16237370)|HEAP_ALLOCATE|[67]|Bytes:6
03:09:13.0 (16264505)|HEAP_ALLOCATE|[67]|Bytes:4
03:09:13.0 (16271259)|VARIABLE_SCOPE_BEGIN|[67]|uId|Id|false|false
03:09:13.0 (16529330)|VARIABLE_ASSIGNMENT|[67]|uId|"a010b00000f9kYQAAY"
03:09:13.0 (16537227)|STATEMENT_EXECUTE|[68]
03:09:13.0 (16538989)|STATEMENT_EXECUTE|[68]
03:09:13.0 (16540411)|STATEMENT_EXECUTE|[69]
03:09:13.0 (16544037)|HEAP_ALLOCATE|[69]|Bytes:105
03:09:13.0 (17525935)|SOQL_EXECUTE_BEGIN|[69]|Aggregations:0|SELECT id, first_Name__C, last_Name__c, name, Email__C, Profile__C FROM MyUser__C Where id = :uId limit 1
03:09:13.0 (21318680)|SOQL_EXECUTE_END|[69]|Rows:1
03:09:13.0 (21341913)|HEAP_ALLOCATE|[69]|Bytes:8
03:09:13.0 (21362600)|HEAP_ALLOCATE|[69]|Bytes:159
03:09:13.0 (21407724)|HEAP_ALLOCATE|[69]|Bytes:8
03:09:13.0 (21422480)|HEAP_ALLOCATE|[69]|Bytes:35
03:09:13.0 (21462927)|HEAP_ALLOCATE|[69]|Bytes:28
03:09:13.0 (21533059)|VARIABLE_ASSIGNMENT|[EXTERNAL]|this|{"activeTab":"Home","fieldSetName":"0x6f6976bb","isChatter":false,"objApiName":"0x447a9256"}|0x71f5b165
03:09:13.0 (21560430)|VARIABLE_ASSIGNMENT|[EXTERNAL]|value|{"Id":"a010b00000f9kYQAAY","First_Name__c":"Pritam","Last_Name__c":"Raj","Name":"Pritam Raj","Email__c":"pritamraj.rits@gmail (4 more) ...","Profile__c":"System Administrator"}|0x5a7bc87
03:09:13.0 (21583309)|VARIABLE_ASSIGNMENT|[12]|this.user|{"Id":"a010b00000f9kYQAAY","First_Name__c":"Pritam","Last_Name__c":"Raj","Name":"Pritam Raj","Email__c":"pritamraj.rits@gmail (4 more) ...","Profile__c":"System Administrator"}|0x71f5b165
03:09:13.0 (21646177)|VARIABLE_ASSIGNMENT|[EXTERNAL]|this|{"activeTab":"Home","fieldSetName":"0x6f6976bb","isChatter":false,"objApiName":"0x447a9256","user":"0x5a7bc87"}|0x71f5b165
03:09:13.0 (21687277)|STATEMENT_EXECUTE|[71]
03:09:13.0 (21734571)|VARIABLE_ASSIGNMENT|[EXTERNAL]|this|{"activeTab":"Home","fieldSetName":"0x6f6976bb","isChatter":false,"objApiName":"0x447a9256","user":"0x5a7bc87"}|0x71f5b165
03:09:13.0 (21791367)|VARIABLE_ASSIGNMENT|[EXTERNAL]|this|{"activeTab":"Home","fieldSetName":"0x6f6976bb","isChatter":false,"objApiName":"0x447a9256","user":"0x5a7bc87"}|0x71f5b165
03:09:13.0 (21802412)|VARIABLE_ASSIGNMENT|[EXTERNAL]|value|"System Administrator"
03:09:13.0 (21813462)|VARIABLE_ASSIGNMENT|[4]|this.profile|"System Administrator"|0x71f5b165
03:09:13.0 (21821988)|STATEMENT_EXECUTE|[72]
03:09:13.0 (21862935)|VARIABLE_ASSIGNMENT|[EXTERNAL]|this|{"activeTab":"Home","fieldSetName":"0x6f6976bb","isChatter":false,"objApiName":"0x447a9256","profile":"System Administrator","user":"0x5a7bc87"}|0x71f5b165
03:09:13.0 (31811455)|HEAP_ALLOCATE|[72]|Bytes:92
03:09:13.0 (31939815)|VARIABLE_ASSIGNMENT|[72]|this.customUser|{"LastModifiedDate":"2019-04-15T08:30:21.000Z","IsDeleted":false,"isLogged_In__c":true,"Profile__c":"System Administrator","isTask__c":false,"Email_Id__c":"pritamraj.rits@gmail (4 more) ...","isTable__c":true,"isHome__c":false,"isRelated__c":true,"isGlobalTable__c":false,"SetupOwnerId":"00D0b000000R7qNEAS","Name":"pritamraj.rits@gmail (4 more) ...","SystemModstamp":"2019-04-15T08:30:21.000Z","isPagination__c":false,"ParentObjName__c":"account","CreatedById":"0050b000005PppiAAC","ParentRecId__c":"0010b00002DfZ9yAAF","CreatedDate":"2019-04-13T12:52:59.000Z","isCreate__c":false,"Id":"a070b00000mW3XIAA0","LastModifiedById":"0050b000004RFh7AAG","isChatter__c":false}|0x71f5b165
03:09:13.0 (31960788)|STATEMENT_EXECUTE|[73]
03:09:13.0 (32043253)|VARIABLE_ASSIGNMENT|[73]|this.isHome__c|true|0x747b2a82
03:09:13.0 (32052079)|STATEMENT_EXECUTE|[74]
03:09:13.0 (32192683)|VARIABLE_ASSIGNMENT|[EXTERNAL]|this|{"activeTab":"Home","customUser":"0x747b2a82","fieldSetName":"0x6f6976bb","isChatter":false,"objApiName":"0x447a9256","profile":"System Administrator","user":"0x5a7bc87"}|0x71f5b165
03:09:13.0 (32206338)|VARIABLE_ASSIGNMENT|[EXTERNAL]|value|true
03:09:13.0 (32218031)|VARIABLE_ASSIGNMENT|[16]|this.isHome|true|0x71f5b165
03:09:13.0 (32231315)|STATEMENT_EXECUTE|[81]
03:09:13.0 (32272737)|METHOD_ENTRY|[81]|01p0b000007wGHj|HeaderPageController.prepareObjectList()
03:09:13.0 (32294131)|VARIABLE_SCOPE_BEGIN|[104]|this|HeaderPageController|true|false
03:09:13.0 (32340340)|VARIABLE_ASSIGNMENT|[104]|this|{"activeTab":"Home","customUser":"0x747b2a82","fieldSetName":"0x6f6976bb","isChatter":false,"isHome":true,"objApiName":"0x447a9256","profile":"System Administrator","user":"0x5a7bc87"}|0x71f5b165
03:09:13.0 (32351774)|STATEMENT_EXECUTE|[104]
03:09:13.0 (32353552)|STATEMENT_EXECUTE|[105]
03:09:13.0 (32362885)|VARIABLE_SCOPE_BEGIN|[105]|objectList|List<SObject>|true|false
03:09:13.0 (32374731)|VARIABLE_ASSIGNMENT|[105]|objectList|null|
03:09:13.0 (32379409)|STATEMENT_EXECUTE|[106]
03:09:13.0 (32395304)|HEAP_ALLOCATE|[106]|Bytes:4
03:09:13.0 (32472609)|VARIABLE_ASSIGNMENT|[EXTERNAL]|this|{"activeTab":"Home","customUser":"0x747b2a82","fieldSetName":"0x6f6976bb","isChatter":false,"isHome":true,"objApiName":"0x447a9256","profile":"System Administrator","user":"0x5a7bc87"}|0x71f5b165
03:09:13.0 (32514518)|HEAP_ALLOCATE|[EXTERNAL]|Bytes:4
03:09:13.0 (32525934)|VARIABLE_ASSIGNMENT|[EXTERNAL]|value|[]|0x73da54ec
03:09:13.0 (32538179)|VARIABLE_ASSIGNMENT|[6]|this.objList|[]|0x71f5b165
03:09:13.0 (32548440)|STATEMENT_EXECUTE|[107]
03:09:13.0 (32556508)|HEAP_ALLOCATE|[107]|Bytes:4
03:09:13.0 (32621138)|VARIABLE_ASSIGNMENT|[EXTERNAL]|this|{"activeTab":"Home","customUser":"0x747b2a82","fieldSetName":"0x6f6976bb","isChatter":false,"isHome":true,"objApiName":"0x447a9256","objList":"0x73da54ec","profile":"System Administrator","user":"0x5a7bc87"}|0x71f5b165
03:09:13.0 (32641336)|HEAP_ALLOCATE|[EXTERNAL]|Bytes:4
03:09:13.0 (32648806)|VARIABLE_ASSIGNMENT|[EXTERNAL]|value|[]|0x3b0fa6bd
03:09:13.0 (32659674)|VARIABLE_ASSIGNMENT|[7]|this.moreObjList|[]|0x71f5b165
03:09:13.0 (32668274)|STATEMENT_EXECUTE|[108]
03:09:13.0 (32670001)|STATEMENT_EXECUTE|[108]
03:09:13.0 (32671493)|STATEMENT_EXECUTE|[109]
03:09:13.0 (32676324)|HEAP_ALLOCATE|[109]|Bytes:132
03:09:13.0 (33069805)|EXCEPTION_THROWN|[109]|System.QueryException: sObject type 'Site_Schema__c' is not supported. If you are attempting to use a custom object, be sure to append the '__c' after the entity name. Please reference your WSDL or the describe call for the appropriate names.
03:09:13.0 (33182363)|HEAP_ALLOCATE|[109]|Bytes:223
03:09:13.0 (33221436)|VARIABLE_SCOPE_BEGIN|[125]|e|Exception|true|false
03:09:13.0 (33331946)|VARIABLE_ASSIGNMENT|[125]|e|"common.apex.runtime.impl.ExecutionException: sObject type 'Site_Schema__c' is not supported. If you are attempting to use a custom object, be sure to append the '__c' after the entity name. Please reference your WSDL or the describe call for the appropriate names."|0x643c2ca
03:09:13.0 (33342853)|STATEMENT_EXECUTE|[125]
03:09:13.0 (33344662)|STATEMENT_EXECUTE|[126]
03:09:13.0 (33377204)|HEAP_ALLOCATE|[126]|Bytes:219
03:09:13.0 (33400031)|USER_DEBUG|[126]|DEBUG|sObject type 'Site_Schema__c' is not supported. If you are attempting to use a custom object, be sure to append the '__c' after the entity name. Please reference your WSDL or the describe call for the appropriate names.
03:09:13.0 (33410095)|STATEMENT_EXECUTE|[127]
03:09:13.0 (33574865)|HEAP_ALLOCATE|[127]|Bytes:219
03:09:13.0 (33643144)|VF_PAGE_MESSAGE|sObject type 'Site_Schema__c' is not supported. If you are attempting to use a custom object, be sure to append the '__c' after the entity name. Please reference your WSDL or the describe call for the appropriate names.
03:09:13.0 (33656327)|METHOD_EXIT|[81]|01p0b000007wGHj|HeaderPageController.prepareObjectList()
03:09:13.0 (33663278)|STATEMENT_EXECUTE|[82]
03:09:13.0 (33677701)|VARIABLE_ASSIGNMENT|[82]|this.objName|""|0x71f5b165
03:09:13.0 (33684246)|STATEMENT_EXECUTE|[83]
03:09:13.0 (33764320)|VARIABLE_ASSIGNMENT|[EXTERNAL]|this|{"activeTab":"Home","customUser":"0x747b2a82","fieldSetName":"0x6f6976bb","isChatter":false,"isHome":true,"moreObjList":"0x3b0fa6bd","objApiName":"0x447a9256","objList":"0x73da54ec","objName":"","profile":"System Administrator","user":"0x5a7bc87"}|0x71f5b165
03:09:13.0 (33777395)|VARIABLE_ASSIGNMENT|[EXTERNAL]|value|""
03:09:13.0 (33787174)|VARIABLE_ASSIGNMENT|[9]|this.functionality|""|0x71f5b165
03:09:13.0 (33796305)|STATEMENT_EXECUTE|[84]
03:09:13.0 (33866719)|VARIABLE_ASSIGNMENT|[EXTERNAL]|this|{"activeTab":"Home","customUser":"0x747b2a82","fieldSetName":"0x6f6976bb","functionality":"","isChatter":false,"isHome":true,"moreObjList":"0x3b0fa6bd","objApiName":"0x447a9256","objList":"0x73da54ec","objName":"","profile":"System Administrator","user":"0x5a7bc87"}|0x71f5b165
03:09:13.0 (33882005)|VARIABLE_ASSIGNMENT|[EXTERNAL]|value|true
03:09:13.0 (33888873)|HEAP_ALLOCATE|[18]|Bytes:5
03:09:13.0 (33897053)|VARIABLE_ASSIGNMENT|[18]|this.isLoggedIn|true|0x71f5b165
03:09:13.0 (33906031)|STATEMENT_EXECUTE|[85]
03:09:13.0 (33968139)|VARIABLE_ASSIGNMENT|[EXTERNAL]|this|{"activeTab":"Home","customUser":"0x747b2a82","fieldSetName":"0x6f6976bb","functionality":"","isChatter":false,"isHome":true,"isLoggedIn":true,"moreObjList":"0x3b0fa6bd","objApiName":"0x447a9256","objList":"0x73da54ec","objName":"","profile":"System Administrator","user":"0x5a7bc87"}|0x71f5b165
03:09:13.0 (33981516)|VARIABLE_ASSIGNMENT|[EXTERNAL]|value|false
03:09:13.0 (33987866)|HEAP_ALLOCATE|[13]|Bytes:5
03:09:13.0 (33995360)|VARIABLE_ASSIGNMENT|[13]|this.isCreate|false|0x71f5b165
03:09:13.0 (34003479)|STATEMENT_EXECUTE|[86]
03:09:13.0 (34063970)|VARIABLE_ASSIGNMENT|[EXTERNAL]|this|{"activeTab":"Home","customUser":"0x747b2a82","fieldSetName":"0x6f6976bb","functionality":"","isChatter":false,"isCreate":false,"isHome":true,"isLoggedIn":true,"moreObjList":"0x3b0fa6bd","objApiName":"0x447a9256","objList":"0x73da54ec","objName":"","profile":"System Administrator","user":"0x5a7bc87"}|0x71f5b165
03:09:13.0 (34077184)|VARIABLE_ASSIGNMENT|[EXTERNAL]|value|false
03:09:13.0 (34083538)|HEAP_ALLOCATE|[14]|Bytes:5
03:09:13.0 (34090740)|VARIABLE_ASSIGNMENT|[14]|this.istable|false|0x71f5b165
03:09:13.0 (34099226)|STATEMENT_EXECUTE|[87]
03:09:13.0 (34156459)|VARIABLE_ASSIGNMENT|[EXTERNAL]|this|{"activeTab":"Home","customUser":"0x747b2a82","fieldSetName":"0x6f6976bb","functionality":"","isChatter":false,"isCreate":false,"isHome":true,"isLoggedIn":true,"istable":false,"moreObjList":"0x3b0fa6bd","objApiName":"0x447a9256","objList":"0x73da54ec","objName":"","profile":"System Administrator","user":"0x5a7bc87"}|0x71f5b165
03:09:13.0 (34170474)|VARIABLE_ASSIGNMENT|[EXTERNAL]|value|false
03:09:13.0 (34176084)|HEAP_ALLOCATE|[15]|Bytes:5
03:09:13.0 (34182693)|VARIABLE_ASSIGNMENT|[15]|this.isGlobalTable|false|0x71f5b165
03:09:13.0 (34190956)|STATEMENT_EXECUTE|[88]
03:09:13.0 (34242148)|VARIABLE_ASSIGNMENT|[EXTERNAL]|this|{"activeTab":"Home","customUser":"0x747b2a82","fieldSetName":"0x6f6976bb","functionality":"","isChatter":false,"isCreate":false,"isGlobalTable":false,"isHome":true,"isLoggedIn":true,"istable":false,"moreObjList":"0x3b0fa6bd","objApiName":"0x447a9256","objList":"0x73da54ec","objName":"","profile":"System Administrator","user":"0x5a7bc87"}|0x71f5b165
03:09:13.0 (34254867)|VARIABLE_ASSIGNMENT|[EXTERNAL]|value|true
03:09:13.0 (34260218)|HEAP_ALLOCATE|[16]|Bytes:5
03:09:13.0 (34266422)|VARIABLE_ASSIGNMENT|[16]|this.isHome|true|0x71f5b165
03:09:13.0 (34274098)|STATEMENT_EXECUTE|[89]
03:09:13.0 (34283152)|METHOD_ENTRY|[89]|01p0b000007wGHj|HeaderPageController.initCustomSetting()
03:09:13.0 (34298799)|VARIABLE_SCOPE_BEGIN|[261]|this|HeaderPageController|true|false
03:09:13.0 (34347759)|VARIABLE_ASSIGNMENT|[261]|this|{"activeTab":"Home","customUser":"0x747b2a82","fieldSetName":"0x6f6976bb","functionality":"","isChatter":false,"isCreate":false,"isGlobalTable":false,"isHome":true,"isLoggedIn":true,"istable":false,"moreObjList":"0x3b0fa6bd","objApiName":"0x447a9256","objList":"0x73da54ec","objName":"","profile":"System Administrator","user":"0x5a7bc87"}|0x71f5b165
03:09:13.0 (34359444)|STATEMENT_EXECUTE|[261]
03:09:13.0 (34361117)|STATEMENT_EXECUTE|[262]
03:09:13.0 (34362914)|STATEMENT_EXECUTE|[262]
03:09:13.0 (34412828)|VARIABLE_ASSIGNMENT|[EXTERNAL]|this|{"activeTab":"Home","customUser":"0x747b2a82","fieldSetName":"0x6f6976bb","functionality":"","isChatter":false,"isCreate":false,"isGlobalTable":false,"isHome":true,"isLoggedIn":true,"istable":false,"moreObjList":"0x3b0fa6bd","objApiName":"0x447a9256","objList":"0x73da54ec","objName":"","profile":"System Administrator","user":"0x5a7bc87"}|0x71f5b165
03:09:13.0 (34453860)|STATEMENT_EXECUTE|[263]
03:09:13.0 (34456149)|STATEMENT_EXECUTE|[264]
03:09:13.0 (34514233)|VARIABLE_ASSIGNMENT|[EXTERNAL]|this|{"activeTab":"Home","customUser":"0x747b2a82","fieldSetName":"0x6f6976bb","functionality":"","isChatter":false,"isCreate":false,"isGlobalTable":false,"isHome":true,"isLoggedIn":true,"istable":false,"moreObjList":"0x3b0fa6bd","objApiName":"0x447a9256","objList":"0x73da54ec","objName":"","profile":"System Administrator","user":"0x5a7bc87"}|0x71f5b165
03:09:13.0 (34569693)|HEAP_ALLOCATE|[264]|Bytes:92
03:09:13.0 (34582841)|VARIABLE_SCOPE_BEGIN|[264]|u|UserInfo__c|true|false
03:09:13.0 (34638099)|VARIABLE_ASSIGNMENT|[264]|u|{"LastModifiedDate":"2019-04-15T08:30:21.000Z","IsDeleted":false,"isLogged_In__c":true,"Profile__c":"System Administrator","isTask__c":false,"Email_Id__c":"pritamraj.rits@gmail (4 more) ...","isTable__c":true,"isHome__c":true,"isRelated__c":true,"isGlobalTable__c":false,"SetupOwnerId":"00D0b000000R7qNEAS","Name":"pritamraj.rits@gmail (4 more) ...","SystemModstamp":"2019-04-15T08:30:21.000Z","isPagination__c":false,"ParentObjName__c":"account","CreatedById":"0050b000005PppiAAC","ParentRecId__c":"0010b00002DfZ9yAAF","CreatedDate":"2019-04-13T12:52:59.000Z","isCreate__c":false,"Id":"a070b00000mW3XIAA0","LastModifiedById":"0050b000004RFh7AAG","isChatter__c":false}|0x747b2a82
03:09:13.0 (34653197)|STATEMENT_EXECUTE|[265]
03:09:13.0 (34731975)|VARIABLE_ASSIGNMENT|[EXTERNAL]|this|{"activeTab":"Home","customUser":"0x747b2a82","fieldSetName":"0x6f6976bb","functionality":"","isChatter":false,"isCreate":false,"isGlobalTable":false,"isHome":true,"isLoggedIn":true,"istable":false,"moreObjList":"0x3b0fa6bd","objApiName":"0x447a9256","objList":"0x73da54ec","objName":"","profile":"System Administrator","user":"0x5a7bc87"}|0x71f5b165
03:09:13.0 (34744995)|VARIABLE_ASSIGNMENT|[EXTERNAL]|value|true
03:09:13.0 (34753485)|VARIABLE_ASSIGNMENT|[18]|this.isLoggedIn|true|0x71f5b165
03:09:13.0 (34764759)|METHOD_EXIT|[89]|01p0b000007wGHj|HeaderPageController.initCustomSetting()
03:09:13.0 (35262332)|VF_APEX_CALL_END|HeaderPageController <init>|HeaderPageController
03:09:13.0 (72781278)|VF_APEX_CALL_START|[EXTERNAL]|01p0b000007p9vj|CreateRecordComponentController <init>|CreateRecordComponentController
03:09:13.0 (72813469)|SYSTEM_MODE_ENTER|true
03:09:13.0 (72912890)|HEAP_ALLOCATE|[EXTERNAL]|Bytes:74
03:09:13.0 (72924906)|HEAP_ALLOCATE|[EXTERNAL]|Bytes:324
03:09:13.0 (72930066)|HEAP_ALLOCATE|[EXTERNAL]|Bytes:191
03:09:13.0 (72933745)|HEAP_ALLOCATE|[EXTERNAL]|Bytes:85
03:09:13.0 (72949929)|METHOD_ENTRY|[1]|01p0b000007p9vj|CreateRecordComponentController.CreateRecordComponentController()
03:09:13.0 (72956984)|STATEMENT_EXECUTE|[1]
03:09:13.0 (72963085)|STATEMENT_EXECUTE|[1]
03:09:13.0 (72964733)|STATEMENT_EXECUTE|[632]
03:09:13.0 (72966408)|STATEMENT_EXECUTE|[644]
03:09:13.0 (72967933)|STATEMENT_EXECUTE|[941]
03:09:13.0 (72969455)|STATEMENT_EXECUTE|[962]
03:09:13.0 (72971038)|STATEMENT_EXECUTE|[972]
03:09:13.0 (72977756)|METHOD_EXIT|[1]|CreateRecordComponentController
03:09:13.0 (73563307)|HEAP_ALLOCATE|[EXTERNAL]|Bytes:68
03:09:13.0 (73579174)|VARIABLE_SCOPE_BEGIN|[90]|this|CreateRecordComponentController|true|false
03:09:13.0 (73658372)|VARIABLE_ASSIGNMENT|[90]|this|{}|0x213a1e3
03:09:13.0 (73671969)|STATEMENT_EXECUTE|[1]
03:09:13.0 (73674128)|STATEMENT_EXECUTE|[4]
03:09:13.0 (73676738)|STATEMENT_EXECUTE|[5]
03:09:13.0 (73678423)|STATEMENT_EXECUTE|[6]
03:09:13.0 (73679770)|STATEMENT_EXECUTE|[8]
03:09:13.0 (73681134)|STATEMENT_EXECUTE|[9]
03:09:13.0 (73682489)|STATEMENT_EXECUTE|[11]
03:09:13.0 (73683990)|STATEMENT_EXECUTE|[12]
03:09:13.0 (73685384)|STATEMENT_EXECUTE|[14]
03:09:13.0 (73686730)|STATEMENT_EXECUTE|[15]
03:09:13.0 (73688085)|STATEMENT_EXECUTE|[16]
03:09:13.0 (73689492)|STATEMENT_EXECUTE|[18]
03:09:13.0 (73690932)|STATEMENT_EXECUTE|[23]
03:09:13.0 (73692351)|STATEMENT_EXECUTE|[313]
03:09:13.0 (73693890)|STATEMENT_EXECUTE|[314]
03:09:13.0 (73695420)|STATEMENT_EXECUTE|[713]
03:09:13.0 (73696761)|STATEMENT_EXECUTE|[811]
03:09:13.0 (73722771)|STATEMENT_EXECUTE|[90]
03:09:13.0 (73724660)|STATEMENT_EXECUTE|[91]
03:09:13.0 (73739321)|HEAP_ALLOCATE|[91]|Bytes:4
03:09:13.0 (73899368)|VARIABLE_ASSIGNMENT|[EXTERNAL]|this|{}|0x213a1e3
03:09:13.0 (73935882)|HEAP_ALLOCATE|[EXTERNAL]|Bytes:4
03:09:13.0 (73947930)|VARIABLE_ASSIGNMENT|[EXTERNAL]|value|[]|0x65434188
03:09:13.0 (73963610)|VARIABLE_ASSIGNMENT|[4]|this.recordIdList|[]|0x213a1e3
03:09:13.0 (73974582)|STATEMENT_EXECUTE|[92]
03:09:13.0 (74029452)|VARIABLE_ASSIGNMENT|[EXTERNAL]|this|{"recordIdList":"0x65434188"}|0x213a1e3
03:09:13.0 (74041364)|VARIABLE_ASSIGNMENT|[EXTERNAL]|value|null
03:09:13.0 (74050600)|VARIABLE_ASSIGNMENT|[14]|this.selectedRecordTypeId|null|0x213a1e3
03:09:13.0 (74060946)|STATEMENT_EXECUTE|[93]
03:09:13.0 (74095197)|METHOD_ENTRY|[93]|01p0b000007p9vj|CreateRecordComponentController.initNotificationMap()
03:09:13.0 (74113623)|VARIABLE_SCOPE_BEGIN|[626]|this|CreateRecordComponentController|true|false
03:09:13.0 (74143962)|VARIABLE_ASSIGNMENT|[626]|this|{"recordIdList":"0x65434188"}|0x213a1e3
03:09:13.0 (74152293)|STATEMENT_EXECUTE|[626]
03:09:13.0 (74154023)|STATEMENT_EXECUTE|[627]
03:09:13.0 (74168202)|HEAP_ALLOCATE|[627]|Bytes:4
03:09:13.0 (74244220)|VARIABLE_ASSIGNMENT|[EXTERNAL]|this|{"recordIdList":"0x65434188"}|0x213a1e3
03:09:13.0 (74262409)|VARIABLE_ASSIGNMENT|[EXTERNAL]|value|{}|0x36b210bc
03:09:13.0 (74274369)|VARIABLE_ASSIGNMENT|[11]|this.needJavaScript|{}|0x213a1e3
03:09:13.0 (74283665)|STATEMENT_EXECUTE|[628]
03:09:13.0 (74328783)|VARIABLE_ASSIGNMENT|[EXTERNAL]|this|{"needJavaScript":"0x36b210bc","recordIdList":"0x65434188"}|0x213a1e3
03:09:13.0 (74345438)|HEAP_ALLOCATE|[628]|Bytes:7
03:09:13.0 (74367596)|HEAP_ALLOCATE|[628]|Bytes:3
03:09:13.0 (74380718)|HEAP_ALLOCATE|[628]|Bytes:16
03:09:13.0 (74387021)|HEAP_ALLOCATE|[628]|Bytes:2
03:09:13.0 (74403139)|CONSTRUCTOR_ENTRY|[628]|01p0b000007p9vj|<init>(Boolean,String,String)|CreateRecordComponentController.NotificationMessage
03:09:13.0 (74415212)|VARIABLE_SCOPE_BEGIN|[637]|this|CreateRecordComponentController.NotificationMessage|true|false
03:09:13.0 (74469682)|VARIABLE_ASSIGNMENT|[637]|this|{}|0x6f1a9d67
03:09:13.0 (74486275)|VARIABLE_SCOPE_BEGIN|[637]|show|Boolean|false|false
03:09:13.0 (74496531)|VARIABLE_ASSIGNMENT|[637]|show|false
03:09:13.0 (74501813)|VARIABLE_SCOPE_BEGIN|[637]|statusCode|String|false|false
03:09:13.0 (74511488)|VARIABLE_ASSIGNMENT|[637]|statusCode|"NA"
03:09:13.0 (74515926)|VARIABLE_SCOPE_BEGIN|[637]|message|String|false|false
03:09:13.0 (74523555)|VARIABLE_ASSIGNMENT|[637]|message|"NA"
03:09:13.0 (74528787)|STATEMENT_EXECUTE|[632]
03:09:13.0 (74530608)|STATEMENT_EXECUTE|[633]
03:09:13.0 (74532762)|STATEMENT_EXECUTE|[634]
03:09:13.0 (74534370)|STATEMENT_EXECUTE|[635]
03:09:13.0 (74547207)|STATEMENT_EXECUTE|[637]
03:09:13.0 (74549024)|STATEMENT_EXECUTE|[638]
03:09:13.0 (74553145)|HEAP_ALLOCATE|[638]|Bytes:5
03:09:13.0 (74562016)|VARIABLE_ASSIGNMENT|[638]|this.show|false|0x6f1a9d67
03:09:13.0 (74567690)|STATEMENT_EXECUTE|[639]
03:09:13.0 (74623303)|HEAP_ALLOCATE|[639]|Bytes:2
03:09:13.0 (74642500)|VARIABLE_ASSIGNMENT|[639]|this.statusCode|"NA"|0x6f1a9d67
03:09:13.0 (74649128)|STATEMENT_EXECUTE|[640]
03:09:13.0 (74664722)|HEAP_ALLOCATE|[640]|Bytes:2
03:09:13.0 (74677950)|VARIABLE_ASSIGNMENT|[640]|this.message|"NA"|0x6f1a9d67
03:09:13.0 (74689935)|CONSTRUCTOR_EXIT|[628]|01p0b000007p9vj|<init>(Boolean,String,String)|CreateRecordComponentController.NotificationMessage
03:09:13.0 (74712113)|HEAP_ALLOCATE|[EXTERNAL]|Bytes:-4
03:09:13.0 (74719780)|STATEMENT_EXECUTE|[629]
03:09:13.0 (74760915)|VARIABLE_ASSIGNMENT|[EXTERNAL]|this|{"needJavaScript":"0x36b210bc","recordIdList":"0x65434188"}|0x213a1e3
03:09:13.0 (74773723)|HEAP_ALLOCATE|[629]|Bytes:7
03:09:13.0 (74779976)|HEAP_ALLOCATE|[629]|Bytes:16
03:09:13.0 (74790126)|CONSTRUCTOR_ENTRY|[629]|01p0b000007p9vj|<init>(Boolean,String,String)|CreateRecordComponentController.NotificationMessage
03:09:13.0 (74797890)|VARIABLE_SCOPE_BEGIN|[637]|this|CreateRecordComponentController.NotificationMessage|true|false
03:09:13.0 (74812015)|VARIABLE_ASSIGNMENT|[637]|this|{}|0x2e9e3122
03:09:13.0 (74819894)|VARIABLE_SCOPE_BEGIN|[637]|show|Boolean|false|false
03:09:13.0 (74828076)|VARIABLE_ASSIGNMENT|[637]|show|false
03:09:13.0 (74847889)|VARIABLE_SCOPE_BEGIN|[637]|statusCode|String|false|false
03:09:13.0 (74857712)|VARIABLE_ASSIGNMENT|[637]|statusCode|"NA"
03:09:13.0 (74862101)|VARIABLE_SCOPE_BEGIN|[637]|message|String|false|false
03:09:13.0 (74873615)|VARIABLE_ASSIGNMENT|[637]|message|"NA"
03:09:13.0 (74878724)|STATEMENT_EXECUTE|[632]
03:09:13.0 (74880393)|STATEMENT_EXECUTE|[633]
03:09:13.0 (74881947)|STATEMENT_EXECUTE|[634]
03:09:13.0 (74883367)|STATEMENT_EXECUTE|[635]
03:09:13.0 (74894061)|STATEMENT_EXECUTE|[637]
03:09:13.0 (74895682)|STATEMENT_EXECUTE|[638]
03:09:13.0 (74899433)|HEAP_ALLOCATE|[638]|Bytes:5
03:09:13.0 (74906964)|VARIABLE_ASSIGNMENT|[638]|this.show|false|0x2e9e3122
03:09:13.0 (74916713)|STATEMENT_EXECUTE|[639]
03:09:13.0 (74928252)|HEAP_ALLOCATE|[639]|Bytes:2
03:09:13.0 (74940914)|VARIABLE_ASSIGNMENT|[639]|this.statusCode|"NA"|0x2e9e3122
03:09:13.0 (74947502)|STATEMENT_EXECUTE|[640]
03:09:13.0 (74954244)|HEAP_ALLOCATE|[640]|Bytes:2
03:09:13.0 (74963895)|VARIABLE_ASSIGNMENT|[640]|this.message|"NA"|0x2e9e3122
03:09:13.0 (74974293)|CONSTRUCTOR_EXIT|[629]|01p0b000007p9vj|<init>(Boolean,String,String)|CreateRecordComponentController.NotificationMessage
03:09:13.0 (74988019)|HEAP_ALLOCATE|[EXTERNAL]|Bytes:-4
03:09:13.0 (74996203)|METHOD_EXIT|[93]|01p0b000007p9vj|CreateRecordComponentController.initNotificationMap()
03:09:13.0 (75023779)|VF_APEX_CALL_END|CreateRecordComponentController <init>|CreateRecordComponentController
03:09:13.0 (77254025)|VF_APEX_CALL_START|[EXTERNAL]|01p0b000007p9vj|CreateRecordComponentController <init>|CreateRecordComponentController
03:09:13.0 (77273952)|SYSTEM_MODE_ENTER|true
03:09:13.0 (77293646)|HEAP_ALLOCATE|[EXTERNAL]|Bytes:68
03:09:13.0 (77301376)|VARIABLE_SCOPE_BEGIN|[90]|this|CreateRecordComponentController|true|false
03:09:13.0 (77336622)|VARIABLE_ASSIGNMENT|[90]|this|{}|0x15546033
03:09:13.0 (77345791)|STATEMENT_EXECUTE|[1]
03:09:13.0 (77347858)|STATEMENT_EXECUTE|[4]
03:09:13.0 (77349807)|STATEMENT_EXECUTE|[5]
03:09:13.0 (77351398)|STATEMENT_EXECUTE|[6]
03:09:13.0 (77353065)|STATEMENT_EXECUTE|[8]
03:09:13.0 (77354463)|STATEMENT_EXECUTE|[9]
03:09:13.0 (77355861)|STATEMENT_EXECUTE|[11]
03:09:13.0 (77357481)|STATEMENT_EXECUTE|[12]
03:09:13.0 (77359004)|STATEMENT_EXECUTE|[14]
03:09:13.0 (77360418)|STATEMENT_EXECUTE|[15]
03:09:13.0 (77362000)|STATEMENT_EXECUTE|[16]
03:09:13.0 (77363398)|STATEMENT_EXECUTE|[18]
03:09:13.0 (77364891)|STATEMENT_EXECUTE|[23]
03:09:13.0 (77366332)|STATEMENT_EXECUTE|[313]
03:09:13.0 (77367978)|STATEMENT_EXECUTE|[314]
03:09:13.0 (77369583)|STATEMENT_EXECUTE|[713]
03:09:13.0 (77371002)|STATEMENT_EXECUTE|[811]
03:09:13.0 (77384208)|STATEMENT_EXECUTE|[90]
03:09:13.0 (77385944)|STATEMENT_EXECUTE|[91]
03:09:13.0 (77395625)|HEAP_ALLOCATE|[91]|Bytes:4
03:09:13.0 (77451666)|VARIABLE_ASSIGNMENT|[EXTERNAL]|this|{}|0x15546033
03:09:13.0 (77478079)|HEAP_ALLOCATE|[EXTERNAL]|Bytes:4
03:09:13.0 (77486782)|VARIABLE_ASSIGNMENT|[EXTERNAL]|value|[]|0x6f2d056
03:09:13.0 (77499066)|VARIABLE_ASSIGNMENT|[4]|this.recordIdList|[]|0x15546033
03:09:13.0 (77509956)|STATEMENT_EXECUTE|[92]
03:09:13.0 (77539873)|VARIABLE_ASSIGNMENT|[EXTERNAL]|this|{"recordIdList":"0x6f2d056"}|0x15546033
03:09:13.0 (77548941)|VARIABLE_ASSIGNMENT|[EXTERNAL]|value|null
03:09:13.0 (77556866)|VARIABLE_ASSIGNMENT|[14]|this.selectedRecordTypeId|null|0x15546033
03:09:13.0 (77565028)|STATEMENT_EXECUTE|[93]
03:09:13.0 (77569829)|METHOD_ENTRY|[93]|01p0b000007p9vj|CreateRecordComponentController.initNotificationMap()
03:09:13.0 (77576019)|VARIABLE_SCOPE_BEGIN|[626]|this|CreateRecordComponentController|true|false
03:09:13.0 (77601636)|VARIABLE_ASSIGNMENT|[626]|this|{"recordIdList":"0x6f2d056"}|0x15546033
03:09:13.0 (77609156)|STATEMENT_EXECUTE|[626]
03:09:13.0 (77610724)|STATEMENT_EXECUTE|[627]
03:09:13.0 (77621510)|HEAP_ALLOCATE|[627]|Bytes:4
03:09:13.0 (77651037)|VARIABLE_ASSIGNMENT|[EXTERNAL]|this|{"recordIdList":"0x6f2d056"}|0x15546033
03:09:13.0 (77664149)|VARIABLE_ASSIGNMENT|[EXTERNAL]|value|{}|0x19d58819
03:09:13.0 (77673652)|VARIABLE_ASSIGNMENT|[11]|this.needJavaScript|{}|0x15546033
03:09:13.0 (77681837)|STATEMENT_EXECUTE|[628]
03:09:13.0 (77707863)|VARIABLE_ASSIGNMENT|[EXTERNAL]|this|{"needJavaScript":"0x19d58819","recordIdList":"0x6f2d056"}|0x15546033
03:09:13.0 (77721307)|HEAP_ALLOCATE|[628]|Bytes:16
03:09:13.0 (77731676)|CONSTRUCTOR_ENTRY|[628]|01p0b000007p9vj|<init>(Boolean,String,String)|CreateRecordComponentController.NotificationMessage
03:09:13.0 (77739468)|VARIABLE_SCOPE_BEGIN|[637]|this|CreateRecordComponentController.NotificationMessage|true|false
03:09:13.0 (77754005)|VARIABLE_ASSIGNMENT|[637]|this|{}|0x461dad20
03:09:13.0 (77762654)|VARIABLE_SCOPE_BEGIN|[637]|show|Boolean|false|false
03:09:13.0 (77771449)|VARIABLE_ASSIGNMENT|[637]|show|false
03:09:13.0 (77776246)|VARIABLE_SCOPE_BEGIN|[637]|statusCode|String|false|false
03:09:13.0 (77784945)|VARIABLE_ASSIGNMENT|[637]|statusCode|"NA"
03:09:13.0 (77790396)|VARIABLE_SCOPE_BEGIN|[637]|message|String|false|false
03:09:13.0 (77798129)|VARIABLE_ASSIGNMENT|[637]|message|"NA"
03:09:13.0 (77802844)|STATEMENT_EXECUTE|[632]
03:09:13.0 (77804754)|STATEMENT_EXECUTE|[633]
03:09:13.0 (77806192)|STATEMENT_EXECUTE|[634]
03:09:13.0 (77807643)|STATEMENT_EXECUTE|[635]
03:09:13.0 (77817937)|STATEMENT_EXECUTE|[637]
03:09:13.0 (77819604)|STATEMENT_EXECUTE|[638]
03:09:13.0 (77823357)|HEAP_ALLOCATE|[638]|Bytes:5
03:09:13.0 (77830787)|VARIABLE_ASSIGNMENT|[638]|this.show|false|0x461dad20
03:09:13.0 (77836253)|STATEMENT_EXECUTE|[639]
03:09:13.0 (77851012)|HEAP_ALLOCATE|[639]|Bytes:2
03:09:13.0 (77863930)|VARIABLE_ASSIGNMENT|[639]|this.statusCode|"NA"|0x461dad20
03:09:13.0 (77871041)|STATEMENT_EXECUTE|[640]
03:09:13.0 (77877823)|HEAP_ALLOCATE|[640]|Bytes:2
03:09:13.0 (77888248)|VARIABLE_ASSIGNMENT|[640]|this.message|"NA"|0x461dad20
03:09:13.0 (77898350)|CONSTRUCTOR_EXIT|[628]|01p0b000007p9vj|<init>(Boolean,String,String)|CreateRecordComponentController.NotificationMessage
03:09:13.0 (77910891)|HEAP_ALLOCATE|[EXTERNAL]|Bytes:-4
03:09:13.0 (77917731)|STATEMENT_EXECUTE|[629]
03:09:13.0 (77947764)|VARIABLE_ASSIGNMENT|[EXTERNAL]|this|{"needJavaScript":"0x19d58819","recordIdList":"0x6f2d056"}|0x15546033
03:09:13.0 (77960204)|HEAP_ALLOCATE|[629]|Bytes:16
03:09:13.0 (77968646)|CONSTRUCTOR_ENTRY|[629]|01p0b000007p9vj|<init>(Boolean,String,String)|CreateRecordComponentController.NotificationMessage
03:09:13.0 (77975359)|VARIABLE_SCOPE_BEGIN|[637]|this|CreateRecordComponentController.NotificationMessage|true|false
03:09:13.0 (77989060)|VARIABLE_ASSIGNMENT|[637]|this|{}|0x70fe0828
03:09:13.0 (77996329)|VARIABLE_SCOPE_BEGIN|[637]|show|Boolean|false|false
03:09:13.0 (78004515)|VARIABLE_ASSIGNMENT|[637]|show|false
03:09:13.0 (78009810)|VARIABLE_SCOPE_BEGIN|[637]|statusCode|String|false|false
03:09:13.0 (78018006)|VARIABLE_ASSIGNMENT|[637]|statusCode|"NA"
03:09:13.0 (78022058)|VARIABLE_SCOPE_BEGIN|[637]|message|String|false|false
03:09:13.0 (78030225)|VARIABLE_ASSIGNMENT|[637]|message|"NA"
03:09:13.0 (78034459)|STATEMENT_EXECUTE|[632]
03:09:13.0 (78035975)|STATEMENT_EXECUTE|[633]
03:09:13.0 (78037506)|STATEMENT_EXECUTE|[634]
03:09:13.0 (78038852)|STATEMENT_EXECUTE|[635]
03:09:13.0 (78047335)|STATEMENT_EXECUTE|[637]
03:09:13.0 (78048895)|STATEMENT_EXECUTE|[638]
03:09:13.0 (78052067)|HEAP_ALLOCATE|[638]|Bytes:5
03:09:13.0 (78058455)|VARIABLE_ASSIGNMENT|[638]|this.show|false|0x70fe0828
03:09:13.0 (78064318)|STATEMENT_EXECUTE|[639]
03:09:13.0 (78074540)|HEAP_ALLOCATE|[639]|Bytes:2
03:09:13.0 (78086284)|VARIABLE_ASSIGNMENT|[639]|this.statusCode|"NA"|0x70fe0828
03:09:13.0 (78092018)|STATEMENT_EXECUTE|[640]
03:09:13.0 (78098607)|HEAP_ALLOCATE|[640]|Bytes:2
03:09:13.0 (78108981)|VARIABLE_ASSIGNMENT|[640]|this.message|"NA"|0x70fe0828
03:09:13.0 (78118700)|CONSTRUCTOR_EXIT|[629]|01p0b000007p9vj|<init>(Boolean,String,String)|CreateRecordComponentController.NotificationMessage
03:09:13.0 (78130141)|HEAP_ALLOCATE|[EXTERNAL]|Bytes:-4
03:09:13.0 (78138124)|METHOD_EXIT|[93]|01p0b000007p9vj|CreateRecordComponentController.initNotificationMap()
03:09:13.0 (78160557)|VF_APEX_CALL_END|CreateRecordComponentController <init>|CreateRecordComponentController
03:09:13.0 (78757418)|VF_APEX_CALL_START|[EXTERNAL]|01p0b000007p9vj|CreateRecordComponentController <init>|CreateRecordComponentController
03:09:13.0 (78774349)|SYSTEM_MODE_ENTER|true
03:09:13.0 (78791067)|HEAP_ALLOCATE|[EXTERNAL]|Bytes:68
03:09:13.0 (78797713)|VARIABLE_SCOPE_BEGIN|[90]|this|CreateRecordComponentController|true|false
03:09:13.0 (78830141)|VARIABLE_ASSIGNMENT|[90]|this|{}|0x601e0601
03:09:13.0 (78839565)|STATEMENT_EXECUTE|[1]
03:09:13.0 (78841511)|STATEMENT_EXECUTE|[4]
03:09:13.0 (78843392)|STATEMENT_EXECUTE|[5]
03:09:13.0 (78844762)|STATEMENT_EXECUTE|[6]
03:09:13.0 (78846132)|STATEMENT_EXECUTE|[8]
03:09:13.0 (78847489)|STATEMENT_EXECUTE|[9]
03:09:13.0 (78849309)|STATEMENT_EXECUTE|[11]
03:09:13.0 (78851340)|STATEMENT_EXECUTE|[12]
03:09:13.0 (78852805)|STATEMENT_EXECUTE|[14]
03:09:13.0 (78854149)|STATEMENT_EXECUTE|[15]
03:09:13.0 (78855776)|STATEMENT_EXECUTE|[16]
03:09:13.0 (78857373)|STATEMENT_EXECUTE|[18]
03:09:13.0 (78858727)|STATEMENT_EXECUTE|[23]
03:09:13.0 (78860107)|STATEMENT_EXECUTE|[313]
03:09:13.0 (78861574)|STATEMENT_EXECUTE|[314]
03:09:13.0 (78863046)|STATEMENT_EXECUTE|[713]
03:09:13.0 (78864449)|STATEMENT_EXECUTE|[811]
03:09:13.0 (78876616)|STATEMENT_EXECUTE|[90]
03:09:13.0 (78878337)|STATEMENT_EXECUTE|[91]
03:09:13.0 (78887058)|HEAP_ALLOCATE|[91]|Bytes:4
03:09:13.0 (78924031)|VARIABLE_ASSIGNMENT|[EXTERNAL]|this|{}|0x601e0601
03:09:13.0 (78946054)|HEAP_ALLOCATE|[EXTERNAL]|Bytes:4
03:09:13.0 (78954320)|VARIABLE_ASSIGNMENT|[EXTERNAL]|value|[]|0x55bedf5b
03:09:13.0 (78965457)|VARIABLE_ASSIGNMENT|[4]|this.recordIdList|[]|0x601e0601
03:09:13.0 (78975552)|STATEMENT_EXECUTE|[92]
03:09:13.0 (79003641)|VARIABLE_ASSIGNMENT|[EXTERNAL]|this|{"recordIdList":"0x55bedf5b"}|0x601e0601
03:09:13.0 (79013384)|VARIABLE_ASSIGNMENT|[EXTERNAL]|value|null
03:09:13.0 (79021214)|VARIABLE_ASSIGNMENT|[14]|this.selectedRecordTypeId|null|0x601e0601
03:09:13.0 (79029591)|STATEMENT_EXECUTE|[93]
03:09:13.0 (79034079)|METHOD_ENTRY|[93]|01p0b000007p9vj|CreateRecordComponentController.initNotificationMap()
03:09:13.0 (79040192)|VARIABLE_SCOPE_BEGIN|[626]|this|CreateRecordComponentController|true|false
03:09:13.0 (79065894)|VARIABLE_ASSIGNMENT|[626]|this|{"recordIdList":"0x55bedf5b"}|0x601e0601
03:09:13.0 (79073775)|STATEMENT_EXECUTE|[626]
03:09:13.0 (79075286)|STATEMENT_EXECUTE|[627]
03:09:13.0 (79084986)|HEAP_ALLOCATE|[627]|Bytes:4
03:09:13.0 (79115644)|VARIABLE_ASSIGNMENT|[EXTERNAL]|this|{"recordIdList":"0x55bedf5b"}|0x601e0601
03:09:13.0 (79127785)|VARIABLE_ASSIGNMENT|[EXTERNAL]|value|{}|0x7e610c61
03:09:13.0 (79137069)|VARIABLE_ASSIGNMENT|[11]|this.needJavaScript|{}|0x601e0601
03:09:13.0 (79145574)|STATEMENT_EXECUTE|[628]
03:09:13.0 (79170962)|VARIABLE_ASSIGNMENT|[EXTERNAL]|this|{"needJavaScript":"0x7e610c61","recordIdList":"0x55bedf5b"}|0x601e0601
03:09:13.0 (79182332)|HEAP_ALLOCATE|[628]|Bytes:16
03:09:13.0 (79192543)|CONSTRUCTOR_ENTRY|[628]|01p0b000007p9vj|<init>(Boolean,String,String)|CreateRecordComponentController.NotificationMessage
03:09:13.0 (79200043)|VARIABLE_SCOPE_BEGIN|[637]|this|CreateRecordComponentController.NotificationMessage|true|false
03:09:13.0 (79214516)|VARIABLE_ASSIGNMENT|[637]|this|{}|0x7edee4cd
03:09:13.0 (79223715)|VARIABLE_SCOPE_BEGIN|[637]|show|Boolean|false|false
03:09:13.0 (79232413)|VARIABLE_ASSIGNMENT|[637]|show|false
03:09:13.0 (79236967)|VARIABLE_SCOPE_BEGIN|[637]|statusCode|String|false|false
03:09:13.0 (79245244)|VARIABLE_ASSIGNMENT|[637]|statusCode|"NA"
03:09:13.0 (79249547)|VARIABLE_SCOPE_BEGIN|[637]|message|String|false|false
03:09:13.0 (79256563)|VARIABLE_ASSIGNMENT|[637]|message|"NA"
03:09:13.0 (79261322)|STATEMENT_EXECUTE|[632]
03:09:13.0 (79262950)|STATEMENT_EXECUTE|[633]
03:09:13.0 (79264345)|STATEMENT_EXECUTE|[634]
03:09:13.0 (79265684)|STATEMENT_EXECUTE|[635]
03:09:13.0 (79275866)|STATEMENT_EXECUTE|[637]
03:09:13.0 (79277358)|STATEMENT_EXECUTE|[638]
03:09:13.0 (79281091)|HEAP_ALLOCATE|[638]|Bytes:5
03:09:13.0 (79287991)|VARIABLE_ASSIGNMENT|[638]|this.show|false|0x7edee4cd
03:09:13.0 (79294086)|STATEMENT_EXECUTE|[639]
03:09:13.0 (79308013)|HEAP_ALLOCATE|[639]|Bytes:2
03:09:13.0 (79321784)|VARIABLE_ASSIGNMENT|[639]|this.statusCode|"NA"|0x7edee4cd
03:09:13.0 (79328049)|STATEMENT_EXECUTE|[640]
03:09:13.0 (79334739)|HEAP_ALLOCATE|[640]|Bytes:2
03:09:13.0 (79344685)|VARIABLE_ASSIGNMENT|[640]|this.message|"NA"|0x7edee4cd
03:09:13.0 (79355739)|CONSTRUCTOR_EXIT|[628]|01p0b000007p9vj|<init>(Boolean,String,String)|CreateRecordComponentController.NotificationMessage
03:09:13.0 (79369009)|HEAP_ALLOCATE|[EXTERNAL]|Bytes:-4
03:09:13.0 (79375778)|STATEMENT_EXECUTE|[629]
03:09:13.0 (79406317)|VARIABLE_ASSIGNMENT|[EXTERNAL]|this|{"needJavaScript":"0x7e610c61","recordIdList":"0x55bedf5b"}|0x601e0601
03:09:13.0 (79419349)|HEAP_ALLOCATE|[629]|Bytes:16
03:09:13.0 (79427717)|CONSTRUCTOR_ENTRY|[629]|01p0b000007p9vj|<init>(Boolean,String,String)|CreateRecordComponentController.NotificationMessage
03:09:13.0 (79438680)|VARIABLE_SCOPE_BEGIN|[637]|this|CreateRecordComponentController.NotificationMessage|true|false
03:09:13.0 (79453307)|VARIABLE_ASSIGNMENT|[637]|this|{}|0x6e60db19
03:09:13.0 (79460685)|VARIABLE_SCOPE_BEGIN|[637]|show|Boolean|false|false
03:09:13.0 (79469468)|VARIABLE_ASSIGNMENT|[637]|show|false
03:09:13.0 (79473232)|VARIABLE_SCOPE_BEGIN|[637]|statusCode|String|false|false
03:09:13.0 (79481348)|VARIABLE_ASSIGNMENT|[637]|statusCode|"NA"
03:09:13.0 (79484901)|VARIABLE_SCOPE_BEGIN|[637]|message|String|false|false
03:09:13.0 (79490960)|VARIABLE_ASSIGNMENT|[637]|message|"NA"
03:09:13.0 (79495043)|STATEMENT_EXECUTE|[632]
03:09:13.0 (79496630)|STATEMENT_EXECUTE|[633]
03:09:13.0 (79498082)|STATEMENT_EXECUTE|[634]
03:09:13.0 (79499462)|STATEMENT_EXECUTE|[635]
03:09:13.0 (79508386)|STATEMENT_EXECUTE|[637]
03:09:13.0 (79509993)|STATEMENT_EXECUTE|[638]
03:09:13.0 (79513447)|HEAP_ALLOCATE|[638]|Bytes:5
03:09:13.0 (79520269)|VARIABLE_ASSIGNMENT|[638]|this.show|false|0x6e60db19
03:09:13.0 (79525183)|STATEMENT_EXECUTE|[639]
03:09:13.0 (79535257)|HEAP_ALLOCATE|[639]|Bytes:2
03:09:13.0 (79546836)|VARIABLE_ASSIGNMENT|[639]|this.statusCode|"NA"|0x6e60db19
03:09:13.0 (79553060)|STATEMENT_EXECUTE|[640]
03:09:13.0 (79559620)|HEAP_ALLOCATE|[640]|Bytes:2
03:09:13.0 (79569448)|VARIABLE_ASSIGNMENT|[640]|this.message|"NA"|0x6e60db19
03:09:13.0 (79579389)|CONSTRUCTOR_EXIT|[629]|01p0b000007p9vj|<init>(Boolean,String,String)|CreateRecordComponentController.NotificationMessage
03:09:13.0 (79591273)|HEAP_ALLOCATE|[EXTERNAL]|Bytes:-4
03:09:13.0 (79599415)|METHOD_EXIT|[93]|01p0b000007p9vj|CreateRecordComponentController.initNotificationMap()
03:09:13.0 (79620572)|VF_APEX_CALL_END|CreateRecordComponentController <init>|CreateRecordComponentController
03:09:13.0 (89796085)|VF_APEX_CALL_START|[EXTERNAL]|01p0b000007p9vj|CreateRecordComponentController <init>|CreateRecordComponentController
03:09:13.0 (89814538)|SYSTEM_MODE_ENTER|true
03:09:13.0 (89834851)|HEAP_ALLOCATE|[EXTERNAL]|Bytes:68
03:09:13.0 (89843758)|VARIABLE_SCOPE_BEGIN|[90]|this|CreateRecordComponentController|true|false
03:09:13.0 (89884427)|VARIABLE_ASSIGNMENT|[90]|this|{}|0x4d879589
03:09:13.0 (89894706)|STATEMENT_EXECUTE|[1]
03:09:13.0 (89896728)|STATEMENT_EXECUTE|[4]
03:09:13.0 (89898533)|STATEMENT_EXECUTE|[5]
03:09:13.0 (89900191)|STATEMENT_EXECUTE|[6]
03:09:13.0 (89901596)|STATEMENT_EXECUTE|[8]
03:09:13.0 (89903023)|STATEMENT_EXECUTE|[9]
03:09:13.0 (89904383)|STATEMENT_EXECUTE|[11]
03:09:13.0 (89906096)|STATEMENT_EXECUTE|[12]
03:09:13.0 (89907502)|STATEMENT_EXECUTE|[14]
03:09:13.0 (89908872)|STATEMENT_EXECUTE|[15]
03:09:13.0 (89910301)|STATEMENT_EXECUTE|[16]
03:09:13.0 (89911644)|STATEMENT_EXECUTE|[18]
03:09:13.0 (89913027)|STATEMENT_EXECUTE|[23]
03:09:13.0 (89914472)|STATEMENT_EXECUTE|[313]
03:09:13.0 (89916079)|STATEMENT_EXECUTE|[314]
03:09:13.0 (89917531)|STATEMENT_EXECUTE|[713]
03:09:13.0 (89919098)|STATEMENT_EXECUTE|[811]
03:09:13.0 (89934479)|STATEMENT_EXECUTE|[90]
03:09:13.0 (89936194)|STATEMENT_EXECUTE|[91]
03:09:13.0 (89946218)|HEAP_ALLOCATE|[91]|Bytes:4
03:09:13.0 (89985993)|VARIABLE_ASSIGNMENT|[EXTERNAL]|this|{}|0x4d879589
03:09:13.0 (90012710)|HEAP_ALLOCATE|[EXTERNAL]|Bytes:4
03:09:13.0 (90021603)|VARIABLE_ASSIGNMENT|[EXTERNAL]|value|[]|0x3b738a5c
03:09:13.0 (90033096)|VARIABLE_ASSIGNMENT|[4]|this.recordIdList|[]|0x4d879589
03:09:13.0 (90043338)|STATEMENT_EXECUTE|[92]
03:09:13.0 (90073776)|VARIABLE_ASSIGNMENT|[EXTERNAL]|this|{"recordIdList":"0x3b738a5c"}|0x4d879589
03:09:13.0 (90083060)|VARIABLE_ASSIGNMENT|[EXTERNAL]|value|null
03:09:13.0 (90091932)|VARIABLE_ASSIGNMENT|[14]|this.selectedRecordTypeId|null|0x4d879589
03:09:13.0 (90100281)|STATEMENT_EXECUTE|[93]
03:09:13.0 (90105427)|METHOD_ENTRY|[93]|01p0b000007p9vj|CreateRecordComponentController.initNotificationMap()
03:09:13.0 (90111841)|VARIABLE_SCOPE_BEGIN|[626]|this|CreateRecordComponentController|true|false
03:09:13.0 (90137427)|VARIABLE_ASSIGNMENT|[626]|this|{"recordIdList":"0x3b738a5c"}|0x4d879589
03:09:13.0 (90145300)|STATEMENT_EXECUTE|[626]
03:09:13.0 (90146893)|STATEMENT_EXECUTE|[627]
03:09:13.0 (90157694)|HEAP_ALLOCATE|[627]|Bytes:4
03:09:13.0 (90188206)|VARIABLE_ASSIGNMENT|[EXTERNAL]|this|{"recordIdList":"0x3b738a5c"}|0x4d879589
03:09:13.0 (90201510)|VARIABLE_ASSIGNMENT|[EXTERNAL]|value|{}|0x3282f973
03:09:13.0 (90212341)|VARIABLE_ASSIGNMENT|[11]|this.needJavaScript|{}|0x4d879589
03:09:13.0 (90220126)|STATEMENT_EXECUTE|[628]
03:09:13.0 (90247678)|VARIABLE_ASSIGNMENT|[EXTERNAL]|this|{"needJavaScript":"0x3282f973","recordIdList":"0x3b738a5c"}|0x4d879589
03:09:13.0 (90260778)|HEAP_ALLOCATE|[628]|Bytes:16
03:09:13.0 (90272551)|CONSTRUCTOR_ENTRY|[628]|01p0b000007p9vj|<init>(Boolean,String,String)|CreateRecordComponentController.NotificationMessage
03:09:13.0 (90280490)|VARIABLE_SCOPE_BEGIN|[637]|this|CreateRecordComponentController.NotificationMessage|true|false
03:09:13.0 (90295639)|VARIABLE_ASSIGNMENT|[637]|this|{}|0x5a525429
03:09:13.0 (90305475)|VARIABLE_SCOPE_BEGIN|[637]|show|Boolean|false|false
03:09:13.0 (90313670)|VARIABLE_ASSIGNMENT|[637]|show|false
03:09:13.0 (90318240)|VARIABLE_SCOPE_BEGIN|[637]|statusCode|String|false|false
03:09:13.0 (90326418)|VARIABLE_ASSIGNMENT|[637]|statusCode|"NA"
03:09:13.0 (90330522)|VARIABLE_SCOPE_BEGIN|[637]|message|String|false|false
03:09:13.0 (90338023)|VARIABLE_ASSIGNMENT|[637]|message|"NA"
03:09:13.0 (90342606)|STATEMENT_EXECUTE|[632]
03:09:13.0 (90344283)|STATEMENT_EXECUTE|[633]
03:09:13.0 (90345817)|STATEMENT_EXECUTE|[634]
03:09:13.0 (90347157)|STATEMENT_EXECUTE|[635]
03:09:13.0 (90356577)|STATEMENT_EXECUTE|[637]
03:09:13.0 (90358166)|STATEMENT_EXECUTE|[638]
03:09:13.0 (90361904)|HEAP_ALLOCATE|[638]|Bytes:5
03:09:13.0 (90368961)|VARIABLE_ASSIGNMENT|[638]|this.show|false|0x5a525429
03:09:13.0 (90374108)|STATEMENT_EXECUTE|[639]
03:09:13.0 (90389630)|HEAP_ALLOCATE|[639]|Bytes:2
03:09:13.0 (90403206)|VARIABLE_ASSIGNMENT|[639]|this.statusCode|"NA"|0x5a525429
03:09:13.0 (90410185)|STATEMENT_EXECUTE|[640]
03:09:13.0 (90417087)|HEAP_ALLOCATE|[640]|Bytes:2
03:09:13.0 (90426933)|VARIABLE_ASSIGNMENT|[640]|this.message|"NA"|0x5a525429
03:09:13.0 (90441993)|CONSTRUCTOR_EXIT|[628]|01p0b000007p9vj|<init>(Boolean,String,String)|CreateRecordComponentController.NotificationMessage
03:09:13.0 (90456407)|HEAP_ALLOCATE|[EXTERNAL]|Bytes:-4
03:09:13.0 (90463215)|STATEMENT_EXECUTE|[629]
03:09:13.0 (90494646)|VARIABLE_ASSIGNMENT|[EXTERNAL]|this|{"needJavaScript":"0x3282f973","recordIdList":"0x3b738a5c"}|0x4d879589
03:09:13.0 (90506921)|HEAP_ALLOCATE|[629]|Bytes:16
03:09:13.0 (90515435)|CONSTRUCTOR_ENTRY|[629]|01p0b000007p9vj|<init>(Boolean,String,String)|CreateRecordComponentController.NotificationMessage
03:09:13.0 (90522594)|VARIABLE_SCOPE_BEGIN|[637]|this|CreateRecordComponentController.NotificationMessage|true|false
03:09:13.0 (90536615)|VARIABLE_ASSIGNMENT|[637]|this|{}|0x2b88a937
03:09:13.0 (90543589)|VARIABLE_SCOPE_BEGIN|[637]|show|Boolean|false|false
03:09:13.0 (90552281)|VARIABLE_ASSIGNMENT|[637]|show|false
03:09:13.0 (90555896)|VARIABLE_SCOPE_BEGIN|[637]|statusCode|String|false|false
03:09:13.0 (90563152)|VARIABLE_ASSIGNMENT|[637]|statusCode|"NA"
03:09:13.0 (90567001)|VARIABLE_SCOPE_BEGIN|[637]|message|String|false|false
03:09:13.0 (90573556)|VARIABLE_ASSIGNMENT|[637]|message|"NA"
03:09:13.0 (90577385)|STATEMENT_EXECUTE|[632]
03:09:13.0 (90578985)|STATEMENT_EXECUTE|[633]
03:09:13.0 (90580600)|STATEMENT_EXECUTE|[634]
03:09:13.0 (90581990)|STATEMENT_EXECUTE|[635]
03:09:13.0 (90590350)|STATEMENT_EXECUTE|[637]
03:09:13.0 (90592104)|STATEMENT_EXECUTE|[638]
03:09:13.0 (90595710)|HEAP_ALLOCATE|[638]|Bytes:5
03:09:13.0 (90602140)|VARIABLE_ASSIGNMENT|[638]|this.show|false|0x2b88a937
03:09:13.0 (90607724)|STATEMENT_EXECUTE|[639]
03:09:13.0 (90617804)|HEAP_ALLOCATE|[639]|Bytes:2
03:09:13.0 (90629354)|VARIABLE_ASSIGNMENT|[639]|this.statusCode|"NA"|0x2b88a937
03:09:13.0 (90635178)|STATEMENT_EXECUTE|[640]
03:09:13.0 (90641639)|HEAP_ALLOCATE|[640]|Bytes:2
03:09:13.0 (90651499)|VARIABLE_ASSIGNMENT|[640]|this.message|"NA"|0x2b88a937
03:09:13.0 (90660635)|CONSTRUCTOR_EXIT|[629]|01p0b000007p9vj|<init>(Boolean,String,String)|CreateRecordComponentController.NotificationMessage
03:09:13.0 (90672086)|HEAP_ALLOCATE|[EXTERNAL]|Bytes:-4
03:09:13.0 (90679583)|METHOD_EXIT|[93]|01p0b000007p9vj|CreateRecordComponentController.initNotificationMap()
03:09:13.0 (90701770)|VF_APEX_CALL_END|CreateRecordComponentController <init>|CreateRecordComponentController
03:09:13.0 (91794614)|VF_APEX_CALL_START|[EXTERNAL]|01p0b000007p9vj|CreateRecordComponentController <init>|CreateRecordComponentController
03:09:13.0 (91811254)|SYSTEM_MODE_ENTER|true
03:09:13.0 (91828684)|HEAP_ALLOCATE|[EXTERNAL]|Bytes:68
03:09:13.0 (91835261)|VARIABLE_SCOPE_BEGIN|[90]|this|CreateRecordComponentController|true|false
03:09:13.0 (91871426)|VARIABLE_ASSIGNMENT|[90]|this|{}|0xc0ef770
03:09:13.0 (91881063)|STATEMENT_EXECUTE|[1]
03:09:13.0 (91882974)|STATEMENT_EXECUTE|[4]
03:09:13.0 (91884630)|STATEMENT_EXECUTE|[5]
03:09:13.0 (91885998)|STATEMENT_EXECUTE|[6]
03:09:13.0 (91887434)|STATEMENT_EXECUTE|[8]
03:09:13.0 (91888806)|STATEMENT_EXECUTE|[9]
03:09:13.0 (91890182)|STATEMENT_EXECUTE|[11]
03:09:13.0 (91891759)|STATEMENT_EXECUTE|[12]
03:09:13.0 (91893108)|STATEMENT_EXECUTE|[14]
03:09:13.0 (91894502)|STATEMENT_EXECUTE|[15]
03:09:13.0 (91895923)|STATEMENT_EXECUTE|[16]
03:09:13.0 (91897282)|STATEMENT_EXECUTE|[18]
03:09:13.0 (91898632)|STATEMENT_EXECUTE|[23]
03:09:13.0 (91900031)|STATEMENT_EXECUTE|[313]
03:09:13.0 (91901579)|STATEMENT_EXECUTE|[314]
03:09:13.0 (91903031)|STATEMENT_EXECUTE|[713]
03:09:13.0 (91904413)|STATEMENT_EXECUTE|[811]
03:09:13.0 (91916764)|STATEMENT_EXECUTE|[90]
03:09:13.0 (91918430)|STATEMENT_EXECUTE|[91]
03:09:13.0 (91927155)|HEAP_ALLOCATE|[91]|Bytes:4
03:09:13.0 (91966172)|VARIABLE_ASSIGNMENT|[EXTERNAL]|this|{}|0xc0ef770
03:09:13.0 (91989636)|HEAP_ALLOCATE|[EXTERNAL]|Bytes:4
03:09:13.0 (91998429)|VARIABLE_ASSIGNMENT|[EXTERNAL]|value|[]|0x2962dee3
03:09:13.0 (92009857)|VARIABLE_ASSIGNMENT|[4]|this.recordIdList|[]|0xc0ef770
03:09:13.0 (92020920)|STATEMENT_EXECUTE|[92]
03:09:13.0 (92049686)|VARIABLE_ASSIGNMENT|[EXTERNAL]|this|{"recordIdList":"0x2962dee3"}|0xc0ef770
03:09:13.0 (92059299)|VARIABLE_ASSIGNMENT|[EXTERNAL]|value|null
03:09:13.0 (92067781)|VARIABLE_ASSIGNMENT|[14]|this.selectedRecordTypeId|null|0xc0ef770
03:09:13.0 (92076471)|STATEMENT_EXECUTE|[93]
03:09:13.0 (92080783)|METHOD_ENTRY|[93]|01p0b000007p9vj|CreateRecordComponentController.initNotificationMap()
03:09:13.0 (92086582)|VARIABLE_SCOPE_BEGIN|[626]|this|CreateRecordComponentController|true|false
03:09:13.0 (92112141)|VARIABLE_ASSIGNMENT|[626]|this|{"recordIdList":"0x2962dee3"}|0xc0ef770
03:09:13.0 (92119607)|STATEMENT_EXECUTE|[626]
03:09:13.0 (92121241)|STATEMENT_EXECUTE|[627]
03:09:13.0 (92130680)|HEAP_ALLOCATE|[627]|Bytes:4
03:09:13.0 (92161200)|VARIABLE_ASSIGNMENT|[EXTERNAL]|this|{"recordIdList":"0x2962dee3"}|0xc0ef770
03:09:13.0 (92173717)|VARIABLE_ASSIGNMENT|[EXTERNAL]|value|{}|0x615934fa
03:09:13.0 (92183852)|VARIABLE_ASSIGNMENT|[11]|this.needJavaScript|{}|0xc0ef770
03:09:13.0 (92191828)|STATEMENT_EXECUTE|[628]
03:09:13.0 (92219208)|VARIABLE_ASSIGNMENT|[EXTERNAL]|this|{"needJavaScript":"0x615934fa","recordIdList":"0x2962dee3"}|0xc0ef770
03:09:13.0 (92231899)|HEAP_ALLOCATE|[628]|Bytes:16
03:09:13.0 (92243072)|CONSTRUCTOR_ENTRY|[628]|01p0b000007p9vj|<init>(Boolean,String,String)|CreateRecordComponentController.NotificationMessage
03:09:13.0 (92250466)|VARIABLE_SCOPE_BEGIN|[637]|this|CreateRecordComponentController.NotificationMessage|true|false
03:09:13.0 (92264082)|VARIABLE_ASSIGNMENT|[637]|this|{}|0xf76f8f7
03:09:13.0 (92272737)|VARIABLE_SCOPE_BEGIN|[637]|show|Boolean|false|false
03:09:13.0 (92281338)|VARIABLE_ASSIGNMENT|[637]|show|false
03:09:13.0 (92286249)|VARIABLE_SCOPE_BEGIN|[637]|statusCode|String|false|false
03:09:13.0 (92295063)|VARIABLE_ASSIGNMENT|[637]|statusCode|"NA"
03:09:13.0 (92299332)|VARIABLE_SCOPE_BEGIN|[637]|message|String|false|false
03:09:13.0 (92306864)|VARIABLE_ASSIGNMENT|[637]|message|"NA"
03:09:13.0 (92311588)|STATEMENT_EXECUTE|[632]
03:09:13.0 (92313178)|STATEMENT_EXECUTE|[633]
03:09:13.0 (92314966)|STATEMENT_EXECUTE|[634]
03:09:13.0 (92316352)|STATEMENT_EXECUTE|[635]
03:09:13.0 (92325783)|STATEMENT_EXECUTE|[637]
03:09:13.0 (92327417)|STATEMENT_EXECUTE|[638]
03:09:13.0 (92331211)|HEAP_ALLOCATE|[638]|Bytes:5
03:09:13.0 (92337896)|VARIABLE_ASSIGNMENT|[638]|this.show|false|0xf76f8f7
03:09:13.0 (92343694)|STATEMENT_EXECUTE|[639]
03:09:13.0 (92357696)|HEAP_ALLOCATE|[639]|Bytes:2
03:09:13.0 (92370924)|VARIABLE_ASSIGNMENT|[639]|this.statusCode|"NA"|0xf76f8f7
03:09:13.0 (92377238)|STATEMENT_EXECUTE|[640]
03:09:13.0 (92383954)|HEAP_ALLOCATE|[640]|Bytes:2
03:09:13.0 (92394999)|VARIABLE_ASSIGNMENT|[640]|this.message|"NA"|0xf76f8f7
03:09:13.0 (92404982)|CONSTRUCTOR_EXIT|[628]|01p0b000007p9vj|<init>(Boolean,String,String)|CreateRecordComponentController.NotificationMessage
03:09:13.0 (92418244)|HEAP_ALLOCATE|[EXTERNAL]|Bytes:-4
03:09:13.0 (92424903)|STATEMENT_EXECUTE|[629]
03:09:13.0 (92460239)|VARIABLE_ASSIGNMENT|[EXTERNAL]|this|{"needJavaScript":"0x615934fa","recordIdList":"0x2962dee3"}|0xc0ef770
03:09:13.0 (92473139)|HEAP_ALLOCATE|[629]|Bytes:16
03:09:13.0 (92481238)|CONSTRUCTOR_ENTRY|[629]|01p0b000007p9vj|<init>(Boolean,String,String)|CreateRecordComponentController.NotificationMessage
03:09:13.0 (92488250)|VARIABLE_SCOPE_BEGIN|[637]|this|CreateRecordComponentController.NotificationMessage|true|false
03:09:13.0 (92502669)|VARIABLE_ASSIGNMENT|[637]|this|{}|0x74b83b1e
03:09:13.0 (92510174)|VARIABLE_SCOPE_BEGIN|[637]|show|Boolean|false|false
03:09:13.0 (92518927)|VARIABLE_ASSIGNMENT|[637]|show|false
03:09:13.0 (92522755)|VARIABLE_SCOPE_BEGIN|[637]|statusCode|String|false|false
03:09:13.0 (92531669)|VARIABLE_ASSIGNMENT|[637]|statusCode|"NA"
03:09:13.0 (92535584)|VARIABLE_SCOPE_BEGIN|[637]|message|String|false|false
03:09:13.0 (92541862)|VARIABLE_ASSIGNMENT|[637]|message|"NA"
03:09:13.0 (92545791)|STATEMENT_EXECUTE|[632]
03:09:13.0 (92547426)|STATEMENT_EXECUTE|[633]
03:09:13.0 (92549072)|STATEMENT_EXECUTE|[634]
03:09:13.0 (92550647)|STATEMENT_EXECUTE|[635]
03:09:13.0 (92559113)|STATEMENT_EXECUTE|[637]
03:09:13.0 (92560765)|STATEMENT_EXECUTE|[638]
03:09:13.0 (92563969)|HEAP_ALLOCATE|[638]|Bytes:5
03:09:13.0 (92570425)|VARIABLE_ASSIGNMENT|[638]|this.show|false|0x74b83b1e
03:09:13.0 (92575693)|STATEMENT_EXECUTE|[639]
03:09:13.0 (92585987)|HEAP_ALLOCATE|[639]|Bytes:2
03:09:13.0 (92596684)|VARIABLE_ASSIGNMENT|[639]|this.statusCode|"NA"|0x74b83b1e
03:09:13.0 (92603243)|STATEMENT_EXECUTE|[640]
03:09:13.0 (92609778)|HEAP_ALLOCATE|[640]|Bytes:2
03:09:13.0 (92619665)|VARIABLE_ASSIGNMENT|[640]|this.message|"NA"|0x74b83b1e
03:09:13.0 (92629833)|CONSTRUCTOR_EXIT|[629]|01p0b000007p9vj|<init>(Boolean,String,String)|CreateRecordComponentController.NotificationMessage
03:09:13.0 (92641924)|HEAP_ALLOCATE|[EXTERNAL]|Bytes:-4
03:09:13.0 (92649647)|METHOD_EXIT|[93]|01p0b000007p9vj|CreateRecordComponentController.initNotificationMap()
03:09:13.0 (92670638)|VF_APEX_CALL_END|CreateRecordComponentController <init>|CreateRecordComponentController
03:09:13.0 (93692109)|VF_APEX_CALL_START|[EXTERNAL]|01p0b000007p9vj|CreateRecordComponentController <init>|CreateRecordComponentController
03:09:13.0 (93708148)|SYSTEM_MODE_ENTER|true
03:09:13.0 (93725255)|HEAP_ALLOCATE|[EXTERNAL]|Bytes:68
03:09:13.0 (93731741)|VARIABLE_SCOPE_BEGIN|[90]|this|CreateRecordComponentController|true|false
03:09:13.0 (93766420)|VARIABLE_ASSIGNMENT|[90]|this|{}|0x4b1266ac
03:09:13.0 (93775890)|STATEMENT_EXECUTE|[1]
03:09:13.0 (93777723)|STATEMENT_EXECUTE|[4]
03:09:13.0 (93779298)|STATEMENT_EXECUTE|[5]
03:09:13.0 (93780655)|STATEMENT_EXECUTE|[6]
03:09:13.0 (93782008)|STATEMENT_EXECUTE|[8]
03:09:13.0 (93784036)|STATEMENT_EXECUTE|[9]
03:09:13.0 (93785576)|STATEMENT_EXECUTE|[11]
03:09:13.0 (93787018)|STATEMENT_EXECUTE|[12]
03:09:13.0 (93788368)|STATEMENT_EXECUTE|[14]
03:09:13.0 (93789750)|STATEMENT_EXECUTE|[15]
03:09:13.0 (93791139)|STATEMENT_EXECUTE|[16]
03:09:13.0 (93792488)|STATEMENT_EXECUTE|[18]
03:09:13.0 (93793843)|STATEMENT_EXECUTE|[23]
03:09:13.0 (93795237)|STATEMENT_EXECUTE|[313]
03:09:13.0 (93796743)|STATEMENT_EXECUTE|[314]
03:09:13.0 (93798156)|STATEMENT_EXECUTE|[713]
03:09:13.0 (93799587)|STATEMENT_EXECUTE|[811]
03:09:13.0 (93811863)|STATEMENT_EXECUTE|[90]
03:09:13.0 (93813502)|STATEMENT_EXECUTE|[91]
03:09:13.0 (93822600)|HEAP_ALLOCATE|[91]|Bytes:4
03:09:13.0 (93860139)|VARIABLE_ASSIGNMENT|[EXTERNAL]|this|{}|0x4b1266ac
03:09:13.0 (93881763)|HEAP_ALLOCATE|[EXTERNAL]|Bytes:4
03:09:13.0 (93890294)|VARIABLE_ASSIGNMENT|[EXTERNAL]|value|[]|0x63c475d0
03:09:13.0 (93901689)|VARIABLE_ASSIGNMENT|[4]|this.recordIdList|[]|0x4b1266ac
03:09:13.0 (93912219)|STATEMENT_EXECUTE|[92]
03:09:13.0 (93939872)|VARIABLE_ASSIGNMENT|[EXTERNAL]|this|{"recordIdList":"0x63c475d0"}|0x4b1266ac
03:09:13.0 (93950059)|VARIABLE_ASSIGNMENT|[EXTERNAL]|value|null
03:09:13.0 (93958908)|VARIABLE_ASSIGNMENT|[14]|this.selectedRecordTypeId|null|0x4b1266ac
03:09:13.0 (93967890)|STATEMENT_EXECUTE|[93]
03:09:13.0 (93972456)|METHOD_ENTRY|[93]|01p0b000007p9vj|CreateRecordComponentController.initNotificationMap()
03:09:13.0 (93978421)|VARIABLE_SCOPE_BEGIN|[626]|this|CreateRecordComponentController|true|false
03:09:13.0 (94004750)|VARIABLE_ASSIGNMENT|[626]|this|{"recordIdList":"0x63c475d0"}|0x4b1266ac
03:09:13.0 (94013377)|STATEMENT_EXECUTE|[626]
03:09:13.0 (94014986)|STATEMENT_EXECUTE|[627]
03:09:13.0 (94024572)|HEAP_ALLOCATE|[627]|Bytes:4
03:09:13.0 (94054282)|VARIABLE_ASSIGNMENT|[EXTERNAL]|this|{"recordIdList":"0x63c475d0"}|0x4b1266ac
03:09:13.0 (94066719)|VARIABLE_ASSIGNMENT|[EXTERNAL]|value|{}|0x5bcd881f
03:09:13.0 (94076498)|VARIABLE_ASSIGNMENT|[11]|this.needJavaScript|{}|0x4b1266ac
03:09:13.0 (94084734)|STATEMENT_EXECUTE|[628]
03:09:13.0 (94110754)|VARIABLE_ASSIGNMENT|[EXTERNAL]|this|{"needJavaScript":"0x5bcd881f","recordIdList":"0x63c475d0"}|0x4b1266ac
03:09:13.0 (94124475)|HEAP_ALLOCATE|[628]|Bytes:16
03:09:13.0 (94134512)|CONSTRUCTOR_ENTRY|[628]|01p0b000007p9vj|<init>(Boolean,String,String)|CreateRecordComponentController.NotificationMessage
03:09:13.0 (94141823)|VARIABLE_SCOPE_BEGIN|[637]|this|CreateRecordComponentController.NotificationMessage|true|false
03:09:13.0 (94156084)|VARIABLE_ASSIGNMENT|[637]|this|{}|0x6e1838b3
03:09:13.0 (94164629)|VARIABLE_SCOPE_BEGIN|[637]|show|Boolean|false|false
03:09:13.0 (94172768)|VARIABLE_ASSIGNMENT|[637]|show|false
03:09:13.0 (94177325)|VARIABLE_SCOPE_BEGIN|[637]|statusCode|String|false|false
03:09:13.0 (94185782)|VARIABLE_ASSIGNMENT|[637]|statusCode|"NA"
03:09:13.0 (94189881)|VARIABLE_SCOPE_BEGIN|[637]|message|String|false|false
03:09:13.0 (94197527)|VARIABLE_ASSIGNMENT|[637]|message|"NA"
03:09:13.0 (94202224)|STATEMENT_EXECUTE|[632]
03:09:13.0 (94203807)|STATEMENT_EXECUTE|[633]
03:09:13.0 (94205208)|STATEMENT_EXECUTE|[634]
03:09:13.0 (94206680)|STATEMENT_EXECUTE|[635]
03:09:13.0 (94216722)|STATEMENT_EXECUTE|[637]
03:09:13.0 (94218374)|STATEMENT_EXECUTE|[638]
03:09:13.0 (94221721)|HEAP_ALLOCATE|[638]|Bytes:5
03:09:13.0 (94229517)|VARIABLE_ASSIGNMENT|[638]|this.show|false|0x6e1838b3
03:09:13.0 (94235540)|STATEMENT_EXECUTE|[639]
03:09:13.0 (94249820)|HEAP_ALLOCATE|[639]|Bytes:2
03:09:13.0 (94262967)|VARIABLE_ASSIGNMENT|[639]|this.statusCode|"NA"|0x6e1838b3
03:09:13.0 (94269219)|STATEMENT_EXECUTE|[640]
03:09:13.0 (94276027)|HEAP_ALLOCATE|[640]|Bytes:2
03:09:13.0 (94285662)|VARIABLE_ASSIGNMENT|[640]|this.message|"NA"|0x6e1838b3
03:09:13.0 (94296527)|CONSTRUCTOR_EXIT|[628]|01p0b000007p9vj|<init>(Boolean,String,String)|CreateRecordComponentController.NotificationMessage
03:09:13.0 (94309603)|HEAP_ALLOCATE|[EXTERNAL]|Bytes:-4
03:09:13.0 (94316833)|STATEMENT_EXECUTE|[629]
03:09:13.0 (94346440)|VARIABLE_ASSIGNMENT|[EXTERNAL]|this|{"needJavaScript":"0x5bcd881f","recordIdList":"0x63c475d0"}|0x4b1266ac
03:09:13.0 (94359003)|HEAP_ALLOCATE|[629]|Bytes:16
03:09:13.0 (94366897)|CONSTRUCTOR_ENTRY|[629]|01p0b000007p9vj|<init>(Boolean,String,String)|CreateRecordComponentController.NotificationMessage
03:09:13.0 (94373621)|VARIABLE_SCOPE_BEGIN|[637]|this|CreateRecordComponentController.NotificationMessage|true|false
03:09:13.0 (94387368)|VARIABLE_ASSIGNMENT|[637]|this|{}|0x36e714da
03:09:13.0 (94394075)|VARIABLE_SCOPE_BEGIN|[637]|show|Boolean|false|false
03:09:13.0 (94402109)|VARIABLE_ASSIGNMENT|[637]|show|false
03:09:13.0 (94406723)|VARIABLE_SCOPE_BEGIN|[637]|statusCode|String|false|false
03:09:13.0 (94414526)|VARIABLE_ASSIGNMENT|[637]|statusCode|"NA"
03:09:13.0 (94418090)|VARIABLE_SCOPE_BEGIN|[637]|message|String|false|false
03:09:13.0 (94425553)|VARIABLE_ASSIGNMENT|[637]|message|"NA"
03:09:13.0 (94430026)|STATEMENT_EXECUTE|[632]
03:09:13.0 (94431653)|STATEMENT_EXECUTE|[633]
03:09:13.0 (94433011)|STATEMENT_EXECUTE|[634]
03:09:13.0 (94439493)|STATEMENT_EXECUTE|[635]
03:09:13.0 (94448395)|STATEMENT_EXECUTE|[637]
03:09:13.0 (94449963)|STATEMENT_EXECUTE|[638]
03:09:13.0 (94453210)|HEAP_ALLOCATE|[638]|Bytes:5
03:09:13.0 (94460022)|VARIABLE_ASSIGNMENT|[638]|this.show|false|0x36e714da
03:09:13.0 (94465381)|STATEMENT_EXECUTE|[639]
03:09:13.0 (94475360)|HEAP_ALLOCATE|[639]|Bytes:2
03:09:13.0 (94486694)|VARIABLE_ASSIGNMENT|[639]|this.statusCode|"NA"|0x36e714da
03:09:13.0 (94493139)|STATEMENT_EXECUTE|[640]
03:09:13.0 (94499571)|HEAP_ALLOCATE|[640]|Bytes:2
03:09:13.0 (94508955)|VARIABLE_ASSIGNMENT|[640]|this.message|"NA"|0x36e714da
03:09:13.0 (94519200)|CONSTRUCTOR_EXIT|[629]|01p0b000007p9vj|<init>(Boolean,String,String)|CreateRecordComponentController.NotificationMessage
03:09:13.0 (94530806)|HEAP_ALLOCATE|[EXTERNAL]|Bytes:-4
03:09:13.0 (94538509)|METHOD_EXIT|[93]|01p0b000007p9vj|CreateRecordComponentController.initNotificationMap()
03:09:13.0 (94560407)|VF_APEX_CALL_END|CreateRecordComponentController <init>|CreateRecordComponentController
03:09:13.0 (110711430)|VF_APEX_CALL_START|[EXTERNAL]|01p0b000007p9vj|CreateRecordComponentController <init>|CreateRecordComponentController
03:09:13.0 (110739599)|SYSTEM_MODE_ENTER|true
03:09:13.0 (110777094)|HEAP_ALLOCATE|[EXTERNAL]|Bytes:68
03:09:13.0 (110790331)|VARIABLE_SCOPE_BEGIN|[90]|this|CreateRecordComponentController|true|false
03:09:13.0 (110860140)|VARIABLE_ASSIGNMENT|[90]|this|{}|0x76cd9d23
03:09:13.0 (110877737)|STATEMENT_EXECUTE|[1]
03:09:13.0 (110880309)|STATEMENT_EXECUTE|[4]
03:09:13.0 (110883054)|STATEMENT_EXECUTE|[5]
03:09:13.0 (110884455)|STATEMENT_EXECUTE|[6]
03:09:13.0 (110886011)|STATEMENT_EXECUTE|[8]
03:09:13.0 (110887481)|STATEMENT_EXECUTE|[9]
03:09:13.0 (110888990)|STATEMENT_EXECUTE|[11]
03:09:13.0 (110890527)|STATEMENT_EXECUTE|[12]
03:09:13.0 (110892055)|STATEMENT_EXECUTE|[14]
03:09:13.0 (110893550)|STATEMENT_EXECUTE|[15]
03:09:13.0 (110895122)|STATEMENT_EXECUTE|[16]
03:09:13.0 (110897033)|STATEMENT_EXECUTE|[18]
03:09:13.0 (110898603)|STATEMENT_EXECUTE|[23]
03:09:13.0 (110900144)|STATEMENT_EXECUTE|[313]
03:09:13.0 (110901678)|STATEMENT_EXECUTE|[314]
03:09:13.0 (110903360)|STATEMENT_EXECUTE|[713]
03:09:13.0 (110904782)|STATEMENT_EXECUTE|[811]
03:09:13.0 (110932194)|STATEMENT_EXECUTE|[90]
03:09:13.0 (110933944)|STATEMENT_EXECUTE|[91]
03:09:13.0 (110952511)|HEAP_ALLOCATE|[91]|Bytes:4
03:09:13.0 (111002630)|VARIABLE_ASSIGNMENT|[EXTERNAL]|this|{}|0x76cd9d23
03:09:13.0 (111043202)|HEAP_ALLOCATE|[EXTERNAL]|Bytes:4
03:09:13.0 (111053895)|VARIABLE_ASSIGNMENT|[EXTERNAL]|value|[]|0x41f77e95
03:09:13.0 (111068425)|VARIABLE_ASSIGNMENT|[4]|this.recordIdList|[]|0x76cd9d23
03:09:13.0 (111079233)|STATEMENT_EXECUTE|[92]
03:09:13.0 (111112621)|VARIABLE_ASSIGNMENT|[EXTERNAL]|this|{"recordIdList":"0x41f77e95"}|0x76cd9d23
03:09:13.0 (111122918)|VARIABLE_ASSIGNMENT|[EXTERNAL]|value|null
03:09:13.0 (111132747)|VARIABLE_ASSIGNMENT|[14]|this.selectedRecordTypeId|null|0x76cd9d23
03:09:13.0 (111141432)|STATEMENT_EXECUTE|[93]
03:09:13.0 (111147933)|METHOD_ENTRY|[93]|01p0b000007p9vj|CreateRecordComponentController.initNotificationMap()
03:09:13.0 (111155392)|VARIABLE_SCOPE_BEGIN|[626]|this|CreateRecordComponentController|true|false
03:09:13.0 (111181754)|VARIABLE_ASSIGNMENT|[626]|this|{"recordIdList":"0x41f77e95"}|0x76cd9d23
03:09:13.0 (111189941)|STATEMENT_EXECUTE|[626]
03:09:13.0 (111191653)|STATEMENT_EXECUTE|[627]
03:09:13.0 (111206041)|HEAP_ALLOCATE|[627]|Bytes:4
03:09:13.0 (111238428)|VARIABLE_ASSIGNMENT|[EXTERNAL]|this|{"recordIdList":"0x41f77e95"}|0x76cd9d23
03:09:13.0 (111255553)|VARIABLE_ASSIGNMENT|[EXTERNAL]|value|{}|0x6e850bb8
03:09:13.0 (111265681)|VARIABLE_ASSIGNMENT|[11]|this.needJavaScript|{}|0x76cd9d23
03:09:13.0 (111274096)|STATEMENT_EXECUTE|[628]
03:09:13.0 (111302469)|VARIABLE_ASSIGNMENT|[EXTERNAL]|this|{"needJavaScript":"0x6e850bb8","recordIdList":"0x41f77e95"}|0x76cd9d23
03:09:13.0 (111319390)|HEAP_ALLOCATE|[628]|Bytes:16
03:09:13.0 (111336457)|CONSTRUCTOR_ENTRY|[628]|01p0b000007p9vj|<init>(Boolean,String,String)|CreateRecordComponentController.NotificationMessage
03:09:13.0 (111344824)|VARIABLE_SCOPE_BEGIN|[637]|this|CreateRecordComponentController.NotificationMessage|true|false
03:09:13.0 (111360754)|VARIABLE_ASSIGNMENT|[637]|this|{}|0x604a9376
03:09:13.0 (111374019)|VARIABLE_SCOPE_BEGIN|[637]|show|Boolean|false|false
03:09:13.0 (111383258)|VARIABLE_ASSIGNMENT|[637]|show|false
03:09:13.0 (111387696)|VARIABLE_SCOPE_BEGIN|[637]|statusCode|String|false|false
03:09:13.0 (111396878)|VARIABLE_ASSIGNMENT|[637]|statusCode|"NA"
03:09:13.0 (111401442)|VARIABLE_SCOPE_BEGIN|[637]|message|String|false|false
03:09:13.0 (111409441)|VARIABLE_ASSIGNMENT|[637]|message|"NA"
03:09:13.0 (111414426)|STATEMENT_EXECUTE|[632]
03:09:13.0 (111416179)|STATEMENT_EXECUTE|[633]
03:09:13.0 (111417657)|STATEMENT_EXECUTE|[634]
03:09:13.0 (111419060)|STATEMENT_EXECUTE|[635]
03:09:13.0 (111430070)|STATEMENT_EXECUTE|[637]
03:09:13.0 (111431842)|STATEMENT_EXECUTE|[638]
03:09:13.0 (111441005)|HEAP_ALLOCATE|[638]|Bytes:5
03:09:13.0 (111449254)|VARIABLE_ASSIGNMENT|[638]|this.show|false|0x604a9376
03:09:13.0 (111455621)|STATEMENT_EXECUTE|[639]
03:09:13.0 (111479227)|HEAP_ALLOCATE|[639]|Bytes:2
03:09:13.0 (111493233)|VARIABLE_ASSIGNMENT|[639]|this.statusCode|"NA"|0x604a9376
03:09:13.0 (111499541)|STATEMENT_EXECUTE|[640]
03:09:13.0 (111507352)|HEAP_ALLOCATE|[640]|Bytes:2
03:09:13.0 (111517221)|VARIABLE_ASSIGNMENT|[640]|this.message|"NA"|0x604a9376
03:09:13.0 (111527664)|CONSTRUCTOR_EXIT|[628]|01p0b000007p9vj|<init>(Boolean,String,String)|CreateRecordComponentController.NotificationMessage
03:09:13.0 (111544976)|HEAP_ALLOCATE|[EXTERNAL]|Bytes:-4
03:09:13.0 (111552039)|STATEMENT_EXECUTE|[629]
03:09:13.0 (111583709)|VARIABLE_ASSIGNMENT|[EXTERNAL]|this|{"needJavaScript":"0x6e850bb8","recordIdList":"0x41f77e95"}|0x76cd9d23
03:09:13.0 (111596619)|HEAP_ALLOCATE|[629]|Bytes:16
03:09:13.0 (111605371)|CONSTRUCTOR_ENTRY|[629]|01p0b000007p9vj|<init>(Boolean,String,String)|CreateRecordComponentController.NotificationMessage
03:09:13.0 (111612958)|VARIABLE_SCOPE_BEGIN|[637]|this|CreateRecordComponentController.NotificationMessage|true|false
03:09:13.0 (111625548)|VARIABLE_ASSIGNMENT|[637]|this|{}|0x7af43ed9
03:09:13.0 (111632858)|VARIABLE_SCOPE_BEGIN|[637]|show|Boolean|false|false
03:09:13.0 (111641155)|VARIABLE_ASSIGNMENT|[637]|show|false
03:09:13.0 (111646053)|VARIABLE_SCOPE_BEGIN|[637]|statusCode|String|false|false
03:09:13.0 (111654335)|VARIABLE_ASSIGNMENT|[637]|statusCode|"NA"
03:09:13.0 (111658594)|VARIABLE_SCOPE_BEGIN|[637]|message|String|false|false
03:09:13.0 (111666672)|VARIABLE_ASSIGNMENT|[637]|message|"NA"
03:09:13.0 (111671366)|STATEMENT_EXECUTE|[632]
03:09:13.0 (111672965)|STATEMENT_EXECUTE|[633]
03:09:13.0 (111674427)|STATEMENT_EXECUTE|[634]
03:09:13.0 (111675782)|STATEMENT_EXECUTE|[635]
03:09:13.0 (111684432)|STATEMENT_EXECUTE|[637]
03:09:13.0 (111686125)|STATEMENT_EXECUTE|[638]
03:09:13.0 (111689369)|HEAP_ALLOCATE|[638]|Bytes:5
03:09:13.0 (111695977)|VARIABLE_ASSIGNMENT|[638]|this.show|false|0x7af43ed9
03:09:13.0 (111701706)|STATEMENT_EXECUTE|[639]
03:09:13.0 (111711313)|HEAP_ALLOCATE|[639]|Bytes:2
03:09:13.0 (111722459)|VARIABLE_ASSIGNMENT|[639]|this.statusCode|"NA"|0x7af43ed9
03:09:13.0 (111728184)|STATEMENT_EXECUTE|[640]
03:09:13.0 (111734950)|HEAP_ALLOCATE|[640]|Bytes:2
03:09:13.0 (111744365)|VARIABLE_ASSIGNMENT|[640]|this.message|"NA"|0x7af43ed9
03:09:13.0 (111753997)|CONSTRUCTOR_EXIT|[629]|01p0b000007p9vj|<init>(Boolean,String,String)|CreateRecordComponentController.NotificationMessage
03:09:13.0 (111766291)|HEAP_ALLOCATE|[EXTERNAL]|Bytes:-4
03:09:13.0 (111774343)|METHOD_EXIT|[93]|01p0b000007p9vj|CreateRecordComponentController.initNotificationMap()
03:09:13.0 (111800848)|VF_APEX_CALL_END|CreateRecordComponentController <init>|CreateRecordComponentController
03:09:13.0 (112723575)|VF_APEX_CALL_START|[EXTERNAL]|01p0b000007p9vj|CreateRecordComponentController <init>|CreateRecordComponentController
03:09:13.0 (112740562)|SYSTEM_MODE_ENTER|true
03:09:13.0 (112758344)|HEAP_ALLOCATE|[EXTERNAL]|Bytes:68
03:09:13.0 (112764851)|VARIABLE_SCOPE_BEGIN|[90]|this|CreateRecordComponentController|true|false
03:09:13.0 (112799636)|VARIABLE_ASSIGNMENT|[90]|this|{}|0xdf4c4
03:09:13.0 (112809368)|STATEMENT_EXECUTE|[1]
03:09:13.0 (112811336)|STATEMENT_EXECUTE|[4]
03:09:13.0 (112813002)|STATEMENT_EXECUTE|[5]
03:09:13.0 (112814406)|STATEMENT_EXECUTE|[6]
03:09:13.0 (112815786)|STATEMENT_EXECUTE|[8]
03:09:13.0 (112817227)|STATEMENT_EXECUTE|[9]
03:09:13.0 (112818568)|STATEMENT_EXECUTE|[11]
03:09:13.0 (112820069)|STATEMENT_EXECUTE|[12]
03:09:13.0 (112821420)|STATEMENT_EXECUTE|[14]
03:09:13.0 (112822777)|STATEMENT_EXECUTE|[15]
03:09:13.0 (112824182)|STATEMENT_EXECUTE|[16]
03:09:13.0 (112825526)|STATEMENT_EXECUTE|[18]
03:09:13.0 (112826883)|STATEMENT_EXECUTE|[23]
03:09:13.0 (112828263)|STATEMENT_EXECUTE|[313]
03:09:13.0 (112829761)|STATEMENT_EXECUTE|[314]
03:09:13.0 (112831417)|STATEMENT_EXECUTE|[713]
03:09:13.0 (112832826)|STATEMENT_EXECUTE|[811]
03:09:13.0 (112845204)|STATEMENT_EXECUTE|[90]
03:09:13.0 (112846950)|STATEMENT_EXECUTE|[91]
03:09:13.0 (112855713)|HEAP_ALLOCATE|[91]|Bytes:4
03:09:13.0 (112893938)|VARIABLE_ASSIGNMENT|[EXTERNAL]|this|{}|0xdf4c4
03:09:13.0 (112917329)|HEAP_ALLOCATE|[EXTERNAL]|Bytes:4
03:09:13.0 (112925247)|VARIABLE_ASSIGNMENT|[EXTERNAL]|value|[]|0x4613e7b6
03:09:13.0 (112936327)|VARIABLE_ASSIGNMENT|[4]|this.recordIdList|[]|0xdf4c4
03:09:13.0 (112946030)|STATEMENT_EXECUTE|[92]
03:09:13.0 (112973812)|VARIABLE_ASSIGNMENT|[EXTERNAL]|this|{"recordIdList":"0x4613e7b6"}|0xdf4c4
03:09:13.0 (112983407)|VARIABLE_ASSIGNMENT|[EXTERNAL]|value|null
03:09:13.0 (112991187)|VARIABLE_ASSIGNMENT|[14]|this.selectedRecordTypeId|null|0xdf4c4
03:09:13.0 (112999661)|STATEMENT_EXECUTE|[93]
03:09:13.0 (113004026)|METHOD_ENTRY|[93]|01p0b000007p9vj|CreateRecordComponentController.initNotificationMap()
03:09:13.0 (113010950)|VARIABLE_SCOPE_BEGIN|[626]|this|CreateRecordComponentController|true|false
03:09:13.0 (113038040)|VARIABLE_ASSIGNMENT|[626]|this|{"recordIdList":"0x4613e7b6"}|0xdf4c4
03:09:13.0 (113045734)|STATEMENT_EXECUTE|[626]
03:09:13.0 (113047274)|STATEMENT_EXECUTE|[627]
03:09:13.0 (113057103)|HEAP_ALLOCATE|[627]|Bytes:4
03:09:13.0 (113087238)|VARIABLE_ASSIGNMENT|[EXTERNAL]|this|{"recordIdList":"0x4613e7b6"}|0xdf4c4
03:09:13.0 (113100315)|VARIABLE_ASSIGNMENT|[EXTERNAL]|value|{}|0x72f60d21
03:09:13.0 (113110155)|VARIABLE_ASSIGNMENT|[11]|this.needJavaScript|{}|0xdf4c4
03:09:13.0 (113117655)|STATEMENT_EXECUTE|[628]
03:09:13.0 (113144684)|VARIABLE_ASSIGNMENT|[EXTERNAL]|this|{"needJavaScript":"0x72f60d21","recordIdList":"0x4613e7b6"}|0xdf4c4
03:09:13.0 (113157067)|HEAP_ALLOCATE|[628]|Bytes:16
03:09:13.0 (113167580)|CONSTRUCTOR_ENTRY|[628]|01p0b000007p9vj|<init>(Boolean,String,String)|CreateRecordComponentController.NotificationMessage
03:09:13.0 (113175365)|VARIABLE_SCOPE_BEGIN|[637]|this|CreateRecordComponentController.NotificationMessage|true|false
03:09:13.0 (113189216)|VARIABLE_ASSIGNMENT|[637]|this|{}|0x29afe750
03:09:13.0 (113198057)|VARIABLE_SCOPE_BEGIN|[637]|show|Boolean|false|false
03:09:13.0 (113207919)|VARIABLE_ASSIGNMENT|[637]|show|false
03:09:13.0 (113212309)|VARIABLE_SCOPE_BEGIN|[637]|statusCode|String|false|false
03:09:13.0 (113221307)|VARIABLE_ASSIGNMENT|[637]|statusCode|"NA"
03:09:13.0 (113225821)|VARIABLE_SCOPE_BEGIN|[637]|message|String|false|false
03:09:13.0 (113233569)|VARIABLE_ASSIGNMENT|[637]|message|"NA"
03:09:13.0 (113238612)|STATEMENT_EXECUTE|[632]
03:09:13.0 (113240204)|STATEMENT_EXECUTE|[633]
03:09:13.0 (113241682)|STATEMENT_EXECUTE|[634]
03:09:13.0 (113243045)|STATEMENT_EXECUTE|[635]
03:09:13.0 (113253231)|STATEMENT_EXECUTE|[637]
03:09:13.0 (113254959)|STATEMENT_EXECUTE|[638]
03:09:13.0 (113259101)|HEAP_ALLOCATE|[638]|Bytes:5
03:09:13.0 (113266526)|VARIABLE_ASSIGNMENT|[638]|this.show|false|0x29afe750
03:09:13.0 (113271583)|STATEMENT_EXECUTE|[639]
03:09:13.0 (113286298)|HEAP_ALLOCATE|[639]|Bytes:2
03:09:13.0 (113299599)|VARIABLE_ASSIGNMENT|[639]|this.statusCode|"NA"|0x29afe750
03:09:13.0 (113306218)|STATEMENT_EXECUTE|[640]
03:09:13.0 (113312786)|HEAP_ALLOCATE|[640]|Bytes:2
03:09:13.0 (113323228)|VARIABLE_ASSIGNMENT|[640]|this.message|"NA"|0x29afe750
03:09:13.0 (113333884)|CONSTRUCTOR_EXIT|[628]|01p0b000007p9vj|<init>(Boolean,String,String)|CreateRecordComponentController.NotificationMessage
03:09:13.0 (113346531)|HEAP_ALLOCATE|[EXTERNAL]|Bytes:-4
03:09:13.0 (113353364)|STATEMENT_EXECUTE|[629]
03:09:13.0 (113384217)|VARIABLE_ASSIGNMENT|[EXTERNAL]|this|{"needJavaScript":"0x72f60d21","recordIdList":"0x4613e7b6"}|0xdf4c4
03:09:13.0 (113397150)|HEAP_ALLOCATE|[629]|Bytes:16
03:09:13.0 (113405666)|CONSTRUCTOR_ENTRY|[629]|01p0b000007p9vj|<init>(Boolean,String,String)|CreateRecordComponentController.NotificationMessage
03:09:13.0 (113412899)|VARIABLE_SCOPE_BEGIN|[637]|this|CreateRecordComponentController.NotificationMessage|true|false
03:09:13.0 (113426830)|VARIABLE_ASSIGNMENT|[637]|this|{}|0x466b8d75
03:09:13.0 (113438727)|VARIABLE_SCOPE_BEGIN|[637]|show|Boolean|false|false
03:09:13.0 (113447555)|VARIABLE_ASSIGNMENT|[637]|show|false
03:09:13.0 (113451547)|VARIABLE_SCOPE_BEGIN|[637]|statusCode|String|false|false
03:09:13.0 (113458915)|VARIABLE_ASSIGNMENT|[637]|statusCode|"NA"
03:09:13.0 (113463233)|VARIABLE_SCOPE_BEGIN|[637]|message|String|false|false
03:09:13.0 (113470995)|VARIABLE_ASSIGNMENT|[637]|message|"NA"
03:09:13.0 (113475404)|STATEMENT_EXECUTE|[632]
03:09:13.0 (113476983)|STATEMENT_EXECUTE|[633]
03:09:13.0 (113478441)|STATEMENT_EXECUTE|[634]
03:09:13.0 (113480048)|STATEMENT_EXECUTE|[635]
03:09:13.0 (113488586)|STATEMENT_EXECUTE|[637]
03:09:13.0 (113490223)|STATEMENT_EXECUTE|[638]
03:09:13.0 (113493599)|HEAP_ALLOCATE|[638]|Bytes:5
03:09:13.0 (113500662)|VARIABLE_ASSIGNMENT|[638]|this.show|false|0x466b8d75
03:09:13.0 (113506690)|STATEMENT_EXECUTE|[639]
03:09:13.0 (113516369)|HEAP_ALLOCATE|[639]|Bytes:2
03:09:13.0 (113527634)|VARIABLE_ASSIGNMENT|[639]|this.statusCode|"NA"|0x466b8d75
03:09:13.0 (113533495)|STATEMENT_EXECUTE|[640]
03:09:13.0 (113539822)|HEAP_ALLOCATE|[640]|Bytes:2
03:09:13.0 (113549884)|VARIABLE_ASSIGNMENT|[640]|this.message|"NA"|0x466b8d75
03:09:13.0 (113559974)|CONSTRUCTOR_EXIT|[629]|01p0b000007p9vj|<init>(Boolean,String,String)|CreateRecordComponentController.NotificationMessage
03:09:13.0 (113570799)|HEAP_ALLOCATE|[EXTERNAL]|Bytes:-4
03:09:13.0 (113578394)|METHOD_EXIT|[93]|01p0b000007p9vj|CreateRecordComponentController.initNotificationMap()
03:09:13.0 (113599436)|VF_APEX_CALL_END|CreateRecordComponentController <init>|CreateRecordComponentController
03:09:13.0 (114608172)|VF_APEX_CALL_START|[EXTERNAL]|01p0b000007p9vj|CreateRecordComponentController <init>|CreateRecordComponentController
03:09:13.0 (114624319)|SYSTEM_MODE_ENTER|true
03:09:13.0 (114640920)|HEAP_ALLOCATE|[EXTERNAL]|Bytes:68
03:09:13.0 (114647720)|VARIABLE_SCOPE_BEGIN|[90]|this|CreateRecordComponentController|true|false
03:09:13.0 (114683683)|VARIABLE_ASSIGNMENT|[90]|this|{}|0x1f1cec59
03:09:13.0 (114694124)|STATEMENT_EXECUTE|[1]
03:09:13.0 (114696053)|STATEMENT_EXECUTE|[4]
03:09:13.0 (114697654)|STATEMENT_EXECUTE|[5]
03:09:13.0 (114699057)|STATEMENT_EXECUTE|[6]
03:09:13.0 (114700496)|STATEMENT_EXECUTE|[8]
03:09:13.0 (114701838)|STATEMENT_EXECUTE|[9]
03:09:13.0 (114703195)|STATEMENT_EXECUTE|[11]
03:09:13.0 (114704866)|STATEMENT_EXECUTE|[12]
03:09:13.0 (114706448)|STATEMENT_EXECUTE|[14]
03:09:13.0 (114707835)|STATEMENT_EXECUTE|[15]
03:09:13.0 (114709186)|STATEMENT_EXECUTE|[16]
03:09:13.0 (114710595)|STATEMENT_EXECUTE|[18]
03:09:13.0 (114711962)|STATEMENT_EXECUTE|[23]
03:09:13.0 (114713447)|STATEMENT_EXECUTE|[313]
03:09:13.0 (114715038)|STATEMENT_EXECUTE|[314]
03:09:13.0 (114716687)|STATEMENT_EXECUTE|[713]
03:09:13.0 (114718049)|STATEMENT_EXECUTE|[811]
03:09:13.0 (114730567)|STATEMENT_EXECUTE|[90]
03:09:13.0 (114732285)|STATEMENT_EXECUTE|[91]
03:09:13.0 (114741551)|HEAP_ALLOCATE|[91]|Bytes:4
03:09:13.0 (114779798)|VARIABLE_ASSIGNMENT|[EXTERNAL]|this|{}|0x1f1cec59
03:09:13.0 (114802238)|HEAP_ALLOCATE|[EXTERNAL]|Bytes:4
03:09:13.0 (114810055)|VARIABLE_ASSIGNMENT|[EXTERNAL]|value|[]|0x5dc1659e
03:09:13.0 (114821291)|VARIABLE_ASSIGNMENT|[4]|this.recordIdList|[]|0x1f1cec59
03:09:13.0 (114830608)|STATEMENT_EXECUTE|[92]
03:09:13.0 (114858485)|VARIABLE_ASSIGNMENT|[EXTERNAL]|this|{"recordIdList":"0x5dc1659e"}|0x1f1cec59
03:09:13.0 (114867389)|VARIABLE_ASSIGNMENT|[EXTERNAL]|value|null
03:09:13.0 (114875633)|VARIABLE_ASSIGNMENT|[14]|this.selectedRecordTypeId|null|0x1f1cec59
03:09:13.0 (114884223)|STATEMENT_EXECUTE|[93]
03:09:13.0 (114888672)|METHOD_ENTRY|[93]|01p0b000007p9vj|CreateRecordComponentController.initNotificationMap()
03:09:13.0 (114894286)|VARIABLE_SCOPE_BEGIN|[626]|this|CreateRecordComponentController|true|false
03:09:13.0 (114920005)|VARIABLE_ASSIGNMENT|[626]|this|{"recordIdList":"0x5dc1659e"}|0x1f1cec59
03:09:13.0 (114927176)|STATEMENT_EXECUTE|[626]
03:09:13.0 (114928759)|STATEMENT_EXECUTE|[627]
03:09:13.0 (114938185)|HEAP_ALLOCATE|[627]|Bytes:4
03:09:13.0 (114967935)|VARIABLE_ASSIGNMENT|[EXTERNAL]|this|{"recordIdList":"0x5dc1659e"}|0x1f1cec59
03:09:13.0 (114980592)|VARIABLE_ASSIGNMENT|[EXTERNAL]|value|{}|0xb828c11
03:09:13.0 (114990447)|VARIABLE_ASSIGNMENT|[11]|this.needJavaScript|{}|0x1f1cec59
03:09:13.0 (114998472)|STATEMENT_EXECUTE|[628]
03:09:13.0 (115026494)|VARIABLE_ASSIGNMENT|[EXTERNAL]|this|{"needJavaScript":"0xb828c11","recordIdList":"0x5dc1659e"}|0x1f1cec59
03:09:13.0 (115040171)|HEAP_ALLOCATE|[628]|Bytes:16
03:09:13.0 (115050523)|CONSTRUCTOR_ENTRY|[628]|01p0b000007p9vj|<init>(Boolean,String,String)|CreateRecordComponentController.NotificationMessage
03:09:13.0 (115057973)|VARIABLE_SCOPE_BEGIN|[637]|this|CreateRecordComponentController.NotificationMessage|true|false
03:09:13.0 (115072847)|VARIABLE_ASSIGNMENT|[637]|this|{}|0x1118a831
03:09:13.0 (115081676)|VARIABLE_SCOPE_BEGIN|[637]|show|Boolean|false|false
03:09:13.0 (115091122)|VARIABLE_ASSIGNMENT|[637]|show|false
03:09:13.0 (115095296)|VARIABLE_SCOPE_BEGIN|[637]|statusCode|String|false|false
03:09:13.0 (115104022)|VARIABLE_ASSIGNMENT|[637]|statusCode|"NA"
03:09:13.0 (115108559)|VARIABLE_SCOPE_BEGIN|[637]|message|String|false|false
03:09:13.0 (115115516)|VARIABLE_ASSIGNMENT|[637]|message|"NA"
03:09:13.0 (115120344)|STATEMENT_EXECUTE|[632]
03:09:13.0 (115121993)|STATEMENT_EXECUTE|[633]
03:09:13.0 (115123463)|STATEMENT_EXECUTE|[634]
03:09:13.0 (115124813)|STATEMENT_EXECUTE|[635]
03:09:13.0 (115134838)|STATEMENT_EXECUTE|[637]
03:09:13.0 (115136625)|STATEMENT_EXECUTE|[638]
03:09:13.0 (115140680)|HEAP_ALLOCATE|[638]|Bytes:5
03:09:13.0 (115147690)|VARIABLE_ASSIGNMENT|[638]|this.show|false|0x1118a831
03:09:13.0 (115152860)|STATEMENT_EXECUTE|[639]
03:09:13.0 (115167252)|HEAP_ALLOCATE|[639]|Bytes:2
03:09:13.0 (115180631)|VARIABLE_ASSIGNMENT|[639]|this.statusCode|"NA"|0x1118a831
03:09:13.0 (115186797)|STATEMENT_EXECUTE|[640]
03:09:13.0 (115193670)|HEAP_ALLOCATE|[640]|Bytes:2
03:09:13.0 (115203897)|VARIABLE_ASSIGNMENT|[640]|this.message|"NA"|0x1118a831
03:09:13.0 (115215226)|CONSTRUCTOR_EXIT|[628]|01p0b000007p9vj|<init>(Boolean,String,String)|CreateRecordComponentController.NotificationMessage
03:09:13.0 (115228320)|HEAP_ALLOCATE|[EXTERNAL]|Bytes:-4
03:09:13.0 (115235561)|STATEMENT_EXECUTE|[629]
03:09:13.0 (115266883)|VARIABLE_ASSIGNMENT|[EXTERNAL]|this|{"needJavaScript":"0xb828c11","recordIdList":"0x5dc1659e"}|0x1f1cec59
03:09:13.0 (115279447)|HEAP_ALLOCATE|[629]|Bytes:16
03:09:13.0 (115287889)|CONSTRUCTOR_ENTRY|[629]|01p0b000007p9vj|<init>(Boolean,String,String)|CreateRecordComponentController.NotificationMessage
03:09:13.0 (115295242)|VARIABLE_SCOPE_BEGIN|[637]|this|CreateRecordComponentController.NotificationMessage|true|false
03:09:13.0 (115308075)|VARIABLE_ASSIGNMENT|[637]|this|{}|0x691ee06f
03:09:13.0 (115315293)|VARIABLE_SCOPE_BEGIN|[637]|show|Boolean|false|false
03:09:13.0 (115323811)|VARIABLE_ASSIGNMENT|[637]|show|false
03:09:13.0 (115327537)|VARIABLE_SCOPE_BEGIN|[637]|statusCode|String|false|false
03:09:13.0 (115334072)|VARIABLE_ASSIGNMENT|[637]|statusCode|"NA"
03:09:13.0 (115338047)|VARIABLE_SCOPE_BEGIN|[637]|message|String|false|false
03:09:13.0 (115345707)|VARIABLE_ASSIGNMENT|[637]|message|"NA"
03:09:13.0 (115350285)|STATEMENT_EXECUTE|[632]
03:09:13.0 (115351893)|STATEMENT_EXECUTE|[633]
03:09:13.0 (115353332)|STATEMENT_EXECUTE|[634]
03:09:13.0 (115354743)|STATEMENT_EXECUTE|[635]
03:09:13.0 (115363678)|STATEMENT_EXECUTE|[637]
03:09:13.0 (115365297)|STATEMENT_EXECUTE|[638]
03:09:13.0 (115368237)|HEAP_ALLOCATE|[638]|Bytes:5
03:09:13.0 (115375373)|VARIABLE_ASSIGNMENT|[638]|this.show|false|0x691ee06f
03:09:13.0 (115381681)|STATEMENT_EXECUTE|[639]
03:09:13.0 (115391613)|HEAP_ALLOCATE|[639]|Bytes:2
03:09:13.0 (115403228)|VARIABLE_ASSIGNMENT|[639]|this.statusCode|"NA"|0x691ee06f
03:09:13.0 (115409019)|STATEMENT_EXECUTE|[640]
03:09:13.0 (115415483)|HEAP_ALLOCATE|[640]|Bytes:2
03:09:13.0 (115428187)|VARIABLE_ASSIGNMENT|[640]|this.message|"NA"|0x691ee06f
03:09:13.0 (115451483)|CONSTRUCTOR_EXIT|[629]|01p0b000007p9vj|<init>(Boolean,String,String)|CreateRecordComponentController.NotificationMessage
03:09:13.0 (115464494)|HEAP_ALLOCATE|[EXTERNAL]|Bytes:-4
03:09:13.0 (115473049)|METHOD_EXIT|[93]|01p0b000007p9vj|CreateRecordComponentController.initNotificationMap()
03:09:13.0 (115494451)|VF_APEX_CALL_END|CreateRecordComponentController <init>|CreateRecordComponentController
03:09:13.0 (126298990)|VF_EVALUATE_FORMULA_BEGIN|0660b000002BGLV|#{!IF($CurrentPage.Parameters.recid !=null, true, false)}
03:09:13.0 (127217744)|VF_EVALUATE_FORMULA_END
03:09:13.0 (127235707)|VF_EVALUATE_FORMULA_BEGIN|0660b000002BGLV|#{!isLoggedIn}
03:09:13.0 (127369053)|VF_APEX_CALL_START|[EXTERNAL]|01p0b000007wGHj|HeaderPageController get(isLoggedIn)|HeaderPageController
03:09:13.0 (127384548)|SYSTEM_MODE_ENTER|true
03:09:13.0 (127401268)|VF_APEX_CALL_START|[EXTERNAL]|01p0b000007wGHj|isLoggedIn|HeaderPageController
03:09:13.0 (127421033)|VF_APEX_CALL_END|isLoggedIn|HeaderPageController
03:09:13.0 (127468165)|VF_APEX_CALL_END|HeaderPageController get(isLoggedIn)|HeaderPageController
03:09:13.0 (127483663)|VF_EVALUATE_FORMULA_END
03:09:13.0 (127654457)|VF_APEX_CALL_START|[EXTERNAL]|01p0b000007wGHj|HeaderPageController get(objList)|HeaderPageController
03:09:13.0 (127666311)|SYSTEM_MODE_ENTER|true
03:09:13.0 (127677387)|VF_APEX_CALL_START|[EXTERNAL]|01p0b000007wGHj|objList|HeaderPageController
03:09:13.0 (127692861)|VF_APEX_CALL_END|objList|HeaderPageController
03:09:13.0 (127709566)|VF_APEX_CALL_END|HeaderPageController get(objList)|HeaderPageController
03:09:13.0 (127803854)|VF_EVALUATE_FORMULA_BEGIN|0660b000002BGLV|#{AND(moreobjList.SIZE != 0, !ISNULL(moreObjList))}
03:09:13.0 (128008801)|VF_APEX_CALL_START|[EXTERNAL]|01p0b000007wGHj|HeaderPageController get(moreobjList)|HeaderPageController
03:09:13.0 (128020658)|SYSTEM_MODE_ENTER|true
03:09:13.0 (128032067)|VF_APEX_CALL_START|[EXTERNAL]|01p0b000007wGHj|moreobjList|HeaderPageController
03:09:13.0 (128046380)|VF_APEX_CALL_END|moreobjList|HeaderPageController
03:09:13.0 (128061945)|VF_APEX_CALL_END|HeaderPageController get(moreobjList)|HeaderPageController
03:09:13.0 (128083499)|VF_EVALUATE_FORMULA_END
03:09:13.0 (128128120)|VF_APEX_CALL_START|[EXTERNAL]|01p0b000007wGHj|HeaderPageController get(moreObjList)|HeaderPageController
03:09:13.0 (128137406)|SYSTEM_MODE_ENTER|true
03:09:13.0 (128146083)|VF_APEX_CALL_START|[EXTERNAL]|01p0b000007wGHj|moreObjList|HeaderPageController
03:09:13.0 (128158074)|VF_APEX_CALL_END|moreObjList|HeaderPageController
03:09:13.0 (128171001)|VF_APEX_CALL_END|HeaderPageController get(moreObjList)|HeaderPageController
03:09:13.0 (128288008)|VF_APEX_CALL_START|[EXTERNAL]|01p0b000007wGHj|HeaderPageController get(isHome)|HeaderPageController
03:09:13.0 (128297810)|SYSTEM_MODE_ENTER|true
03:09:13.0 (128306605)|VF_APEX_CALL_START|[EXTERNAL]|01p0b000007wGHj|isHome|HeaderPageController
03:09:13.0 (128319621)|VF_APEX_CALL_END|isHome|HeaderPageController
03:09:13.0 (128332747)|VF_APEX_CALL_END|HeaderPageController get(isHome)|HeaderPageController
03:09:13.0 (128390000)|VF_APEX_CALL_START|[EXTERNAL]|01p0b000007wGHj|HeaderPageController get(isTable)|HeaderPageController
03:09:13.0 (128399153)|SYSTEM_MODE_ENTER|true
03:09:13.0 (128408234)|VF_APEX_CALL_START|[EXTERNAL]|01p0b000007wGHj|isTable|HeaderPageController
03:09:13.0 (128418976)|VF_APEX_CALL_END|isTable|HeaderPageController
03:09:13.0 (128431787)|VF_APEX_CALL_END|HeaderPageController get(isTable)|HeaderPageController
03:09:13.0 (128477998)|VF_APEX_CALL_START|[EXTERNAL]|01p0b000007wGHj|HeaderPageController get(iscreate)|HeaderPageController
03:09:13.0 (128487391)|SYSTEM_MODE_ENTER|true
03:09:13.0 (128496052)|VF_APEX_CALL_START|[EXTERNAL]|01p0b000007wGHj|iscreate|HeaderPageController
03:09:13.0 (128507703)|VF_APEX_CALL_END|iscreate|HeaderPageController
03:09:13.0 (128519892)|VF_APEX_CALL_END|HeaderPageController get(iscreate)|HeaderPageController
03:09:13.0 (128537072)|VF_EVALUATE_FORMULA_BEGIN|0660b000002BGLV|#{OR(isTable, isGlobalTable)}
03:09:13.0 (128573043)|VF_APEX_CALL_START|[EXTERNAL]|01p0b000007wGHj|HeaderPageController get(isGlobalTable)|HeaderPageController
03:09:13.0 (128582190)|SYSTEM_MODE_ENTER|true
03:09:13.0 (128590984)|VF_APEX_CALL_START|[EXTERNAL]|01p0b000007wGHj|isGlobalTable|HeaderPageController
03:09:13.0 (128602850)|VF_APEX_CALL_END|isGlobalTable|HeaderPageController
03:09:13.0 (128615041)|VF_APEX_CALL_END|HeaderPageController get(isGlobalTable)|HeaderPageController
03:09:13.0 (128625974)|VF_EVALUATE_FORMULA_END
03:09:13.0 (128634774)|VF_EVALUATE_FORMULA_BEGIN|0660b000002BGLV|#{IF($CurrentPage.Parameters.recid !=null, true, false)}
03:09:13.0 (128696323)|VF_EVALUATE_FORMULA_END
03:09:13.0 (130488509)|VF_EVALUATE_FORMULA_BEGIN|0660b000002BGLV|#{!IF($CurrentPage.Parameters.recid !=null, true, false)}
03:09:13.0 (130551749)|VF_EVALUATE_FORMULA_END
03:09:13.0 (130560579)|VF_EVALUATE_FORMULA_BEGIN|0660b000002BGLV|#{!IF($CurrentPage.Parameters.recid !=null, true, false)}
03:09:13.0 (130598806)|VF_EVALUATE_FORMULA_END
03:09:13.0 (130608046)|VF_EVALUATE_FORMULA_BEGIN|0660b000002BGLV|#{!IF($CurrentPage.Parameters.recid !=null, true, false)}
03:09:13.0 (130641907)|VF_EVALUATE_FORMULA_END
03:09:13.0 (130689349)|VF_EVALUATE_FORMULA_BEGIN|0660b000002BGLV|#{!IF($CurrentPage.Parameters.recid !=null, true, false)}
03:09:13.0 (130725565)|VF_EVALUATE_FORMULA_END
03:09:13.0 (130733548)|VF_EVALUATE_FORMULA_BEGIN|0660b000002BGLV|#{!isLoggedIn}
03:09:13.0 (130754332)|VF_EVALUATE_FORMULA_END
03:09:13.0 (131366904)|VF_EVALUATE_FORMULA_BEGIN|0660b000002BGLV|#{AND(moreobjList.SIZE != 0, !ISNULL(moreObjList))}
03:09:13.0 (131394209)|VF_EVALUATE_FORMULA_END
03:09:13.0 (131500400)|VF_APEX_CALL_START|[EXTERNAL]|01p0b000007wGHj|HeaderPageController get(searchText)|HeaderPageController
03:09:13.0 (131514019)|SYSTEM_MODE_ENTER|true
03:09:13.0 (131527037)|VF_APEX_CALL_START|[EXTERNAL]|01p0b000007wGHj|searchText|HeaderPageController
03:09:13.0 (131543443)|VF_APEX_CALL_END|searchText|HeaderPageController
03:09:13.0 (131563321)|VF_APEX_CALL_END|HeaderPageController get(searchText)|HeaderPageController
03:09:13.0 (132509825)|VF_APEX_CALL_START|[EXTERNAL]|01p0b000007wGHj|HeaderPageController get(user)|HeaderPageController
03:09:13.0 (132526025)|SYSTEM_MODE_ENTER|true
03:09:13.0 (132544912)|VF_APEX_CALL_START|[EXTERNAL]|01p0b000007wGHj|user|HeaderPageController
03:09:13.0 (132563194)|VF_APEX_CALL_END|user|HeaderPageController
03:09:13.0 (132583782)|VF_APEX_CALL_END|HeaderPageController get(user)|HeaderPageController
03:09:13.0 (133615024)|VF_EVALUATE_FORMULA_BEGIN|0660b000002BGLV|#{OR(isTable, isGlobalTable)}
03:09:13.0 (133640685)|VF_EVALUATE_FORMULA_END
03:09:13.0 (133911641)|VF_EVALUATE_FORMULA_BEGIN|0660b000002BGLV|#{!IF($CurrentPage.Parameters.recid !=null, true, false)}
03:09:13.0 (133969666)|VF_EVALUATE_FORMULA_END
03:09:13.0 (133977528)|VF_EVALUATE_FORMULA_BEGIN|0660b000002BGLV|#{!IF($CurrentPage.Parameters.recid !=null, true, false)}
03:09:13.0 (134015634)|VF_EVALUATE_FORMULA_END
03:09:13.0 (134108002)|VF_EVALUATE_FORMULA_BEGIN|0660b000002BGLV|#{IF($CurrentPage.Parameters.recid !=null, true, false)}
03:09:13.0 (134149004)|VF_EVALUATE_FORMULA_END
03:09:13.0 (137292298)|VF_SERIALIZE_VIEWSTATE_BEGIN|0660b000002BGLV
03:09:13.0 (163921428)|VF_SERIALIZE_VIEWSTATE_END
03:09:13.0 (165662266)|VF_EVALUATE_FORMULA_BEGIN|0660b000002BGLV|#{!IF($CurrentPage.Parameters.recid !=null, true, false)}
03:09:13.0 (165749486)|VF_EVALUATE_FORMULA_END
03:09:13.0 (165760279)|VF_EVALUATE_FORMULA_BEGIN|0660b000002BGLV|#{!isLoggedIn}
03:09:13.0 (165801883)|VF_EVALUATE_FORMULA_END
03:09:13.0 (165927820)|VF_EVALUATE_FORMULA_BEGIN|0660b000002BGLV|#{AND(moreobjList.SIZE != 0, !ISNULL(moreObjList))}
03:09:13.0 (165956530)|VF_EVALUATE_FORMULA_END
03:09:13.0 (166048932)|VF_EVALUATE_FORMULA_BEGIN|0660b000002BGLV|#{OR(isTable, isGlobalTable)}
03:09:13.0 (166071642)|VF_EVALUATE_FORMULA_END
03:09:13.0 (166078876)|VF_EVALUATE_FORMULA_BEGIN|0660b000002BGLV|#{IF($CurrentPage.Parameters.recid !=null, true, false)}
03:09:13.0 (166125162)|VF_EVALUATE_FORMULA_END
03:09:13.168 (168327180)|CUMULATIVE_LIMIT_USAGE
03:09:13.168 (168327180)|LIMIT_USAGE_FOR_NS|(default)|
  Number of SOQL queries: 1 out of 100
  Number of query rows: 1 out of 50000
  Number of SOSL queries: 0 out of 20
  Number of DML statements: 0 out of 150
  Number of DML rows: 0 out of 10000
  Maximum CPU time: 0 out of 10000
  Maximum heap size: 0 out of 6000000
  Number of callouts: 0 out of 100
  Number of Email Invocations: 0 out of 10
  Number of future calls: 0 out of 50
  Number of queueable jobs added to the queue: 0 out of 50
  Number of Mobile Apex push calls: 0 out of 10

03:09:13.168 (168327180)|CUMULATIVE_LIMIT_USAGE_END

03:09:13.0 (168391669)|CODE_UNIT_FINISHED|VF: /apex/HeaderPage
03:09:13.0 (169391872)|EXECUTION_FINISHED
