45.0 APEX_CODE,FINEST;APEX_PROFILING,INFO;CALLOUT,INFO;DB,INFO;NBA,INFO;SYSTEM,DEBUG;VALIDATION,INFO;VISUALFORCE,FINER;WAVE,INFO;WORKFLOW,INFO
01:30:49.0 (464146)|USER_INFO|[EXTERNAL]|0050b000004RFh7|sales@alienbrainz.com.sf|(GMT-07:00) Pacific Daylight Time (America/Los_Angeles)|GMT-07:00
01:30:49.0 (516046)|EXECUTION_STARTED
01:30:49.0 (528246)|CODE_UNIT_STARTED|[EXTERNAL]|0660b000002BHj6|VF: /apex/ProfilePermissionPage
01:30:49.7 (7092983)|VF_APEX_CALL_START|[EXTERNAL]|/apexpage/pagemessagescomponentcontroller.apex <init>
01:30:49.7 (7156164)|SYSTEM_MODE_ENTER|true
01:30:49.7 (7973010)|VF_APEX_CALL_START|[EXTERNAL]|/apexpage/pagemessagescomponentcontroller.apex set(conEscape)
01:30:49.7 (7993591)|SYSTEM_MODE_ENTER|true
01:30:49.7 (8010387)|VF_APEX_CALL_START|[EXTERNAL]|PageMessagesComponentController set(conEscape)
01:30:49.7 (8034548)|VF_APEX_CALL_START|[EXTERNAL]|PageMessagesComponentController invoke(setconEscape)
01:30:49.7 (8085581)|HEAP_ALLOCATE|[EXTERNAL]|Bytes:8
01:30:49.7 (8109398)|VARIABLE_SCOPE_BEGIN|[88]|this|ApexPage.PageMessagesComponentController|true|false
01:30:49.7 (8173229)|VARIABLE_ASSIGNMENT|[88]|this|{}|0x2a266e24
01:30:49.7 (8181039)|VARIABLE_SCOPE_BEGIN|[88]|escape|Boolean|false|false
01:30:49.7 (8189032)|VARIABLE_ASSIGNMENT|[88]|escape|null
01:30:49.8 (8364629)|VF_APEX_CALL_START|[EXTERNAL]|/apexpage/pagemessagescomponentcontroller.apex get(severities)
01:30:49.8 (8377158)|SYSTEM_MODE_ENTER|true
01:30:49.8 (8390118)|VF_APEX_CALL_START|[EXTERNAL]|PageMessagesComponentController invoke(getseverities)
01:30:49.8 (8422436)|HEAP_ALLOCATE|[EXTERNAL]|Bytes:8
01:30:49.8 (8429573)|VARIABLE_SCOPE_BEGIN|[2]|this|ApexPage.PageMessagesComponentController|true|false
01:30:49.8 (8449817)|VARIABLE_ASSIGNMENT|[2]|this|{}|0x2a266e24
01:30:49.0 (12961403)|VF_APEX_CALL_START|[EXTERNAL]|01p0b000007wOE9|ProfilePermissionPageController <init>|ProfilePermissionPageController
01:30:49.0 (12979154)|SYSTEM_MODE_ENTER|true
01:30:49.0 (13200932)|HEAP_ALLOCATE|[EXTERNAL]|Bytes:61
01:30:49.0 (13230414)|HEAP_ALLOCATE|[EXTERNAL]|Bytes:88
01:30:49.0 (13235172)|HEAP_ALLOCATE|[EXTERNAL]|Bytes:34
01:30:49.0 (13238323)|HEAP_ALLOCATE|[EXTERNAL]|Bytes:7
01:30:49.0 (13248982)|METHOD_ENTRY|[1]|01p0b000007wOE9|ProfilePermissionPageController.ProfilePermissionPageController()
01:30:49.0 (13256059)|STATEMENT_EXECUTE|[1]
01:30:49.0 (13260643)|STATEMENT_EXECUTE|[1]
01:30:49.0 (13262196)|STATEMENT_EXECUTE|[231]
01:30:49.0 (13263859)|STATEMENT_EXECUTE|[236]
01:30:49.0 (13265261)|STATEMENT_EXECUTE|[241]
01:30:49.0 (13266717)|STATEMENT_EXECUTE|[245]
01:30:49.0 (13271659)|METHOD_EXIT|[1]|ProfilePermissionPageController
01:30:49.0 (13401653)|HEAP_ALLOCATE|[EXTERNAL]|Bytes:20
01:30:49.0 (13411484)|VARIABLE_SCOPE_BEGIN|[7]|this|ProfilePermissionPageController|true|false
01:30:49.0 (13452769)|VARIABLE_ASSIGNMENT|[7]|this|{}|0x237fb3df
01:30:49.0 (13462058)|STATEMENT_EXECUTE|[1]
01:30:49.0 (13463864)|STATEMENT_EXECUTE|[3]
01:30:49.0 (13465418)|STATEMENT_EXECUTE|[4]
01:30:49.0 (13466762)|STATEMENT_EXECUTE|[5]
01:30:49.0 (13468119)|STATEMENT_EXECUTE|[120]
01:30:49.0 (13485766)|STATEMENT_EXECUTE|[7]
01:30:49.0 (13487451)|STATEMENT_EXECUTE|[8]
01:30:49.0 (13491039)|HEAP_ALLOCATE|[8]|Bytes:115
01:30:49.0 (13508488)|HEAP_ALLOCATE|[8]|Bytes:4
01:30:49.0 (15762942)|SOQL_EXECUTE_BEGIN|[8]|Aggregations:0|SELECT Name, Object__r.Name, Profile__r.Name, isPermitted__c FROM Record_Type__c ORDER BY Object__c ASC NULLS FIRST
01:30:49.0 (21139185)|SOQL_EXECUTE_END|[8]|Rows:0
01:30:49.0 (21188675)|HEAP_ALLOCATE|[8]|Bytes:4
01:30:49.0 (21217641)|HEAP_ALLOCATE|[8]|Bytes:0
01:30:49.0 (21277418)|HEAP_ALLOCATE|[8]|Bytes:4
01:30:49.0 (21328675)|VARIABLE_ASSIGNMENT|[8]|this.pgLst|[]|0x237fb3df
01:30:49.0 (21341561)|STATEMENT_EXECUTE|[9]
01:30:49.0 (21368592)|HEAP_ALLOCATE|[9]|Bytes:4
01:30:49.0 (21429979)|VARIABLE_ASSIGNMENT|[9]|this.pgMap|{}|0x237fb3df
01:30:49.0 (21440033)|STATEMENT_EXECUTE|[10]
01:30:49.0 (21453418)|HEAP_ALLOCATE|[10]|Bytes:4
01:30:49.0 (21539625)|VARIABLE_SCOPE_BEGIN|[10]|pgl|List<Record_Type__c>|true|false
01:30:49.0 (21558259)|HEAP_ALLOCATE|[EXTERNAL]|Bytes:4
01:30:49.0 (21572211)|VARIABLE_ASSIGNMENT|[10]|pgl|[]|0x5627354a
01:30:49.0 (21580780)|STATEMENT_EXECUTE|[11]
01:30:49.0 (21586271)|HEAP_ALLOCATE|[11]|Bytes:39
01:30:49.0 (21604447)|HEAP_ALLOCATE|[11]|Bytes:4
01:30:49.0 (21887178)|SOQL_EXECUTE_BEGIN|[11]|Aggregations:0|SELECT developer_Name__c FROM Object__C
01:30:49.0 (23870720)|SOQL_EXECUTE_END|[11]|Rows:5
01:30:49.0 (23900603)|HEAP_ALLOCATE|[11]|Bytes:24
01:30:49.0 (23930315)|HEAP_ALLOCATE|[11]|Bytes:289
01:30:49.0 (24030645)|HEAP_ALLOCATE|[11]|Bytes:24
01:30:49.0 (24051387)|VARIABLE_SCOPE_BEGIN|[11]|controlObjLst|List<Object__c>|true|false
01:30:49.0 (24105289)|VARIABLE_ASSIGNMENT|[11]|controlObjLst|[{"Developer_Name__c":"Account","Id":"a090b00000YJuioAAD"},{"Developer_Name__c":"Contact","Id":"a090b00000YJuipAAD"},{"Developer_Name__c":"Opportunity","Id":"a090b00000YJuiyAAD"},{"Developer_Name__c":"Account","Id":"a090b00000YJuitAAD"},{"Developer_Name__c":"Contact","Id":"a090b00000YJuiuAAD"}]|0x9c1bc1d
01:30:49.0 (24315843)|HEAP_ALLOCATE|[12]|Bytes:5
01:30:49.0 (24375429)|VARIABLE_ASSIGNMENT|[12]|pg|null|
01:30:49.0 (24385524)|STATEMENT_EXECUTE|[12]
01:30:49.0 (24388471)|STATEMENT_EXECUTE|[26]
01:30:49.0 (24423082)|METHOD_ENTRY|[26]|01p0b000007wOE9|ProfilePermissionPageController.initproRtMap()
01:30:49.0 (24470455)|VARIABLE_SCOPE_BEGIN|[29]|this|ProfilePermissionPageController|true|false
01:30:49.0 (24526842)|VARIABLE_ASSIGNMENT|[29]|this|{"pgLst":"0x1e8763a2","pgMap":"0x1096e0f6"}|0x237fb3df
01:30:49.0 (24541154)|STATEMENT_EXECUTE|[29]
01:30:49.0 (24543862)|STATEMENT_EXECUTE|[30]
01:30:49.0 (24561462)|HEAP_ALLOCATE|[30]|Bytes:4
01:30:49.0 (24665387)|VARIABLE_ASSIGNMENT|[EXTERNAL]|this|{"pgLst":"0x1e8763a2","pgMap":"0x1096e0f6"}|0x237fb3df
01:30:49.0 (24693882)|VARIABLE_ASSIGNMENT|[EXTERNAL]|value|{}|0x494b1293
01:30:49.0 (24714141)|VARIABLE_ASSIGNMENT|[5]|this.proRtMap|{}|0x237fb3df
01:30:49.0 (24743072)|HEAP_ALLOCATE|[31]|Bytes:4
01:30:49.0 (24818853)|HEAP_ALLOCATE|[31]|Bytes:4
01:30:49.0 (24845939)|HEAP_ALLOCATE|[31]|Bytes:0
01:30:49.0 (24880816)|HEAP_ALLOCATE|[31]|Bytes:5
01:30:49.0 (24898735)|VARIABLE_ASSIGNMENT|[31]|objName|null
01:30:49.0 (24907622)|STATEMENT_EXECUTE|[31]
01:30:49.0 (24914656)|METHOD_EXIT|[26]|01p0b000007wOE9|ProfilePermissionPageController.initproRtMap()
01:30:49.0 (24951466)|VF_APEX_CALL_END|ProfilePermissionPageController <init>|ProfilePermissionPageController
01:30:49.0 (25042860)|VF_APEX_CALL_START|[EXTERNAL]|01p0b000007wOE9|ProfilePermissionPageController get(proRtMap)|ProfilePermissionPageController
01:30:49.0 (25065295)|SYSTEM_MODE_ENTER|true
01:30:49.0 (25085855)|VF_APEX_CALL_START|[EXTERNAL]|01p0b000007wOE9|proRtMap|ProfilePermissionPageController
01:30:49.0 (25105939)|VF_APEX_CALL_END|proRtMap|ProfilePermissionPageController
01:30:49.0 (25125767)|VF_APEX_CALL_END|ProfilePermissionPageController get(proRtMap)|ProfilePermissionPageController
01:30:49.53 (53621725)|VF_APEX_CALL_START|[EXTERNAL]|/apexpage/pagemessagescomponentcontroller.apex set(conEscape)
01:30:49.53 (53653185)|SYSTEM_MODE_ENTER|true
01:30:49.53 (53669527)|VF_APEX_CALL_START|[EXTERNAL]|PageMessagesComponentController set(conEscape)
01:30:49.53 (53707378)|VF_APEX_CALL_START|[EXTERNAL]|PageMessagesComponentController invoke(setconEscape)
01:30:49.53 (53782469)|HEAP_ALLOCATE|[EXTERNAL]|Bytes:8
01:30:49.53 (53799100)|VARIABLE_SCOPE_BEGIN|[88]|this|ApexPage.PageMessagesComponentController|true|false
01:30:49.53 (53847585)|VARIABLE_ASSIGNMENT|[88]|this|{}|0x2a266e24
01:30:49.53 (53854890)|VARIABLE_SCOPE_BEGIN|[88]|escape|Boolean|false|false
01:30:49.53 (53862960)|VARIABLE_ASSIGNMENT|[88]|escape|null
01:30:49.54 (54007347)|VF_APEX_CALL_START|[EXTERNAL]|/apexpage/pagemessagescomponentcontroller.apex get(severities)
01:30:49.54 (54019371)|SYSTEM_MODE_ENTER|true
01:30:49.54 (54031661)|VF_APEX_CALL_START|[EXTERNAL]|PageMessagesComponentController invoke(getseverities)
01:30:49.54 (54062298)|HEAP_ALLOCATE|[EXTERNAL]|Bytes:8
01:30:49.54 (54070212)|VARIABLE_SCOPE_BEGIN|[2]|this|ApexPage.PageMessagesComponentController|true|false
01:30:49.54 (54090531)|VARIABLE_ASSIGNMENT|[2]|this|{}|0x2a266e24
01:30:49.0 (56878841)|VF_SERIALIZE_VIEWSTATE_BEGIN|0660b000002BHj6
01:30:49.0 (59246187)|VF_SERIALIZE_VIEWSTATE_END
01:30:49.61 (61976575)|CUMULATIVE_LIMIT_USAGE
01:30:49.61 (61976575)|LIMIT_USAGE_FOR_NS|(default)|
  Number of SOQL queries: 2 out of 100
  Number of query rows: 5 out of 50000
  Number of SOSL queries: 0 out of 20
  Number of DML statements: 0 out of 150
  Number of DML rows: 0 out of 10000
  Maximum CPU time: 0 out of 10000
  Maximum heap size: 0 out of 6000000
  Number of callouts: 0 out of 100
  Number of Email Invocations: 0 out of 10
  Number of future calls: 0 out of 50
  Number of queueable jobs added to the queue: 0 out of 50
  Number of Mobile Apex push calls: 0 out of 10

01:30:49.61 (61976575)|CUMULATIVE_LIMIT_USAGE_END

01:30:49.0 (62035316)|CODE_UNIT_FINISHED|VF: /apex/ProfilePermissionPage
01:30:49.0 (63351611)|EXECUTION_FINISHED
