45.0 APEX_CODE,FINEST;APEX_PROFILING,INFO;CALLOUT,INFO;DB,INFO;NBA,INFO;SYSTEM,DEBUG;VALIDATION,INFO;VISUALFORCE,FINER;WAVE,INFO;WORKFLOW,INFO
07:07:38.0 (603687)|USER_INFO|[EXTERNAL]|0050b000004RFh7|sales@alienbrainz.com.sf|(GMT-07:00) Pacific Daylight Time (America/Los_Angeles)|GMT-07:00
07:07:38.0 (708766)|EXECUTION_STARTED
07:07:38.0 (720000)|CODE_UNIT_STARTED|[EXTERNAL]|0660b000002BGtP|VF: /apex/PageLayouts
07:07:38.0 (1325528)|VF_DESERIALIZE_VIEWSTATE_BEGIN|0660b000002BGtP
07:07:38.0 (8170362)|HEAP_ALLOCATE|[72]|Bytes:3
07:07:38.0 (8223991)|HEAP_ALLOCATE|[77]|Bytes:152
07:07:38.0 (8239082)|HEAP_ALLOCATE|[342]|Bytes:408
07:07:38.0 (8253182)|HEAP_ALLOCATE|[355]|Bytes:408
07:07:38.0 (8264982)|HEAP_ALLOCATE|[467]|Bytes:48
07:07:38.0 (8290775)|HEAP_ALLOCATE|[139]|Bytes:6
07:07:38.0 (13185688)|VF_DESERIALIZE_VIEWSTATE_END
07:07:38.13 (13946412)|VF_APEX_CALL_START|[EXTERNAL]|/apexpage/pagemessagescomponentcontroller.apex get(severities)
07:07:38.13 (13974660)|SYSTEM_MODE_ENTER|true
07:07:38.13 (14140642)|VF_APEX_CALL_START|[EXTERNAL]|PageMessagesComponentController invoke(getseverities)
07:07:38.13 (14207422)|HEAP_ALLOCATE|[EXTERNAL]|Bytes:38
07:07:38.13 (14245237)|HEAP_ALLOCATE|[EXTERNAL]|Bytes:7
07:07:38.15 (15549312)|VF_APEX_CALL_START|[EXTERNAL]|/apexpage/pagemessagescomponentcontroller.apex set(conEscape)
07:07:38.15 (15569872)|SYSTEM_MODE_ENTER|true
07:07:38.15 (15590794)|VF_APEX_CALL_START|[EXTERNAL]|PageMessagesComponentController set(conEscape)
07:07:38.15 (15628398)|VF_APEX_CALL_START|[EXTERNAL]|PageMessagesComponentController invoke(setconEscape)
07:07:38.15 (15682262)|HEAP_ALLOCATE|[EXTERNAL]|Bytes:8
07:07:38.15 (15692819)|VARIABLE_SCOPE_BEGIN|[88]|this|ApexPage.PageMessagesComponentController|true|false
07:07:38.15 (15749288)|VARIABLE_ASSIGNMENT|[88]|this|{}|0x4fbe211a
07:07:38.15 (15760258)|VARIABLE_SCOPE_BEGIN|[88]|escape|Boolean|false|false
07:07:38.15 (15773233)|VARIABLE_ASSIGNMENT|[88]|escape|null
07:07:38.0 (16003144)|VF_APEX_CALL_START|[EXTERNAL]|01p0b000007wJBE|PageLayoutController get(proRtMap)|PageLayoutController
07:07:38.0 (16051584)|SYSTEM_MODE_ENTER|true
07:07:38.0 (16084443)|VF_APEX_CALL_START|[EXTERNAL]|01p0b000007wJBE|proRtMap|PageLayoutController
07:07:38.0 (16101880)|HEAP_ALLOCATE|[EXTERNAL]|Bytes:43
07:07:38.0 (16111841)|HEAP_ALLOCATE|[EXTERNAL]|Bytes:88
07:07:38.0 (16116635)|HEAP_ALLOCATE|[EXTERNAL]|Bytes:15
07:07:38.0 (16127869)|METHOD_ENTRY|[1]|01p0b000007wJBE|PageLayoutController.PageLayoutController()
07:07:38.0 (16135086)|STATEMENT_EXECUTE|[1]
07:07:38.0 (16139534)|STATEMENT_EXECUTE|[1]
07:07:38.0 (16141572)|STATEMENT_EXECUTE|[73]
07:07:38.0 (16143264)|STATEMENT_EXECUTE|[78]
07:07:38.0 (16144721)|STATEMENT_EXECUTE|[82]
07:07:38.0 (16149448)|METHOD_EXIT|[1]|PageLayoutController
07:07:38.0 (16173112)|VF_APEX_CALL_END|proRtMap|PageLayoutController
07:07:38.0 (16195442)|VF_APEX_CALL_END|PageLayoutController get(proRtMap)|PageLayoutController
07:07:38.0 (16327112)|VF_EVALUATE_FORMULA_BEGIN|0660b000002BGtP|#{proRtMap[objName].profWrapLst}
07:07:38.0 (16405334)|VF_APEX_CALL_START|[EXTERNAL]|01p0b000007wJBE|profWrapLst|PageLayoutController.ProfRTType
07:07:38.0 (16421803)|HEAP_ALLOCATE|[EXTERNAL]|Bytes:112
07:07:38.0 (16428982)|HEAP_ALLOCATE|[EXTERNAL]|Bytes:5
07:07:38.0 (16442151)|VF_APEX_CALL_END|profWrapLst|PageLayoutController.ProfRTType
07:07:38.0 (16468439)|VF_EVALUATE_FORMULA_END
07:07:38.0 (16479224)|VF_EVALUATE_FORMULA_BEGIN|0660b000002BGtP|#{proRtMap[objName].profWrapLst}
07:07:38.0 (16510685)|VF_EVALUATE_FORMULA_END
07:07:38.0 (16532330)|VF_EVALUATE_FORMULA_BEGIN|0660b000002BGtP|#{proRtMap[objName].rtWrapLst}
07:07:38.0 (16572695)|VF_APEX_CALL_START|[EXTERNAL]|01p0b000007wJBE|rtWrapLst|PageLayoutController.ProfRTType
07:07:38.0 (16589899)|VF_APEX_CALL_END|rtWrapLst|PageLayoutController.ProfRTType
07:07:38.0 (16609670)|VF_EVALUATE_FORMULA_END
07:07:38.0 (16617115)|VF_EVALUATE_FORMULA_BEGIN|0660b000002BGtP|#{proRtMap[objName].rtWrapLst}
07:07:38.0 (16644708)|VF_EVALUATE_FORMULA_END
07:07:38.0 (16719234)|VF_EVALUATE_FORMULA_BEGIN|0660b000002BGtP|#{proRtMap[objName].rtWrapLst}
07:07:38.0 (16748003)|VF_EVALUATE_FORMULA_END
07:07:38.0 (16753496)|VF_EVALUATE_FORMULA_BEGIN|0660b000002BGtP|#{proRtMap[objName].rtWrapLst}
07:07:38.0 (16774142)|VF_EVALUATE_FORMULA_END
07:07:38.0 (16824625)|VF_EVALUATE_FORMULA_BEGIN|0660b000002BGtP|#{proRtMap[objName].rtWrapLst}
07:07:38.0 (16850085)|VF_EVALUATE_FORMULA_END
07:07:38.0 (16855095)|VF_EVALUATE_FORMULA_BEGIN|0660b000002BGtP|#{proRtMap[objName].rtWrapLst}
07:07:38.0 (16875911)|VF_EVALUATE_FORMULA_END
07:07:38.0 (16922439)|VF_EVALUATE_FORMULA_BEGIN|0660b000002BGtP|#{proRtMap[objName].rtWrapLst}
07:07:38.0 (16946955)|VF_EVALUATE_FORMULA_END
07:07:38.0 (16952709)|VF_EVALUATE_FORMULA_BEGIN|0660b000002BGtP|#{proRtMap[objName].rtWrapLst}
07:07:38.0 (16974250)|VF_EVALUATE_FORMULA_END
07:07:38.0 (17020526)|VF_EVALUATE_FORMULA_BEGIN|0660b000002BGtP|#{proRtMap[objName].rtWrapLst}
07:07:38.0 (17055238)|VF_EVALUATE_FORMULA_END
07:07:38.0 (17061131)|VF_EVALUATE_FORMULA_BEGIN|0660b000002BGtP|#{proRtMap[objName].rtWrapLst}
07:07:38.0 (17082745)|VF_EVALUATE_FORMULA_END
07:07:38.0 (17131857)|VF_EVALUATE_FORMULA_BEGIN|0660b000002BGtP|#{proRtMap[objName].rtWrapLst}
07:07:38.0 (17156302)|VF_EVALUATE_FORMULA_END
07:07:38.0 (17161603)|VF_EVALUATE_FORMULA_BEGIN|0660b000002BGtP|#{proRtMap[objName].rtWrapLst}
07:07:38.0 (17182033)|VF_EVALUATE_FORMULA_END
07:07:38.0 (17223616)|VF_EVALUATE_FORMULA_BEGIN|0660b000002BGtP|#{proRtMap[objName].rtWrapLst}
07:07:38.0 (17248119)|VF_EVALUATE_FORMULA_END
07:07:38.0 (17253252)|VF_EVALUATE_FORMULA_BEGIN|0660b000002BGtP|#{proRtMap[objName].rtWrapLst}
07:07:38.0 (17275291)|VF_EVALUATE_FORMULA_END
07:07:38.0 (17319404)|VF_EVALUATE_FORMULA_BEGIN|0660b000002BGtP|#{proRtMap[objName].rtWrapLst}
07:07:38.0 (17344361)|VF_EVALUATE_FORMULA_END
07:07:38.0 (17349660)|VF_EVALUATE_FORMULA_BEGIN|0660b000002BGtP|#{proRtMap[objName].rtWrapLst}
07:07:38.0 (17370440)|VF_EVALUATE_FORMULA_END
07:07:38.0 (17416810)|VF_EVALUATE_FORMULA_BEGIN|0660b000002BGtP|#{proRtMap[objName].rtWrapLst}
07:07:38.0 (17441495)|VF_EVALUATE_FORMULA_END
07:07:38.0 (17446423)|VF_EVALUATE_FORMULA_BEGIN|0660b000002BGtP|#{proRtMap[objName].rtWrapLst}
07:07:38.0 (17466274)|VF_EVALUATE_FORMULA_END
07:07:38.0 (17509719)|VF_EVALUATE_FORMULA_BEGIN|0660b000002BGtP|#{proRtMap[objName].rtWrapLst}
07:07:38.0 (17534240)|VF_EVALUATE_FORMULA_END
07:07:38.0 (17539500)|VF_EVALUATE_FORMULA_BEGIN|0660b000002BGtP|#{proRtMap[objName].rtWrapLst}
07:07:38.0 (17558966)|VF_EVALUATE_FORMULA_END
07:07:38.0 (17602417)|VF_EVALUATE_FORMULA_BEGIN|0660b000002BGtP|#{proRtMap[objName].rtWrapLst}
07:07:38.0 (17627511)|VF_EVALUATE_FORMULA_END
07:07:38.0 (17632757)|VF_EVALUATE_FORMULA_BEGIN|0660b000002BGtP|#{proRtMap[objName].rtWrapLst}
07:07:38.0 (17652524)|VF_EVALUATE_FORMULA_END
07:07:38.0 (17699697)|VF_EVALUATE_FORMULA_BEGIN|0660b000002BGtP|#{proRtMap[objName].rtWrapLst}
07:07:38.0 (17724800)|VF_EVALUATE_FORMULA_END
07:07:38.0 (17730014)|VF_EVALUATE_FORMULA_BEGIN|0660b000002BGtP|#{proRtMap[objName].rtWrapLst}
07:07:38.0 (17750051)|VF_EVALUATE_FORMULA_END
07:07:38.0 (17819067)|VF_EVALUATE_FORMULA_BEGIN|0660b000002BGtP|#{proRtMap[objName].rtWrapLst}
07:07:38.0 (17845300)|VF_EVALUATE_FORMULA_END
07:07:38.0 (17850518)|VF_EVALUATE_FORMULA_BEGIN|0660b000002BGtP|#{proRtMap[objName].rtWrapLst}
07:07:38.0 (17871325)|VF_EVALUATE_FORMULA_END
07:07:38.0 (17916429)|VF_EVALUATE_FORMULA_BEGIN|0660b000002BGtP|#{proRtMap[objName].rtWrapLst}
07:07:38.0 (17941208)|VF_EVALUATE_FORMULA_END
07:07:38.0 (17946359)|VF_EVALUATE_FORMULA_BEGIN|0660b000002BGtP|#{proRtMap[objName].rtWrapLst}
07:07:38.0 (17966262)|VF_EVALUATE_FORMULA_END
07:07:38.0 (18009176)|VF_EVALUATE_FORMULA_BEGIN|0660b000002BGtP|#{proRtMap[objName].rtWrapLst}
07:07:38.0 (18040480)|VF_EVALUATE_FORMULA_END
07:07:38.0 (18046442)|VF_EVALUATE_FORMULA_BEGIN|0660b000002BGtP|#{proRtMap[objName].rtWrapLst}
07:07:38.0 (18067647)|VF_EVALUATE_FORMULA_END
07:07:38.0 (18122051)|VF_EVALUATE_FORMULA_BEGIN|0660b000002BGtP|#{proRtMap[objName].rtWrapLst}
07:07:38.0 (18148150)|VF_EVALUATE_FORMULA_END
07:07:38.0 (18153394)|VF_EVALUATE_FORMULA_BEGIN|0660b000002BGtP|#{proRtMap[objName].rtWrapLst}
07:07:38.0 (18173017)|VF_EVALUATE_FORMULA_END
07:07:38.0 (18217847)|VF_EVALUATE_FORMULA_BEGIN|0660b000002BGtP|#{proRtMap[objName].rtWrapLst}
07:07:38.0 (18243599)|VF_EVALUATE_FORMULA_END
07:07:38.0 (18248677)|VF_EVALUATE_FORMULA_BEGIN|0660b000002BGtP|#{proRtMap[objName].rtWrapLst}
07:07:38.0 (18269011)|VF_EVALUATE_FORMULA_END
07:07:38.0 (18337190)|VF_EVALUATE_FORMULA_BEGIN|0660b000002BGtP|#{proRtMap[objName].profWrapLst}
07:07:38.0 (18375593)|VF_APEX_CALL_START|[EXTERNAL]|01p0b000007wJBE|profWrapLst|PageLayoutController.ProfRTType
07:07:38.0 (18393545)|VF_APEX_CALL_END|profWrapLst|PageLayoutController.ProfRTType
07:07:38.0 (18416249)|VF_EVALUATE_FORMULA_END
07:07:38.0 (18423506)|VF_EVALUATE_FORMULA_BEGIN|0660b000002BGtP|#{proRtMap[objName].profWrapLst}
07:07:38.0 (18448918)|VF_EVALUATE_FORMULA_END
07:07:38.0 (18464353)|VF_EVALUATE_FORMULA_BEGIN|0660b000002BGtP|#{proRtMap[objName].rtWrapLst}
07:07:38.0 (18493810)|VF_APEX_CALL_START|[EXTERNAL]|01p0b000007wJBE|rtWrapLst|PageLayoutController.ProfRTType
07:07:38.0 (18508584)|VF_APEX_CALL_END|rtWrapLst|PageLayoutController.ProfRTType
07:07:38.0 (18527145)|VF_EVALUATE_FORMULA_END
07:07:38.0 (18533520)|VF_EVALUATE_FORMULA_BEGIN|0660b000002BGtP|#{proRtMap[objName].rtWrapLst}
07:07:38.0 (18558373)|VF_EVALUATE_FORMULA_END
07:07:38.0 (18618551)|VF_EVALUATE_FORMULA_BEGIN|0660b000002BGtP|#{proRtMap[objName].rtWrapLst}
07:07:38.0 (18645432)|VF_EVALUATE_FORMULA_END
07:07:38.0 (18650805)|VF_EVALUATE_FORMULA_BEGIN|0660b000002BGtP|#{proRtMap[objName].rtWrapLst}
07:07:38.0 (18672224)|VF_EVALUATE_FORMULA_END
07:07:38.0 (18717550)|VF_EVALUATE_FORMULA_BEGIN|0660b000002BGtP|#{proRtMap[objName].rtWrapLst}
07:07:38.0 (18743123)|VF_EVALUATE_FORMULA_END
07:07:38.0 (18748537)|VF_EVALUATE_FORMULA_BEGIN|0660b000002BGtP|#{proRtMap[objName].rtWrapLst}
07:07:38.0 (18768863)|VF_EVALUATE_FORMULA_END
07:07:38.0 (18812333)|VF_EVALUATE_FORMULA_BEGIN|0660b000002BGtP|#{proRtMap[objName].rtWrapLst}
07:07:38.0 (18837080)|VF_EVALUATE_FORMULA_END
07:07:38.0 (18842165)|VF_EVALUATE_FORMULA_BEGIN|0660b000002BGtP|#{proRtMap[objName].rtWrapLst}
07:07:38.0 (18860690)|VF_EVALUATE_FORMULA_END
07:07:38.0 (18905083)|VF_EVALUATE_FORMULA_BEGIN|0660b000002BGtP|#{proRtMap[objName].rtWrapLst}
07:07:38.0 (18929450)|VF_EVALUATE_FORMULA_END
07:07:38.0 (18934574)|VF_EVALUATE_FORMULA_BEGIN|0660b000002BGtP|#{proRtMap[objName].rtWrapLst}
07:07:38.0 (18954856)|VF_EVALUATE_FORMULA_END
07:07:38.0 (19005386)|VF_EVALUATE_FORMULA_BEGIN|0660b000002BGtP|#{proRtMap[objName].rtWrapLst}
07:07:38.0 (19031380)|VF_EVALUATE_FORMULA_END
07:07:38.0 (19041787)|VF_EVALUATE_FORMULA_BEGIN|0660b000002BGtP|#{proRtMap[objName].rtWrapLst}
07:07:38.0 (19063014)|VF_EVALUATE_FORMULA_END
07:07:38.0 (19106191)|VF_EVALUATE_FORMULA_BEGIN|0660b000002BGtP|#{proRtMap[objName].rtWrapLst}
07:07:38.0 (19130065)|VF_EVALUATE_FORMULA_END
07:07:38.0 (19135308)|VF_EVALUATE_FORMULA_BEGIN|0660b000002BGtP|#{proRtMap[objName].rtWrapLst}
07:07:38.0 (19156662)|VF_EVALUATE_FORMULA_END
07:07:38.0 (19202055)|VF_EVALUATE_FORMULA_BEGIN|0660b000002BGtP|#{proRtMap[objName].rtWrapLst}
07:07:38.0 (19229009)|VF_EVALUATE_FORMULA_END
07:07:38.0 (19234369)|VF_EVALUATE_FORMULA_BEGIN|0660b000002BGtP|#{proRtMap[objName].rtWrapLst}
07:07:38.0 (19257623)|VF_EVALUATE_FORMULA_END
07:07:38.0 (19307468)|VF_EVALUATE_FORMULA_BEGIN|0660b000002BGtP|#{proRtMap[objName].rtWrapLst}
07:07:38.0 (19332614)|VF_EVALUATE_FORMULA_END
07:07:38.0 (19337715)|VF_EVALUATE_FORMULA_BEGIN|0660b000002BGtP|#{proRtMap[objName].rtWrapLst}
07:07:38.0 (19357786)|VF_EVALUATE_FORMULA_END
07:07:38.0 (19401807)|VF_EVALUATE_FORMULA_BEGIN|0660b000002BGtP|#{proRtMap[objName].rtWrapLst}
07:07:38.0 (19427506)|VF_EVALUATE_FORMULA_END
07:07:38.0 (19433347)|VF_EVALUATE_FORMULA_BEGIN|0660b000002BGtP|#{proRtMap[objName].rtWrapLst}
07:07:38.0 (19454114)|VF_EVALUATE_FORMULA_END
07:07:38.0 (19499692)|VF_EVALUATE_FORMULA_BEGIN|0660b000002BGtP|#{proRtMap[objName].rtWrapLst}
07:07:38.0 (19524109)|VF_EVALUATE_FORMULA_END
07:07:38.0 (19529322)|VF_EVALUATE_FORMULA_BEGIN|0660b000002BGtP|#{proRtMap[objName].rtWrapLst}
07:07:38.0 (19550469)|VF_EVALUATE_FORMULA_END
07:07:38.0 (19595267)|VF_EVALUATE_FORMULA_BEGIN|0660b000002BGtP|#{proRtMap[objName].rtWrapLst}
07:07:38.0 (19619477)|VF_EVALUATE_FORMULA_END
07:07:38.0 (19624578)|VF_EVALUATE_FORMULA_BEGIN|0660b000002BGtP|#{proRtMap[objName].rtWrapLst}
07:07:38.0 (19644730)|VF_EVALUATE_FORMULA_END
07:07:38.0 (19702100)|VF_EVALUATE_FORMULA_BEGIN|0660b000002BGtP|#{proRtMap[objName].rtWrapLst}
07:07:38.0 (19727834)|VF_EVALUATE_FORMULA_END
07:07:38.0 (19733175)|VF_EVALUATE_FORMULA_BEGIN|0660b000002BGtP|#{proRtMap[objName].rtWrapLst}
07:07:38.0 (19753104)|VF_EVALUATE_FORMULA_END
07:07:38.0 (19797892)|VF_EVALUATE_FORMULA_BEGIN|0660b000002BGtP|#{proRtMap[objName].rtWrapLst}
07:07:38.0 (19820756)|VF_EVALUATE_FORMULA_END
07:07:38.0 (19826138)|VF_EVALUATE_FORMULA_BEGIN|0660b000002BGtP|#{proRtMap[objName].rtWrapLst}
07:07:38.0 (19845938)|VF_EVALUATE_FORMULA_END
07:07:38.0 (19890774)|VF_EVALUATE_FORMULA_BEGIN|0660b000002BGtP|#{proRtMap[objName].rtWrapLst}
07:07:38.0 (19915925)|VF_EVALUATE_FORMULA_END
07:07:38.0 (19920969)|VF_EVALUATE_FORMULA_BEGIN|0660b000002BGtP|#{proRtMap[objName].rtWrapLst}
07:07:38.0 (19942402)|VF_EVALUATE_FORMULA_END
07:07:38.0 (19996944)|VF_EVALUATE_FORMULA_BEGIN|0660b000002BGtP|#{proRtMap[objName].rtWrapLst}
07:07:38.0 (20021661)|VF_EVALUATE_FORMULA_END
07:07:38.0 (20027598)|VF_EVALUATE_FORMULA_BEGIN|0660b000002BGtP|#{proRtMap[objName].rtWrapLst}
07:07:38.0 (20054174)|VF_EVALUATE_FORMULA_END
07:07:38.0 (20101272)|VF_EVALUATE_FORMULA_BEGIN|0660b000002BGtP|#{proRtMap[objName].rtWrapLst}
07:07:38.0 (20127008)|VF_EVALUATE_FORMULA_END
07:07:38.0 (20131996)|VF_EVALUATE_FORMULA_BEGIN|0660b000002BGtP|#{proRtMap[objName].rtWrapLst}
07:07:38.0 (20154452)|VF_EVALUATE_FORMULA_END
07:07:38.0 (20218292)|VF_EVALUATE_FORMULA_BEGIN|0660b000002BGtP|#{proRtMap[objName].profWrapLst}
07:07:38.0 (20256919)|VF_APEX_CALL_START|[EXTERNAL]|01p0b000007wJBE|profWrapLst|PageLayoutController.ProfRTType
07:07:38.0 (20274741)|VF_APEX_CALL_END|profWrapLst|PageLayoutController.ProfRTType
07:07:38.0 (20296333)|VF_EVALUATE_FORMULA_END
07:07:38.0 (20303293)|VF_EVALUATE_FORMULA_BEGIN|0660b000002BGtP|#{proRtMap[objName].profWrapLst}
07:07:38.0 (20327904)|VF_EVALUATE_FORMULA_END
07:07:38.0 (20341306)|VF_EVALUATE_FORMULA_BEGIN|0660b000002BGtP|#{proRtMap[objName].rtWrapLst}
07:07:38.0 (20369843)|VF_APEX_CALL_START|[EXTERNAL]|01p0b000007wJBE|rtWrapLst|PageLayoutController.ProfRTType
07:07:38.0 (20384438)|VF_APEX_CALL_END|rtWrapLst|PageLayoutController.ProfRTType
07:07:38.0 (20403911)|VF_EVALUATE_FORMULA_END
07:07:38.0 (20410339)|VF_EVALUATE_FORMULA_BEGIN|0660b000002BGtP|#{proRtMap[objName].rtWrapLst}
07:07:38.0 (20433097)|VF_EVALUATE_FORMULA_END
07:07:38.0 (20478348)|VF_EVALUATE_FORMULA_BEGIN|0660b000002BGtP|#{proRtMap[objName].rtWrapLst}
07:07:38.0 (20503488)|VF_EVALUATE_FORMULA_END
07:07:38.0 (20508603)|VF_EVALUATE_FORMULA_BEGIN|0660b000002BGtP|#{proRtMap[objName].rtWrapLst}
07:07:38.0 (20528910)|VF_EVALUATE_FORMULA_END
07:07:38.0 (20563270)|VF_EVALUATE_FORMULA_BEGIN|0660b000002BGtP|#{proRtMap[objName].rtWrapLst}
07:07:38.0 (20587692)|VF_EVALUATE_FORMULA_END
07:07:38.0 (20592648)|VF_EVALUATE_FORMULA_BEGIN|0660b000002BGtP|#{proRtMap[objName].rtWrapLst}
07:07:38.0 (20613692)|VF_EVALUATE_FORMULA_END
07:07:38.0 (20647518)|VF_EVALUATE_FORMULA_BEGIN|0660b000002BGtP|#{proRtMap[objName].rtWrapLst}
07:07:38.0 (20672455)|VF_EVALUATE_FORMULA_END
07:07:38.0 (20677465)|VF_EVALUATE_FORMULA_BEGIN|0660b000002BGtP|#{proRtMap[objName].rtWrapLst}
07:07:38.0 (20697125)|VF_EVALUATE_FORMULA_END
07:07:38.0 (20730914)|VF_EVALUATE_FORMULA_BEGIN|0660b000002BGtP|#{proRtMap[objName].rtWrapLst}
07:07:38.0 (20755220)|VF_EVALUATE_FORMULA_END
07:07:38.0 (20760303)|VF_EVALUATE_FORMULA_BEGIN|0660b000002BGtP|#{proRtMap[objName].rtWrapLst}
07:07:38.0 (20782441)|VF_EVALUATE_FORMULA_END
07:07:38.0 (20819591)|VF_EVALUATE_FORMULA_BEGIN|0660b000002BGtP|#{proRtMap[objName].rtWrapLst}
07:07:38.0 (20843630)|VF_EVALUATE_FORMULA_END
07:07:38.0 (20848570)|VF_EVALUATE_FORMULA_BEGIN|0660b000002BGtP|#{proRtMap[objName].rtWrapLst}
07:07:38.0 (20868704)|VF_EVALUATE_FORMULA_END
07:07:38.0 (20902147)|VF_EVALUATE_FORMULA_BEGIN|0660b000002BGtP|#{proRtMap[objName].rtWrapLst}
07:07:38.0 (20925379)|VF_EVALUATE_FORMULA_END
07:07:38.0 (20930502)|VF_EVALUATE_FORMULA_BEGIN|0660b000002BGtP|#{proRtMap[objName].rtWrapLst}
07:07:38.0 (20951469)|VF_EVALUATE_FORMULA_END
07:07:38.0 (20984763)|VF_EVALUATE_FORMULA_BEGIN|0660b000002BGtP|#{proRtMap[objName].rtWrapLst}
07:07:38.0 (21008037)|VF_EVALUATE_FORMULA_END
07:07:38.0 (21013764)|VF_EVALUATE_FORMULA_BEGIN|0660b000002BGtP|#{proRtMap[objName].rtWrapLst}
07:07:38.0 (21038544)|VF_EVALUATE_FORMULA_END
07:07:38.0 (21073185)|VF_EVALUATE_FORMULA_BEGIN|0660b000002BGtP|#{proRtMap[objName].rtWrapLst}
07:07:38.0 (21095761)|VF_EVALUATE_FORMULA_END
07:07:38.0 (21100811)|VF_EVALUATE_FORMULA_BEGIN|0660b000002BGtP|#{proRtMap[objName].rtWrapLst}
07:07:38.0 (21121418)|VF_EVALUATE_FORMULA_END
07:07:38.0 (21163914)|VF_EVALUATE_FORMULA_BEGIN|0660b000002BGtP|#{proRtMap[objName].rtWrapLst}
07:07:38.0 (21189650)|VF_EVALUATE_FORMULA_END
07:07:38.0 (21194848)|VF_EVALUATE_FORMULA_BEGIN|0660b000002BGtP|#{proRtMap[objName].rtWrapLst}
07:07:38.0 (21217068)|VF_EVALUATE_FORMULA_END
07:07:38.0 (21249900)|VF_EVALUATE_FORMULA_BEGIN|0660b000002BGtP|#{proRtMap[objName].rtWrapLst}
07:07:38.0 (21273479)|VF_EVALUATE_FORMULA_END
07:07:38.0 (21278697)|VF_EVALUATE_FORMULA_BEGIN|0660b000002BGtP|#{proRtMap[objName].rtWrapLst}
07:07:38.0 (21298981)|VF_EVALUATE_FORMULA_END
07:07:38.0 (21495743)|VF_EVALUATE_FORMULA_BEGIN|0660b000002BGtP|#{proRtMap[objName].profWrapLst}
07:07:38.0 (21525059)|VF_EVALUATE_FORMULA_END
07:07:38.0 (21531036)|VF_EVALUATE_FORMULA_BEGIN|0660b000002BGtP|#{proRtMap[objName].profWrapLst}
07:07:38.0 (21551371)|VF_EVALUATE_FORMULA_END
07:07:38.0 (21560554)|VF_EVALUATE_FORMULA_BEGIN|0660b000002BGtP|#{proRtMap[objName].rtWrapLst}
07:07:38.0 (21582977)|VF_EVALUATE_FORMULA_END
07:07:38.0 (21587736)|VF_EVALUATE_FORMULA_BEGIN|0660b000002BGtP|#{proRtMap[objName].rtWrapLst}
07:07:38.0 (21607389)|VF_EVALUATE_FORMULA_END
07:07:38.0 (21657304)|VF_EVALUATE_FORMULA_BEGIN|0660b000002BGtP|#{proRtMap[objName].rtWrapLst}
07:07:38.0 (21682060)|VF_EVALUATE_FORMULA_END
07:07:38.0 (21687342)|VF_EVALUATE_FORMULA_BEGIN|0660b000002BGtP|#{proRtMap[objName].rtWrapLst}
07:07:38.0 (21708374)|VF_EVALUATE_FORMULA_END
07:07:38.0 (21753793)|VF_EVALUATE_FORMULA_BEGIN|0660b000002BGtP|#{proRtMap[objName].rtWrapLst}
07:07:38.0 (21776745)|VF_EVALUATE_FORMULA_END
07:07:38.0 (21781826)|VF_EVALUATE_FORMULA_BEGIN|0660b000002BGtP|#{proRtMap[objName].rtWrapLst}
07:07:38.0 (21801573)|VF_EVALUATE_FORMULA_END
07:07:38.0 (21845741)|VF_EVALUATE_FORMULA_BEGIN|0660b000002BGtP|#{proRtMap[objName].rtWrapLst}
07:07:38.0 (21871003)|VF_EVALUATE_FORMULA_END
07:07:38.0 (21876626)|VF_EVALUATE_FORMULA_BEGIN|0660b000002BGtP|#{proRtMap[objName].rtWrapLst}
07:07:38.0 (21896820)|VF_EVALUATE_FORMULA_END
07:07:38.0 (21941162)|VF_EVALUATE_FORMULA_BEGIN|0660b000002BGtP|#{proRtMap[objName].rtWrapLst}
07:07:38.0 (21965622)|VF_EVALUATE_FORMULA_END
07:07:38.0 (21971364)|VF_EVALUATE_FORMULA_BEGIN|0660b000002BGtP|#{proRtMap[objName].rtWrapLst}
07:07:38.0 (21992460)|VF_EVALUATE_FORMULA_END
07:07:38.0 (22044290)|VF_EVALUATE_FORMULA_BEGIN|0660b000002BGtP|#{proRtMap[objName].rtWrapLst}
07:07:38.0 (22070438)|VF_EVALUATE_FORMULA_END
07:07:38.0 (22075657)|VF_EVALUATE_FORMULA_BEGIN|0660b000002BGtP|#{proRtMap[objName].rtWrapLst}
07:07:38.0 (22097251)|VF_EVALUATE_FORMULA_END
07:07:38.0 (22139930)|VF_EVALUATE_FORMULA_BEGIN|0660b000002BGtP|#{proRtMap[objName].rtWrapLst}
07:07:38.0 (22165488)|VF_EVALUATE_FORMULA_END
07:07:38.0 (22170522)|VF_EVALUATE_FORMULA_BEGIN|0660b000002BGtP|#{proRtMap[objName].rtWrapLst}
07:07:38.0 (22190940)|VF_EVALUATE_FORMULA_END
07:07:38.0 (22235595)|VF_EVALUATE_FORMULA_BEGIN|0660b000002BGtP|#{proRtMap[objName].rtWrapLst}
07:07:38.0 (22261013)|VF_EVALUATE_FORMULA_END
07:07:38.0 (22265974)|VF_EVALUATE_FORMULA_BEGIN|0660b000002BGtP|#{proRtMap[objName].rtWrapLst}
07:07:38.0 (22286066)|VF_EVALUATE_FORMULA_END
07:07:38.0 (22332701)|VF_EVALUATE_FORMULA_BEGIN|0660b000002BGtP|#{proRtMap[objName].rtWrapLst}
07:07:38.0 (22356668)|VF_EVALUATE_FORMULA_END
07:07:38.0 (22362099)|VF_EVALUATE_FORMULA_BEGIN|0660b000002BGtP|#{proRtMap[objName].rtWrapLst}
07:07:38.0 (22382112)|VF_EVALUATE_FORMULA_END
07:07:38.0 (22433465)|VF_EVALUATE_FORMULA_BEGIN|0660b000002BGtP|#{proRtMap[objName].rtWrapLst}
07:07:38.0 (22459057)|VF_EVALUATE_FORMULA_END
07:07:38.0 (22464316)|VF_EVALUATE_FORMULA_BEGIN|0660b000002BGtP|#{proRtMap[objName].rtWrapLst}
07:07:38.0 (22484743)|VF_EVALUATE_FORMULA_END
07:07:38.0 (22529411)|VF_EVALUATE_FORMULA_BEGIN|0660b000002BGtP|#{proRtMap[objName].rtWrapLst}
07:07:38.0 (22553516)|VF_EVALUATE_FORMULA_END
07:07:38.0 (22558406)|VF_EVALUATE_FORMULA_BEGIN|0660b000002BGtP|#{proRtMap[objName].rtWrapLst}
07:07:38.0 (22577915)|VF_EVALUATE_FORMULA_END
07:07:38.0 (22622219)|VF_EVALUATE_FORMULA_BEGIN|0660b000002BGtP|#{proRtMap[objName].rtWrapLst}
07:07:38.0 (22645438)|VF_EVALUATE_FORMULA_END
07:07:38.0 (22650360)|VF_EVALUATE_FORMULA_BEGIN|0660b000002BGtP|#{proRtMap[objName].rtWrapLst}
07:07:38.0 (22669054)|VF_EVALUATE_FORMULA_END
07:07:38.0 (22793954)|VF_APEX_CALL_START|[EXTERNAL]|01p0b000007wJBE|pgNames|PageLayoutController.RecordTypeWrapper
07:07:38.0 (22818853)|HEAP_ALLOCATE|[EXTERNAL]|Bytes:148
07:07:38.0 (22830408)|HEAP_ALLOCATE|[EXTERNAL]|Bytes:8
07:07:38.0 (22844530)|VF_APEX_CALL_END|pgNames|PageLayoutController.RecordTypeWrapper
07:07:38.0 (22912924)|VF_APEX_CALL_START|[EXTERNAL]|01p0b000007wJBE|selectedPlName|PageLayoutController.RecordTypeWrapper
07:07:38.0 (22928298)|VF_APEX_CALL_END|selectedPlName|PageLayoutController.RecordTypeWrapper
07:07:38.0 (22984264)|VF_APEX_CALL_START|[EXTERNAL]|01p0b000007wJBE|pgNames|PageLayoutController.RecordTypeWrapper
07:07:38.0 (22997717)|VF_APEX_CALL_END|pgNames|PageLayoutController.RecordTypeWrapper
07:07:38.0 (23052613)|VF_APEX_CALL_START|[EXTERNAL]|01p0b000007wJBE|selectedPlName|PageLayoutController.RecordTypeWrapper
07:07:38.0 (23069884)|VF_APEX_CALL_END|selectedPlName|PageLayoutController.RecordTypeWrapper
07:07:38.0 (23109549)|VF_EVALUATE_FORMULA_BEGIN|0660b000002BGtP|#{proRtMap[objName].rtWrapLst}
07:07:38.0 (23141526)|VF_EVALUATE_FORMULA_END
07:07:38.0 (23147646)|VF_EVALUATE_FORMULA_BEGIN|0660b000002BGtP|#{proRtMap[objName].rtWrapLst}
07:07:38.0 (23168931)|VF_EVALUATE_FORMULA_END
07:07:38.0 (23218365)|VF_EVALUATE_FORMULA_BEGIN|0660b000002BGtP|#{proRtMap[objName].rtWrapLst}
07:07:38.0 (23244206)|VF_EVALUATE_FORMULA_END
07:07:38.0 (23249523)|VF_EVALUATE_FORMULA_BEGIN|0660b000002BGtP|#{proRtMap[objName].rtWrapLst}
07:07:38.0 (23269705)|VF_EVALUATE_FORMULA_END
07:07:38.0 (23313207)|VF_EVALUATE_FORMULA_BEGIN|0660b000002BGtP|#{proRtMap[objName].rtWrapLst}
07:07:38.0 (23336584)|VF_EVALUATE_FORMULA_END
07:07:38.0 (23342090)|VF_EVALUATE_FORMULA_BEGIN|0660b000002BGtP|#{proRtMap[objName].rtWrapLst}
07:07:38.0 (23362339)|VF_EVALUATE_FORMULA_END
07:07:38.0 (23466979)|VF_EVALUATE_FORMULA_BEGIN|0660b000002BGtP|#{proRtMap[objName].rtWrapLst}
07:07:38.0 (23495996)|VF_EVALUATE_FORMULA_END
07:07:38.0 (23501499)|VF_EVALUATE_FORMULA_BEGIN|0660b000002BGtP|#{proRtMap[objName].rtWrapLst}
07:07:38.0 (23521782)|VF_EVALUATE_FORMULA_END
07:07:38.0 (23567356)|VF_EVALUATE_FORMULA_BEGIN|0660b000002BGtP|#{proRtMap[objName].rtWrapLst}
07:07:38.0 (23592528)|VF_EVALUATE_FORMULA_END
07:07:38.0 (23597506)|VF_EVALUATE_FORMULA_BEGIN|0660b000002BGtP|#{proRtMap[objName].rtWrapLst}
07:07:38.0 (23617332)|VF_EVALUATE_FORMULA_END
07:07:38.0 (23677500)|VF_EVALUATE_FORMULA_BEGIN|0660b000002BGtP|#{proRtMap[objName].profWrapLst}
07:07:38.0 (23704794)|VF_EVALUATE_FORMULA_END
07:07:38.0 (23710616)|VF_EVALUATE_FORMULA_BEGIN|0660b000002BGtP|#{proRtMap[objName].profWrapLst}
07:07:38.0 (23732729)|VF_EVALUATE_FORMULA_END
07:07:38.0 (23742021)|VF_EVALUATE_FORMULA_BEGIN|0660b000002BGtP|#{proRtMap[objName].rtWrapLst}
07:07:38.0 (23764638)|VF_EVALUATE_FORMULA_END
07:07:38.0 (23769461)|VF_EVALUATE_FORMULA_BEGIN|0660b000002BGtP|#{proRtMap[objName].rtWrapLst}
07:07:38.0 (23790926)|VF_EVALUATE_FORMULA_END
07:07:38.0 (23837530)|VF_EVALUATE_FORMULA_BEGIN|0660b000002BGtP|#{proRtMap[objName].rtWrapLst}
07:07:38.0 (23862637)|VF_EVALUATE_FORMULA_END
07:07:38.0 (23867632)|VF_EVALUATE_FORMULA_BEGIN|0660b000002BGtP|#{proRtMap[objName].rtWrapLst}
07:07:38.0 (23887990)|VF_EVALUATE_FORMULA_END
07:07:38.0 (23931328)|VF_EVALUATE_FORMULA_BEGIN|0660b000002BGtP|#{proRtMap[objName].rtWrapLst}
07:07:38.0 (23955723)|VF_EVALUATE_FORMULA_END
07:07:38.0 (23960842)|VF_EVALUATE_FORMULA_BEGIN|0660b000002BGtP|#{proRtMap[objName].rtWrapLst}
07:07:38.0 (23980378)|VF_EVALUATE_FORMULA_END
07:07:38.0 (24023072)|VF_EVALUATE_FORMULA_BEGIN|0660b000002BGtP|#{proRtMap[objName].rtWrapLst}
07:07:38.0 (24052369)|VF_EVALUATE_FORMULA_END
07:07:38.0 (24058083)|VF_EVALUATE_FORMULA_BEGIN|0660b000002BGtP|#{proRtMap[objName].rtWrapLst}
07:07:38.0 (24079181)|VF_EVALUATE_FORMULA_END
07:07:38.0 (24125056)|VF_EVALUATE_FORMULA_BEGIN|0660b000002BGtP|#{proRtMap[objName].rtWrapLst}
07:07:38.0 (24148586)|VF_EVALUATE_FORMULA_END
07:07:38.0 (24154069)|VF_EVALUATE_FORMULA_BEGIN|0660b000002BGtP|#{proRtMap[objName].rtWrapLst}
07:07:38.0 (24175698)|VF_EVALUATE_FORMULA_END
07:07:38.0 (24222701)|VF_EVALUATE_FORMULA_BEGIN|0660b000002BGtP|#{proRtMap[objName].rtWrapLst}
07:07:38.0 (24248675)|VF_EVALUATE_FORMULA_END
07:07:38.0 (24255177)|VF_EVALUATE_FORMULA_BEGIN|0660b000002BGtP|#{proRtMap[objName].rtWrapLst}
07:07:38.0 (24285891)|VF_EVALUATE_FORMULA_END
07:07:38.0 (24329857)|VF_EVALUATE_FORMULA_BEGIN|0660b000002BGtP|#{proRtMap[objName].rtWrapLst}
07:07:38.0 (24355130)|VF_EVALUATE_FORMULA_END
07:07:38.0 (24360186)|VF_EVALUATE_FORMULA_BEGIN|0660b000002BGtP|#{proRtMap[objName].rtWrapLst}
07:07:38.0 (24383161)|VF_EVALUATE_FORMULA_END
07:07:38.0 (24427197)|VF_EVALUATE_FORMULA_BEGIN|0660b000002BGtP|#{proRtMap[objName].rtWrapLst}
07:07:38.0 (24459476)|VF_EVALUATE_FORMULA_END
07:07:38.0 (24466961)|VF_EVALUATE_FORMULA_BEGIN|0660b000002BGtP|#{proRtMap[objName].rtWrapLst}
07:07:38.0 (24490605)|VF_EVALUATE_FORMULA_END
07:07:38.0 (24541290)|VF_EVALUATE_FORMULA_BEGIN|0660b000002BGtP|#{proRtMap[objName].rtWrapLst}
07:07:38.0 (24566965)|VF_EVALUATE_FORMULA_END
07:07:38.0 (24572172)|VF_EVALUATE_FORMULA_BEGIN|0660b000002BGtP|#{proRtMap[objName].rtWrapLst}
07:07:38.0 (24592339)|VF_EVALUATE_FORMULA_END
07:07:38.0 (24636241)|VF_EVALUATE_FORMULA_BEGIN|0660b000002BGtP|#{proRtMap[objName].rtWrapLst}
07:07:38.0 (24660907)|VF_EVALUATE_FORMULA_END
07:07:38.0 (24665974)|VF_EVALUATE_FORMULA_BEGIN|0660b000002BGtP|#{proRtMap[objName].rtWrapLst}
07:07:38.0 (24687037)|VF_EVALUATE_FORMULA_END
07:07:38.0 (24732145)|VF_EVALUATE_FORMULA_BEGIN|0660b000002BGtP|#{proRtMap[objName].rtWrapLst}
07:07:38.0 (24755791)|VF_EVALUATE_FORMULA_END
07:07:38.0 (24761092)|VF_EVALUATE_FORMULA_BEGIN|0660b000002BGtP|#{proRtMap[objName].rtWrapLst}
07:07:38.0 (24780584)|VF_EVALUATE_FORMULA_END
07:07:38.0 (24823860)|VF_EVALUATE_FORMULA_BEGIN|0660b000002BGtP|#{proRtMap[objName].rtWrapLst}
07:07:38.0 (24848407)|VF_EVALUATE_FORMULA_END
07:07:38.0 (24853514)|VF_EVALUATE_FORMULA_BEGIN|0660b000002BGtP|#{proRtMap[objName].rtWrapLst}
07:07:38.0 (24872975)|VF_EVALUATE_FORMULA_END
07:07:38.0 (24920042)|VF_APEX_CALL_START|[EXTERNAL]|01p0b000007wJBE|pgNames|PageLayoutController.RecordTypeWrapper
07:07:38.0 (24937995)|VF_APEX_CALL_END|pgNames|PageLayoutController.RecordTypeWrapper
07:07:38.0 (24978080)|VF_APEX_CALL_START|[EXTERNAL]|01p0b000007wJBE|selectedPlName|PageLayoutController.RecordTypeWrapper
07:07:38.0 (24992245)|VF_APEX_CALL_END|selectedPlName|PageLayoutController.RecordTypeWrapper
07:07:38.0 (25045533)|VF_APEX_CALL_START|[EXTERNAL]|01p0b000007wJBE|pgNames|PageLayoutController.RecordTypeWrapper
07:07:38.0 (25060309)|VF_APEX_CALL_END|pgNames|PageLayoutController.RecordTypeWrapper
07:07:38.0 (25094412)|VF_APEX_CALL_START|[EXTERNAL]|01p0b000007wJBE|selectedPlName|PageLayoutController.RecordTypeWrapper
07:07:38.0 (25107468)|VF_APEX_CALL_END|selectedPlName|PageLayoutController.RecordTypeWrapper
07:07:38.0 (25136481)|VF_EVALUATE_FORMULA_BEGIN|0660b000002BGtP|#{proRtMap[objName].rtWrapLst}
07:07:38.0 (25165184)|VF_EVALUATE_FORMULA_END
07:07:38.0 (25170631)|VF_EVALUATE_FORMULA_BEGIN|0660b000002BGtP|#{proRtMap[objName].rtWrapLst}
07:07:38.0 (25192144)|VF_EVALUATE_FORMULA_END
07:07:38.0 (25238981)|VF_EVALUATE_FORMULA_BEGIN|0660b000002BGtP|#{proRtMap[objName].rtWrapLst}
07:07:38.0 (25264411)|VF_EVALUATE_FORMULA_END
07:07:38.0 (25269572)|VF_EVALUATE_FORMULA_BEGIN|0660b000002BGtP|#{proRtMap[objName].rtWrapLst}
07:07:38.0 (25289355)|VF_EVALUATE_FORMULA_END
07:07:38.0 (25340742)|VF_EVALUATE_FORMULA_BEGIN|0660b000002BGtP|#{proRtMap[objName].rtWrapLst}
07:07:38.0 (25366350)|VF_EVALUATE_FORMULA_END
07:07:38.0 (25371513)|VF_EVALUATE_FORMULA_BEGIN|0660b000002BGtP|#{proRtMap[objName].rtWrapLst}
07:07:38.0 (25391276)|VF_EVALUATE_FORMULA_END
07:07:38.0 (25476524)|VF_EVALUATE_FORMULA_BEGIN|0660b000002BGtP|#{proRtMap[objName].rtWrapLst}
07:07:38.0 (25502731)|VF_EVALUATE_FORMULA_END
07:07:38.0 (25508233)|VF_EVALUATE_FORMULA_BEGIN|0660b000002BGtP|#{proRtMap[objName].rtWrapLst}
07:07:38.0 (25528372)|VF_EVALUATE_FORMULA_END
07:07:38.0 (25573451)|VF_EVALUATE_FORMULA_BEGIN|0660b000002BGtP|#{proRtMap[objName].rtWrapLst}
07:07:38.0 (25597610)|VF_EVALUATE_FORMULA_END
07:07:38.0 (25602606)|VF_EVALUATE_FORMULA_BEGIN|0660b000002BGtP|#{proRtMap[objName].rtWrapLst}
07:07:38.0 (25623072)|VF_EVALUATE_FORMULA_END
07:07:38.0 (25682109)|VF_EVALUATE_FORMULA_BEGIN|0660b000002BGtP|#{proRtMap[objName].rtWrapLst}
07:07:38.0 (25708578)|VF_EVALUATE_FORMULA_END
07:07:38.0 (25713723)|VF_EVALUATE_FORMULA_BEGIN|0660b000002BGtP|#{proRtMap[objName].rtWrapLst}
07:07:38.0 (25734679)|VF_EVALUATE_FORMULA_END
07:07:38.0 (25770049)|VF_EVALUATE_FORMULA_BEGIN|0660b000002BGtP|#{proRtMap[objName].rtWrapLst}
07:07:38.0 (25794921)|VF_EVALUATE_FORMULA_END
07:07:38.0 (25799909)|VF_EVALUATE_FORMULA_BEGIN|0660b000002BGtP|#{proRtMap[objName].rtWrapLst}
07:07:38.0 (25820493)|VF_EVALUATE_FORMULA_END
07:07:38.0 (25852331)|VF_EVALUATE_FORMULA_BEGIN|0660b000002BGtP|#{proRtMap[objName].rtWrapLst}
07:07:38.0 (25877121)|VF_EVALUATE_FORMULA_END
07:07:38.0 (25882446)|VF_EVALUATE_FORMULA_BEGIN|0660b000002BGtP|#{proRtMap[objName].rtWrapLst}
07:07:38.0 (25903128)|VF_EVALUATE_FORMULA_END
07:07:38.0 (25936300)|VF_EVALUATE_FORMULA_BEGIN|0660b000002BGtP|#{proRtMap[objName].rtWrapLst}
07:07:38.0 (25960650)|VF_EVALUATE_FORMULA_END
07:07:38.0 (25966076)|VF_EVALUATE_FORMULA_BEGIN|0660b000002BGtP|#{proRtMap[objName].rtWrapLst}
07:07:38.0 (25986259)|VF_EVALUATE_FORMULA_END
07:07:38.0 (26020101)|VF_EVALUATE_FORMULA_BEGIN|0660b000002BGtP|#{proRtMap[objName].rtWrapLst}
07:07:38.0 (26050407)|VF_EVALUATE_FORMULA_END
07:07:38.0 (26056026)|VF_EVALUATE_FORMULA_BEGIN|0660b000002BGtP|#{proRtMap[objName].rtWrapLst}
07:07:38.0 (26077407)|VF_EVALUATE_FORMULA_END
07:07:38.0 (26111562)|VF_EVALUATE_FORMULA_BEGIN|0660b000002BGtP|#{proRtMap[objName].rtWrapLst}
07:07:38.0 (26134547)|VF_EVALUATE_FORMULA_END
07:07:38.0 (26139397)|VF_EVALUATE_FORMULA_BEGIN|0660b000002BGtP|#{proRtMap[objName].rtWrapLst}
07:07:38.0 (26159301)|VF_EVALUATE_FORMULA_END
07:07:38.0 (26191133)|VF_EVALUATE_FORMULA_BEGIN|0660b000002BGtP|#{proRtMap[objName].rtWrapLst}
07:07:38.0 (26215711)|VF_EVALUATE_FORMULA_END
07:07:38.0 (26220929)|VF_EVALUATE_FORMULA_BEGIN|0660b000002BGtP|#{proRtMap[objName].rtWrapLst}
07:07:38.0 (26241348)|VF_EVALUATE_FORMULA_END
07:07:38.0 (26274148)|VF_EVALUATE_FORMULA_BEGIN|0660b000002BGtP|#{proRtMap[objName].rtWrapLst}
07:07:38.0 (26297538)|VF_EVALUATE_FORMULA_END
07:07:38.0 (26302586)|VF_EVALUATE_FORMULA_BEGIN|0660b000002BGtP|#{proRtMap[objName].rtWrapLst}
07:07:38.0 (26323832)|VF_EVALUATE_FORMULA_END
07:07:38.0 (26355182)|VF_EVALUATE_FORMULA_BEGIN|0660b000002BGtP|#{proRtMap[objName].rtWrapLst}
07:07:38.0 (26380187)|VF_EVALUATE_FORMULA_END
07:07:38.0 (26385150)|VF_EVALUATE_FORMULA_BEGIN|0660b000002BGtP|#{proRtMap[objName].rtWrapLst}
07:07:38.0 (26403844)|VF_EVALUATE_FORMULA_END
07:07:38.0 (26474683)|VF_APEX_CALL_START|[EXTERNAL]|01p0b000007wJBE|pgNames|PageLayoutController.RecordTypeWrapper
07:07:38.0 (26512261)|VF_APEX_CALL_END|pgNames|PageLayoutController.RecordTypeWrapper
07:07:38.0 (26556341)|VF_APEX_CALL_START|[EXTERNAL]|01p0b000007wJBE|selectedPlName|PageLayoutController.RecordTypeWrapper
07:07:38.0 (26571596)|VF_APEX_CALL_END|selectedPlName|PageLayoutController.RecordTypeWrapper
07:07:38.0 (26603235)|VF_EVALUATE_FORMULA_BEGIN|0660b000002BGtP|#{proRtMap[objName].rtWrapLst}
07:07:38.0 (26631469)|VF_EVALUATE_FORMULA_END
07:07:38.0 (26637386)|VF_EVALUATE_FORMULA_BEGIN|0660b000002BGtP|#{proRtMap[objName].rtWrapLst}
07:07:38.0 (26658588)|VF_EVALUATE_FORMULA_END
07:07:38.0 (26693675)|VF_EVALUATE_FORMULA_BEGIN|0660b000002BGtP|#{proRtMap[objName].rtWrapLst}
07:07:38.0 (26718281)|VF_EVALUATE_FORMULA_END
07:07:38.0 (26723387)|VF_EVALUATE_FORMULA_BEGIN|0660b000002BGtP|#{proRtMap[objName].rtWrapLst}
07:07:38.0 (26745212)|VF_EVALUATE_FORMULA_END
07:07:38.0 (26809206)|VF_EVALUATE_FORMULA_BEGIN|0660b000002BGtP|#{proRtMap[objName].rtWrapLst}
07:07:38.0 (26835802)|VF_EVALUATE_FORMULA_END
07:07:38.0 (26841512)|VF_EVALUATE_FORMULA_BEGIN|0660b000002BGtP|#{proRtMap[objName].rtWrapLst}
07:07:38.0 (26861319)|VF_EVALUATE_FORMULA_END
07:07:38.0 (26908408)|VF_EVALUATE_FORMULA_BEGIN|0660b000002BGtP|#{proRtMap[objName].rtWrapLst}
07:07:38.0 (26932631)|VF_EVALUATE_FORMULA_END
07:07:38.0 (26937639)|VF_EVALUATE_FORMULA_BEGIN|0660b000002BGtP|#{proRtMap[objName].rtWrapLst}
07:07:38.0 (26957718)|VF_EVALUATE_FORMULA_END
07:07:38.0 (27011233)|VF_EVALUATE_FORMULA_BEGIN|0660b000002BGtP|#{proRtMap[objName].rtWrapLst}
07:07:38.0 (27047998)|VF_EVALUATE_FORMULA_END
07:07:38.0 (27057206)|VF_EVALUATE_FORMULA_BEGIN|0660b000002BGtP|#{proRtMap[objName].rtWrapLst}
07:07:38.0 (27080966)|VF_EVALUATE_FORMULA_END
07:07:38.0 (27128407)|VF_EVALUATE_FORMULA_BEGIN|0660b000002BGtP|#{proRtMap[objName].rtWrapLst}
07:07:38.0 (27152809)|VF_EVALUATE_FORMULA_END
07:07:38.0 (27157924)|VF_EVALUATE_FORMULA_BEGIN|0660b000002BGtP|#{proRtMap[objName].rtWrapLst}
07:07:38.0 (27179706)|VF_EVALUATE_FORMULA_END
07:07:38.27 (27509561)|VF_APEX_CALL_START|[EXTERNAL]|/apexpage/pagemessagescomponentcontroller.apex set(conEscape)
07:07:38.27 (27527750)|SYSTEM_MODE_ENTER|true
07:07:38.27 (27542307)|VF_APEX_CALL_START|[EXTERNAL]|PageMessagesComponentController set(conEscape)
07:07:38.27 (27572032)|VF_APEX_CALL_START|[EXTERNAL]|PageMessagesComponentController invoke(setconEscape)
07:07:38.27 (27631430)|HEAP_ALLOCATE|[EXTERNAL]|Bytes:8
07:07:38.27 (27645520)|VARIABLE_SCOPE_BEGIN|[88]|this|ApexPage.PageMessagesComponentController|true|false
07:07:38.27 (27690670)|VARIABLE_ASSIGNMENT|[88]|this|{}|0x4fbe211a
07:07:38.27 (27698313)|VARIABLE_SCOPE_BEGIN|[88]|escape|Boolean|false|false
07:07:38.27 (27707591)|VARIABLE_ASSIGNMENT|[88]|escape|null
07:07:38.0 (27849551)|VF_EVALUATE_FORMULA_BEGIN|0660b000002BGtP|#{proRtMap[objName].rtWrapLst}
07:07:38.0 (27892450)|VF_EVALUATE_FORMULA_END
07:07:38.0 (27900284)|VF_EVALUATE_FORMULA_BEGIN|0660b000002BGtP|#{proRtMap[objName].rtWrapLst}
07:07:38.0 (27924053)|VF_EVALUATE_FORMULA_END
07:07:38.0 (27978095)|VF_EVALUATE_FORMULA_BEGIN|0660b000002BGtP|#{proRtMap[objName].rtWrapLst}
07:07:38.0 (28005298)|VF_EVALUATE_FORMULA_END
07:07:38.0 (28011394)|VF_EVALUATE_FORMULA_BEGIN|0660b000002BGtP|#{proRtMap[objName].rtWrapLst}
07:07:38.0 (28032701)|VF_EVALUATE_FORMULA_END
07:07:38.0 (28085757)|VF_EVALUATE_FORMULA_BEGIN|0660b000002BGtP|#{proRtMap[objName].rtWrapLst}
07:07:38.0 (28110810)|VF_EVALUATE_FORMULA_END
07:07:38.0 (28116382)|VF_EVALUATE_FORMULA_BEGIN|0660b000002BGtP|#{proRtMap[objName].rtWrapLst}
07:07:38.0 (28137808)|VF_EVALUATE_FORMULA_END
07:07:38.0 (28181773)|VF_EVALUATE_FORMULA_BEGIN|0660b000002BGtP|#{proRtMap[objName].rtWrapLst}
07:07:38.0 (28206691)|VF_EVALUATE_FORMULA_END
07:07:38.0 (28211971)|VF_EVALUATE_FORMULA_BEGIN|0660b000002BGtP|#{proRtMap[objName].rtWrapLst}
07:07:38.0 (28232386)|VF_EVALUATE_FORMULA_END
07:07:38.0 (28277641)|VF_EVALUATE_FORMULA_BEGIN|0660b000002BGtP|#{proRtMap[objName].rtWrapLst}
07:07:38.0 (28301946)|VF_EVALUATE_FORMULA_END
07:07:38.0 (28307191)|VF_EVALUATE_FORMULA_BEGIN|0660b000002BGtP|#{proRtMap[objName].rtWrapLst}
07:07:38.0 (28327780)|VF_EVALUATE_FORMULA_END
07:07:38.0 (28371295)|VF_EVALUATE_FORMULA_BEGIN|0660b000002BGtP|#{proRtMap[objName].rtWrapLst}
07:07:38.0 (28396797)|VF_EVALUATE_FORMULA_END
07:07:38.0 (28402015)|VF_EVALUATE_FORMULA_BEGIN|0660b000002BGtP|#{proRtMap[objName].rtWrapLst}
07:07:38.0 (28422932)|VF_EVALUATE_FORMULA_END
07:07:38.0 (28463955)|VF_EVALUATE_FORMULA_BEGIN|0660b000002BGtP|#{proRtMap[objName].rtWrapLst}
07:07:38.0 (28489765)|VF_EVALUATE_FORMULA_END
07:07:38.0 (28495004)|VF_EVALUATE_FORMULA_BEGIN|0660b000002BGtP|#{proRtMap[objName].rtWrapLst}
07:07:38.0 (28516194)|VF_EVALUATE_FORMULA_END
07:07:38.0 (28560072)|VF_EVALUATE_FORMULA_BEGIN|0660b000002BGtP|#{proRtMap[objName].rtWrapLst}
07:07:38.0 (28585611)|VF_EVALUATE_FORMULA_END
07:07:38.0 (28590761)|VF_EVALUATE_FORMULA_BEGIN|0660b000002BGtP|#{proRtMap[objName].rtWrapLst}
07:07:38.0 (28612699)|VF_EVALUATE_FORMULA_END
07:07:38.0 (28658336)|VF_EVALUATE_FORMULA_BEGIN|0660b000002BGtP|#{proRtMap[objName].rtWrapLst}
07:07:38.0 (28683187)|VF_EVALUATE_FORMULA_END
07:07:38.0 (28688792)|VF_EVALUATE_FORMULA_BEGIN|0660b000002BGtP|#{proRtMap[objName].rtWrapLst}
07:07:38.0 (28708789)|VF_EVALUATE_FORMULA_END
07:07:38.0 (28751317)|VF_EVALUATE_FORMULA_BEGIN|0660b000002BGtP|#{proRtMap[objName].rtWrapLst}
07:07:38.0 (28774971)|VF_EVALUATE_FORMULA_END
07:07:38.0 (28780257)|VF_EVALUATE_FORMULA_BEGIN|0660b000002BGtP|#{proRtMap[objName].rtWrapLst}
07:07:38.0 (28800727)|VF_EVALUATE_FORMULA_END
07:07:38.0 (28843664)|VF_EVALUATE_FORMULA_BEGIN|0660b000002BGtP|#{proRtMap[objName].rtWrapLst}
07:07:38.0 (28868304)|VF_EVALUATE_FORMULA_END
07:07:38.0 (28878877)|VF_EVALUATE_FORMULA_BEGIN|0660b000002BGtP|#{proRtMap[objName].rtWrapLst}
07:07:38.0 (28905772)|VF_EVALUATE_FORMULA_END
07:07:38.0 (28954615)|VF_EVALUATE_FORMULA_BEGIN|0660b000002BGtP|#{proRtMap[objName].rtWrapLst}
07:07:38.0 (28979794)|VF_EVALUATE_FORMULA_END
07:07:38.0 (28985163)|VF_EVALUATE_FORMULA_BEGIN|0660b000002BGtP|#{proRtMap[objName].rtWrapLst}
07:07:38.0 (29005653)|VF_EVALUATE_FORMULA_END
07:07:38.0 (29063403)|VF_APEX_CALL_START|[EXTERNAL]|RecordTypeWrapper set(selectedPlName)
07:07:38.0 (29090059)|HEAP_ALLOCATE|[EXTERNAL]|Bytes:10
07:07:38.0 (29101443)|HEAP_ALLOCATE|[EXTERNAL]|Bytes:16
07:07:38.0 (29145044)|VARIABLE_ASSIGNMENT|[EXTERNAL]|this.selectedPlName|"AccountPG1"|0x2d6c4f43
07:07:38.0 (29160054)|VF_APEX_CALL_END|RecordTypeWrapper set(selectedPlName)
07:07:38.0 (29212551)|VF_APEX_CALL_START|[EXTERNAL]|RecordTypeWrapper set(selectedPlName)
07:07:38.0 (29226199)|HEAP_ALLOCATE|[EXTERNAL]|Bytes:5
07:07:38.0 (29230842)|HEAP_ALLOCATE|[EXTERNAL]|Bytes:16
07:07:38.0 (29239263)|VARIABLE_ASSIGNMENT|[EXTERNAL]|this.selectedPlName|"Test1"|0x25cc82b9
07:07:38.0 (29250015)|VF_APEX_CALL_END|RecordTypeWrapper set(selectedPlName)
07:07:38.0 (29278653)|VF_EVALUATE_FORMULA_BEGIN|0660b000002BGtP|#{proRtMap[objName].rtWrapLst}
07:07:38.0 (29308309)|VF_EVALUATE_FORMULA_END
07:07:38.0 (29314667)|VF_EVALUATE_FORMULA_BEGIN|0660b000002BGtP|#{proRtMap[objName].rtWrapLst}
07:07:38.0 (29334533)|VF_EVALUATE_FORMULA_END
07:07:38.0 (29382354)|VF_EVALUATE_FORMULA_BEGIN|0660b000002BGtP|#{proRtMap[objName].rtWrapLst}
07:07:38.0 (29407287)|VF_EVALUATE_FORMULA_END
07:07:38.0 (29412535)|VF_EVALUATE_FORMULA_BEGIN|0660b000002BGtP|#{proRtMap[objName].rtWrapLst}
07:07:38.0 (29431497)|VF_EVALUATE_FORMULA_END
07:07:38.0 (29474562)|VF_EVALUATE_FORMULA_BEGIN|0660b000002BGtP|#{proRtMap[objName].rtWrapLst}
07:07:38.0 (29498571)|VF_EVALUATE_FORMULA_END
07:07:38.0 (29503713)|VF_EVALUATE_FORMULA_BEGIN|0660b000002BGtP|#{proRtMap[objName].rtWrapLst}
07:07:38.0 (29522472)|VF_EVALUATE_FORMULA_END
07:07:38.0 (29560890)|VF_APEX_CALL_START|[EXTERNAL]|RecordTypeWrapper set(selectedPlName)
07:07:38.0 (29573895)|HEAP_ALLOCATE|[EXTERNAL]|Bytes:10
07:07:38.0 (29578802)|HEAP_ALLOCATE|[EXTERNAL]|Bytes:16
07:07:38.0 (29587597)|VARIABLE_ASSIGNMENT|[EXTERNAL]|this.selectedPlName|"AccountPG1"|0x2d6c4f43
07:07:38.0 (29597978)|VF_APEX_CALL_END|RecordTypeWrapper set(selectedPlName)
07:07:38.0 (29640771)|VF_APEX_CALL_START|[EXTERNAL]|RecordTypeWrapper set(selectedPlName)
07:07:38.0 (29652051)|HEAP_ALLOCATE|[EXTERNAL]|Bytes:10
07:07:38.0 (29656720)|HEAP_ALLOCATE|[EXTERNAL]|Bytes:16
07:07:38.0 (29664536)|VARIABLE_ASSIGNMENT|[EXTERNAL]|this.selectedPlName|"AccountPG2"|0x25cc82b9
07:07:38.0 (29674165)|VF_APEX_CALL_END|RecordTypeWrapper set(selectedPlName)
07:07:38.0 (29700288)|VF_EVALUATE_FORMULA_BEGIN|0660b000002BGtP|#{proRtMap[objName].rtWrapLst}
07:07:38.0 (29728469)|VF_EVALUATE_FORMULA_END
07:07:38.0 (29734358)|VF_EVALUATE_FORMULA_BEGIN|0660b000002BGtP|#{proRtMap[objName].rtWrapLst}
07:07:38.0 (29754562)|VF_EVALUATE_FORMULA_END
07:07:38.0 (29801233)|VF_EVALUATE_FORMULA_BEGIN|0660b000002BGtP|#{proRtMap[objName].rtWrapLst}
07:07:38.0 (29825941)|VF_EVALUATE_FORMULA_END
07:07:38.0 (29831378)|VF_EVALUATE_FORMULA_BEGIN|0660b000002BGtP|#{proRtMap[objName].rtWrapLst}
07:07:38.0 (29849964)|VF_EVALUATE_FORMULA_END
07:07:38.0 (29910050)|VF_EVALUATE_FORMULA_BEGIN|0660b000002BGtP|#{proRtMap[objName].rtWrapLst}
07:07:38.0 (29936414)|VF_EVALUATE_FORMULA_END
07:07:38.0 (29941836)|VF_EVALUATE_FORMULA_BEGIN|0660b000002BGtP|#{proRtMap[objName].rtWrapLst}
07:07:38.0 (29962929)|VF_EVALUATE_FORMULA_END
07:07:38.0 (30008910)|VF_EVALUATE_FORMULA_BEGIN|0660b000002BGtP|#{proRtMap[objName].rtWrapLst}
07:07:38.0 (30032289)|VF_EVALUATE_FORMULA_END
07:07:38.0 (30042015)|VF_EVALUATE_FORMULA_BEGIN|0660b000002BGtP|#{proRtMap[objName].rtWrapLst}
07:07:38.0 (30061611)|VF_EVALUATE_FORMULA_END
07:07:38.0 (30105320)|VF_EVALUATE_FORMULA_BEGIN|0660b000002BGtP|#{proRtMap[objName].rtWrapLst}
07:07:38.0 (30127369)|VF_EVALUATE_FORMULA_END
07:07:38.0 (30132435)|VF_EVALUATE_FORMULA_BEGIN|0660b000002BGtP|#{proRtMap[objName].rtWrapLst}
07:07:38.0 (30152244)|VF_EVALUATE_FORMULA_END
07:07:38.0 (30194429)|VF_EVALUATE_FORMULA_BEGIN|0660b000002BGtP|#{proRtMap[objName].rtWrapLst}
07:07:38.0 (30218369)|VF_EVALUATE_FORMULA_END
07:07:38.0 (30223588)|VF_EVALUATE_FORMULA_BEGIN|0660b000002BGtP|#{proRtMap[objName].rtWrapLst}
07:07:38.0 (30243281)|VF_EVALUATE_FORMULA_END
07:07:38.0 (30287614)|VF_EVALUATE_FORMULA_BEGIN|0660b000002BGtP|#{proRtMap[objName].rtWrapLst}
07:07:38.0 (30310758)|VF_EVALUATE_FORMULA_END
07:07:38.0 (30315883)|VF_EVALUATE_FORMULA_BEGIN|0660b000002BGtP|#{proRtMap[objName].rtWrapLst}
07:07:38.0 (30335209)|VF_EVALUATE_FORMULA_END
07:07:38.0 (30381009)|VF_EVALUATE_FORMULA_BEGIN|0660b000002BGtP|#{proRtMap[objName].rtWrapLst}
07:07:38.0 (30403898)|VF_EVALUATE_FORMULA_END
07:07:38.0 (30409312)|VF_EVALUATE_FORMULA_BEGIN|0660b000002BGtP|#{proRtMap[objName].rtWrapLst}
07:07:38.0 (30428725)|VF_EVALUATE_FORMULA_END
07:07:38.0 (30470041)|VF_EVALUATE_FORMULA_BEGIN|0660b000002BGtP|#{proRtMap[objName].rtWrapLst}
07:07:38.0 (30492385)|VF_EVALUATE_FORMULA_END
07:07:38.0 (30497697)|VF_EVALUATE_FORMULA_BEGIN|0660b000002BGtP|#{proRtMap[objName].rtWrapLst}
07:07:38.0 (30516074)|VF_EVALUATE_FORMULA_END
07:07:38.0 (30559778)|VF_EVALUATE_FORMULA_BEGIN|0660b000002BGtP|#{proRtMap[objName].rtWrapLst}
07:07:38.0 (30583331)|VF_EVALUATE_FORMULA_END
07:07:38.0 (30588708)|VF_EVALUATE_FORMULA_BEGIN|0660b000002BGtP|#{proRtMap[objName].rtWrapLst}
07:07:38.0 (30608126)|VF_EVALUATE_FORMULA_END
07:07:38.0 (30652474)|VF_EVALUATE_FORMULA_BEGIN|0660b000002BGtP|#{proRtMap[objName].rtWrapLst}
07:07:38.0 (30676551)|VF_EVALUATE_FORMULA_END
07:07:38.0 (30682131)|VF_EVALUATE_FORMULA_BEGIN|0660b000002BGtP|#{proRtMap[objName].rtWrapLst}
07:07:38.0 (30703286)|VF_EVALUATE_FORMULA_END
07:07:38.0 (30745462)|VF_EVALUATE_FORMULA_BEGIN|0660b000002BGtP|#{proRtMap[objName].rtWrapLst}
07:07:38.0 (30769116)|VF_EVALUATE_FORMULA_END
07:07:38.0 (30774449)|VF_EVALUATE_FORMULA_BEGIN|0660b000002BGtP|#{proRtMap[objName].rtWrapLst}
07:07:38.0 (30793418)|VF_EVALUATE_FORMULA_END
07:07:38.0 (30841955)|VF_EVALUATE_FORMULA_BEGIN|0660b000002BGtP|#{proRtMap[objName].rtWrapLst}
07:07:38.0 (30867117)|VF_EVALUATE_FORMULA_END
07:07:38.0 (30872388)|VF_EVALUATE_FORMULA_BEGIN|0660b000002BGtP|#{proRtMap[objName].rtWrapLst}
07:07:38.0 (30890586)|VF_EVALUATE_FORMULA_END
07:07:38.0 (30934668)|VF_EVALUATE_FORMULA_BEGIN|0660b000002BGtP|#{proRtMap[objName].rtWrapLst}
07:07:38.0 (30956647)|VF_EVALUATE_FORMULA_END
07:07:38.0 (30961994)|VF_EVALUATE_FORMULA_BEGIN|0660b000002BGtP|#{proRtMap[objName].rtWrapLst}
07:07:38.0 (30980253)|VF_EVALUATE_FORMULA_END
07:07:38.0 (31020544)|VF_APEX_CALL_START|[EXTERNAL]|RecordTypeWrapper set(selectedPlName)
07:07:38.0 (31039581)|HEAP_ALLOCATE|[EXTERNAL]|Bytes:10
07:07:38.0 (31044333)|HEAP_ALLOCATE|[EXTERNAL]|Bytes:16
07:07:38.0 (31053982)|VARIABLE_ASSIGNMENT|[EXTERNAL]|this.selectedPlName|"ContactPG2"|0x380b63e4
07:07:38.0 (31065393)|VF_APEX_CALL_END|RecordTypeWrapper set(selectedPlName)
07:07:38.0 (31110403)|VF_APEX_CALL_START|[EXTERNAL]|RecordTypeWrapper set(selectedPlName)
07:07:38.0 (31122684)|HEAP_ALLOCATE|[EXTERNAL]|Bytes:10
07:07:38.0 (31127086)|HEAP_ALLOCATE|[EXTERNAL]|Bytes:16
07:07:38.0 (31134914)|VARIABLE_ASSIGNMENT|[EXTERNAL]|this.selectedPlName|"ContactPG1"|0x7206c31b
07:07:38.0 (31145388)|VF_APEX_CALL_END|RecordTypeWrapper set(selectedPlName)
07:07:38.0 (31171348)|VF_EVALUATE_FORMULA_BEGIN|0660b000002BGtP|#{proRtMap[objName].rtWrapLst}
07:07:38.0 (31199671)|VF_EVALUATE_FORMULA_END
07:07:38.0 (31205591)|VF_EVALUATE_FORMULA_BEGIN|0660b000002BGtP|#{proRtMap[objName].rtWrapLst}
07:07:38.0 (31226295)|VF_EVALUATE_FORMULA_END
07:07:38.0 (31273199)|VF_EVALUATE_FORMULA_BEGIN|0660b000002BGtP|#{proRtMap[objName].rtWrapLst}
07:07:38.0 (31298587)|VF_EVALUATE_FORMULA_END
07:07:38.0 (31303749)|VF_EVALUATE_FORMULA_BEGIN|0660b000002BGtP|#{proRtMap[objName].rtWrapLst}
07:07:38.0 (31325051)|VF_EVALUATE_FORMULA_END
07:07:38.0 (31368892)|VF_EVALUATE_FORMULA_BEGIN|0660b000002BGtP|#{proRtMap[objName].rtWrapLst}
07:07:38.0 (31393411)|VF_EVALUATE_FORMULA_END
07:07:38.0 (31398632)|VF_EVALUATE_FORMULA_BEGIN|0660b000002BGtP|#{proRtMap[objName].rtWrapLst}
07:07:38.0 (31417778)|VF_EVALUATE_FORMULA_END
07:07:38.0 (31461134)|VF_APEX_CALL_START|[EXTERNAL]|RecordTypeWrapper set(selectedPlName)
07:07:38.0 (31476691)|HEAP_ALLOCATE|[EXTERNAL]|Bytes:10
07:07:38.0 (31480972)|HEAP_ALLOCATE|[EXTERNAL]|Bytes:16
07:07:38.0 (31490758)|VARIABLE_ASSIGNMENT|[EXTERNAL]|this.selectedPlName|"ContactPG2"|0x380b63e4
07:07:38.0 (31501318)|VF_APEX_CALL_END|RecordTypeWrapper set(selectedPlName)
07:07:38.0 (31547270)|VF_APEX_CALL_START|[EXTERNAL]|RecordTypeWrapper set(selectedPlName)
07:07:38.0 (31558542)|HEAP_ALLOCATE|[EXTERNAL]|Bytes:10
07:07:38.0 (31563108)|HEAP_ALLOCATE|[EXTERNAL]|Bytes:16
07:07:38.0 (31572823)|VARIABLE_ASSIGNMENT|[EXTERNAL]|this.selectedPlName|"ContactPG1"|0x7206c31b
07:07:38.0 (31587227)|VF_APEX_CALL_END|RecordTypeWrapper set(selectedPlName)
07:07:38.0 (31617491)|VF_EVALUATE_FORMULA_BEGIN|0660b000002BGtP|#{proRtMap[objName].rtWrapLst}
07:07:38.0 (31647428)|VF_EVALUATE_FORMULA_END
07:07:38.0 (31653446)|VF_EVALUATE_FORMULA_BEGIN|0660b000002BGtP|#{proRtMap[objName].rtWrapLst}
07:07:38.0 (31673364)|VF_EVALUATE_FORMULA_END
07:07:38.0 (31721404)|VF_EVALUATE_FORMULA_BEGIN|0660b000002BGtP|#{proRtMap[objName].rtWrapLst}
07:07:38.0 (31745349)|VF_EVALUATE_FORMULA_END
07:07:38.0 (31750484)|VF_EVALUATE_FORMULA_BEGIN|0660b000002BGtP|#{proRtMap[objName].rtWrapLst}
07:07:38.0 (31770749)|VF_EVALUATE_FORMULA_END
07:07:38.0 (31830001)|VF_EVALUATE_FORMULA_BEGIN|0660b000002BGtP|#{proRtMap[objName].rtWrapLst}
07:07:38.0 (31855818)|VF_EVALUATE_FORMULA_END
07:07:38.0 (31861131)|VF_EVALUATE_FORMULA_BEGIN|0660b000002BGtP|#{proRtMap[objName].rtWrapLst}
07:07:38.0 (31880893)|VF_EVALUATE_FORMULA_END
07:07:38.0 (31916788)|VF_EVALUATE_FORMULA_BEGIN|0660b000002BGtP|#{proRtMap[objName].rtWrapLst}
07:07:38.0 (31941982)|VF_EVALUATE_FORMULA_END
07:07:38.0 (31947208)|VF_EVALUATE_FORMULA_BEGIN|0660b000002BGtP|#{proRtMap[objName].rtWrapLst}
07:07:38.0 (31967749)|VF_EVALUATE_FORMULA_END
07:07:38.0 (31999966)|VF_EVALUATE_FORMULA_BEGIN|0660b000002BGtP|#{proRtMap[objName].rtWrapLst}
07:07:38.0 (32022250)|VF_EVALUATE_FORMULA_END
07:07:38.0 (32028037)|VF_EVALUATE_FORMULA_BEGIN|0660b000002BGtP|#{proRtMap[objName].rtWrapLst}
07:07:38.0 (32053911)|VF_EVALUATE_FORMULA_END
07:07:38.0 (32087367)|VF_EVALUATE_FORMULA_BEGIN|0660b000002BGtP|#{proRtMap[objName].rtWrapLst}
07:07:38.0 (32111175)|VF_EVALUATE_FORMULA_END
07:07:38.0 (32116506)|VF_EVALUATE_FORMULA_BEGIN|0660b000002BGtP|#{proRtMap[objName].rtWrapLst}
07:07:38.0 (32135606)|VF_EVALUATE_FORMULA_END
07:07:38.0 (32168407)|VF_EVALUATE_FORMULA_BEGIN|0660b000002BGtP|#{proRtMap[objName].rtWrapLst}
07:07:38.0 (32192005)|VF_EVALUATE_FORMULA_END
07:07:38.0 (32197080)|VF_EVALUATE_FORMULA_BEGIN|0660b000002BGtP|#{proRtMap[objName].rtWrapLst}
07:07:38.0 (32216505)|VF_EVALUATE_FORMULA_END
07:07:38.0 (32249988)|VF_EVALUATE_FORMULA_BEGIN|0660b000002BGtP|#{proRtMap[objName].rtWrapLst}
07:07:38.0 (32273478)|VF_EVALUATE_FORMULA_END
07:07:38.0 (32278596)|VF_EVALUATE_FORMULA_BEGIN|0660b000002BGtP|#{proRtMap[objName].rtWrapLst}
07:07:38.0 (32298524)|VF_EVALUATE_FORMULA_END
07:07:38.0 (32331014)|VF_EVALUATE_FORMULA_BEGIN|0660b000002BGtP|#{proRtMap[objName].rtWrapLst}
07:07:38.0 (32355865)|VF_EVALUATE_FORMULA_END
07:07:38.0 (32361079)|VF_EVALUATE_FORMULA_BEGIN|0660b000002BGtP|#{proRtMap[objName].rtWrapLst}
07:07:38.0 (32381489)|VF_EVALUATE_FORMULA_END
07:07:38.0 (32414000)|VF_EVALUATE_FORMULA_BEGIN|0660b000002BGtP|#{proRtMap[objName].rtWrapLst}
07:07:38.0 (32437436)|VF_EVALUATE_FORMULA_END
07:07:38.0 (32442647)|VF_EVALUATE_FORMULA_BEGIN|0660b000002BGtP|#{proRtMap[objName].rtWrapLst}
07:07:38.0 (32461484)|VF_EVALUATE_FORMULA_END
07:07:38.0 (32493015)|VF_EVALUATE_FORMULA_BEGIN|0660b000002BGtP|#{proRtMap[objName].rtWrapLst}
07:07:38.0 (32515779)|VF_EVALUATE_FORMULA_END
07:07:38.0 (32520701)|VF_EVALUATE_FORMULA_BEGIN|0660b000002BGtP|#{proRtMap[objName].rtWrapLst}
07:07:38.0 (32538640)|VF_EVALUATE_FORMULA_END
07:07:38.0 (32578104)|VF_APEX_CALL_START|[EXTERNAL]|RecordTypeWrapper set(selectedPlName)
07:07:38.0 (32592373)|HEAP_ALLOCATE|[EXTERNAL]|Bytes:14
07:07:38.0 (32597099)|HEAP_ALLOCATE|[EXTERNAL]|Bytes:16
07:07:38.0 (32607586)|VARIABLE_ASSIGNMENT|[EXTERNAL]|this.selectedPlName|"OpportunityPG1"|0x571440bd
07:07:38.0 (32618332)|VF_APEX_CALL_END|RecordTypeWrapper set(selectedPlName)
07:07:38.0 (32645240)|VF_EVALUATE_FORMULA_BEGIN|0660b000002BGtP|#{proRtMap[objName].rtWrapLst}
07:07:38.0 (32674547)|VF_EVALUATE_FORMULA_END
07:07:38.0 (32680391)|VF_EVALUATE_FORMULA_BEGIN|0660b000002BGtP|#{proRtMap[objName].rtWrapLst}
07:07:38.0 (32700189)|VF_EVALUATE_FORMULA_END
07:07:38.0 (32735412)|VF_EVALUATE_FORMULA_BEGIN|0660b000002BGtP|#{proRtMap[objName].rtWrapLst}
07:07:38.0 (32760224)|VF_EVALUATE_FORMULA_END
07:07:38.0 (32765406)|VF_EVALUATE_FORMULA_BEGIN|0660b000002BGtP|#{proRtMap[objName].rtWrapLst}
07:07:38.0 (32784288)|VF_EVALUATE_FORMULA_END
07:07:38.0 (33207435)|VF_APEX_CALL_START|[EXTERNAL]|01p0b000007wJBE|PageLayoutController invoke(save)|PageLayoutController
07:07:38.0 (33272368)|HEAP_ALLOCATE|[EXTERNAL]|Bytes:16
07:07:38.0 (33283818)|VARIABLE_SCOPE_BEGIN|[64]|this|PageLayoutController|true|false
07:07:38.0 (33333925)|VARIABLE_ASSIGNMENT|[64]|this|{"pgLst":"0x680801b3","pgMap":"0x73554859","proRtMap":"0x1b548bda"}|0x361351c2
07:07:38.0 (33350295)|STATEMENT_EXECUTE|[64]
07:07:38.0 (33352735)|STATEMENT_EXECUTE|[65]
07:07:38.0 (33354189)|STATEMENT_EXECUTE|[65]
07:07:38.0 (33356063)|STATEMENT_EXECUTE|[66]
07:07:38.0 (33453653)|DML_BEGIN|[66]|Op:Update|Type:PageLayout__c|Rows:7
07:07:38.0 (33490394)|HEAP_ALLOCATE|[EXTERNAL]|Bytes:32
07:07:38.0 (73688696)|DML_END|[66]
07:07:38.0 (73763306)|HEAP_ALLOCATE|[EXTERNAL]|Bytes:32
07:07:38.0 (73793918)|STATEMENT_EXECUTE|[70]
07:07:38.0 (82423547)|VF_APEX_CALL_END|PageLayoutController invoke(save)|PageLayoutController
07:07:38.86 (86424342)|VF_APEX_CALL_START|[EXTERNAL]|/apexpage/pagemessagescomponentcontroller.apex set(conEscape)
07:07:38.86 (86455193)|SYSTEM_MODE_ENTER|true
07:07:38.86 (86471571)|VF_APEX_CALL_START|[EXTERNAL]|PageMessagesComponentController set(conEscape)
07:07:38.86 (86506723)|VF_APEX_CALL_START|[EXTERNAL]|PageMessagesComponentController invoke(setconEscape)
07:07:38.86 (86568544)|HEAP_ALLOCATE|[EXTERNAL]|Bytes:8
07:07:38.86 (86583602)|VARIABLE_SCOPE_BEGIN|[88]|this|ApexPage.PageMessagesComponentController|true|false
07:07:38.86 (86635777)|VARIABLE_ASSIGNMENT|[88]|this|{}|0x4fbe211a
07:07:38.86 (86643438)|VARIABLE_SCOPE_BEGIN|[88]|escape|Boolean|false|false
07:07:38.86 (86652139)|VARIABLE_ASSIGNMENT|[88]|escape|null
07:07:38.86 (86764973)|VF_APEX_CALL_START|[EXTERNAL]|/apexpage/pagemessagescomponentcontroller.apex get(severities)
07:07:38.86 (86777172)|SYSTEM_MODE_ENTER|true
07:07:38.86 (86791439)|VF_APEX_CALL_START|[EXTERNAL]|PageMessagesComponentController invoke(getseverities)
07:07:38.86 (86824945)|HEAP_ALLOCATE|[EXTERNAL]|Bytes:8
07:07:38.86 (86831952)|VARIABLE_SCOPE_BEGIN|[2]|this|ApexPage.PageMessagesComponentController|true|false
07:07:38.86 (86854675)|VARIABLE_ASSIGNMENT|[2]|this|{}|0x4fbe211a
07:07:38.0 (87435998)|VF_APEX_CALL_START|[EXTERNAL]|01p0b000007wJBE|PageLayoutController get(proRtMap)|PageLayoutController
07:07:38.0 (87455885)|SYSTEM_MODE_ENTER|true
07:07:38.0 (87473383)|VF_APEX_CALL_START|[EXTERNAL]|01p0b000007wJBE|proRtMap|PageLayoutController
07:07:38.0 (87514128)|VF_APEX_CALL_END|proRtMap|PageLayoutController
07:07:38.0 (87541386)|VF_APEX_CALL_END|PageLayoutController get(proRtMap)|PageLayoutController
07:07:38.0 (87710600)|VF_EVALUATE_FORMULA_BEGIN|0660b000002BGtP|#{proRtMap[objName].profWrapLst}
07:07:38.0 (87779724)|VF_APEX_CALL_START|[EXTERNAL]|01p0b000007wJBE|profWrapLst|PageLayoutController.ProfRTType
07:07:38.0 (87805577)|VF_APEX_CALL_END|profWrapLst|PageLayoutController.ProfRTType
07:07:38.0 (87845717)|VF_EVALUATE_FORMULA_END
07:07:38.0 (87883560)|VF_EVALUATE_FORMULA_BEGIN|0660b000002BGtP|#{proRtMap[objName].rtWrapLst}
07:07:38.0 (87935066)|VF_APEX_CALL_START|[EXTERNAL]|01p0b000007wJBE|rtWrapLst|PageLayoutController.ProfRTType
07:07:38.0 (87956367)|VF_APEX_CALL_END|rtWrapLst|PageLayoutController.ProfRTType
07:07:38.0 (87976374)|VF_EVALUATE_FORMULA_END
07:07:38.0 (87986800)|VF_EVALUATE_FORMULA_BEGIN|0660b000002BGtP|#{proRtMap[objName].rtWrapLst}
07:07:38.0 (88023725)|VF_EVALUATE_FORMULA_END
07:07:38.0 (88135829)|VF_EVALUATE_FORMULA_BEGIN|0660b000002BGtP|#{proRtMap[objName].rtWrapLst}
07:07:38.0 (88174411)|VF_EVALUATE_FORMULA_END
07:07:38.0 (88183314)|VF_EVALUATE_FORMULA_BEGIN|0660b000002BGtP|#{proRtMap[objName].rtWrapLst}
07:07:38.0 (88216307)|VF_EVALUATE_FORMULA_END
07:07:38.0 (88292466)|VF_EVALUATE_FORMULA_BEGIN|0660b000002BGtP|#{proRtMap[objName].profWrapLst}
07:07:38.0 (88327670)|VF_EVALUATE_FORMULA_END
07:07:38.0 (88337663)|VF_EVALUATE_FORMULA_BEGIN|0660b000002BGtP|#{proRtMap[objName].profWrapLst}
07:07:38.0 (88369512)|VF_EVALUATE_FORMULA_END
07:07:38.0 (88394393)|VF_EVALUATE_FORMULA_BEGIN|0660b000002BGtP|#{proRtMap[objName].rtWrapLst}
07:07:38.0 (88429335)|VF_EVALUATE_FORMULA_END
07:07:38.0 (88438050)|VF_EVALUATE_FORMULA_BEGIN|0660b000002BGtP|#{proRtMap[objName].rtWrapLst}
07:07:38.0 (88470262)|VF_EVALUATE_FORMULA_END
07:07:38.0 (88552100)|VF_EVALUATE_FORMULA_BEGIN|0660b000002BGtP|#{proRtMap[objName].rtWrapLst}
07:07:38.0 (88593197)|VF_EVALUATE_FORMULA_END
07:07:38.0 (88603052)|VF_EVALUATE_FORMULA_BEGIN|0660b000002BGtP|#{proRtMap[objName].rtWrapLst}
07:07:38.0 (88636438)|VF_EVALUATE_FORMULA_END
07:07:38.0 (88731423)|VF_EVALUATE_FORMULA_BEGIN|0660b000002BGtP|#{proRtMap[objName].rtWrapLst}
07:07:38.0 (88773902)|VF_EVALUATE_FORMULA_END
07:07:38.0 (88803019)|VF_EVALUATE_FORMULA_BEGIN|0660b000002BGtP|#{proRtMap[objName].rtWrapLst}
07:07:38.0 (88839606)|VF_EVALUATE_FORMULA_END
07:07:38.0 (88848561)|VF_EVALUATE_FORMULA_BEGIN|0660b000002BGtP|#{proRtMap[objName].rtWrapLst}
07:07:38.0 (88879588)|VF_EVALUATE_FORMULA_END
07:07:38.0 (89040568)|VF_EVALUATE_FORMULA_BEGIN|0660b000002BGtP|#{proRtMap[objName].rtWrapLst}
07:07:38.0 (89082302)|VF_EVALUATE_FORMULA_END
07:07:38.0 (89092078)|VF_EVALUATE_FORMULA_BEGIN|0660b000002BGtP|#{proRtMap[objName].rtWrapLst}
07:07:38.0 (89125519)|VF_EVALUATE_FORMULA_END
07:07:38.0 (89201759)|VF_EVALUATE_FORMULA_BEGIN|0660b000002BGtP|#{proRtMap[objName].rtWrapLst}
07:07:38.0 (89237915)|VF_EVALUATE_FORMULA_END
07:07:38.0 (89246882)|VF_EVALUATE_FORMULA_BEGIN|0660b000002BGtP|#{proRtMap[objName].rtWrapLst}
07:07:38.0 (89281615)|VF_EVALUATE_FORMULA_END
07:07:38.0 (89367296)|VF_EVALUATE_FORMULA_BEGIN|0660b000002BGtP|#{proRtMap[objName].rtWrapLst}
07:07:38.0 (89404523)|VF_EVALUATE_FORMULA_END
07:07:38.0 (89432574)|VF_EVALUATE_FORMULA_BEGIN|0660b000002BGtP|#{proRtMap[objName].rtWrapLst}
07:07:38.0 (89468788)|VF_EVALUATE_FORMULA_END
07:07:38.0 (89477704)|VF_EVALUATE_FORMULA_BEGIN|0660b000002BGtP|#{proRtMap[objName].rtWrapLst}
07:07:38.0 (89513862)|VF_EVALUATE_FORMULA_END
07:07:38.0 (89630677)|VF_EVALUATE_FORMULA_BEGIN|0660b000002BGtP|#{proRtMap[objName].rtWrapLst}
07:07:38.0 (89672163)|VF_EVALUATE_FORMULA_END
07:07:38.0 (89681628)|VF_EVALUATE_FORMULA_BEGIN|0660b000002BGtP|#{proRtMap[objName].rtWrapLst}
07:07:38.0 (89716098)|VF_EVALUATE_FORMULA_END
07:07:38.0 (89794715)|VF_EVALUATE_FORMULA_BEGIN|0660b000002BGtP|#{proRtMap[objName].rtWrapLst}
07:07:38.0 (89832730)|VF_EVALUATE_FORMULA_END
07:07:38.0 (89842102)|VF_EVALUATE_FORMULA_BEGIN|0660b000002BGtP|#{proRtMap[objName].rtWrapLst}
07:07:38.0 (89873915)|VF_EVALUATE_FORMULA_END
07:07:38.0 (89984856)|VF_EVALUATE_FORMULA_BEGIN|0660b000002BGtP|#{proRtMap[objName].profWrapLst}
07:07:38.0 (90057786)|VF_APEX_CALL_START|[EXTERNAL]|01p0b000007wJBE|profWrapLst|PageLayoutController.ProfRTType
07:07:38.0 (90092252)|VF_APEX_CALL_END|profWrapLst|PageLayoutController.ProfRTType
07:07:38.0 (90122336)|VF_EVALUATE_FORMULA_END
07:07:38.0 (90148548)|VF_EVALUATE_FORMULA_BEGIN|0660b000002BGtP|#{proRtMap[objName].profWrapLst}
07:07:38.0 (90192430)|VF_EVALUATE_FORMULA_END
07:07:38.0 (90202345)|VF_EVALUATE_FORMULA_BEGIN|0660b000002BGtP|#{proRtMap[objName].profWrapLst}
07:07:38.0 (90236749)|VF_EVALUATE_FORMULA_END
07:07:38.0 (90255991)|VF_EVALUATE_FORMULA_BEGIN|0660b000002BGtP|#{proRtMap[objName].rtWrapLst}
07:07:38.0 (90306268)|VF_APEX_CALL_START|[EXTERNAL]|01p0b000007wJBE|rtWrapLst|PageLayoutController.ProfRTType
07:07:38.0 (90330407)|VF_APEX_CALL_END|rtWrapLst|PageLayoutController.ProfRTType
07:07:38.0 (90352501)|VF_EVALUATE_FORMULA_END
07:07:38.0 (90363068)|VF_EVALUATE_FORMULA_BEGIN|0660b000002BGtP|#{proRtMap[objName].rtWrapLst}
07:07:38.0 (90400516)|VF_EVALUATE_FORMULA_END
07:07:38.0 (90494745)|VF_EVALUATE_FORMULA_BEGIN|0660b000002BGtP|#{proRtMap[objName].rtWrapLst}
07:07:38.0 (90534977)|VF_EVALUATE_FORMULA_END
07:07:38.0 (90544058)|VF_EVALUATE_FORMULA_BEGIN|0660b000002BGtP|#{proRtMap[objName].rtWrapLst}
07:07:38.0 (90578893)|VF_EVALUATE_FORMULA_END
07:07:38.0 (90655378)|VF_EVALUATE_FORMULA_BEGIN|0660b000002BGtP|#{proRtMap[objName].profWrapLst}
07:07:38.0 (90696909)|VF_EVALUATE_FORMULA_END
07:07:38.0 (90706293)|VF_EVALUATE_FORMULA_BEGIN|0660b000002BGtP|#{proRtMap[objName].profWrapLst}
07:07:38.0 (90742763)|VF_EVALUATE_FORMULA_END
07:07:38.0 (90764702)|VF_EVALUATE_FORMULA_BEGIN|0660b000002BGtP|#{proRtMap[objName].rtWrapLst}
07:07:38.0 (90803022)|VF_EVALUATE_FORMULA_END
07:07:38.0 (90812129)|VF_EVALUATE_FORMULA_BEGIN|0660b000002BGtP|#{proRtMap[objName].rtWrapLst}
07:07:38.0 (90847904)|VF_EVALUATE_FORMULA_END
07:07:38.0 (90927463)|VF_EVALUATE_FORMULA_BEGIN|0660b000002BGtP|#{proRtMap[objName].rtWrapLst}
07:07:38.0 (90968309)|VF_EVALUATE_FORMULA_END
07:07:38.0 (90979197)|VF_EVALUATE_FORMULA_BEGIN|0660b000002BGtP|#{proRtMap[objName].rtWrapLst}
07:07:38.0 (91013908)|VF_EVALUATE_FORMULA_END
07:07:38.0 (91118970)|VF_EVALUATE_FORMULA_BEGIN|0660b000002BGtP|#{proRtMap[objName].rtWrapLst}
07:07:38.0 (91162817)|VF_EVALUATE_FORMULA_END
07:07:38.0 (91195775)|VF_EVALUATE_FORMULA_BEGIN|0660b000002BGtP|#{proRtMap[objName].rtWrapLst}
07:07:38.0 (91234700)|VF_EVALUATE_FORMULA_END
07:07:38.0 (91244210)|VF_EVALUATE_FORMULA_BEGIN|0660b000002BGtP|#{proRtMap[objName].rtWrapLst}
07:07:38.0 (91279584)|VF_EVALUATE_FORMULA_END
07:07:38.0 (91407812)|VF_EVALUATE_FORMULA_BEGIN|0660b000002BGtP|#{proRtMap[objName].rtWrapLst}
07:07:38.0 (91448898)|VF_EVALUATE_FORMULA_END
07:07:38.0 (91457965)|VF_EVALUATE_FORMULA_BEGIN|0660b000002BGtP|#{proRtMap[objName].rtWrapLst}
07:07:38.0 (91494275)|VF_EVALUATE_FORMULA_END
07:07:38.0 (91572267)|VF_EVALUATE_FORMULA_BEGIN|0660b000002BGtP|#{proRtMap[objName].rtWrapLst}
07:07:38.0 (91614620)|VF_EVALUATE_FORMULA_END
07:07:38.0 (91623841)|VF_EVALUATE_FORMULA_BEGIN|0660b000002BGtP|#{proRtMap[objName].rtWrapLst}
07:07:38.0 (91656769)|VF_EVALUATE_FORMULA_END
07:07:38.0 (91742497)|VF_EVALUATE_FORMULA_BEGIN|0660b000002BGtP|#{proRtMap[objName].rtWrapLst}
07:07:38.0 (91782979)|VF_EVALUATE_FORMULA_END
07:07:38.0 (91809586)|VF_EVALUATE_FORMULA_BEGIN|0660b000002BGtP|#{proRtMap[objName].rtWrapLst}
07:07:38.0 (91846246)|VF_EVALUATE_FORMULA_END
07:07:38.0 (91854732)|VF_EVALUATE_FORMULA_BEGIN|0660b000002BGtP|#{proRtMap[objName].rtWrapLst}
07:07:38.0 (91887413)|VF_EVALUATE_FORMULA_END
07:07:38.0 (91993953)|VF_EVALUATE_FORMULA_BEGIN|0660b000002BGtP|#{proRtMap[objName].rtWrapLst}
07:07:38.0 (92036069)|VF_EVALUATE_FORMULA_END
07:07:38.0 (92045231)|VF_EVALUATE_FORMULA_BEGIN|0660b000002BGtP|#{proRtMap[objName].rtWrapLst}
07:07:38.0 (92080040)|VF_EVALUATE_FORMULA_END
07:07:38.0 (92149869)|VF_EVALUATE_FORMULA_BEGIN|0660b000002BGtP|#{proRtMap[objName].rtWrapLst}
07:07:38.0 (92185794)|VF_EVALUATE_FORMULA_END
07:07:38.0 (92193682)|VF_EVALUATE_FORMULA_BEGIN|0660b000002BGtP|#{proRtMap[objName].rtWrapLst}
07:07:38.0 (92225161)|VF_EVALUATE_FORMULA_END
07:07:38.0 (92331832)|VF_EVALUATE_FORMULA_BEGIN|0660b000002BGtP|#{proRtMap[objName].profWrapLst}
07:07:38.0 (92399489)|VF_APEX_CALL_START|[EXTERNAL]|01p0b000007wJBE|profWrapLst|PageLayoutController.ProfRTType
07:07:38.0 (92436698)|VF_APEX_CALL_END|profWrapLst|PageLayoutController.ProfRTType
07:07:38.0 (92471845)|VF_EVALUATE_FORMULA_END
07:07:38.0 (92497518)|VF_EVALUATE_FORMULA_BEGIN|0660b000002BGtP|#{proRtMap[objName].profWrapLst}
07:07:38.0 (92537832)|VF_EVALUATE_FORMULA_END
07:07:38.0 (92545909)|VF_EVALUATE_FORMULA_BEGIN|0660b000002BGtP|#{proRtMap[objName].profWrapLst}
07:07:38.0 (92576284)|VF_EVALUATE_FORMULA_END
07:07:38.0 (92591734)|VF_EVALUATE_FORMULA_BEGIN|0660b000002BGtP|#{proRtMap[objName].rtWrapLst}
07:07:38.0 (92643435)|VF_APEX_CALL_START|[EXTERNAL]|01p0b000007wJBE|rtWrapLst|PageLayoutController.ProfRTType
07:07:38.0 (92664369)|VF_APEX_CALL_END|rtWrapLst|PageLayoutController.ProfRTType
07:07:38.0 (92683409)|VF_EVALUATE_FORMULA_END
07:07:38.0 (92692612)|VF_EVALUATE_FORMULA_BEGIN|0660b000002BGtP|#{proRtMap[objName].rtWrapLst}
07:07:38.0 (92726923)|VF_EVALUATE_FORMULA_END
07:07:38.0 (92857059)|VF_EVALUATE_FORMULA_BEGIN|0660b000002BGtP|#{proRtMap[objName].rtWrapLst}
07:07:38.0 (92901494)|VF_EVALUATE_FORMULA_END
07:07:38.0 (92910731)|VF_EVALUATE_FORMULA_BEGIN|0660b000002BGtP|#{proRtMap[objName].rtWrapLst}
07:07:38.0 (92948686)|VF_EVALUATE_FORMULA_END
07:07:38.0 (93002640)|VF_EVALUATE_FORMULA_BEGIN|0660b000002BGtP|#{proRtMap[objName].profWrapLst}
07:07:38.0 (93045408)|VF_EVALUATE_FORMULA_END
07:07:38.0 (93053525)|VF_EVALUATE_FORMULA_BEGIN|0660b000002BGtP|#{proRtMap[objName].profWrapLst}
07:07:38.0 (93084763)|VF_EVALUATE_FORMULA_END
07:07:38.0 (93104462)|VF_EVALUATE_FORMULA_BEGIN|0660b000002BGtP|#{proRtMap[objName].rtWrapLst}
07:07:38.0 (93138840)|VF_EVALUATE_FORMULA_END
07:07:38.0 (93146747)|VF_EVALUATE_FORMULA_BEGIN|0660b000002BGtP|#{proRtMap[objName].rtWrapLst}
07:07:38.0 (93176929)|VF_EVALUATE_FORMULA_END
07:07:38.0 (93229166)|VF_EVALUATE_FORMULA_BEGIN|0660b000002BGtP|#{proRtMap[objName].rtWrapLst}
07:07:38.0 (93264359)|VF_EVALUATE_FORMULA_END
07:07:38.0 (93272203)|VF_EVALUATE_FORMULA_BEGIN|0660b000002BGtP|#{proRtMap[objName].rtWrapLst}
07:07:38.0 (93302727)|VF_EVALUATE_FORMULA_END
07:07:38.0 (93372775)|VF_EVALUATE_FORMULA_BEGIN|0660b000002BGtP|#{proRtMap[objName].rtWrapLst}
07:07:38.0 (93410433)|VF_EVALUATE_FORMULA_END
07:07:38.0 (93435396)|VF_EVALUATE_FORMULA_BEGIN|0660b000002BGtP|#{proRtMap[objName].rtWrapLst}
07:07:38.0 (93471659)|VF_EVALUATE_FORMULA_END
07:07:38.0 (93479768)|VF_EVALUATE_FORMULA_BEGIN|0660b000002BGtP|#{proRtMap[objName].rtWrapLst}
07:07:38.0 (93512832)|VF_EVALUATE_FORMULA_END
07:07:38.0 (93588641)|VF_EVALUATE_FORMULA_BEGIN|0660b000002BGtP|#{proRtMap[objName].rtWrapLst}
07:07:38.0 (93626740)|VF_EVALUATE_FORMULA_END
07:07:38.0 (93635132)|VF_EVALUATE_FORMULA_BEGIN|0660b000002BGtP|#{proRtMap[objName].rtWrapLst}
07:07:38.0 (93667736)|VF_EVALUATE_FORMULA_END
07:07:38.0 (93719962)|VF_EVALUATE_FORMULA_BEGIN|0660b000002BGtP|#{proRtMap[objName].rtWrapLst}
07:07:38.0 (93757961)|VF_EVALUATE_FORMULA_END
07:07:38.0 (93766894)|VF_EVALUATE_FORMULA_BEGIN|0660b000002BGtP|#{proRtMap[objName].rtWrapLst}
07:07:38.0 (93802479)|VF_EVALUATE_FORMULA_END
07:07:38.95 (95242692)|VF_APEX_CALL_START|[EXTERNAL]|/apexpage/pagemessagescomponentcontroller.apex set(conEscape)
07:07:38.95 (95270210)|SYSTEM_MODE_ENTER|true
07:07:38.95 (95288680)|VF_APEX_CALL_START|[EXTERNAL]|PageMessagesComponentController set(conEscape)
07:07:38.95 (95328968)|VF_APEX_CALL_START|[EXTERNAL]|PageMessagesComponentController invoke(setconEscape)
07:07:38.95 (95394768)|HEAP_ALLOCATE|[EXTERNAL]|Bytes:8
07:07:38.95 (95411220)|VARIABLE_SCOPE_BEGIN|[88]|this|ApexPage.PageMessagesComponentController|true|false
07:07:38.95 (95464570)|VARIABLE_ASSIGNMENT|[88]|this|{}|0x4fbe211a
07:07:38.95 (95472034)|VARIABLE_SCOPE_BEGIN|[88]|escape|Boolean|false|false
07:07:38.95 (95480829)|VARIABLE_ASSIGNMENT|[88]|escape|null
07:07:38.95 (95636927)|VF_APEX_CALL_START|[EXTERNAL]|/apexpage/pagemessagescomponentcontroller.apex get(severities)
07:07:38.95 (95648582)|SYSTEM_MODE_ENTER|true
07:07:38.95 (95663467)|VF_APEX_CALL_START|[EXTERNAL]|PageMessagesComponentController invoke(getseverities)
07:07:38.95 (95695208)|HEAP_ALLOCATE|[EXTERNAL]|Bytes:8
07:07:38.95 (95703023)|VARIABLE_SCOPE_BEGIN|[2]|this|ApexPage.PageMessagesComponentController|true|false
07:07:38.95 (95725793)|VARIABLE_ASSIGNMENT|[2]|this|{}|0x4fbe211a
07:07:38.0 (96312535)|VF_EVALUATE_FORMULA_BEGIN|0660b000002BGtP|#{$ObjectType[objName].Label}
07:07:38.0 (96648184)|VF_EVALUATE_FORMULA_END
07:07:38.0 (96890347)|VF_EVALUATE_FORMULA_BEGIN|0660b000002BGtP|#{proRtMap[objName].profWrapLst}
07:07:38.0 (96939185)|VF_EVALUATE_FORMULA_END
07:07:38.0 (96946513)|VF_EVALUATE_FORMULA_BEGIN|0660b000002BGtP|#{proRtMap[objName].profWrapLst}
07:07:38.0 (96969840)|VF_EVALUATE_FORMULA_END
07:07:38.0 (96987161)|VF_EVALUATE_FORMULA_BEGIN|0660b000002BGtP|#{proRtMap[objName].rtWrapLst}
07:07:38.0 (97013662)|VF_EVALUATE_FORMULA_END
07:07:38.0 (97019527)|VF_EVALUATE_FORMULA_BEGIN|0660b000002BGtP|#{proRtMap[objName].rtWrapLst}
07:07:38.0 (97097036)|VF_EVALUATE_FORMULA_END
07:07:38.0 (97176388)|VF_EVALUATE_FORMULA_BEGIN|0660b000002BGtP|#{proRtMap[objName].rtWrapLst}
07:07:38.0 (97203307)|VF_EVALUATE_FORMULA_END
07:07:38.0 (97208816)|VF_EVALUATE_FORMULA_BEGIN|0660b000002BGtP|#{proRtMap[objName].rtWrapLst}
07:07:38.0 (97228859)|VF_EVALUATE_FORMULA_END
07:07:38.0 (97287244)|VF_EVALUATE_FORMULA_BEGIN|0660b000002BGtP|#{proRtMap[objName].rtWrapLst}
07:07:38.0 (97311617)|VF_EVALUATE_FORMULA_END
07:07:38.0 (97316859)|VF_EVALUATE_FORMULA_BEGIN|0660b000002BGtP|#{proRtMap[objName].rtWrapLst}
07:07:38.0 (97337580)|VF_EVALUATE_FORMULA_END
07:07:38.0 (97389826)|VF_EVALUATE_FORMULA_BEGIN|0660b000002BGtP|#{proRtMap[objName].rtWrapLst}
07:07:38.0 (97414946)|VF_EVALUATE_FORMULA_END
07:07:38.0 (97420237)|VF_EVALUATE_FORMULA_BEGIN|0660b000002BGtP|#{proRtMap[objName].rtWrapLst}
07:07:38.0 (97440994)|VF_EVALUATE_FORMULA_END
07:07:38.0 (97485626)|VF_EVALUATE_FORMULA_BEGIN|0660b000002BGtP|#{proRtMap[objName].rtWrapLst}
07:07:38.0 (97510247)|VF_EVALUATE_FORMULA_END
07:07:38.0 (97515586)|VF_EVALUATE_FORMULA_BEGIN|0660b000002BGtP|#{proRtMap[objName].rtWrapLst}
07:07:38.0 (97535429)|VF_EVALUATE_FORMULA_END
07:07:38.0 (97611921)|VF_EVALUATE_FORMULA_BEGIN|0660b000002BGtP|#{proRtMap[objName].rtWrapLst}
07:07:38.0 (97638605)|VF_EVALUATE_FORMULA_END
07:07:38.0 (97643825)|VF_EVALUATE_FORMULA_BEGIN|0660b000002BGtP|#{proRtMap[objName].rtWrapLst}
07:07:38.0 (97664761)|VF_EVALUATE_FORMULA_END
07:07:38.0 (97758879)|VF_APEX_CALL_START|[EXTERNAL]|01p0b000007wJBE|recordTypeName|PageLayoutController.RecordTypeWrapper
07:07:38.0 (97785900)|VF_APEX_CALL_END|recordTypeName|PageLayoutController.RecordTypeWrapper
07:07:38.0 (97860896)|VF_APEX_CALL_START|[EXTERNAL]|01p0b000007wJBE|recordTypeName|PageLayoutController.RecordTypeWrapper
07:07:38.0 (97876915)|VF_APEX_CALL_END|recordTypeName|PageLayoutController.RecordTypeWrapper
07:07:38.0 (97916267)|VF_EVALUATE_FORMULA_BEGIN|0660b000002BGtP|#{proRtMap[objName].rtWrapLst}
07:07:38.0 (97948726)|VF_EVALUATE_FORMULA_END
07:07:38.0 (97954663)|VF_EVALUATE_FORMULA_BEGIN|0660b000002BGtP|#{proRtMap[objName].rtWrapLst}
07:07:38.0 (97975751)|VF_EVALUATE_FORMULA_END
07:07:38.0 (98019308)|VF_EVALUATE_FORMULA_BEGIN|0660b000002BGtP|#{proRtMap[objName].rtWrapLst}
07:07:38.0 (98050305)|VF_EVALUATE_FORMULA_END
07:07:38.0 (98056066)|VF_EVALUATE_FORMULA_BEGIN|0660b000002BGtP|#{proRtMap[objName].rtWrapLst}
07:07:38.0 (98077007)|VF_EVALUATE_FORMULA_END
07:07:38.0 (98125024)|VF_EVALUATE_FORMULA_BEGIN|0660b000002BGtP|#{proRtMap[objName].rtWrapLst}
07:07:38.0 (98150385)|VF_EVALUATE_FORMULA_END
07:07:38.0 (98155671)|VF_EVALUATE_FORMULA_BEGIN|0660b000002BGtP|#{proRtMap[objName].rtWrapLst}
07:07:38.0 (98175096)|VF_EVALUATE_FORMULA_END
07:07:38.0 (98219912)|VF_EVALUATE_FORMULA_BEGIN|0660b000002BGtP|#{proRtMap[objName].rtWrapLst}
07:07:38.0 (98245302)|VF_EVALUATE_FORMULA_END
07:07:38.0 (98251191)|VF_EVALUATE_FORMULA_BEGIN|0660b000002BGtP|#{proRtMap[objName].rtWrapLst}
07:07:38.0 (98275207)|VF_EVALUATE_FORMULA_END
07:07:38.0 (98360192)|VF_EVALUATE_FORMULA_BEGIN|0660b000002BGtP|#{proRtMap[objName].rtWrapLst}
07:07:38.0 (98389958)|VF_EVALUATE_FORMULA_END
07:07:38.0 (98396079)|VF_EVALUATE_FORMULA_BEGIN|0660b000002BGtP|#{proRtMap[objName].rtWrapLst}
07:07:38.0 (98416653)|VF_EVALUATE_FORMULA_END
07:07:38.0 (98464751)|VF_EVALUATE_FORMULA_BEGIN|0660b000002BGtP|#{proRtMap[objName].rtWrapLst}
07:07:38.0 (98490754)|VF_EVALUATE_FORMULA_END
07:07:38.0 (98495892)|VF_EVALUATE_FORMULA_BEGIN|0660b000002BGtP|#{proRtMap[objName].rtWrapLst}
07:07:38.0 (98516250)|VF_EVALUATE_FORMULA_END
07:07:38.0 (98696364)|VF_APEX_CALL_START|[EXTERNAL]|01p0b000007wJBE|profileName|PageLayoutController.ProfileWrapper
07:07:38.0 (98718254)|HEAP_ALLOCATE|[EXTERNAL]|Bytes:92
07:07:38.0 (98729444)|HEAP_ALLOCATE|[EXTERNAL]|Bytes:2
07:07:38.0 (98742726)|VF_APEX_CALL_END|profileName|PageLayoutController.ProfileWrapper
07:07:38.0 (98776666)|VF_EVALUATE_FORMULA_BEGIN|0660b000002BGtP|#{proRtMap[objName].rtWrapLst}
07:07:38.0 (98806238)|VF_EVALUATE_FORMULA_END
07:07:38.0 (98811911)|VF_EVALUATE_FORMULA_BEGIN|0660b000002BGtP|#{proRtMap[objName].rtWrapLst}
07:07:38.0 (98831717)|VF_EVALUATE_FORMULA_END
07:07:38.0 (98901971)|VF_APEX_CALL_START|[EXTERNAL]|01p0b000007wJBE|pgNames|PageLayoutController.RecordTypeWrapper
07:07:38.0 (98921128)|VF_APEX_CALL_END|pgNames|PageLayoutController.RecordTypeWrapper
07:07:38.0 (99061988)|VF_APEX_CALL_START|[EXTERNAL]|01p0b000007wJBE|selectedPlName|PageLayoutController.RecordTypeWrapper
07:07:38.0 (99080932)|VF_APEX_CALL_END|selectedPlName|PageLayoutController.RecordTypeWrapper
07:07:38.0 (99264018)|VF_APEX_CALL_START|[EXTERNAL]|01p0b000007wJBE|pgNames|PageLayoutController.RecordTypeWrapper
07:07:38.0 (99285103)|VF_APEX_CALL_END|pgNames|PageLayoutController.RecordTypeWrapper
07:07:38.0 (99365231)|VF_APEX_CALL_START|[EXTERNAL]|01p0b000007wJBE|selectedPlName|PageLayoutController.RecordTypeWrapper
07:07:38.0 (99380034)|VF_APEX_CALL_END|selectedPlName|PageLayoutController.RecordTypeWrapper
07:07:38.0 (99451415)|VF_EVALUATE_FORMULA_BEGIN|0660b000002BGtP|#{proRtMap[objName].rtWrapLst}
07:07:38.0 (99483694)|VF_EVALUATE_FORMULA_END
07:07:38.0 (99490222)|VF_EVALUATE_FORMULA_BEGIN|0660b000002BGtP|#{proRtMap[objName].rtWrapLst}
07:07:38.0 (99547173)|VF_EVALUATE_FORMULA_END
07:07:38.0 (99654893)|VF_EVALUATE_FORMULA_BEGIN|0660b000002BGtP|#{proRtMap[objName].rtWrapLst}
07:07:38.0 (99726493)|VF_EVALUATE_FORMULA_END
07:07:38.0 (99737216)|VF_EVALUATE_FORMULA_BEGIN|0660b000002BGtP|#{proRtMap[objName].rtWrapLst}
07:07:38.0 (99783076)|VF_EVALUATE_FORMULA_END
07:07:38.0 (100007673)|VF_APEX_CALL_START|[EXTERNAL]|01p0b000007wJBE|profileName|PageLayoutController.ProfileWrapper
07:07:38.0 (100037594)|VF_APEX_CALL_END|profileName|PageLayoutController.ProfileWrapper
07:07:38.0 (100112391)|VF_EVALUATE_FORMULA_BEGIN|0660b000002BGtP|#{proRtMap[objName].rtWrapLst}
07:07:38.0 (100178714)|VF_EVALUATE_FORMULA_END
07:07:38.0 (100189474)|VF_EVALUATE_FORMULA_BEGIN|0660b000002BGtP|#{proRtMap[objName].rtWrapLst}
07:07:38.0 (100237336)|VF_EVALUATE_FORMULA_END
07:07:38.0 (100799250)|VF_EVALUATE_FORMULA_BEGIN|0660b000002BGtP|#{proRtMap[objName].rtWrapLst}
07:07:38.0 (100851866)|VF_EVALUATE_FORMULA_END
07:07:38.0 (100862098)|VF_EVALUATE_FORMULA_BEGIN|0660b000002BGtP|#{proRtMap[objName].rtWrapLst}
07:07:38.0 (100892655)|VF_EVALUATE_FORMULA_END
07:07:38.0 (100974724)|VF_EVALUATE_FORMULA_BEGIN|0660b000002BGtP|#{proRtMap[objName].rtWrapLst}
07:07:38.0 (101027569)|VF_EVALUATE_FORMULA_END
07:07:38.0 (101043050)|VF_EVALUATE_FORMULA_BEGIN|0660b000002BGtP|#{proRtMap[objName].rtWrapLst}
07:07:38.0 (101080569)|VF_EVALUATE_FORMULA_END
07:07:38.0 (101385702)|VF_EVALUATE_FORMULA_BEGIN|0660b000002BGtP|#{$ObjectType[objName].Label}
07:07:38.0 (101801914)|VF_EVALUATE_FORMULA_END
07:07:38.0 (102135214)|VF_EVALUATE_FORMULA_BEGIN|0660b000002BGtP|#{proRtMap[objName].profWrapLst}
07:07:38.0 (102198460)|VF_EVALUATE_FORMULA_END
07:07:38.0 (102210191)|VF_EVALUATE_FORMULA_BEGIN|0660b000002BGtP|#{proRtMap[objName].profWrapLst}
07:07:38.0 (102246023)|VF_EVALUATE_FORMULA_END
07:07:38.0 (102264299)|VF_EVALUATE_FORMULA_BEGIN|0660b000002BGtP|#{proRtMap[objName].rtWrapLst}
07:07:38.0 (102305457)|VF_EVALUATE_FORMULA_END
07:07:38.0 (102317703)|VF_EVALUATE_FORMULA_BEGIN|0660b000002BGtP|#{proRtMap[objName].rtWrapLst}
07:07:38.0 (102350173)|VF_EVALUATE_FORMULA_END
07:07:38.0 (102437931)|VF_EVALUATE_FORMULA_BEGIN|0660b000002BGtP|#{proRtMap[objName].rtWrapLst}
07:07:38.0 (102476977)|VF_EVALUATE_FORMULA_END
07:07:38.0 (102502242)|VF_EVALUATE_FORMULA_BEGIN|0660b000002BGtP|#{proRtMap[objName].rtWrapLst}
07:07:38.0 (102543337)|VF_EVALUATE_FORMULA_END
07:07:38.0 (102650737)|VF_EVALUATE_FORMULA_BEGIN|0660b000002BGtP|#{proRtMap[objName].rtWrapLst}
07:07:38.0 (102702136)|VF_EVALUATE_FORMULA_END
07:07:38.0 (102711592)|VF_EVALUATE_FORMULA_BEGIN|0660b000002BGtP|#{proRtMap[objName].rtWrapLst}
07:07:38.0 (102744613)|VF_EVALUATE_FORMULA_END
07:07:38.0 (102827411)|VF_EVALUATE_FORMULA_BEGIN|0660b000002BGtP|#{proRtMap[objName].rtWrapLst}
07:07:38.0 (102887210)|VF_EVALUATE_FORMULA_END
07:07:38.0 (102896925)|VF_EVALUATE_FORMULA_BEGIN|0660b000002BGtP|#{proRtMap[objName].rtWrapLst}
07:07:38.0 (102934092)|VF_EVALUATE_FORMULA_END
07:07:38.0 (103007403)|VF_EVALUATE_FORMULA_BEGIN|0660b000002BGtP|#{proRtMap[objName].rtWrapLst}
07:07:38.0 (103051492)|VF_EVALUATE_FORMULA_END
07:07:38.0 (103060460)|VF_EVALUATE_FORMULA_BEGIN|0660b000002BGtP|#{proRtMap[objName].rtWrapLst}
07:07:38.0 (103092786)|VF_EVALUATE_FORMULA_END
07:07:38.0 (103191906)|VF_EVALUATE_FORMULA_BEGIN|0660b000002BGtP|#{proRtMap[objName].rtWrapLst}
07:07:38.0 (103229664)|VF_EVALUATE_FORMULA_END
07:07:38.0 (103238412)|VF_EVALUATE_FORMULA_BEGIN|0660b000002BGtP|#{proRtMap[objName].rtWrapLst}
07:07:38.0 (103269595)|VF_EVALUATE_FORMULA_END
07:07:38.0 (103372733)|VF_APEX_CALL_START|[EXTERNAL]|01p0b000007wJBE|recordTypeName|PageLayoutController.RecordTypeWrapper
07:07:38.0 (103435165)|VF_APEX_CALL_END|recordTypeName|PageLayoutController.RecordTypeWrapper
07:07:38.0 (103547825)|VF_APEX_CALL_START|[EXTERNAL]|01p0b000007wJBE|recordTypeName|PageLayoutController.RecordTypeWrapper
07:07:38.0 (103570085)|VF_APEX_CALL_END|recordTypeName|PageLayoutController.RecordTypeWrapper
07:07:38.0 (103625537)|VF_EVALUATE_FORMULA_BEGIN|0660b000002BGtP|#{proRtMap[objName].rtWrapLst}
07:07:38.0 (103669623)|VF_EVALUATE_FORMULA_END
07:07:38.0 (103680335)|VF_EVALUATE_FORMULA_BEGIN|0660b000002BGtP|#{proRtMap[objName].rtWrapLst}
07:07:38.0 (103742506)|VF_EVALUATE_FORMULA_END
07:07:38.0 (103831010)|VF_EVALUATE_FORMULA_BEGIN|0660b000002BGtP|#{proRtMap[objName].rtWrapLst}
07:07:38.0 (103869547)|VF_EVALUATE_FORMULA_END
07:07:38.0 (103878038)|VF_EVALUATE_FORMULA_BEGIN|0660b000002BGtP|#{proRtMap[objName].rtWrapLst}
07:07:38.0 (103908892)|VF_EVALUATE_FORMULA_END
07:07:38.0 (103980336)|VF_EVALUATE_FORMULA_BEGIN|0660b000002BGtP|#{proRtMap[objName].rtWrapLst}
07:07:38.0 (104016233)|VF_EVALUATE_FORMULA_END
07:07:38.0 (104027225)|VF_EVALUATE_FORMULA_BEGIN|0660b000002BGtP|#{proRtMap[objName].rtWrapLst}
07:07:38.0 (104066019)|VF_EVALUATE_FORMULA_END
07:07:38.0 (104167371)|VF_EVALUATE_FORMULA_BEGIN|0660b000002BGtP|#{proRtMap[objName].rtWrapLst}
07:07:38.0 (104209093)|VF_EVALUATE_FORMULA_END
07:07:38.0 (104219053)|VF_EVALUATE_FORMULA_BEGIN|0660b000002BGtP|#{proRtMap[objName].rtWrapLst}
07:07:38.0 (104248223)|VF_EVALUATE_FORMULA_END
07:07:38.0 (104363546)|VF_EVALUATE_FORMULA_BEGIN|0660b000002BGtP|#{proRtMap[objName].rtWrapLst}
07:07:38.0 (104403787)|VF_EVALUATE_FORMULA_END
07:07:38.0 (104413030)|VF_EVALUATE_FORMULA_BEGIN|0660b000002BGtP|#{proRtMap[objName].rtWrapLst}
07:07:38.0 (104451172)|VF_EVALUATE_FORMULA_END
07:07:38.0 (104527750)|VF_EVALUATE_FORMULA_BEGIN|0660b000002BGtP|#{proRtMap[objName].rtWrapLst}
07:07:38.0 (104564507)|VF_EVALUATE_FORMULA_END
07:07:38.0 (104572543)|VF_EVALUATE_FORMULA_BEGIN|0660b000002BGtP|#{proRtMap[objName].rtWrapLst}
07:07:38.0 (104603510)|VF_EVALUATE_FORMULA_END
07:07:38.0 (104808015)|VF_APEX_CALL_START|[EXTERNAL]|01p0b000007wJBE|profileName|PageLayoutController.ProfileWrapper
07:07:38.0 (104835892)|VF_APEX_CALL_END|profileName|PageLayoutController.ProfileWrapper
07:07:38.0 (104880954)|VF_EVALUATE_FORMULA_BEGIN|0660b000002BGtP|#{proRtMap[objName].rtWrapLst}
07:07:38.0 (104920266)|VF_EVALUATE_FORMULA_END
07:07:38.0 (104928488)|VF_EVALUATE_FORMULA_BEGIN|0660b000002BGtP|#{proRtMap[objName].rtWrapLst}
07:07:38.0 (104960600)|VF_EVALUATE_FORMULA_END
07:07:38.0 (105060059)|VF_APEX_CALL_START|[EXTERNAL]|01p0b000007wJBE|pgNames|PageLayoutController.RecordTypeWrapper
07:07:38.0 (105085244)|VF_APEX_CALL_END|pgNames|PageLayoutController.RecordTypeWrapper
07:07:38.0 (105246088)|VF_APEX_CALL_START|[EXTERNAL]|01p0b000007wJBE|selectedPlName|PageLayoutController.RecordTypeWrapper
07:07:38.0 (105268460)|VF_APEX_CALL_END|selectedPlName|PageLayoutController.RecordTypeWrapper
07:07:38.0 (105420493)|VF_APEX_CALL_START|[EXTERNAL]|01p0b000007wJBE|pgNames|PageLayoutController.RecordTypeWrapper
07:07:38.0 (105440783)|VF_APEX_CALL_END|pgNames|PageLayoutController.RecordTypeWrapper
07:07:38.0 (105539017)|VF_APEX_CALL_START|[EXTERNAL]|01p0b000007wJBE|selectedPlName|PageLayoutController.RecordTypeWrapper
07:07:38.0 (105558566)|VF_APEX_CALL_END|selectedPlName|PageLayoutController.RecordTypeWrapper
07:07:38.0 (105655113)|VF_EVALUATE_FORMULA_BEGIN|0660b000002BGtP|#{proRtMap[objName].rtWrapLst}
07:07:38.0 (105698571)|VF_EVALUATE_FORMULA_END
07:07:38.0 (105707134)|VF_EVALUATE_FORMULA_BEGIN|0660b000002BGtP|#{proRtMap[objName].rtWrapLst}
07:07:38.0 (105736005)|VF_EVALUATE_FORMULA_END
07:07:38.0 (105806661)|VF_EVALUATE_FORMULA_BEGIN|0660b000002BGtP|#{proRtMap[objName].rtWrapLst}
07:07:38.0 (105850055)|VF_EVALUATE_FORMULA_END
07:07:38.0 (105859149)|VF_EVALUATE_FORMULA_BEGIN|0660b000002BGtP|#{proRtMap[objName].rtWrapLst}
07:07:38.0 (105889522)|VF_EVALUATE_FORMULA_END
07:07:38.0 (106040165)|VF_APEX_CALL_START|[EXTERNAL]|01p0b000007wJBE|profileName|PageLayoutController.ProfileWrapper
07:07:38.0 (106065830)|VF_APEX_CALL_END|profileName|PageLayoutController.ProfileWrapper
07:07:38.0 (106106094)|VF_EVALUATE_FORMULA_BEGIN|0660b000002BGtP|#{proRtMap[objName].rtWrapLst}
07:07:38.0 (106145576)|VF_EVALUATE_FORMULA_END
07:07:38.0 (106153949)|VF_EVALUATE_FORMULA_BEGIN|0660b000002BGtP|#{proRtMap[objName].rtWrapLst}
07:07:38.0 (106185902)|VF_EVALUATE_FORMULA_END
07:07:38.0 (106544367)|VF_EVALUATE_FORMULA_BEGIN|0660b000002BGtP|#{proRtMap[objName].rtWrapLst}
07:07:38.0 (106586301)|VF_EVALUATE_FORMULA_END
07:07:38.0 (106595425)|VF_EVALUATE_FORMULA_BEGIN|0660b000002BGtP|#{proRtMap[objName].rtWrapLst}
07:07:38.0 (106647058)|VF_EVALUATE_FORMULA_END
07:07:38.0 (106722370)|VF_EVALUATE_FORMULA_BEGIN|0660b000002BGtP|#{proRtMap[objName].rtWrapLst}
07:07:38.0 (106761163)|VF_EVALUATE_FORMULA_END
07:07:38.0 (106770514)|VF_EVALUATE_FORMULA_BEGIN|0660b000002BGtP|#{proRtMap[objName].rtWrapLst}
07:07:38.0 (106804835)|VF_EVALUATE_FORMULA_END
07:07:38.0 (107119070)|VF_EVALUATE_FORMULA_BEGIN|0660b000002BGtP|#{$ObjectType[objName].Label}
07:07:38.0 (107543665)|VF_EVALUATE_FORMULA_END
07:07:38.0 (107872563)|VF_EVALUATE_FORMULA_BEGIN|0660b000002BGtP|#{proRtMap[objName].profWrapLst}
07:07:38.0 (107932449)|VF_EVALUATE_FORMULA_END
07:07:38.0 (107942900)|VF_EVALUATE_FORMULA_BEGIN|0660b000002BGtP|#{proRtMap[objName].profWrapLst}
07:07:38.0 (107975380)|VF_EVALUATE_FORMULA_END
07:07:38.0 (107993678)|VF_EVALUATE_FORMULA_BEGIN|0660b000002BGtP|#{proRtMap[objName].rtWrapLst}
07:07:38.0 (108038149)|VF_EVALUATE_FORMULA_END
07:07:38.0 (108047588)|VF_EVALUATE_FORMULA_BEGIN|0660b000002BGtP|#{proRtMap[objName].rtWrapLst}
07:07:38.0 (108080792)|VF_EVALUATE_FORMULA_END
07:07:38.0 (108151767)|VF_EVALUATE_FORMULA_BEGIN|0660b000002BGtP|#{proRtMap[objName].rtWrapLst}
07:07:38.0 (108189650)|VF_EVALUATE_FORMULA_END
07:07:38.0 (108197952)|VF_EVALUATE_FORMULA_BEGIN|0660b000002BGtP|#{proRtMap[objName].rtWrapLst}
07:07:38.0 (108227546)|VF_EVALUATE_FORMULA_END
07:07:38.0 (108290997)|VF_EVALUATE_FORMULA_BEGIN|0660b000002BGtP|#{proRtMap[objName].rtWrapLst}
07:07:38.0 (108328264)|VF_EVALUATE_FORMULA_END
07:07:38.0 (108336499)|VF_EVALUATE_FORMULA_BEGIN|0660b000002BGtP|#{proRtMap[objName].rtWrapLst}
07:07:38.0 (108368586)|VF_EVALUATE_FORMULA_END
07:07:38.0 (108428729)|VF_EVALUATE_FORMULA_BEGIN|0660b000002BGtP|#{proRtMap[objName].rtWrapLst}
07:07:38.0 (108464188)|VF_EVALUATE_FORMULA_END
07:07:38.0 (108472924)|VF_EVALUATE_FORMULA_BEGIN|0660b000002BGtP|#{proRtMap[objName].rtWrapLst}
07:07:38.0 (108506819)|VF_EVALUATE_FORMULA_END
07:07:38.0 (108558240)|VF_EVALUATE_FORMULA_BEGIN|0660b000002BGtP|#{proRtMap[objName].rtWrapLst}
07:07:38.0 (108592548)|VF_EVALUATE_FORMULA_END
07:07:38.0 (108600350)|VF_EVALUATE_FORMULA_BEGIN|0660b000002BGtP|#{proRtMap[objName].rtWrapLst}
07:07:38.0 (108647543)|VF_EVALUATE_FORMULA_END
07:07:38.0 (108749907)|VF_EVALUATE_FORMULA_BEGIN|0660b000002BGtP|#{proRtMap[objName].rtWrapLst}
07:07:38.0 (108789045)|VF_EVALUATE_FORMULA_END
07:07:38.0 (108796851)|VF_EVALUATE_FORMULA_BEGIN|0660b000002BGtP|#{proRtMap[objName].rtWrapLst}
07:07:38.0 (108829585)|VF_EVALUATE_FORMULA_END
07:07:38.0 (108936192)|VF_APEX_CALL_START|[EXTERNAL]|01p0b000007wJBE|recordTypeName|PageLayoutController.RecordTypeWrapper
07:07:38.0 (108974901)|VF_APEX_CALL_END|recordTypeName|PageLayoutController.RecordTypeWrapper
07:07:38.0 (109047706)|VF_EVALUATE_FORMULA_BEGIN|0660b000002BGtP|#{proRtMap[objName].rtWrapLst}
07:07:38.0 (109088503)|VF_EVALUATE_FORMULA_END
07:07:38.0 (109096871)|VF_EVALUATE_FORMULA_BEGIN|0660b000002BGtP|#{proRtMap[objName].rtWrapLst}
07:07:38.0 (109129521)|VF_EVALUATE_FORMULA_END
07:07:38.0 (109180688)|VF_EVALUATE_FORMULA_BEGIN|0660b000002BGtP|#{proRtMap[objName].rtWrapLst}
07:07:38.0 (109214448)|VF_EVALUATE_FORMULA_END
07:07:38.0 (109222345)|VF_EVALUATE_FORMULA_BEGIN|0660b000002BGtP|#{proRtMap[objName].rtWrapLst}
07:07:38.0 (109251743)|VF_EVALUATE_FORMULA_END
07:07:38.0 (109302715)|VF_EVALUATE_FORMULA_BEGIN|0660b000002BGtP|#{proRtMap[objName].rtWrapLst}
07:07:38.0 (109336183)|VF_EVALUATE_FORMULA_END
07:07:38.0 (109343766)|VF_EVALUATE_FORMULA_BEGIN|0660b000002BGtP|#{proRtMap[objName].rtWrapLst}
07:07:38.0 (109373362)|VF_EVALUATE_FORMULA_END
07:07:38.0 (109423021)|VF_EVALUATE_FORMULA_BEGIN|0660b000002BGtP|#{proRtMap[objName].rtWrapLst}
07:07:38.0 (109456737)|VF_EVALUATE_FORMULA_END
07:07:38.0 (109464320)|VF_EVALUATE_FORMULA_BEGIN|0660b000002BGtP|#{proRtMap[objName].rtWrapLst}
07:07:38.0 (109492856)|VF_EVALUATE_FORMULA_END
07:07:38.0 (109581480)|VF_EVALUATE_FORMULA_BEGIN|0660b000002BGtP|#{proRtMap[objName].rtWrapLst}
07:07:38.0 (109617431)|VF_EVALUATE_FORMULA_END
07:07:38.0 (109625255)|VF_EVALUATE_FORMULA_BEGIN|0660b000002BGtP|#{proRtMap[objName].rtWrapLst}
07:07:38.0 (109655608)|VF_EVALUATE_FORMULA_END
07:07:38.0 (109706342)|VF_EVALUATE_FORMULA_BEGIN|0660b000002BGtP|#{proRtMap[objName].rtWrapLst}
07:07:38.0 (109739903)|VF_EVALUATE_FORMULA_END
07:07:38.0 (109747562)|VF_EVALUATE_FORMULA_BEGIN|0660b000002BGtP|#{proRtMap[objName].rtWrapLst}
07:07:38.0 (109775788)|VF_EVALUATE_FORMULA_END
07:07:38.0 (109942083)|VF_APEX_CALL_START|[EXTERNAL]|01p0b000007wJBE|profileName|PageLayoutController.ProfileWrapper
07:07:38.0 (109971570)|VF_APEX_CALL_END|profileName|PageLayoutController.ProfileWrapper
07:07:38.0 (110018101)|VF_EVALUATE_FORMULA_BEGIN|0660b000002BGtP|#{proRtMap[objName].rtWrapLst}
07:07:38.0 (110064295)|VF_EVALUATE_FORMULA_END
07:07:38.0 (110073461)|VF_EVALUATE_FORMULA_BEGIN|0660b000002BGtP|#{proRtMap[objName].rtWrapLst}
07:07:38.0 (110104493)|VF_EVALUATE_FORMULA_END
07:07:38.0 (110226715)|VF_APEX_CALL_START|[EXTERNAL]|01p0b000007wJBE|pgNames|PageLayoutController.RecordTypeWrapper
07:07:38.0 (110266715)|VF_APEX_CALL_END|pgNames|PageLayoutController.RecordTypeWrapper
07:07:38.0 (110425152)|VF_APEX_CALL_START|[EXTERNAL]|01p0b000007wJBE|selectedPlName|PageLayoutController.RecordTypeWrapper
07:07:38.0 (110446208)|VF_APEX_CALL_END|selectedPlName|PageLayoutController.RecordTypeWrapper
07:07:38.0 (110561138)|VF_EVALUATE_FORMULA_BEGIN|0660b000002BGtP|#{proRtMap[objName].rtWrapLst}
07:07:38.0 (110603555)|VF_EVALUATE_FORMULA_END
07:07:38.0 (110612619)|VF_EVALUATE_FORMULA_BEGIN|0660b000002BGtP|#{proRtMap[objName].rtWrapLst}
07:07:38.0 (110645078)|VF_EVALUATE_FORMULA_END
07:07:38.0 (110719719)|VF_EVALUATE_FORMULA_BEGIN|0660b000002BGtP|#{proRtMap[objName].rtWrapLst}
07:07:38.0 (110760223)|VF_EVALUATE_FORMULA_END
07:07:38.0 (110768380)|VF_EVALUATE_FORMULA_BEGIN|0660b000002BGtP|#{proRtMap[objName].rtWrapLst}
07:07:38.0 (110798519)|VF_EVALUATE_FORMULA_END
07:07:38.0 (112194253)|VF_SERIALIZE_VIEWSTATE_BEGIN|0660b000002BGtP
07:07:38.0 (134386073)|VF_SERIALIZE_VIEWSTATE_END
07:07:38.0 (238735205)|CODE_UNIT_STARTED|[EXTERNAL]|Generate Metadata
07:07:38.0 (278386260)|CODE_UNIT_FINISHED|Generate Metadata
07:07:38.0 (281729983)|VF_EVALUATE_FORMULA_BEGIN|0660b000002BGtP|#{proRtMap[objName].rtWrapLst}
07:07:38.0 (281788356)|VF_EVALUATE_FORMULA_END
07:07:38.0 (281796409)|VF_EVALUATE_FORMULA_BEGIN|0660b000002BGtP|#{proRtMap[objName].rtWrapLst}
07:07:38.0 (281820878)|VF_EVALUATE_FORMULA_END
07:07:38.0 (281891906)|VF_EVALUATE_FORMULA_BEGIN|0660b000002BGtP|#{proRtMap[objName].rtWrapLst}
07:07:38.0 (281919591)|VF_EVALUATE_FORMULA_END
07:07:38.0 (281925502)|VF_EVALUATE_FORMULA_BEGIN|0660b000002BGtP|#{proRtMap[objName].rtWrapLst}
07:07:38.0 (281945026)|VF_EVALUATE_FORMULA_END
07:07:38.0 (281993855)|VF_EVALUATE_FORMULA_BEGIN|0660b000002BGtP|#{proRtMap[objName].profWrapLst}
07:07:38.0 (282023747)|VF_EVALUATE_FORMULA_END
07:07:38.0 (282030758)|VF_EVALUATE_FORMULA_BEGIN|0660b000002BGtP|#{proRtMap[objName].profWrapLst}
07:07:38.0 (282052843)|VF_EVALUATE_FORMULA_END
07:07:38.0 (282068013)|VF_EVALUATE_FORMULA_BEGIN|0660b000002BGtP|#{proRtMap[objName].rtWrapLst}
07:07:38.0 (282094733)|VF_EVALUATE_FORMULA_END
07:07:38.0 (282100249)|VF_EVALUATE_FORMULA_BEGIN|0660b000002BGtP|#{proRtMap[objName].rtWrapLst}
07:07:38.0 (282121272)|VF_EVALUATE_FORMULA_END
07:07:38.0 (282169211)|VF_EVALUATE_FORMULA_BEGIN|0660b000002BGtP|#{proRtMap[objName].rtWrapLst}
07:07:38.0 (282194823)|VF_EVALUATE_FORMULA_END
07:07:38.0 (282199978)|VF_EVALUATE_FORMULA_BEGIN|0660b000002BGtP|#{proRtMap[objName].rtWrapLst}
07:07:38.0 (282220414)|VF_EVALUATE_FORMULA_END
07:07:38.0 (282278240)|VF_EVALUATE_FORMULA_BEGIN|0660b000002BGtP|#{proRtMap[objName].rtWrapLst}
07:07:38.0 (282302919)|VF_EVALUATE_FORMULA_END
07:07:38.0 (282307976)|VF_EVALUATE_FORMULA_BEGIN|0660b000002BGtP|#{proRtMap[objName].rtWrapLst}
07:07:38.0 (282327521)|VF_EVALUATE_FORMULA_END
07:07:38.0 (282356961)|VF_EVALUATE_FORMULA_BEGIN|0660b000002BGtP|#{proRtMap[objName].rtWrapLst}
07:07:38.0 (282380667)|VF_EVALUATE_FORMULA_END
07:07:38.0 (282386019)|VF_EVALUATE_FORMULA_BEGIN|0660b000002BGtP|#{proRtMap[objName].rtWrapLst}
07:07:38.0 (282405876)|VF_EVALUATE_FORMULA_END
07:07:38.0 (282452754)|VF_EVALUATE_FORMULA_BEGIN|0660b000002BGtP|#{proRtMap[objName].rtWrapLst}
07:07:38.0 (282476320)|VF_EVALUATE_FORMULA_END
07:07:38.0 (282481834)|VF_EVALUATE_FORMULA_BEGIN|0660b000002BGtP|#{proRtMap[objName].rtWrapLst}
07:07:38.0 (282501628)|VF_EVALUATE_FORMULA_END
07:07:38.0 (282556633)|VF_EVALUATE_FORMULA_BEGIN|0660b000002BGtP|#{proRtMap[objName].rtWrapLst}
07:07:38.0 (282581727)|VF_EVALUATE_FORMULA_END
07:07:38.0 (282586753)|VF_EVALUATE_FORMULA_BEGIN|0660b000002BGtP|#{proRtMap[objName].rtWrapLst}
07:07:38.0 (282606800)|VF_EVALUATE_FORMULA_END
07:07:38.0 (282634300)|VF_EVALUATE_FORMULA_BEGIN|0660b000002BGtP|#{proRtMap[objName].rtWrapLst}
07:07:38.0 (282659789)|VF_EVALUATE_FORMULA_END
07:07:38.0 (282665006)|VF_EVALUATE_FORMULA_BEGIN|0660b000002BGtP|#{proRtMap[objName].rtWrapLst}
07:07:38.0 (282684673)|VF_EVALUATE_FORMULA_END
07:07:38.0 (282729221)|VF_EVALUATE_FORMULA_BEGIN|0660b000002BGtP|#{proRtMap[objName].rtWrapLst}
07:07:38.0 (282754598)|VF_EVALUATE_FORMULA_END
07:07:38.0 (282759808)|VF_EVALUATE_FORMULA_BEGIN|0660b000002BGtP|#{proRtMap[objName].rtWrapLst}
07:07:38.0 (282780234)|VF_EVALUATE_FORMULA_END
07:07:38.0 (282840718)|VF_EVALUATE_FORMULA_BEGIN|0660b000002BGtP|#{proRtMap[objName].profWrapLst}
07:07:38.0 (282868668)|VF_EVALUATE_FORMULA_END
07:07:38.0 (282874047)|VF_EVALUATE_FORMULA_BEGIN|0660b000002BGtP|#{proRtMap[objName].profWrapLst}
07:07:38.0 (282894453)|VF_EVALUATE_FORMULA_END
07:07:38.0 (282903778)|VF_EVALUATE_FORMULA_BEGIN|0660b000002BGtP|#{proRtMap[objName].rtWrapLst}
07:07:38.0 (282926724)|VF_EVALUATE_FORMULA_END
07:07:38.0 (282931806)|VF_EVALUATE_FORMULA_BEGIN|0660b000002BGtP|#{proRtMap[objName].rtWrapLst}
07:07:38.0 (282950995)|VF_EVALUATE_FORMULA_END
07:07:38.0 (282998017)|VF_EVALUATE_FORMULA_BEGIN|0660b000002BGtP|#{proRtMap[objName].rtWrapLst}
07:07:38.0 (283022602)|VF_EVALUATE_FORMULA_END
07:07:38.0 (283029614)|VF_EVALUATE_FORMULA_BEGIN|0660b000002BGtP|#{proRtMap[objName].rtWrapLst}
07:07:38.0 (283051412)|VF_EVALUATE_FORMULA_END
07:07:38.0 (283099709)|VF_EVALUATE_FORMULA_BEGIN|0660b000002BGtP|#{proRtMap[objName].profWrapLst}
07:07:38.0 (283124415)|VF_EVALUATE_FORMULA_END
07:07:38.0 (283129642)|VF_EVALUATE_FORMULA_BEGIN|0660b000002BGtP|#{proRtMap[objName].profWrapLst}
07:07:38.0 (283150071)|VF_EVALUATE_FORMULA_END
07:07:38.0 (283162017)|VF_EVALUATE_FORMULA_BEGIN|0660b000002BGtP|#{proRtMap[objName].rtWrapLst}
07:07:38.0 (283184064)|VF_EVALUATE_FORMULA_END
07:07:38.0 (283189280)|VF_EVALUATE_FORMULA_BEGIN|0660b000002BGtP|#{proRtMap[objName].rtWrapLst}
07:07:38.0 (283208852)|VF_EVALUATE_FORMULA_END
07:07:38.0 (283254209)|VF_EVALUATE_FORMULA_BEGIN|0660b000002BGtP|#{proRtMap[objName].rtWrapLst}
07:07:38.0 (283278128)|VF_EVALUATE_FORMULA_END
07:07:38.0 (283283349)|VF_EVALUATE_FORMULA_BEGIN|0660b000002BGtP|#{proRtMap[objName].rtWrapLst}
07:07:38.0 (283303131)|VF_EVALUATE_FORMULA_END
07:07:38.0 (283355990)|VF_EVALUATE_FORMULA_BEGIN|0660b000002BGtP|#{proRtMap[objName].rtWrapLst}
07:07:38.0 (283380132)|VF_EVALUATE_FORMULA_END
07:07:38.0 (283385344)|VF_EVALUATE_FORMULA_BEGIN|0660b000002BGtP|#{proRtMap[objName].rtWrapLst}
07:07:38.0 (283407356)|VF_EVALUATE_FORMULA_END
07:07:38.0 (283435199)|VF_EVALUATE_FORMULA_BEGIN|0660b000002BGtP|#{proRtMap[objName].rtWrapLst}
07:07:38.0 (283460023)|VF_EVALUATE_FORMULA_END
07:07:38.0 (283466053)|VF_EVALUATE_FORMULA_BEGIN|0660b000002BGtP|#{proRtMap[objName].rtWrapLst}
07:07:38.0 (283488036)|VF_EVALUATE_FORMULA_END
07:07:38.0 (283533546)|VF_EVALUATE_FORMULA_BEGIN|0660b000002BGtP|#{proRtMap[objName].rtWrapLst}
07:07:38.0 (283558173)|VF_EVALUATE_FORMULA_END
07:07:38.0 (283563545)|VF_EVALUATE_FORMULA_BEGIN|0660b000002BGtP|#{proRtMap[objName].rtWrapLst}
07:07:38.0 (283584484)|VF_EVALUATE_FORMULA_END
07:07:38.0 (283635745)|VF_EVALUATE_FORMULA_BEGIN|0660b000002BGtP|#{proRtMap[objName].rtWrapLst}
07:07:38.0 (283660100)|VF_EVALUATE_FORMULA_END
07:07:38.0 (283665280)|VF_EVALUATE_FORMULA_BEGIN|0660b000002BGtP|#{proRtMap[objName].rtWrapLst}
07:07:38.0 (283687068)|VF_EVALUATE_FORMULA_END
07:07:38.0 (283730227)|VF_EVALUATE_FORMULA_BEGIN|0660b000002BGtP|#{proRtMap[objName].rtWrapLst}
07:07:38.0 (283767601)|VF_EVALUATE_FORMULA_END
07:07:38.0 (283776612)|VF_EVALUATE_FORMULA_BEGIN|0660b000002BGtP|#{proRtMap[objName].rtWrapLst}
07:07:38.0 (283801658)|VF_EVALUATE_FORMULA_END
07:07:38.0 (283850319)|VF_EVALUATE_FORMULA_BEGIN|0660b000002BGtP|#{proRtMap[objName].rtWrapLst}
07:07:38.0 (283875869)|VF_EVALUATE_FORMULA_END
07:07:38.0 (283880900)|VF_EVALUATE_FORMULA_BEGIN|0660b000002BGtP|#{proRtMap[objName].rtWrapLst}
07:07:38.0 (283900943)|VF_EVALUATE_FORMULA_END
07:07:38.0 (283960607)|VF_EVALUATE_FORMULA_BEGIN|0660b000002BGtP|#{proRtMap[objName].profWrapLst}
07:07:38.0 (283988555)|VF_EVALUATE_FORMULA_END
07:07:38.0 (283993850)|VF_EVALUATE_FORMULA_BEGIN|0660b000002BGtP|#{proRtMap[objName].profWrapLst}
07:07:38.0 (284013346)|VF_EVALUATE_FORMULA_END
07:07:38.0 (284026540)|VF_EVALUATE_FORMULA_BEGIN|0660b000002BGtP|#{proRtMap[objName].rtWrapLst}
07:07:38.0 (284063984)|VF_EVALUATE_FORMULA_END
07:07:38.0 (284073254)|VF_EVALUATE_FORMULA_BEGIN|0660b000002BGtP|#{proRtMap[objName].rtWrapLst}
07:07:38.0 (284111952)|VF_EVALUATE_FORMULA_END
07:07:38.0 (284154396)|VF_EVALUATE_FORMULA_BEGIN|0660b000002BGtP|#{proRtMap[objName].rtWrapLst}
07:07:38.0 (284179930)|VF_EVALUATE_FORMULA_END
07:07:38.0 (284185128)|VF_EVALUATE_FORMULA_BEGIN|0660b000002BGtP|#{proRtMap[objName].rtWrapLst}
07:07:38.0 (284205694)|VF_EVALUATE_FORMULA_END
07:07:38.0 (284237602)|VF_EVALUATE_FORMULA_BEGIN|0660b000002BGtP|#{proRtMap[objName].profWrapLst}
07:07:38.0 (284261672)|VF_EVALUATE_FORMULA_END
07:07:38.0 (284266941)|VF_EVALUATE_FORMULA_BEGIN|0660b000002BGtP|#{proRtMap[objName].profWrapLst}
07:07:38.0 (284289031)|VF_EVALUATE_FORMULA_END
07:07:38.0 (284306008)|VF_EVALUATE_FORMULA_BEGIN|0660b000002BGtP|#{proRtMap[objName].rtWrapLst}
07:07:38.0 (284331462)|VF_EVALUATE_FORMULA_END
07:07:38.0 (284337152)|VF_EVALUATE_FORMULA_BEGIN|0660b000002BGtP|#{proRtMap[objName].rtWrapLst}
07:07:38.0 (284357288)|VF_EVALUATE_FORMULA_END
07:07:38.0 (284403301)|VF_EVALUATE_FORMULA_BEGIN|0660b000002BGtP|#{proRtMap[objName].rtWrapLst}
07:07:38.0 (284442948)|VF_EVALUATE_FORMULA_END
07:07:38.0 (284451910)|VF_EVALUATE_FORMULA_BEGIN|0660b000002BGtP|#{proRtMap[objName].rtWrapLst}
07:07:38.0 (284477680)|VF_EVALUATE_FORMULA_END
07:07:38.0 (284524047)|VF_EVALUATE_FORMULA_BEGIN|0660b000002BGtP|#{proRtMap[objName].rtWrapLst}
07:07:38.0 (284550004)|VF_EVALUATE_FORMULA_END
07:07:38.0 (284555048)|VF_EVALUATE_FORMULA_BEGIN|0660b000002BGtP|#{proRtMap[objName].rtWrapLst}
07:07:38.0 (284575356)|VF_EVALUATE_FORMULA_END
07:07:38.0 (284599818)|VF_EVALUATE_FORMULA_BEGIN|0660b000002BGtP|#{proRtMap[objName].rtWrapLst}
07:07:38.0 (284624082)|VF_EVALUATE_FORMULA_END
07:07:38.0 (284629169)|VF_EVALUATE_FORMULA_BEGIN|0660b000002BGtP|#{proRtMap[objName].rtWrapLst}
07:07:38.0 (284648269)|VF_EVALUATE_FORMULA_END
07:07:38.0 (284682830)|VF_EVALUATE_FORMULA_BEGIN|0660b000002BGtP|#{proRtMap[objName].rtWrapLst}
07:07:38.0 (284705829)|VF_EVALUATE_FORMULA_END
07:07:38.0 (284711019)|VF_EVALUATE_FORMULA_BEGIN|0660b000002BGtP|#{proRtMap[objName].rtWrapLst}
07:07:38.0 (284730697)|VF_EVALUATE_FORMULA_END
07:07:38.286 (286333723)|CUMULATIVE_LIMIT_USAGE
07:07:38.286 (286333723)|LIMIT_USAGE_FOR_NS|(default)|
  Number of SOQL queries: 0 out of 100
  Number of query rows: 0 out of 50000
  Number of SOSL queries: 0 out of 20
  Number of DML statements: 1 out of 150
  Number of DML rows: 7 out of 10000
  Maximum CPU time: 0 out of 10000
  Maximum heap size: 0 out of 6000000
  Number of callouts: 0 out of 100
  Number of Email Invocations: 0 out of 10
  Number of future calls: 0 out of 50
  Number of queueable jobs added to the queue: 0 out of 50
  Number of Mobile Apex push calls: 0 out of 10

07:07:38.286 (286333723)|CUMULATIVE_LIMIT_USAGE_END

07:07:38.0 (286416734)|CODE_UNIT_FINISHED|VF: /apex/PageLayouts
07:07:38.0 (287543861)|EXECUTION_FINISHED
